# Generated by iptables-save v1.8.7 on Wed Nov 16 11:20:57 2022
*raw
:PREROUTING ACCEPT [0:0]
:OUTPUT ACCEPT [0:0]
-A PREROUTING -d 127.0.0.1/32 -p udp -m udp --sport 53 -j CT --zone 1
-A OUTPUT -p udp -m udp --dport 53 -m owner --uid-owner 999 -j CT --zone 1
-A OUTPUT -p udp -m udp --sport 15053 -m owner --uid-owner 999 -j CT --zone 2
-A OUTPUT -p udp -m udp --dport 53 -m owner --gid-owner 999 -j CT --zone 1
-A OUTPUT -p udp -m udp --sport 15053 -m owner --gid-owner 999 -j CT --zone 2
-A OUTPUT -d 127.0.0.1/32 -p udp -m udp --dport 53 -j CT --zone 2
COMMIT
# Completed on Wed Nov 16 11:20:57 2022
# Generated by iptables-save v1.8.7 on Wed Nov 16 11:20:57 2022
*nat
:PREROUTING ACCEPT [0:0]
:INPUT ACCEPT [0:0]
:OUTPUT ACCEPT [0:0]
:POSTROUTING ACCEPT [0:0]
:ISTIO_INBOUND - [0:0]
:ISTIO_IN_REDIRECT - [0:0]
:ISTIO_OUTPUT - [0:0]
:ISTIO_REDIRECT - [0:0]
-A PREROUTING -p tcp -j ISTIO_INBOUND
-A OUTPUT -p tcp -j ISTIO_OUTPUT
-A OUTPUT -p udp -m udp --dport 53 -m owner --uid-owner 999 -j RETURN
-A OUTPUT -p udp -m udp --dport 53 -m owner --gid-owner 999 -j RETURN
-A OUTPUT -d 127.0.0.1/32 -p udp -m udp --dport 53 -j REDIRECT --to-ports 15053
-A ISTIO_INBOUND -p tcp -m tcp --dport 15008 -j RETURN
-A ISTIO_INBOUND -p tcp -m tcp --dport 22 -j RETURN
-A ISTIO_INBOUND -p tcp -m tcp --dport 15090 -j RETURN
-A ISTIO_INBOUND -p tcp -m tcp --dport 15021 -j RETURN
-A ISTIO_INBOUND -p tcp -m tcp --dport 15020 -j RETURN
-A ISTIO_INBOUND -p tcp -j ISTIO_IN_REDIRECT
-A ISTIO_IN_REDIRECT -p tcp -j REDIRECT --to-ports 15006
-A ISTIO_OUTPUT -s 127.0.0.6/32 -o lo -j RETURN
-A ISTIO_OUTPUT ! -d 127.0.0.1/32 -o lo -p tcp -m tcp ! --dport 53 -m owner --uid-owner 999 -j ISTIO_IN_REDIRECT
-A ISTIO_OUTPUT -o lo -p tcp -m tcp ! --dport 53 -m owner ! --uid-owner 999 -j RETURN
-A ISTIO_OUTPUT -m owner --uid-owner 999 -j RETURN
-A ISTIO_OUTPUT ! -d 127.0.0.1/32 -o lo -m owner --gid-owner 999 -j ISTIO_IN_REDIRECT
-A ISTIO_OUTPUT -o lo -p tcp -m tcp ! --dport 53 -m owner ! --gid-owner 999 -j RETURN
-A ISTIO_OUTPUT -m owner --gid-owner 999 -j RETURN
-A ISTIO_OUTPUT -d 127.0.0.1/32 -p tcp -m tcp --dport 53 -j REDIRECT --to-ports 15053
-A ISTIO_OUTPUT -d 127.0.0.1/32 -j RETURN
-A ISTIO_OUTPUT -j ISTIO_REDIRECT
-A ISTIO_REDIRECT -p tcp -j REDIRECT --to-ports 15001
COMMIT
# Completed on Wed Nov 16 11:20:57 2022
