2022-10-04T08:33:14.046245Z	info	FLAG: --concurrency="2"
2022-10-04T08:33:14.046294Z	info	FLAG: --domain="default.svc.cluster.local"
2022-10-04T08:33:14.046301Z	info	FLAG: --help="false"
2022-10-04T08:33:14.046306Z	info	FLAG: --log_as_json="false"
2022-10-04T08:33:14.046310Z	info	FLAG: --log_caller=""
2022-10-04T08:33:14.046314Z	info	FLAG: --log_output_level="default:info"
2022-10-04T08:33:14.046318Z	info	FLAG: --log_rotate=""
2022-10-04T08:33:14.046323Z	info	FLAG: --log_rotate_max_age="30"
2022-10-04T08:33:14.046328Z	info	FLAG: --log_rotate_max_backups="1000"
2022-10-04T08:33:14.046333Z	info	FLAG: --log_rotate_max_size="104857600"
2022-10-04T08:33:14.046339Z	info	FLAG: --log_stacktrace_level="default:none"
2022-10-04T08:33:14.046351Z	info	FLAG: --log_target="[stdout]"
2022-10-04T08:33:14.046360Z	info	FLAG: --meshConfig="./etc/istio/config/mesh"
2022-10-04T08:33:14.046365Z	info	FLAG: --outlierLogPath=""
2022-10-04T08:33:14.046370Z	info	FLAG: --proxyComponentLogLevel="misc:error"
2022-10-04T08:33:14.046375Z	info	FLAG: --proxyLogLevel="warning"
2022-10-04T08:33:14.046380Z	info	FLAG: --serviceCluster="istio-proxy"
2022-10-04T08:33:14.046385Z	info	FLAG: --stsPort="0"
2022-10-04T08:33:14.046389Z	info	FLAG: --templateFile=""
2022-10-04T08:33:14.046395Z	info	FLAG: --tokenManagerPlugin="GoogleTokenExchange"
2022-10-04T08:33:14.046408Z	info	FLAG: --vklog="0"
2022-10-04T08:33:14.046418Z	info	Version 1.14.3-a95e01fe300e14a11e7e9503d4b2c196ab755fcf-Clean
2022-10-04T08:33:14.046733Z	info	Proxy role	ips=[10.244.1.29] type=sidecar id=greeting-67846fc577-lmrdc.default domain=default.svc.cluster.local
2022-10-04T08:33:14.046801Z	info	Apply mesh config from file defaultConfig:
  discoveryAddress: istiod.istio-system.svc:15012
  meshId: mesh1
  proxyMetadata:
    CANONICAL_REVISION: latest
    CANONICAL_SERVICE: server
    ISTIO_META_CLUSTER_ID: Kubernetes
    ISTIO_META_DNS_CAPTURE: "true"
    ISTIO_META_MESH_ID: mesh1
    ISTIO_META_NETWORK: ""
    ISTIO_META_WORKLOAD_NAME: server
    ISTIO_METAJSON_LABELS: '{"app":"server","service.istio.io/canonical-name":"server","service.istio.io/canonical-revision":"latest"}'
    POD_NAMESPACE: default
    SERVICE_ACCOUNT: service-account
    TRUST_DOMAIN: cluster.local
  tracing:
    zipkin:
      address: zipkin.istio-system:9411

2022-10-04T08:33:14.050800Z	info	Apply proxy config from env {}

2022-10-04T08:33:14.051683Z	info	Effective config: binaryPath: /usr/local/bin/envoy
concurrency: 2
configPath: ./etc/istio/proxy
controlPlaneAuthPolicy: MUTUAL_TLS
discoveryAddress: istiod.istio-system.svc:15012
drainDuration: 45s
meshId: mesh1
parentShutdownDuration: 60s
proxyAdminPort: 15000
proxyMetadata:
  CANONICAL_REVISION: latest
  CANONICAL_SERVICE: server
  ISTIO_META_CLUSTER_ID: Kubernetes
  ISTIO_META_DNS_CAPTURE: "true"
  ISTIO_META_MESH_ID: mesh1
  ISTIO_META_NETWORK: ""
  ISTIO_META_WORKLOAD_NAME: server
  ISTIO_METAJSON_LABELS: '{"app":"server","service.istio.io/canonical-name":"server","service.istio.io/canonical-revision":"latest"}'
  POD_NAMESPACE: default
  SERVICE_ACCOUNT: service-account
  TRUST_DOMAIN: cluster.local
serviceCluster: istio-proxy
statNameLength: 189
statusPort: 15020
terminationDrainDuration: 5s
tracing:
  zipkin:
    address: zipkin.istio-system:9411

2022-10-04T08:33:14.051702Z	info	JWT policy is third-party-jwt
2022-10-04T08:33:14.051708Z	info	using credential fetcher of JWT type in cluster.local trust domain
2022-10-04T08:33:14.052286Z	info	Opening status port 15020
2022-10-04T08:33:14.052323Z	info	SDS socket not found. Starting Istio SDS Server
2022-10-04T08:33:14.052374Z	info	CA Endpoint 169.254.0.2:15012, provider Citadel
2022-10-04T08:33:14.052417Z	info	Using CA 169.254.0.2:15012 cert with certs: var/run/secrets/istio/root-cert.pem
2022-10-04T08:33:14.052680Z	info	citadelclient	Citadel client using custom root cert: var/run/secrets/istio/root-cert.pem
2022-10-04T08:33:14.076614Z	info	ads	All caches have been synced up in 34.505104ms, marking server ready
2022-10-04T08:33:14.076935Z	info	sds	SDS server for workload certificates started, listening on "./var/run/secrets/workload-spiffe-uds/socket"
2022-10-04T08:33:14.076977Z	info	xdsproxy	Initializing with upstream address "istiod.istio-system.svc:15012" and cluster "Kubernetes"
2022-10-04T08:33:14.077076Z	info	sds	Starting SDS grpc server
2022-10-04T08:33:14.077432Z	info	starting Http service at 127.0.0.1:15004
2022-10-04T08:33:14.079052Z	info	Pilot SAN: [istiod.istio-system.svc]
2022-10-04T08:33:14.081385Z	info	Starting proxy agent
2022-10-04T08:33:14.081415Z	info	Epoch 0 starting
2022-10-04T08:33:14.081440Z	info	Envoy command: [-c etc/istio/proxy/envoy-rev0.json --restart-epoch 0 --drain-time-s 45 --drain-strategy immediate --parent-shutdown-time-s 60 --local-address-ip-version v4 --file-flush-interval-msec 1000 --disable-hot-restart --log-format %Y-%m-%dT%T.%fZ	%l	envoy %n	%v -l warning --component-log-level misc:error --concurrency 2]
2022-10-04T08:33:14.186550Z	warn	ca	ca request failed, starting attempt 1 in 98.114453ms
2022-10-04T08:33:14.284839Z	warn	ca	ca request failed, starting attempt 2 in 183.429482ms
2022-10-04T08:33:14.469355Z	warn	ca	ca request failed, starting attempt 3 in 422.066935ms
2022-10-04T08:33:14.892286Z	warn	ca	ca request failed, starting attempt 4 in 794.559135ms
2022-10-04T08:33:15.687716Z	warn	sds	failed to warm certificate: failed to generate workload certificate: create certificate: rpc error: code = Unavailable desc = connection error: desc = "transport: Error while dialing dial tcp 169.254.0.2:15012: connect: connection refused"
2022-10-04T08:33:16.379500Z	warn	ca	ca request failed, starting attempt 1 in 94.808659ms
2022-10-04T08:33:16.474901Z	warn	ca	ca request failed, starting attempt 2 in 192.333022ms
2022-10-04T08:33:16.668402Z	warn	ca	ca request failed, starting attempt 3 in 402.387799ms
2022-10-04T08:33:17.071901Z	warn	ca	ca request failed, starting attempt 4 in 726.207838ms
2022-10-04T08:33:17.799205Z	warn	sds	failed to warm certificate: failed to generate workload certificate: create certificate: rpc error: code = Unavailable desc = connection error: desc = "transport: Error while dialing dial tcp 169.254.0.2:15012: connect: connection refused"
2022-10-04T08:33:19.038165Z	warn	ca	ca request failed, starting attempt 1 in 100.224323ms
2022-10-04T08:33:19.139604Z	warn	ca	ca request failed, starting attempt 2 in 200.659395ms
2022-10-04T08:33:19.341162Z	warn	ca	ca request failed, starting attempt 3 in 431.308856ms
