2022-10-20T09:54:31.866064Z	info	FLAG: --concurrency="0"
2022-10-20T09:54:31.866110Z	info	FLAG: --domain=""
2022-10-20T09:54:31.866119Z	info	FLAG: --help="false"
2022-10-20T09:54:31.866123Z	info	FLAG: --log_as_json="false"
2022-10-20T09:54:31.866126Z	info	FLAG: --log_caller=""
2022-10-20T09:54:31.866130Z	info	FLAG: --log_output_level="default:info"
2022-10-20T09:54:31.866133Z	info	FLAG: --log_rotate=""
2022-10-20T09:54:31.866137Z	info	FLAG: --log_rotate_max_age="30"
2022-10-20T09:54:31.866141Z	info	FLAG: --log_rotate_max_backups="1000"
2022-10-20T09:54:31.866144Z	info	FLAG: --log_rotate_max_size="104857600"
2022-10-20T09:54:31.866148Z	info	FLAG: --log_stacktrace_level="default:none"
2022-10-20T09:54:31.866156Z	info	FLAG: --log_target="[stdout]"
2022-10-20T09:54:31.866160Z	info	FLAG: --meshConfig="./etc/istio/config/mesh"
2022-10-20T09:54:31.866163Z	info	FLAG: --outlierLogPath=""
2022-10-20T09:54:31.866167Z	info	FLAG: --proxyComponentLogLevel=""
2022-10-20T09:54:31.866170Z	info	FLAG: --proxyLogLevel="warning,misc:error"
2022-10-20T09:54:31.866174Z	info	FLAG: --serviceCluster="istio-proxy"
2022-10-20T09:54:31.866177Z	info	FLAG: --stsPort="0"
2022-10-20T09:54:31.866181Z	info	FLAG: --templateFile=""
2022-10-20T09:54:31.866184Z	info	FLAG: --tokenManagerPlugin="GoogleTokenExchange"
2022-10-20T09:54:31.866189Z	info	FLAG: --vklog="0"
2022-10-20T09:54:31.866193Z	info	Version 1.15.2-b542583af7f8240ad0c9cab56eb9f8d55e1357ab-Clean
2022-10-20T09:54:31.868773Z	info	Maximum file descriptors (ulimit -n): 1024
2022-10-20T09:54:31.868943Z	info	Proxy role	ips=[10.244.1.7] type=sidecar id=ubuntu-deployment-7575859557-prtgb.vm-ns domain=vm-ns.svc.cluster.local
2022-10-20T09:54:31.868998Z	info	Apply mesh config from file defaultConfig:
  discoveryAddress: istiod.istio-system.svc:15012
  meshId: mesh1
  proxyMetadata:
    CANONICAL_REVISION: latest
    CANONICAL_SERVICE: vm-app
    ISTIO_META_CLUSTER_ID: Kubernetes
    ISTIO_META_DNS_CAPTURE: "true"
    ISTIO_META_MESH_ID: mesh1
    ISTIO_META_NETWORK: ""
    ISTIO_META_WORKLOAD_NAME: vm-app
    ISTIO_METAJSON_LABELS: '{"app":"vm-app","service.istio.io/canonical-name":"vm-app","service.istio.io/canonical-revision":"latest"}'
    POD_NAMESPACE: vm-ns
    SERVICE_ACCOUNT: serviceaccountvm
    TRUST_DOMAIN: cluster.local
  tracing:
    zipkin:
      address: zipkin.istio-system:9411

2022-10-20T09:54:31.872013Z	info	Apply proxy config from env 
serviceCluster: vm-app.vm-ns
controlPlaneAuthPolicy: MUTUAL_TLS

2022-10-20T09:54:31.874303Z	info	Effective config: binaryPath: /usr/local/bin/envoy
concurrency: 2
configPath: ./etc/istio/proxy
controlPlaneAuthPolicy: MUTUAL_TLS
discoveryAddress: istiod.istio-system.svc:15012
drainDuration: 45s
meshId: mesh1
parentShutdownDuration: 60s
proxyAdminPort: 15000
proxyMetadata:
  CANONICAL_REVISION: latest
  CANONICAL_SERVICE: vm-app
  ISTIO_META_CLUSTER_ID: Kubernetes
  ISTIO_META_DNS_CAPTURE: "true"
  ISTIO_META_MESH_ID: mesh1
  ISTIO_META_NETWORK: ""
  ISTIO_META_WORKLOAD_NAME: vm-app
  ISTIO_METAJSON_LABELS: '{"app":"vm-app","service.istio.io/canonical-name":"vm-app","service.istio.io/canonical-revision":"latest"}'
  POD_NAMESPACE: vm-ns
  SERVICE_ACCOUNT: serviceaccountvm
  TRUST_DOMAIN: cluster.local
serviceCluster: vm-app.vm-ns
statNameLength: 189
statusPort: 15020
terminationDrainDuration: 5s
tracing:
  zipkin:
    address: zipkin.istio-system:9411

2022-10-20T09:54:31.874354Z	info	JWT policy is third-party-jwt
2022-10-20T09:54:31.874366Z	info	using credential fetcher of JWT type in cluster.local trust domain
2022-10-20T09:54:31.974908Z	info	Opening status port 15020
2022-10-20T09:54:31.975051Z	info	dns	Starting local udp DNS server on 127.0.0.1:15053
2022-10-20T09:54:31.975299Z	info	dns	Starting local tcp DNS server on 127.0.0.1:15053
2022-10-20T09:54:31.975391Z	info	Workload SDS socket not found. Starting Istio SDS Server
2022-10-20T09:54:31.975431Z	info	CA Endpoint istiod.istio-system.svc:15012, provider Citadel
2022-10-20T09:54:31.975464Z	info	Using CA istiod.istio-system.svc:15012 cert with certs: ./etc/certs/root-cert.pem
2022-10-20T09:54:31.975635Z	info	citadelclient	Citadel client using custom root cert: ./etc/certs/root-cert.pem
2022-10-20T09:54:31.986472Z	warn	citadelclient	cannot parse the cert chain, using token instead: failed to read the cert, error is open etc/certs/cert-chain.pem: no such file or directory
2022-10-20T09:54:31.997941Z	info	ads	All caches have been synced up in 135.716007ms, marking server ready
2022-10-20T09:54:31.998307Z	info	xdsproxy	Initializing with upstream address "istiod.istio-system.svc:15012" and cluster "Kubernetes"
2022-10-20T09:54:31.998405Z	info	sds	Starting SDS grpc server
2022-10-20T09:54:31.998792Z	info	starting Http service at 127.0.0.1:15004
2022-10-20T09:54:31.999921Z	info	Pilot SAN: [istiod.istio-system.svc]
2022-10-20T09:54:32.006829Z	info	Starting proxy agent
2022-10-20T09:54:32.006931Z	info	starting
2022-10-20T09:54:32.007003Z	info	Envoy command: [-c etc/istio/proxy/envoy-rev.json --drain-time-s 45 --drain-strategy immediate --parent-shutdown-time-s 60 --local-address-ip-version v4 --file-flush-interval-msec 1000 --disable-hot-restart --log-format %Y-%m-%dT%T.%fZ	%l	envoy %n	%v -l warning --component-log-level misc:error --concurrency 2]
2022-10-20T09:54:32.268975Z	info	cache	generated new workload certificate	latency=270.663066ms ttl=23h59m59.731043314s
2022-10-20T09:54:32.269047Z	info	cache	Root cert has changed, start rotating root cert
2022-10-20T09:54:32.269075Z	info	ads	XDS: Incremental Pushing:0 ConnectedEndpoints:0 Version:
2022-10-20T09:54:32.269565Z	info	cache	returned workload trust anchor from cache	ttl=23h59m59.730441675s
2022-10-20T09:54:32.922611Z	info	xdsproxy	connected to upstream XDS server: istiod.istio-system.svc:15012
2022-10-20T09:54:32.952033Z	info	ads	ADS: new connection for node:ubuntu-deployment-7575859557-prtgb.vm-ns-1
2022-10-20T09:54:32.952341Z	info	cache	returned workload certificate from cache	ttl=23h59m59.047671859s
2022-10-20T09:54:32.953163Z	info	ads	SDS: PUSH request for node:ubuntu-deployment-7575859557-prtgb.vm-ns resources:1 size:4.0kB resource:default
2022-10-20T09:54:32.991075Z	info	ads	ADS: new connection for node:ubuntu-deployment-7575859557-prtgb.vm-ns-2
2022-10-20T09:54:32.991339Z	info	cache	returned workload trust anchor from cache	ttl=23h59m59.008671726s
2022-10-20T09:54:32.991755Z	info	ads	SDS: PUSH request for node:ubuntu-deployment-7575859557-prtgb.vm-ns resources:1 size:1.1kB resource:ROOTCA
