2022-11-01T09:17:28.152441Z	info	FLAG: --concurrency="0"
2022-11-01T09:17:28.152492Z	info	FLAG: --domain=""
2022-11-01T09:17:28.152498Z	info	FLAG: --help="false"
2022-11-01T09:17:28.152502Z	info	FLAG: --log_as_json="false"
2022-11-01T09:17:28.152505Z	info	FLAG: --log_caller=""
2022-11-01T09:17:28.152509Z	info	FLAG: --log_output_level="dns:debug"
2022-11-01T09:17:28.152513Z	info	FLAG: --log_rotate=""
2022-11-01T09:17:28.152516Z	info	FLAG: --log_rotate_max_age="30"
2022-11-01T09:17:28.152520Z	info	FLAG: --log_rotate_max_backups="1000"
2022-11-01T09:17:28.152523Z	info	FLAG: --log_rotate_max_size="104857600"
2022-11-01T09:17:28.152527Z	info	FLAG: --log_stacktrace_level="default:none"
2022-11-01T09:17:28.152533Z	info	FLAG: --log_target="[stdout]"
2022-11-01T09:17:28.152537Z	info	FLAG: --meshConfig="./etc/istio/config/mesh"
2022-11-01T09:17:28.152541Z	info	FLAG: --outlierLogPath=""
2022-11-01T09:17:28.152544Z	info	FLAG: --proxyComponentLogLevel=""
2022-11-01T09:17:28.152548Z	info	FLAG: --proxyLogLevel="debug"
2022-11-01T09:17:28.152551Z	info	FLAG: --serviceCluster="istio-proxy"
2022-11-01T09:17:28.152555Z	info	FLAG: --stsPort="0"
2022-11-01T09:17:28.152558Z	info	FLAG: --templateFile=""
2022-11-01T09:17:28.152562Z	info	FLAG: --tokenManagerPlugin="GoogleTokenExchange"
2022-11-01T09:17:28.152566Z	info	FLAG: --vklog="0"
2022-11-01T09:17:28.152571Z	info	Version 1.15.2-b542583af7f8240ad0c9cab56eb9f8d55e1357ab-Clean
2022-11-01T09:17:28.155179Z	info	Maximum file descriptors (ulimit -n): 1024
2022-11-01T09:17:28.155572Z	info	Proxy role	ips=[10.244.1.9] type=sidecar id=ubuntu-deployment-7575859557-bh2c8.vm-ns domain=vm-ns.svc.cluster.local
2022-11-01T09:17:28.155704Z	info	Apply mesh config from file defaultConfig:
  discoveryAddress: istiod.istio-system.svc:15012
  proxyMetadata:
    CANONICAL_REVISION: latest
    CANONICAL_SERVICE: vm-app
    ISTIO_META_CLUSTER_ID: Kubernetes
    ISTIO_META_DNS_CAPTURE: "true"
    ISTIO_META_MESH_ID: ""
    ISTIO_META_NETWORK: ""
    ISTIO_META_WORKLOAD_NAME: vm-app
    ISTIO_METAJSON_LABELS: '{"app":"vm-app","service.istio.io/canonical-name":"vm-app","service.istio.io/canonical-revision":"latest"}'
    POD_NAMESPACE: vm-ns
    SERVICE_ACCOUNT: serviceaccountvm
    TRUST_DOMAIN: cluster.local
  tracing:
    zipkin:
      address: zipkin.istio-system:9411

2022-11-01T09:17:28.162029Z	info	Apply proxy config from env 
serviceCluster: vm-app.vm-ns
controlPlaneAuthPolicy: MUTUAL_TLS

2022-11-01T09:17:28.163674Z	info	Effective config: binaryPath: /usr/local/bin/envoy
concurrency: 2
configPath: ./etc/istio/proxy
controlPlaneAuthPolicy: MUTUAL_TLS
discoveryAddress: istiod.istio-system.svc:15012
drainDuration: 45s
parentShutdownDuration: 60s
proxyAdminPort: 15000
proxyMetadata:
  CANONICAL_REVISION: latest
  CANONICAL_SERVICE: vm-app
  ISTIO_META_CLUSTER_ID: Kubernetes
  ISTIO_META_DNS_CAPTURE: "true"
  ISTIO_META_MESH_ID: ""
  ISTIO_META_NETWORK: ""
  ISTIO_META_WORKLOAD_NAME: vm-app
  ISTIO_METAJSON_LABELS: '{"app":"vm-app","service.istio.io/canonical-name":"vm-app","service.istio.io/canonical-revision":"latest"}'
  POD_NAMESPACE: vm-ns
  SERVICE_ACCOUNT: serviceaccountvm
  TRUST_DOMAIN: cluster.local
serviceCluster: vm-app.vm-ns
statNameLength: 189
statusPort: 15020
terminationDrainDuration: 5s
tracing:
  zipkin:
    address: zipkin.istio-system:9411

2022-11-01T09:17:28.163708Z	info	JWT policy is third-party-jwt
2022-11-01T09:17:28.163721Z	info	using credential fetcher of JWT type in cluster.local trust domain
2022-11-01T09:17:28.264610Z	info	Opening status port 15020
2022-11-01T09:17:28.264742Z	debug	dns	initialized DNS	search=[default.svc.cluster.local svc.cluster.local cluster.local] servers=[10.96.0.10:53]
2022-11-01T09:17:28.265081Z	info	dns	Starting local udp DNS server on 127.0.0.1:15053
2022-11-01T09:17:28.265220Z	info	dns	Starting local tcp DNS server on 127.0.0.1:15053
2022-11-01T09:17:28.265320Z	info	Workload SDS socket not found. Starting Istio SDS Server
2022-11-01T09:17:28.265352Z	info	CA Endpoint istiod.istio-system.svc:15012, provider Citadel
2022-11-01T09:17:28.265377Z	info	Using CA istiod.istio-system.svc:15012 cert with certs: ./etc/certs/root-cert.pem
2022-11-01T09:17:28.265568Z	info	citadelclient	Citadel client using custom root cert: ./etc/certs/root-cert.pem
2022-11-01T09:17:28.274799Z	warn	citadelclient	cannot parse the cert chain, using token instead: failed to read the cert, error is open etc/certs/cert-chain.pem: no such file or directory
2022-11-01T09:17:28.286848Z	info	ads	All caches have been synced up in 138.13682ms, marking server ready
2022-11-01T09:17:28.287214Z	info	xdsproxy	Initializing with upstream address "istiod.istio-system.svc:15012" and cluster "Kubernetes"
2022-11-01T09:17:28.287325Z	info	sds	Starting SDS grpc server
2022-11-01T09:17:28.287586Z	info	starting Http service at 127.0.0.1:15004
2022-11-01T09:17:28.288725Z	info	Pilot SAN: [istiod.istio-system.svc]
2022-11-01T09:17:28.290492Z	info	Starting proxy agent
2022-11-01T09:17:28.290524Z	info	starting
2022-11-01T09:17:28.290546Z	info	Envoy command: [-c etc/istio/proxy/envoy-rev.json --drain-time-s 45 --drain-strategy immediate --parent-shutdown-time-s 60 --local-address-ip-version v4 --file-flush-interval-msec 1000 --disable-hot-restart --log-format %Y-%m-%dT%T.%fZ	%l	envoy %n	%v -l debug --concurrency 2]
2022-11-01T09:17:28.449899Z	info	cache	generated new workload certificate	latency=162.663787ms ttl=23h59m59.550118551s
2022-11-01T09:17:28.449995Z	info	cache	Root cert has changed, start rotating root cert
2022-11-01T09:17:28.450022Z	info	ads	XDS: Incremental Pushing:0 ConnectedEndpoints:0 Version:
2022-11-01T09:17:28.450540Z	info	cache	returned workload trust anchor from cache	ttl=23h59m59.549466844s
2022-11-01T09:17:28.509173Z	info	xdsproxy	connected to upstream XDS server: istiod.istio-system.svc:15012
2022-11-01T09:17:28.536415Z	info	ads	ADS: new connection for node:ubuntu-deployment-7575859557-bh2c8.vm-ns-1
2022-11-01T09:17:28.536606Z	info	cache	returned workload certificate from cache	ttl=23h59m59.463404933s
2022-11-01T09:17:28.537249Z	info	ads	SDS: PUSH request for node:ubuntu-deployment-7575859557-bh2c8.vm-ns resources:1 size:4.0kB resource:default
2022-11-01T09:17:28.576938Z	info	ads	ADS: new connection for node:ubuntu-deployment-7575859557-bh2c8.vm-ns-2
2022-11-01T09:17:28.577160Z	info	cache	returned workload trust anchor from cache	ttl=23h59m59.422849255s
2022-11-01T09:17:28.577507Z	info	ads	SDS: PUSH request for node:ubuntu-deployment-7575859557-bh2c8.vm-ns resources:1 size:1.1kB resource:ROOTCA
2022-11-01T09:17:28.592893Z	debug	dns	updated lookup table with 24 hosts
2022-11-01T09:33:32.611694Z	debug	dns	request ;; opcode: QUERY, status: NOERROR, id: 46472
;; flags: rd; QUERY: 1, ANSWER: 0, AUTHORITY: 0, ADDITIONAL: 0

;; QUESTION SECTION:
;_http._tcp.archive.ubuntu.com.	IN	 SRV
	protocol=udp edns=false id=167d657e-5123-4e45-a975-8ae4901ea047
2022-11-01T09:33:32.611839Z	debug	dns	response for hostname "_http._tcp.archive.ubuntu.com." not found in dns proxy, querying upstream
2022-11-01T09:33:32.614460Z	debug	dns	upstream response for hostname "_http._tcp.archive.ubuntu.com." : ;; opcode: QUERY, status: NOERROR, id: 46472
;; flags: qr rd ra; QUERY: 1, ANSWER: 0, AUTHORITY: 0, ADDITIONAL: 0

;; QUESTION SECTION:
;_http._tcp.archive.ubuntu.com.	IN	 SRV

2022-11-01T09:33:32.615005Z	debug	dns	request ;; opcode: QUERY, status: NOERROR, id: 64869
;; flags: rd; QUERY: 1, ANSWER: 0, AUTHORITY: 0, ADDITIONAL: 0

;; QUESTION SECTION:
;archive.ubuntu.com.default.svc.cluster.local.	IN	 AAAA
	protocol=udp edns=false id=2e09aa7e-597c-49fe-8219-f88aececec0f
2022-11-01T09:33:32.615061Z	debug	dns	response for hostname "archive.ubuntu.com.default.svc.cluster.local." not found in dns proxy, querying upstream
2022-11-01T09:33:32.615081Z	debug	dns	request ;; opcode: QUERY, status: NOERROR, id: 3938
;; flags: rd; QUERY: 1, ANSWER: 0, AUTHORITY: 0, ADDITIONAL: 0

;; QUESTION SECTION:
;archive.ubuntu.com.default.svc.cluster.local.	IN	 A
	protocol=udp edns=false id=3f9bd63b-24ff-4819-99c9-e251534ba69b
2022-11-01T09:33:32.615162Z	debug	dns	response for hostname "archive.ubuntu.com.default.svc.cluster.local." not found in dns proxy, querying upstream
2022-11-01T09:33:32.615662Z	debug	dns	upstream response for hostname "archive.ubuntu.com.default.svc.cluster.local." : ;; opcode: QUERY, status: NXDOMAIN, id: 3938
;; flags: qr aa rd; QUERY: 1, ANSWER: 0, AUTHORITY: 1, ADDITIONAL: 0

;; QUESTION SECTION:
;archive.ubuntu.com.default.svc.cluster.local.	IN	 A

;; AUTHORITY SECTION:
cluster.local.	30	IN	SOA	ns.dns.cluster.local. hostmaster.cluster.local. 1667293931 7200 1800 86400 30

2022-11-01T09:33:32.615811Z	debug	dns	upstream response for hostname "archive.ubuntu.com.default.svc.cluster.local." : ;; opcode: QUERY, status: NXDOMAIN, id: 64869
;; flags: qr aa rd; QUERY: 1, ANSWER: 0, AUTHORITY: 1, ADDITIONAL: 0

;; QUESTION SECTION:
;archive.ubuntu.com.default.svc.cluster.local.	IN	 AAAA

;; AUTHORITY SECTION:
cluster.local.	30	IN	SOA	ns.dns.cluster.local. hostmaster.cluster.local. 1667293931 7200 1800 86400 30

2022-11-01T09:33:32.615947Z	debug	dns	request ;; opcode: QUERY, status: NOERROR, id: 29860
;; flags: rd; QUERY: 1, ANSWER: 0, AUTHORITY: 0, ADDITIONAL: 0

;; QUESTION SECTION:
;archive.ubuntu.com.svc.cluster.local.	IN	 AAAA
	protocol=udp edns=false id=db3bc2f4-5639-4375-a05b-6ee654d1ed29
2022-11-01T09:33:32.615963Z	debug	dns	response for hostname "archive.ubuntu.com.svc.cluster.local." not found in dns proxy, querying upstream
2022-11-01T09:33:32.615993Z	debug	dns	request ;; opcode: QUERY, status: NOERROR, id: 52130
;; flags: rd; QUERY: 1, ANSWER: 0, AUTHORITY: 0, ADDITIONAL: 0

;; QUESTION SECTION:
;archive.ubuntu.com.svc.cluster.local.	IN	 A
	protocol=udp edns=false id=f430fcb8-9f1a-4eb9-bb05-d9c79d3b2334
2022-11-01T09:33:32.616035Z	debug	dns	response for hostname "archive.ubuntu.com.svc.cluster.local." not found in dns proxy, querying upstream
2022-11-01T09:33:32.616531Z	debug	dns	upstream response for hostname "archive.ubuntu.com.svc.cluster.local." : ;; opcode: QUERY, status: NXDOMAIN, id: 29860
;; flags: qr aa rd; QUERY: 1, ANSWER: 0, AUTHORITY: 1, ADDITIONAL: 0

;; QUESTION SECTION:
;archive.ubuntu.com.svc.cluster.local.	IN	 AAAA

;; AUTHORITY SECTION:
cluster.local.	30	IN	SOA	ns.dns.cluster.local. hostmaster.cluster.local. 1667293931 7200 1800 86400 30

2022-11-01T09:33:32.616616Z	debug	dns	upstream response for hostname "archive.ubuntu.com.svc.cluster.local." : ;; opcode: QUERY, status: NXDOMAIN, id: 52130
;; flags: qr aa rd; QUERY: 1, ANSWER: 0, AUTHORITY: 1, ADDITIONAL: 0

;; QUESTION SECTION:
;archive.ubuntu.com.svc.cluster.local.	IN	 A

;; AUTHORITY SECTION:
cluster.local.	30	IN	SOA	ns.dns.cluster.local. hostmaster.cluster.local. 1667293931 7200 1800 86400 30

2022-11-01T09:33:32.616848Z	debug	dns	request ;; opcode: QUERY, status: NOERROR, id: 54643
;; flags: rd; QUERY: 1, ANSWER: 0, AUTHORITY: 0, ADDITIONAL: 0

;; QUESTION SECTION:
;archive.ubuntu.com.cluster.local.	IN	 A
	protocol=udp edns=false id=e6296f1d-891f-4543-8b3a-7eccb4833a96
2022-11-01T09:33:32.616848Z	debug	dns	request ;; opcode: QUERY, status: NOERROR, id: 11633
;; flags: rd; QUERY: 1, ANSWER: 0, AUTHORITY: 0, ADDITIONAL: 0

;; QUESTION SECTION:
;archive.ubuntu.com.cluster.local.	IN	 AAAA
	protocol=udp edns=false id=a2221891-0abc-492b-bdab-5ce10e98db01
2022-11-01T09:33:32.616886Z	debug	dns	response for hostname "archive.ubuntu.com.cluster.local." not found in dns proxy, querying upstream
2022-11-01T09:33:32.616890Z	debug	dns	response for hostname "archive.ubuntu.com.cluster.local." not found in dns proxy, querying upstream
2022-11-01T09:33:32.617538Z	debug	dns	upstream response for hostname "archive.ubuntu.com.cluster.local." : ;; opcode: QUERY, status: NXDOMAIN, id: 54643
;; flags: qr aa rd; QUERY: 1, ANSWER: 0, AUTHORITY: 1, ADDITIONAL: 0

;; QUESTION SECTION:
;archive.ubuntu.com.cluster.local.	IN	 A

;; AUTHORITY SECTION:
cluster.local.	30	IN	SOA	ns.dns.cluster.local. hostmaster.cluster.local. 1667293931 7200 1800 86400 30

2022-11-01T09:33:32.617673Z	debug	dns	upstream response for hostname "archive.ubuntu.com.cluster.local." : ;; opcode: QUERY, status: NXDOMAIN, id: 11633
;; flags: qr aa rd; QUERY: 1, ANSWER: 0, AUTHORITY: 1, ADDITIONAL: 0

;; QUESTION SECTION:
;archive.ubuntu.com.cluster.local.	IN	 AAAA

;; AUTHORITY SECTION:
cluster.local.	30	IN	SOA	ns.dns.cluster.local. hostmaster.cluster.local. 1667293931 7200 1800 86400 30

2022-11-01T09:33:32.617790Z	debug	dns	request ;; opcode: QUERY, status: NOERROR, id: 34053
;; flags: rd; QUERY: 1, ANSWER: 0, AUTHORITY: 0, ADDITIONAL: 0

;; QUESTION SECTION:
;archive.ubuntu.com.	IN	 AAAA
	protocol=udp edns=false id=20506d79-74f7-4caf-9834-92802bc18a26
2022-11-01T09:33:32.617803Z	debug	dns	response for hostname "archive.ubuntu.com." not found in dns proxy, querying upstream
2022-11-01T09:33:32.617843Z	debug	dns	request ;; opcode: QUERY, status: NOERROR, id: 46346
;; flags: rd; QUERY: 1, ANSWER: 0, AUTHORITY: 0, ADDITIONAL: 0

;; QUESTION SECTION:
;archive.ubuntu.com.	IN	 A
	protocol=udp edns=false id=657ffcba-a6ef-40aa-91fb-46d9ed2575ba
2022-11-01T09:33:32.617871Z	debug	dns	response for hostname "archive.ubuntu.com." not found in dns proxy, querying upstream
2022-11-01T09:33:32.628267Z	debug	dns	upstream response for hostname "archive.ubuntu.com." : ;; opcode: QUERY, status: NOERROR, id: 46346
;; flags: qr rd ra; QUERY: 1, ANSWER: 4, AUTHORITY: 0, ADDITIONAL: 0

;; QUESTION SECTION:
;archive.ubuntu.com.	IN	 A

;; ANSWER SECTION:
archive.ubuntu.com.	30	IN	A	185.125.190.36
archive.ubuntu.com.	30	IN	A	91.189.91.39
archive.ubuntu.com.	30	IN	A	185.125.190.39
archive.ubuntu.com.	30	IN	A	91.189.91.38

2022-11-01T09:33:32.692532Z	debug	dns	upstream response for hostname "archive.ubuntu.com." : ;; opcode: QUERY, status: NOERROR, id: 34053
;; flags: qr rd ra; QUERY: 1, ANSWER: 4, AUTHORITY: 0, ADDITIONAL: 0

;; QUESTION SECTION:
;archive.ubuntu.com.	IN	 AAAA

;; ANSWER SECTION:
archive.ubuntu.com.	30	IN	AAAA	2001:67c:1562::15
archive.ubuntu.com.	30	IN	AAAA	2620:2d:4000:1::19
archive.ubuntu.com.	30	IN	AAAA	2620:2d:4000:1::16
archive.ubuntu.com.	30	IN	AAAA	2001:67c:1562::18

2022-11-01T09:47:02.988201Z	info	xdsproxy	connected to upstream XDS server: istiod.istio-system.svc:15012
2022-11-01T09:47:02.996484Z	debug	dns	updated lookup table with 24 hosts
2022-11-01T10:15:40.370137Z	info	xdsproxy	connected to upstream XDS server: istiod.istio-system.svc:15012
2022-11-01T10:15:40.377811Z	debug	dns	updated lookup table with 24 hosts
2022-11-01T10:45:02.747522Z	info	xdsproxy	connected to upstream XDS server: istiod.istio-system.svc:15012
2022-11-01T10:45:02.754810Z	debug	dns	updated lookup table with 24 hosts
2022-11-01T11:12:45.031084Z	info	xdsproxy	connected to upstream XDS server: istiod.istio-system.svc:15012
2022-11-01T11:12:45.038794Z	debug	dns	updated lookup table with 24 hosts
2022-11-01T11:41:44.038751Z	info	xdsproxy	connected to upstream XDS server: istiod.istio-system.svc:15012
2022-11-01T11:41:44.045939Z	debug	dns	updated lookup table with 24 hosts
2022-11-01T12:12:44.134943Z	info	xdsproxy	connected to upstream XDS server: istiod.istio-system.svc:15012
2022-11-01T12:12:44.142982Z	debug	dns	updated lookup table with 24 hosts
2022-11-01T12:41:06.088671Z	info	xdsproxy	connected to upstream XDS server: istiod.istio-system.svc:15012
2022-11-01T12:41:06.096002Z	debug	dns	updated lookup table with 24 hosts
2022-11-01T13:09:35.105049Z	info	xdsproxy	connected to upstream XDS server: istiod.istio-system.svc:15012
2022-11-01T13:09:35.112914Z	debug	dns	updated lookup table with 24 hosts
2022-11-01T13:40:17.645885Z	info	xdsproxy	connected to upstream XDS server: istiod.istio-system.svc:15012
2022-11-01T13:40:17.653062Z	debug	dns	updated lookup table with 24 hosts
2022-11-01T14:11:39.697508Z	info	xdsproxy	connected to upstream XDS server: istiod.istio-system.svc:15012
2022-11-01T14:11:39.705280Z	debug	dns	updated lookup table with 24 hosts
2022-11-01T14:41:54.390441Z	info	xdsproxy	connected to upstream XDS server: istiod.istio-system.svc:15012
2022-11-01T14:41:54.397105Z	debug	dns	updated lookup table with 24 hosts
2022-11-01T15:11:25.644974Z	info	xdsproxy	connected to upstream XDS server: istiod.istio-system.svc:15012
2022-11-01T15:11:25.653392Z	debug	dns	updated lookup table with 24 hosts
2022-11-01T15:38:54.873188Z	info	xdsproxy	connected to upstream XDS server: istiod.istio-system.svc:15012
2022-11-01T15:38:54.879457Z	debug	dns	updated lookup table with 24 hosts
2022-11-01T16:10:59.427447Z	info	xdsproxy	connected to upstream XDS server: istiod.istio-system.svc:15012
2022-11-01T16:10:59.434471Z	debug	dns	updated lookup table with 24 hosts
2022-11-01T16:40:13.663635Z	info	xdsproxy	connected to upstream XDS server: istiod.istio-system.svc:15012
2022-11-01T16:40:13.670890Z	debug	dns	updated lookup table with 24 hosts
2022-11-01T17:08:10.228747Z	info	xdsproxy	connected to upstream XDS server: istiod.istio-system.svc:15012
2022-11-01T17:08:10.236474Z	debug	dns	updated lookup table with 24 hosts
2022-11-01T17:39:57.433465Z	info	xdsproxy	connected to upstream XDS server: istiod.istio-system.svc:15012
2022-11-01T17:39:57.440161Z	debug	dns	updated lookup table with 24 hosts
2022-11-01T18:11:23.269899Z	info	xdsproxy	connected to upstream XDS server: istiod.istio-system.svc:15012
2022-11-01T18:11:23.277513Z	debug	dns	updated lookup table with 24 hosts
2022-11-01T18:39:31.792268Z	info	xdsproxy	connected to upstream XDS server: istiod.istio-system.svc:15012
2022-11-01T18:39:31.800319Z	debug	dns	updated lookup table with 24 hosts
2022-11-01T19:08:54.424050Z	info	xdsproxy	connected to upstream XDS server: istiod.istio-system.svc:15012
2022-11-01T19:08:54.432032Z	debug	dns	updated lookup table with 24 hosts
2022-11-01T19:37:21.099646Z	info	xdsproxy	connected to upstream XDS server: istiod.istio-system.svc:15012
2022-11-01T19:37:21.106094Z	debug	dns	updated lookup table with 24 hosts
2022-11-01T20:05:03.465222Z	info	xdsproxy	connected to upstream XDS server: istiod.istio-system.svc:15012
2022-11-01T20:05:03.472778Z	debug	dns	updated lookup table with 24 hosts
2022-11-01T20:34:08.197367Z	info	xdsproxy	connected to upstream XDS server: istiod.istio-system.svc:15012
2022-11-01T20:34:08.204606Z	debug	dns	updated lookup table with 24 hosts
2022-11-01T21:01:22.110674Z	info	xdsproxy	connected to upstream XDS server: istiod.istio-system.svc:15012
2022-11-01T21:01:22.118274Z	debug	dns	updated lookup table with 24 hosts
2022-11-01T21:17:28.226002Z	info	ads	XDS: Incremental Pushing:0 ConnectedEndpoints:2 Version:
2022-11-01T21:17:28.582830Z	info	citadelclient	Citadel client using custom root cert: ./etc/certs/root-cert.pem
2022-11-01T21:17:28.583072Z	error	citadelclient	recreated connection
2022-11-01T21:17:28.605154Z	info	cache	generated new workload certificate	latency=378.59481ms ttl=23h59m59.394871911s
2022-11-01T21:31:58.935639Z	info	xdsproxy	connected to upstream XDS server: istiod.istio-system.svc:15012
2022-11-01T21:31:58.942677Z	debug	dns	updated lookup table with 24 hosts
2022-11-01T22:04:56.832478Z	info	xdsproxy	connected to upstream XDS server: istiod.istio-system.svc:15012
2022-11-01T22:04:56.839930Z	debug	dns	updated lookup table with 24 hosts
2022-11-01T22:33:14.245148Z	info	xdsproxy	connected to upstream XDS server: istiod.istio-system.svc:15012
2022-11-01T22:33:14.252213Z	debug	dns	updated lookup table with 24 hosts
2022-11-01T23:05:41.125763Z	info	xdsproxy	connected to upstream XDS server: istiod.istio-system.svc:15012
2022-11-01T23:05:41.133121Z	debug	dns	updated lookup table with 24 hosts
2022-11-01T23:35:50.625917Z	info	xdsproxy	connected to upstream XDS server: istiod.istio-system.svc:15012
2022-11-01T23:35:50.633959Z	debug	dns	updated lookup table with 24 hosts
2022-11-02T00:03:34.991634Z	info	xdsproxy	connected to upstream XDS server: istiod.istio-system.svc:15012
2022-11-02T00:03:34.997529Z	debug	dns	updated lookup table with 24 hosts
2022-11-02T00:31:01.773437Z	info	xdsproxy	connected to upstream XDS server: istiod.istio-system.svc:15012
2022-11-02T00:31:01.780789Z	debug	dns	updated lookup table with 24 hosts
2022-11-02T01:03:18.686144Z	info	xdsproxy	connected to upstream XDS server: istiod.istio-system.svc:15012
2022-11-02T01:03:18.693294Z	debug	dns	updated lookup table with 24 hosts
2022-11-02T01:30:29.523794Z	info	xdsproxy	connected to upstream XDS server: istiod.istio-system.svc:15012
2022-11-02T01:30:29.530835Z	debug	dns	updated lookup table with 24 hosts
2022-11-02T02:00:38.650020Z	info	xdsproxy	connected to upstream XDS server: istiod.istio-system.svc:15012
2022-11-02T02:00:38.657379Z	debug	dns	updated lookup table with 24 hosts
2022-11-02T02:29:10.171382Z	info	xdsproxy	connected to upstream XDS server: istiod.istio-system.svc:15012
2022-11-02T02:29:10.178632Z	debug	dns	updated lookup table with 24 hosts
2022-11-02T02:59:32.978695Z	info	xdsproxy	connected to upstream XDS server: istiod.istio-system.svc:15012
2022-11-02T02:59:32.986425Z	debug	dns	updated lookup table with 24 hosts
2022-11-02T03:30:38.649543Z	info	xdsproxy	connected to upstream XDS server: istiod.istio-system.svc:15012
2022-11-02T03:30:38.656923Z	debug	dns	updated lookup table with 24 hosts
2022-11-02T04:02:33.318981Z	info	xdsproxy	connected to upstream XDS server: istiod.istio-system.svc:15012
2022-11-02T04:02:33.325980Z	debug	dns	updated lookup table with 24 hosts
2022-11-02T04:31:55.837348Z	info	xdsproxy	connected to upstream XDS server: istiod.istio-system.svc:15012
2022-11-02T04:31:55.843585Z	debug	dns	updated lookup table with 24 hosts
2022-11-02T05:04:09.586282Z	info	xdsproxy	connected to upstream XDS server: istiod.istio-system.svc:15012
2022-11-02T05:04:09.593564Z	debug	dns	updated lookup table with 24 hosts
2022-11-02T05:34:04.555637Z	info	xdsproxy	connected to upstream XDS server: istiod.istio-system.svc:15012
2022-11-02T05:34:04.562099Z	debug	dns	updated lookup table with 24 hosts
2022-11-02T06:03:18.753418Z	info	xdsproxy	connected to upstream XDS server: istiod.istio-system.svc:15012
2022-11-02T06:03:18.759904Z	debug	dns	updated lookup table with 24 hosts
2022-11-02T06:32:26.558762Z	info	xdsproxy	connected to upstream XDS server: istiod.istio-system.svc:15012
2022-11-02T06:32:26.566880Z	debug	dns	updated lookup table with 24 hosts
2022-11-02T07:01:53.526007Z	info	xdsproxy	connected to upstream XDS server: istiod.istio-system.svc:15012
2022-11-02T07:01:53.533966Z	debug	dns	updated lookup table with 24 hosts
2022-11-02T07:32:22.618233Z	info	xdsproxy	connected to upstream XDS server: istiod.istio-system.svc:15012
2022-11-02T07:32:22.625281Z	debug	dns	updated lookup table with 24 hosts
2022-11-02T08:00:45.749530Z	info	xdsproxy	connected to upstream XDS server: istiod.istio-system.svc:15012
2022-11-02T08:00:45.756499Z	debug	dns	updated lookup table with 24 hosts
2022-11-02T08:31:16.425950Z	info	xdsproxy	connected to upstream XDS server: istiod.istio-system.svc:15012
2022-11-02T08:31:16.433281Z	debug	dns	updated lookup table with 24 hosts
2022-11-02T08:43:33.682031Z	info	Status server has successfully terminated
2022-11-02T08:43:33.682012Z	info	Agent draining Proxy
2022-11-02T08:43:33.682282Z	error	accept tcp [::]:15020: use of closed network connection
2022-11-02T08:43:33.685843Z	info	Graceful termination period is 5s, starting...
2022-11-02T08:43:38.686351Z	info	Graceful termination period complete, terminating remaining proxies.
2022-11-02T08:43:38.686419Z	warn	Aborted proxy instance
2022-11-02T08:43:38.686467Z	warn	Aborting proxy
2022-11-02T08:43:38.686904Z	info	Envoy aborted normally
2022-11-02T08:43:38.686928Z	info	Agent has successfully terminated
2022-11-02T08:44:46.924891Z	info	FLAG: --concurrency="0"
istio.io/pkg/log.emit
	istio.io/pkg@v0.0.0-20220907025138-198870de7239/log/zapcore_handler.go:149
istio.io/pkg/log.ZapLogHandlerCallbackFunc
	istio.io/pkg@v0.0.0-20220907025138-198870de7239/log/zapcore_handler.go:101
istio.io/pkg/log.(*Scope).callHandlers
	istio.io/pkg@v0.0.0-20220907025138-198870de7239/log/scope.go:401
istio.io/pkg/log.(*Scope).Infof
	istio.io/pkg@v0.0.0-20220907025138-198870de7239/log/scope.go:277
istio.io/pkg/log.Infof
	istio.io/pkg@v0.0.0-20220907025138-198870de7239/log/default.go:97
istio.io/istio/pkg/cmd.PrintFlags.func1
	istio.io/istio/pkg/cmd/cmd.go:55
github.com/spf13/pflag.(*FlagSet).VisitAll
	github.com/spf13/pflag@v1.0.5/flag.go:290
istio.io/istio/pkg/cmd.PrintFlags
	istio.io/istio/pkg/cmd/cmd.go:54
istio.io/istio/pilot/cmd/pilot-agent/app.newProxyCommand.func1
	istio.io/istio/pilot/cmd/pilot-agent/app/cmd.go:104
github.com/spf13/cobra.(*Command).execute
	github.com/spf13/cobra@v1.5.0/command.go:872
github.com/spf13/cobra.(*Command).ExecuteC
	github.com/spf13/cobra@v1.5.0/command.go:990
github.com/spf13/cobra.(*Command).Execute
	github.com/spf13/cobra@v1.5.0/command.go:918
main.main
	istio.io/istio/pilot/cmd/pilot-agent/main.go:31
runtime.main
	runtime/proc.go:250
2022-11-02T08:44:46.925013Z	info	FLAG: --domain=""
istio.io/pkg/log.emit
	istio.io/pkg@v0.0.0-20220907025138-198870de7239/log/zapcore_handler.go:149
istio.io/pkg/log.ZapLogHandlerCallbackFunc
	istio.io/pkg@v0.0.0-20220907025138-198870de7239/log/zapcore_handler.go:101
istio.io/pkg/log.(*Scope).callHandlers
	istio.io/pkg@v0.0.0-20220907025138-198870de7239/log/scope.go:401
istio.io/pkg/log.(*Scope).Infof
	istio.io/pkg@v0.0.0-20220907025138-198870de7239/log/scope.go:277
istio.io/pkg/log.Infof
	istio.io/pkg@v0.0.0-20220907025138-198870de7239/log/default.go:97
istio.io/istio/pkg/cmd.PrintFlags.func1
	istio.io/istio/pkg/cmd/cmd.go:55
github.com/spf13/pflag.(*FlagSet).VisitAll
	github.com/spf13/pflag@v1.0.5/flag.go:290
istio.io/istio/pkg/cmd.PrintFlags
	istio.io/istio/pkg/cmd/cmd.go:54
istio.io/istio/pilot/cmd/pilot-agent/app.newProxyCommand.func1
	istio.io/istio/pilot/cmd/pilot-agent/app/cmd.go:104
github.com/spf13/cobra.(*Command).execute
	github.com/spf13/cobra@v1.5.0/command.go:872
github.com/spf13/cobra.(*Command).ExecuteC
	github.com/spf13/cobra@v1.5.0/command.go:990
github.com/spf13/cobra.(*Command).Execute
	github.com/spf13/cobra@v1.5.0/command.go:918
main.main
	istio.io/istio/pilot/cmd/pilot-agent/main.go:31
runtime.main
	runtime/proc.go:250
2022-11-02T08:44:46.925037Z	info	FLAG: --help="false"
istio.io/pkg/log.emit
	istio.io/pkg@v0.0.0-20220907025138-198870de7239/log/zapcore_handler.go:149
istio.io/pkg/log.ZapLogHandlerCallbackFunc
	istio.io/pkg@v0.0.0-20220907025138-198870de7239/log/zapcore_handler.go:101
istio.io/pkg/log.(*Scope).callHandlers
	istio.io/pkg@v0.0.0-20220907025138-198870de7239/log/scope.go:401
istio.io/pkg/log.(*Scope).Infof
	istio.io/pkg@v0.0.0-20220907025138-198870de7239/log/scope.go:277
istio.io/pkg/log.Infof
	istio.io/pkg@v0.0.0-20220907025138-198870de7239/log/default.go:97
istio.io/istio/pkg/cmd.PrintFlags.func1
	istio.io/istio/pkg/cmd/cmd.go:55
github.com/spf13/pflag.(*FlagSet).VisitAll
	github.com/spf13/pflag@v1.0.5/flag.go:290
istio.io/istio/pkg/cmd.PrintFlags
	istio.io/istio/pkg/cmd/cmd.go:54
istio.io/istio/pilot/cmd/pilot-agent/app.newProxyCommand.func1
	istio.io/istio/pilot/cmd/pilot-agent/app/cmd.go:104
github.com/spf13/cobra.(*Command).execute
	github.com/spf13/cobra@v1.5.0/command.go:872
github.com/spf13/cobra.(*Command).ExecuteC
	github.com/spf13/cobra@v1.5.0/command.go:990
github.com/spf13/cobra.(*Command).Execute
	github.com/spf13/cobra@v1.5.0/command.go:918
main.main
	istio.io/istio/pilot/cmd/pilot-agent/main.go:31
runtime.main
	runtime/proc.go:250
2022-11-02T08:44:46.925055Z	info	FLAG: --log_as_json="false"
istio.io/pkg/log.emit
	istio.io/pkg@v0.0.0-20220907025138-198870de7239/log/zapcore_handler.go:149
istio.io/pkg/log.ZapLogHandlerCallbackFunc
	istio.io/pkg@v0.0.0-20220907025138-198870de7239/log/zapcore_handler.go:101
istio.io/pkg/log.(*Scope).callHandlers
	istio.io/pkg@v0.0.0-20220907025138-198870de7239/log/scope.go:401
istio.io/pkg/log.(*Scope).Infof
	istio.io/pkg@v0.0.0-20220907025138-198870de7239/log/scope.go:277
istio.io/pkg/log.Infof
	istio.io/pkg@v0.0.0-20220907025138-198870de7239/log/default.go:97
istio.io/istio/pkg/cmd.PrintFlags.func1
	istio.io/istio/pkg/cmd/cmd.go:55
github.com/spf13/pflag.(*FlagSet).VisitAll
	github.com/spf13/pflag@v1.0.5/flag.go:290
istio.io/istio/pkg/cmd.PrintFlags
	istio.io/istio/pkg/cmd/cmd.go:54
istio.io/istio/pilot/cmd/pilot-agent/app.newProxyCommand.func1
	istio.io/istio/pilot/cmd/pilot-agent/app/cmd.go:104
github.com/spf13/cobra.(*Command).execute
	github.com/spf13/cobra@v1.5.0/command.go:872
github.com/spf13/cobra.(*Command).ExecuteC
	github.com/spf13/cobra@v1.5.0/command.go:990
github.com/spf13/cobra.(*Command).Execute
	github.com/spf13/cobra@v1.5.0/command.go:918
main.main
	istio.io/istio/pilot/cmd/pilot-agent/main.go:31
runtime.main
	runtime/proc.go:250
2022-11-02T08:44:46.925075Z	info	FLAG: --log_caller=""
istio.io/pkg/log.emit
	istio.io/pkg@v0.0.0-20220907025138-198870de7239/log/zapcore_handler.go:149
istio.io/pkg/log.ZapLogHandlerCallbackFunc
	istio.io/pkg@v0.0.0-20220907025138-198870de7239/log/zapcore_handler.go:101
istio.io/pkg/log.(*Scope).callHandlers
	istio.io/pkg@v0.0.0-20220907025138-198870de7239/log/scope.go:401
istio.io/pkg/log.(*Scope).Infof
	istio.io/pkg@v0.0.0-20220907025138-198870de7239/log/scope.go:277
istio.io/pkg/log.Infof
	istio.io/pkg@v0.0.0-20220907025138-198870de7239/log/default.go:97
istio.io/istio/pkg/cmd.PrintFlags.func1
	istio.io/istio/pkg/cmd/cmd.go:55
github.com/spf13/pflag.(*FlagSet).VisitAll
	github.com/spf13/pflag@v1.0.5/flag.go:290
istio.io/istio/pkg/cmd.PrintFlags
	istio.io/istio/pkg/cmd/cmd.go:54
istio.io/istio/pilot/cmd/pilot-agent/app.newProxyCommand.func1
	istio.io/istio/pilot/cmd/pilot-agent/app/cmd.go:104
github.com/spf13/cobra.(*Command).execute
	github.com/spf13/cobra@v1.5.0/command.go:872
github.com/spf13/cobra.(*Command).ExecuteC
	github.com/spf13/cobra@v1.5.0/command.go:990
github.com/spf13/cobra.(*Command).Execute
	github.com/spf13/cobra@v1.5.0/command.go:918
main.main
	istio.io/istio/pilot/cmd/pilot-agent/main.go:31
runtime.main
	runtime/proc.go:250
2022-11-02T08:44:46.925095Z	info	FLAG: --log_output_level="debug"
istio.io/pkg/log.emit
	istio.io/pkg@v0.0.0-20220907025138-198870de7239/log/zapcore_handler.go:149
istio.io/pkg/log.ZapLogHandlerCallbackFunc
	istio.io/pkg@v0.0.0-20220907025138-198870de7239/log/zapcore_handler.go:101
istio.io/pkg/log.(*Scope).callHandlers
	istio.io/pkg@v0.0.0-20220907025138-198870de7239/log/scope.go:401
istio.io/pkg/log.(*Scope).Infof
	istio.io/pkg@v0.0.0-20220907025138-198870de7239/log/scope.go:277
istio.io/pkg/log.Infof
	istio.io/pkg@v0.0.0-20220907025138-198870de7239/log/default.go:97
istio.io/istio/pkg/cmd.PrintFlags.func1
	istio.io/istio/pkg/cmd/cmd.go:55
github.com/spf13/pflag.(*FlagSet).VisitAll
	github.com/spf13/pflag@v1.0.5/flag.go:290
istio.io/istio/pkg/cmd.PrintFlags
	istio.io/istio/pkg/cmd/cmd.go:54
istio.io/istio/pilot/cmd/pilot-agent/app.newProxyCommand.func1
	istio.io/istio/pilot/cmd/pilot-agent/app/cmd.go:104
github.com/spf13/cobra.(*Command).execute
	github.com/spf13/cobra@v1.5.0/command.go:872
github.com/spf13/cobra.(*Command).ExecuteC
	github.com/spf13/cobra@v1.5.0/command.go:990
github.com/spf13/cobra.(*Command).Execute
	github.com/spf13/cobra@v1.5.0/command.go:918
main.main
	istio.io/istio/pilot/cmd/pilot-agent/main.go:31
runtime.main
	runtime/proc.go:250
2022-11-02T08:44:46.925112Z	info	FLAG: --log_rotate=""
istio.io/pkg/log.emit
	istio.io/pkg@v0.0.0-20220907025138-198870de7239/log/zapcore_handler.go:149
istio.io/pkg/log.ZapLogHandlerCallbackFunc
	istio.io/pkg@v0.0.0-20220907025138-198870de7239/log/zapcore_handler.go:101
istio.io/pkg/log.(*Scope).callHandlers
	istio.io/pkg@v0.0.0-20220907025138-198870de7239/log/scope.go:401
istio.io/pkg/log.(*Scope).Infof
	istio.io/pkg@v0.0.0-20220907025138-198870de7239/log/scope.go:277
istio.io/pkg/log.Infof
	istio.io/pkg@v0.0.0-20220907025138-198870de7239/log/default.go:97
istio.io/istio/pkg/cmd.PrintFlags.func1
	istio.io/istio/pkg/cmd/cmd.go:55
github.com/spf13/pflag.(*FlagSet).VisitAll
	github.com/spf13/pflag@v1.0.5/flag.go:290
istio.io/istio/pkg/cmd.PrintFlags
	istio.io/istio/pkg/cmd/cmd.go:54
istio.io/istio/pilot/cmd/pilot-agent/app.newProxyCommand.func1
	istio.io/istio/pilot/cmd/pilot-agent/app/cmd.go:104
github.com/spf13/cobra.(*Command).execute
	github.com/spf13/cobra@v1.5.0/command.go:872
github.com/spf13/cobra.(*Command).ExecuteC
	github.com/spf13/cobra@v1.5.0/command.go:990
github.com/spf13/cobra.(*Command).Execute
	github.com/spf13/cobra@v1.5.0/command.go:918
main.main
	istio.io/istio/pilot/cmd/pilot-agent/main.go:31
runtime.main
	runtime/proc.go:250
2022-11-02T08:44:46.925137Z	info	FLAG: --log_rotate_max_age="30"
istio.io/pkg/log.emit
	istio.io/pkg@v0.0.0-20220907025138-198870de7239/log/zapcore_handler.go:149
istio.io/pkg/log.ZapLogHandlerCallbackFunc
	istio.io/pkg@v0.0.0-20220907025138-198870de7239/log/zapcore_handler.go:101
istio.io/pkg/log.(*Scope).callHandlers
	istio.io/pkg@v0.0.0-20220907025138-198870de7239/log/scope.go:401
istio.io/pkg/log.(*Scope).Infof
	istio.io/pkg@v0.0.0-20220907025138-198870de7239/log/scope.go:277
istio.io/pkg/log.Infof
	istio.io/pkg@v0.0.0-20220907025138-198870de7239/log/default.go:97
istio.io/istio/pkg/cmd.PrintFlags.func1
	istio.io/istio/pkg/cmd/cmd.go:55
github.com/spf13/pflag.(*FlagSet).VisitAll
	github.com/spf13/pflag@v1.0.5/flag.go:290
istio.io/istio/pkg/cmd.PrintFlags
	istio.io/istio/pkg/cmd/cmd.go:54
istio.io/istio/pilot/cmd/pilot-agent/app.newProxyCommand.func1
	istio.io/istio/pilot/cmd/pilot-agent/app/cmd.go:104
github.com/spf13/cobra.(*Command).execute
	github.com/spf13/cobra@v1.5.0/command.go:872
github.com/spf13/cobra.(*Command).ExecuteC
	github.com/spf13/cobra@v1.5.0/command.go:990
github.com/spf13/cobra.(*Command).Execute
	github.com/spf13/cobra@v1.5.0/command.go:918
main.main
	istio.io/istio/pilot/cmd/pilot-agent/main.go:31
runtime.main
	runtime/proc.go:250
2022-11-02T08:44:46.925156Z	info	FLAG: --log_rotate_max_backups="1000"
istio.io/pkg/log.emit
	istio.io/pkg@v0.0.0-20220907025138-198870de7239/log/zapcore_handler.go:149
istio.io/pkg/log.ZapLogHandlerCallbackFunc
	istio.io/pkg@v0.0.0-20220907025138-198870de7239/log/zapcore_handler.go:101
istio.io/pkg/log.(*Scope).callHandlers
	istio.io/pkg@v0.0.0-20220907025138-198870de7239/log/scope.go:401
istio.io/pkg/log.(*Scope).Infof
	istio.io/pkg@v0.0.0-20220907025138-198870de7239/log/scope.go:277
istio.io/pkg/log.Infof
	istio.io/pkg@v0.0.0-20220907025138-198870de7239/log/default.go:97
istio.io/istio/pkg/cmd.PrintFlags.func1
	istio.io/istio/pkg/cmd/cmd.go:55
github.com/spf13/pflag.(*FlagSet).VisitAll
	github.com/spf13/pflag@v1.0.5/flag.go:290
istio.io/istio/pkg/cmd.PrintFlags
	istio.io/istio/pkg/cmd/cmd.go:54
istio.io/istio/pilot/cmd/pilot-agent/app.newProxyCommand.func1
	istio.io/istio/pilot/cmd/pilot-agent/app/cmd.go:104
github.com/spf13/cobra.(*Command).execute
	github.com/spf13/cobra@v1.5.0/command.go:872
github.com/spf13/cobra.(*Command).ExecuteC
	github.com/spf13/cobra@v1.5.0/command.go:990
github.com/spf13/cobra.(*Command).Execute
	github.com/spf13/cobra@v1.5.0/command.go:918
main.main
	istio.io/istio/pilot/cmd/pilot-agent/main.go:31
runtime.main
	runtime/proc.go:250
2022-11-02T08:44:46.925173Z	info	FLAG: --log_rotate_max_size="104857600"
istio.io/pkg/log.emit
	istio.io/pkg@v0.0.0-20220907025138-198870de7239/log/zapcore_handler.go:149
istio.io/pkg/log.ZapLogHandlerCallbackFunc
	istio.io/pkg@v0.0.0-20220907025138-198870de7239/log/zapcore_handler.go:101
istio.io/pkg/log.(*Scope).callHandlers
	istio.io/pkg@v0.0.0-20220907025138-198870de7239/log/scope.go:401
istio.io/pkg/log.(*Scope).Infof
	istio.io/pkg@v0.0.0-20220907025138-198870de7239/log/scope.go:277
istio.io/pkg/log.Infof
	istio.io/pkg@v0.0.0-20220907025138-198870de7239/log/default.go:97
istio.io/istio/pkg/cmd.PrintFlags.func1
	istio.io/istio/pkg/cmd/cmd.go:55
github.com/spf13/pflag.(*FlagSet).VisitAll
	github.com/spf13/pflag@v1.0.5/flag.go:290
istio.io/istio/pkg/cmd.PrintFlags
	istio.io/istio/pkg/cmd/cmd.go:54
istio.io/istio/pilot/cmd/pilot-agent/app.newProxyCommand.func1
	istio.io/istio/pilot/cmd/pilot-agent/app/cmd.go:104
github.com/spf13/cobra.(*Command).execute
	github.com/spf13/cobra@v1.5.0/command.go:872
github.com/spf13/cobra.(*Command).ExecuteC
	github.com/spf13/cobra@v1.5.0/command.go:990
github.com/spf13/cobra.(*Command).Execute
	github.com/spf13/cobra@v1.5.0/command.go:918
main.main
	istio.io/istio/pilot/cmd/pilot-agent/main.go:31
runtime.main
	runtime/proc.go:250
2022-11-02T08:44:46.925192Z	info	FLAG: --log_stacktrace_level="debug"
istio.io/pkg/log.emit
	istio.io/pkg@v0.0.0-20220907025138-198870de7239/log/zapcore_handler.go:149
istio.io/pkg/log.ZapLogHandlerCallbackFunc
	istio.io/pkg@v0.0.0-20220907025138-198870de7239/log/zapcore_handler.go:101
istio.io/pkg/log.(*Scope).callHandlers
	istio.io/pkg@v0.0.0-20220907025138-198870de7239/log/scope.go:401
istio.io/pkg/log.(*Scope).Infof
	istio.io/pkg@v0.0.0-20220907025138-198870de7239/log/scope.go:277
istio.io/pkg/log.Infof
	istio.io/pkg@v0.0.0-20220907025138-198870de7239/log/default.go:97
istio.io/istio/pkg/cmd.PrintFlags.func1
	istio.io/istio/pkg/cmd/cmd.go:55
github.com/spf13/pflag.(*FlagSet).VisitAll
	github.com/spf13/pflag@v1.0.5/flag.go:290
istio.io/istio/pkg/cmd.PrintFlags
	istio.io/istio/pkg/cmd/cmd.go:54
istio.io/istio/pilot/cmd/pilot-agent/app.newProxyCommand.func1
	istio.io/istio/pilot/cmd/pilot-agent/app/cmd.go:104
github.com/spf13/cobra.(*Command).execute
	github.com/spf13/cobra@v1.5.0/command.go:872
github.com/spf13/cobra.(*Command).ExecuteC
	github.com/spf13/cobra@v1.5.0/command.go:990
github.com/spf13/cobra.(*Command).Execute
	github.com/spf13/cobra@v1.5.0/command.go:918
main.main
	istio.io/istio/pilot/cmd/pilot-agent/main.go:31
runtime.main
	runtime/proc.go:250
2022-11-02T08:44:46.925220Z	info	FLAG: --log_target="[stdout]"
istio.io/pkg/log.emit
	istio.io/pkg@v0.0.0-20220907025138-198870de7239/log/zapcore_handler.go:149
istio.io/pkg/log.ZapLogHandlerCallbackFunc
	istio.io/pkg@v0.0.0-20220907025138-198870de7239/log/zapcore_handler.go:101
istio.io/pkg/log.(*Scope).callHandlers
	istio.io/pkg@v0.0.0-20220907025138-198870de7239/log/scope.go:401
istio.io/pkg/log.(*Scope).Infof
	istio.io/pkg@v0.0.0-20220907025138-198870de7239/log/scope.go:277
istio.io/pkg/log.Infof
	istio.io/pkg@v0.0.0-20220907025138-198870de7239/log/default.go:97
istio.io/istio/pkg/cmd.PrintFlags.func1
	istio.io/istio/pkg/cmd/cmd.go:55
github.com/spf13/pflag.(*FlagSet).VisitAll
	github.com/spf13/pflag@v1.0.5/flag.go:290
istio.io/istio/pkg/cmd.PrintFlags
	istio.io/istio/pkg/cmd/cmd.go:54
istio.io/istio/pilot/cmd/pilot-agent/app.newProxyCommand.func1
	istio.io/istio/pilot/cmd/pilot-agent/app/cmd.go:104
github.com/spf13/cobra.(*Command).execute
	github.com/spf13/cobra@v1.5.0/command.go:872
github.com/spf13/cobra.(*Command).ExecuteC
	github.com/spf13/cobra@v1.5.0/command.go:990
github.com/spf13/cobra.(*Command).Execute
	github.com/spf13/cobra@v1.5.0/command.go:918
main.main
	istio.io/istio/pilot/cmd/pilot-agent/main.go:31
runtime.main
	runtime/proc.go:250
2022-11-02T08:44:46.925238Z	info	FLAG: --meshConfig="./etc/istio/config/mesh"
istio.io/pkg/log.emit
	istio.io/pkg@v0.0.0-20220907025138-198870de7239/log/zapcore_handler.go:149
istio.io/pkg/log.ZapLogHandlerCallbackFunc
	istio.io/pkg@v0.0.0-20220907025138-198870de7239/log/zapcore_handler.go:101
istio.io/pkg/log.(*Scope).callHandlers
	istio.io/pkg@v0.0.0-20220907025138-198870de7239/log/scope.go:401
istio.io/pkg/log.(*Scope).Infof
	istio.io/pkg@v0.0.0-20220907025138-198870de7239/log/scope.go:277
istio.io/pkg/log.Infof
	istio.io/pkg@v0.0.0-20220907025138-198870de7239/log/default.go:97
istio.io/istio/pkg/cmd.PrintFlags.func1
	istio.io/istio/pkg/cmd/cmd.go:55
github.com/spf13/pflag.(*FlagSet).VisitAll
	github.com/spf13/pflag@v1.0.5/flag.go:290
istio.io/istio/pkg/cmd.PrintFlags
	istio.io/istio/pkg/cmd/cmd.go:54
istio.io/istio/pilot/cmd/pilot-agent/app.newProxyCommand.func1
	istio.io/istio/pilot/cmd/pilot-agent/app/cmd.go:104
github.com/spf13/cobra.(*Command).execute
	github.com/spf13/cobra@v1.5.0/command.go:872
github.com/spf13/cobra.(*Command).ExecuteC
	github.com/spf13/cobra@v1.5.0/command.go:990
github.com/spf13/cobra.(*Command).Execute
	github.com/spf13/cobra@v1.5.0/command.go:918
main.main
	istio.io/istio/pilot/cmd/pilot-agent/main.go:31
runtime.main
	runtime/proc.go:250
2022-11-02T08:44:46.925257Z	info	FLAG: --outlierLogPath=""
istio.io/pkg/log.emit
	istio.io/pkg@v0.0.0-20220907025138-198870de7239/log/zapcore_handler.go:149
istio.io/pkg/log.ZapLogHandlerCallbackFunc
	istio.io/pkg@v0.0.0-20220907025138-198870de7239/log/zapcore_handler.go:101
istio.io/pkg/log.(*Scope).callHandlers
	istio.io/pkg@v0.0.0-20220907025138-198870de7239/log/scope.go:401
istio.io/pkg/log.(*Scope).Infof
	istio.io/pkg@v0.0.0-20220907025138-198870de7239/log/scope.go:277
istio.io/pkg/log.Infof
	istio.io/pkg@v0.0.0-20220907025138-198870de7239/log/default.go:97
istio.io/istio/pkg/cmd.PrintFlags.func1
	istio.io/istio/pkg/cmd/cmd.go:55
github.com/spf13/pflag.(*FlagSet).VisitAll
	github.com/spf13/pflag@v1.0.5/flag.go:290
istio.io/istio/pkg/cmd.PrintFlags
	istio.io/istio/pkg/cmd/cmd.go:54
istio.io/istio/pilot/cmd/pilot-agent/app.newProxyCommand.func1
	istio.io/istio/pilot/cmd/pilot-agent/app/cmd.go:104
github.com/spf13/cobra.(*Command).execute
	github.com/spf13/cobra@v1.5.0/command.go:872
github.com/spf13/cobra.(*Command).ExecuteC
	github.com/spf13/cobra@v1.5.0/command.go:990
github.com/spf13/cobra.(*Command).Execute
	github.com/spf13/cobra@v1.5.0/command.go:918
main.main
	istio.io/istio/pilot/cmd/pilot-agent/main.go:31
runtime.main
	runtime/proc.go:250
2022-11-02T08:44:46.925279Z	info	FLAG: --proxyComponentLogLevel="authorization:debug,ca:debug,installer:debug,proxyconfig:debug,retry:debug,serviceentry:debug,validation:debug,validationController:debug,validationServer:debug"
istio.io/pkg/log.emit
	istio.io/pkg@v0.0.0-20220907025138-198870de7239/log/zapcore_handler.go:149
istio.io/pkg/log.ZapLogHandlerCallbackFunc
	istio.io/pkg@v0.0.0-20220907025138-198870de7239/log/zapcore_handler.go:101
istio.io/pkg/log.(*Scope).callHandlers
	istio.io/pkg@v0.0.0-20220907025138-198870de7239/log/scope.go:401
istio.io/pkg/log.(*Scope).Infof
	istio.io/pkg@v0.0.0-20220907025138-198870de7239/log/scope.go:277
istio.io/pkg/log.Infof
	istio.io/pkg@v0.0.0-20220907025138-198870de7239/log/default.go:97
istio.io/istio/pkg/cmd.PrintFlags.func1
	istio.io/istio/pkg/cmd/cmd.go:55
github.com/spf13/pflag.(*FlagSet).VisitAll
	github.com/spf13/pflag@v1.0.5/flag.go:290
istio.io/istio/pkg/cmd.PrintFlags
	istio.io/istio/pkg/cmd/cmd.go:54
istio.io/istio/pilot/cmd/pilot-agent/app.newProxyCommand.func1
	istio.io/istio/pilot/cmd/pilot-agent/app/cmd.go:104
github.com/spf13/cobra.(*Command).execute
	github.com/spf13/cobra@v1.5.0/command.go:872
github.com/spf13/cobra.(*Command).ExecuteC
	github.com/spf13/cobra@v1.5.0/command.go:990
github.com/spf13/cobra.(*Command).Execute
	github.com/spf13/cobra@v1.5.0/command.go:918
main.main
	istio.io/istio/pilot/cmd/pilot-agent/main.go:31
runtime.main
	runtime/proc.go:250
2022-11-02T08:44:46.925295Z	info	FLAG: --proxyLogLevel="debug"
istio.io/pkg/log.emit
	istio.io/pkg@v0.0.0-20220907025138-198870de7239/log/zapcore_handler.go:149
istio.io/pkg/log.ZapLogHandlerCallbackFunc
	istio.io/pkg@v0.0.0-20220907025138-198870de7239/log/zapcore_handler.go:101
istio.io/pkg/log.(*Scope).callHandlers
	istio.io/pkg@v0.0.0-20220907025138-198870de7239/log/scope.go:401
istio.io/pkg/log.(*Scope).Infof
	istio.io/pkg@v0.0.0-20220907025138-198870de7239/log/scope.go:277
istio.io/pkg/log.Infof
	istio.io/pkg@v0.0.0-20220907025138-198870de7239/log/default.go:97
istio.io/istio/pkg/cmd.PrintFlags.func1
	istio.io/istio/pkg/cmd/cmd.go:55
github.com/spf13/pflag.(*FlagSet).VisitAll
	github.com/spf13/pflag@v1.0.5/flag.go:290
istio.io/istio/pkg/cmd.PrintFlags
	istio.io/istio/pkg/cmd/cmd.go:54
istio.io/istio/pilot/cmd/pilot-agent/app.newProxyCommand.func1
	istio.io/istio/pilot/cmd/pilot-agent/app/cmd.go:104
github.com/spf13/cobra.(*Command).execute
	github.com/spf13/cobra@v1.5.0/command.go:872
github.com/spf13/cobra.(*Command).ExecuteC
	github.com/spf13/cobra@v1.5.0/command.go:990
github.com/spf13/cobra.(*Command).Execute
	github.com/spf13/cobra@v1.5.0/command.go:918
main.main
	istio.io/istio/pilot/cmd/pilot-agent/main.go:31
runtime.main
	runtime/proc.go:250
2022-11-02T08:44:46.925316Z	info	FLAG: --serviceCluster="istio-proxy"
istio.io/pkg/log.emit
	istio.io/pkg@v0.0.0-20220907025138-198870de7239/log/zapcore_handler.go:149
istio.io/pkg/log.ZapLogHandlerCallbackFunc
	istio.io/pkg@v0.0.0-20220907025138-198870de7239/log/zapcore_handler.go:101
istio.io/pkg/log.(*Scope).callHandlers
	istio.io/pkg@v0.0.0-20220907025138-198870de7239/log/scope.go:401
istio.io/pkg/log.(*Scope).Infof
	istio.io/pkg@v0.0.0-20220907025138-198870de7239/log/scope.go:277
istio.io/pkg/log.Infof
	istio.io/pkg@v0.0.0-20220907025138-198870de7239/log/default.go:97
istio.io/istio/pkg/cmd.PrintFlags.func1
	istio.io/istio/pkg/cmd/cmd.go:55
github.com/spf13/pflag.(*FlagSet).VisitAll
	github.com/spf13/pflag@v1.0.5/flag.go:290
istio.io/istio/pkg/cmd.PrintFlags
	istio.io/istio/pkg/cmd/cmd.go:54
istio.io/istio/pilot/cmd/pilot-agent/app.newProxyCommand.func1
	istio.io/istio/pilot/cmd/pilot-agent/app/cmd.go:104
github.com/spf13/cobra.(*Command).execute
	github.com/spf13/cobra@v1.5.0/command.go:872
github.com/spf13/cobra.(*Command).ExecuteC
	github.com/spf13/cobra@v1.5.0/command.go:990
github.com/spf13/cobra.(*Command).Execute
	github.com/spf13/cobra@v1.5.0/command.go:918
main.main
	istio.io/istio/pilot/cmd/pilot-agent/main.go:31
runtime.main
	runtime/proc.go:250
2022-11-02T08:44:46.925335Z	info	FLAG: --stsPort="0"
istio.io/pkg/log.emit
	istio.io/pkg@v0.0.0-20220907025138-198870de7239/log/zapcore_handler.go:149
istio.io/pkg/log.ZapLogHandlerCallbackFunc
	istio.io/pkg@v0.0.0-20220907025138-198870de7239/log/zapcore_handler.go:101
istio.io/pkg/log.(*Scope).callHandlers
	istio.io/pkg@v0.0.0-20220907025138-198870de7239/log/scope.go:401
istio.io/pkg/log.(*Scope).Infof
	istio.io/pkg@v0.0.0-20220907025138-198870de7239/log/scope.go:277
istio.io/pkg/log.Infof
	istio.io/pkg@v0.0.0-20220907025138-198870de7239/log/default.go:97
istio.io/istio/pkg/cmd.PrintFlags.func1
	istio.io/istio/pkg/cmd/cmd.go:55
github.com/spf13/pflag.(*FlagSet).VisitAll
	github.com/spf13/pflag@v1.0.5/flag.go:290
istio.io/istio/pkg/cmd.PrintFlags
	istio.io/istio/pkg/cmd/cmd.go:54
istio.io/istio/pilot/cmd/pilot-agent/app.newProxyCommand.func1
	istio.io/istio/pilot/cmd/pilot-agent/app/cmd.go:104
github.com/spf13/cobra.(*Command).execute
	github.com/spf13/cobra@v1.5.0/command.go:872
github.com/spf13/cobra.(*Command).ExecuteC
	github.com/spf13/cobra@v1.5.0/command.go:990
github.com/spf13/cobra.(*Command).Execute
	github.com/spf13/cobra@v1.5.0/command.go:918
main.main
	istio.io/istio/pilot/cmd/pilot-agent/main.go:31
runtime.main
	runtime/proc.go:250
2022-11-02T08:44:46.925352Z	info	FLAG: --templateFile=""
istio.io/pkg/log.emit
	istio.io/pkg@v0.0.0-20220907025138-198870de7239/log/zapcore_handler.go:149
istio.io/pkg/log.ZapLogHandlerCallbackFunc
	istio.io/pkg@v0.0.0-20220907025138-198870de7239/log/zapcore_handler.go:101
istio.io/pkg/log.(*Scope).callHandlers
	istio.io/pkg@v0.0.0-20220907025138-198870de7239/log/scope.go:401
istio.io/pkg/log.(*Scope).Infof
	istio.io/pkg@v0.0.0-20220907025138-198870de7239/log/scope.go:277
istio.io/pkg/log.Infof
	istio.io/pkg@v0.0.0-20220907025138-198870de7239/log/default.go:97
istio.io/istio/pkg/cmd.PrintFlags.func1
	istio.io/istio/pkg/cmd/cmd.go:55
github.com/spf13/pflag.(*FlagSet).VisitAll
	github.com/spf13/pflag@v1.0.5/flag.go:290
istio.io/istio/pkg/cmd.PrintFlags
	istio.io/istio/pkg/cmd/cmd.go:54
istio.io/istio/pilot/cmd/pilot-agent/app.newProxyCommand.func1
	istio.io/istio/pilot/cmd/pilot-agent/app/cmd.go:104
github.com/spf13/cobra.(*Command).execute
	github.com/spf13/cobra@v1.5.0/command.go:872
github.com/spf13/cobra.(*Command).ExecuteC
	github.com/spf13/cobra@v1.5.0/command.go:990
github.com/spf13/cobra.(*Command).Execute
	github.com/spf13/cobra@v1.5.0/command.go:918
main.main
	istio.io/istio/pilot/cmd/pilot-agent/main.go:31
runtime.main
	runtime/proc.go:250
2022-11-02T08:44:46.925371Z	info	FLAG: --tokenManagerPlugin="GoogleTokenExchange"
istio.io/pkg/log.emit
	istio.io/pkg@v0.0.0-20220907025138-198870de7239/log/zapcore_handler.go:149
istio.io/pkg/log.ZapLogHandlerCallbackFunc
	istio.io/pkg@v0.0.0-20220907025138-198870de7239/log/zapcore_handler.go:101
istio.io/pkg/log.(*Scope).callHandlers
	istio.io/pkg@v0.0.0-20220907025138-198870de7239/log/scope.go:401
istio.io/pkg/log.(*Scope).Infof
	istio.io/pkg@v0.0.0-20220907025138-198870de7239/log/scope.go:277
istio.io/pkg/log.Infof
	istio.io/pkg@v0.0.0-20220907025138-198870de7239/log/default.go:97
istio.io/istio/pkg/cmd.PrintFlags.func1
	istio.io/istio/pkg/cmd/cmd.go:55
github.com/spf13/pflag.(*FlagSet).VisitAll
	github.com/spf13/pflag@v1.0.5/flag.go:290
istio.io/istio/pkg/cmd.PrintFlags
	istio.io/istio/pkg/cmd/cmd.go:54
istio.io/istio/pilot/cmd/pilot-agent/app.newProxyCommand.func1
	istio.io/istio/pilot/cmd/pilot-agent/app/cmd.go:104
github.com/spf13/cobra.(*Command).execute
	github.com/spf13/cobra@v1.5.0/command.go:872
github.com/spf13/cobra.(*Command).ExecuteC
	github.com/spf13/cobra@v1.5.0/command.go:990
github.com/spf13/cobra.(*Command).Execute
	github.com/spf13/cobra@v1.5.0/command.go:918
main.main
	istio.io/istio/pilot/cmd/pilot-agent/main.go:31
runtime.main
	runtime/proc.go:250
2022-11-02T08:44:46.925391Z	info	FLAG: --vklog="0"
istio.io/pkg/log.emit
	istio.io/pkg@v0.0.0-20220907025138-198870de7239/log/zapcore_handler.go:149
istio.io/pkg/log.ZapLogHandlerCallbackFunc
	istio.io/pkg@v0.0.0-20220907025138-198870de7239/log/zapcore_handler.go:101
istio.io/pkg/log.(*Scope).callHandlers
	istio.io/pkg@v0.0.0-20220907025138-198870de7239/log/scope.go:401
istio.io/pkg/log.(*Scope).Infof
	istio.io/pkg@v0.0.0-20220907025138-198870de7239/log/scope.go:277
istio.io/pkg/log.Infof
	istio.io/pkg@v0.0.0-20220907025138-198870de7239/log/default.go:97
istio.io/istio/pkg/cmd.PrintFlags.func1
	istio.io/istio/pkg/cmd/cmd.go:55
github.com/spf13/pflag.(*FlagSet).VisitAll
	github.com/spf13/pflag@v1.0.5/flag.go:290
istio.io/istio/pkg/cmd.PrintFlags
	istio.io/istio/pkg/cmd/cmd.go:54
istio.io/istio/pilot/cmd/pilot-agent/app.newProxyCommand.func1
	istio.io/istio/pilot/cmd/pilot-agent/app/cmd.go:104
github.com/spf13/cobra.(*Command).execute
	github.com/spf13/cobra@v1.5.0/command.go:872
github.com/spf13/cobra.(*Command).ExecuteC
	github.com/spf13/cobra@v1.5.0/command.go:990
github.com/spf13/cobra.(*Command).Execute
	github.com/spf13/cobra@v1.5.0/command.go:918
main.main
	istio.io/istio/pilot/cmd/pilot-agent/main.go:31
runtime.main
	runtime/proc.go:250
2022-11-02T08:44:46.925411Z	info	Version 1.15.2-b542583af7f8240ad0c9cab56eb9f8d55e1357ab-Clean
istio.io/pkg/log.emit
	istio.io/pkg@v0.0.0-20220907025138-198870de7239/log/zapcore_handler.go:149
istio.io/pkg/log.ZapLogHandlerCallbackFunc
	istio.io/pkg@v0.0.0-20220907025138-198870de7239/log/zapcore_handler.go:101
istio.io/pkg/log.(*Scope).callHandlers
	istio.io/pkg@v0.0.0-20220907025138-198870de7239/log/scope.go:401
istio.io/pkg/log.(*Scope).Infof
	istio.io/pkg@v0.0.0-20220907025138-198870de7239/log/scope.go:277
istio.io/pkg/log.Infof
	istio.io/pkg@v0.0.0-20220907025138-198870de7239/log/default.go:97
istio.io/istio/pilot/cmd/pilot-agent/app.newProxyCommand.func1
	istio.io/istio/pilot/cmd/pilot-agent/app/cmd.go:105
github.com/spf13/cobra.(*Command).execute
	github.com/spf13/cobra@v1.5.0/command.go:872
github.com/spf13/cobra.(*Command).ExecuteC
	github.com/spf13/cobra@v1.5.0/command.go:990
github.com/spf13/cobra.(*Command).Execute
	github.com/spf13/cobra@v1.5.0/command.go:918
main.main
	istio.io/istio/pilot/cmd/pilot-agent/main.go:31
runtime.main
	runtime/proc.go:250
2022-11-02T08:44:46.928016Z	info	Maximum file descriptors (ulimit -n): 1024
istio.io/pkg/log.emit
	istio.io/pkg@v0.0.0-20220907025138-198870de7239/log/zapcore_handler.go:149
istio.io/pkg/log.ZapLogHandlerCallbackFunc
	istio.io/pkg@v0.0.0-20220907025138-198870de7239/log/zapcore_handler.go:101
istio.io/pkg/log.(*Scope).callHandlers
	istio.io/pkg@v0.0.0-20220907025138-198870de7239/log/scope.go:401
istio.io/pkg/log.(*Scope).Infof
	istio.io/pkg@v0.0.0-20220907025138-198870de7239/log/scope.go:277
istio.io/pkg/log.Infof
	istio.io/pkg@v0.0.0-20220907025138-198870de7239/log/default.go:97
istio.io/istio/pilot/cmd/pilot-agent/app.logLimits
	istio.io/istio/pilot/cmd/pilot-agent/app/cmd.go:315
istio.io/istio/pilot/cmd/pilot-agent/app.newProxyCommand.func1
	istio.io/istio/pilot/cmd/pilot-agent/app/cmd.go:107
github.com/spf13/cobra.(*Command).execute
	github.com/spf13/cobra@v1.5.0/command.go:872
github.com/spf13/cobra.(*Command).ExecuteC
	github.com/spf13/cobra@v1.5.0/command.go:990
github.com/spf13/cobra.(*Command).Execute
	github.com/spf13/cobra@v1.5.0/command.go:918
main.main
	istio.io/istio/pilot/cmd/pilot-agent/main.go:31
runtime.main
	runtime/proc.go:250
2022-11-02T08:44:46.928205Z	info	Proxy role	ips=[10.244.1.9] type=sidecar id=ubuntu-deployment-7575859557-bh2c8.vm-ns domain=vm-ns.svc.cluster.local
istio.io/pkg/log.emit
	istio.io/pkg@v0.0.0-20220907025138-198870de7239/log/zapcore_handler.go:149
istio.io/pkg/log.ZapLogHandlerCallbackFunc
	istio.io/pkg@v0.0.0-20220907025138-198870de7239/log/zapcore_handler.go:101
istio.io/pkg/log.(*Scope).callHandlers
	istio.io/pkg@v0.0.0-20220907025138-198870de7239/log/scope.go:401
istio.io/pkg/log.(*Scope).Info
	istio.io/pkg@v0.0.0-20220907025138-198870de7239/log/scope.go:256
istio.io/istio/pilot/cmd/pilot-agent/app.initProxy
	istio.io/istio/pilot/cmd/pilot-agent/app/cmd.go:304
istio.io/istio/pilot/cmd/pilot-agent/app.newProxyCommand.func1
	istio.io/istio/pilot/cmd/pilot-agent/app/cmd.go:109
github.com/spf13/cobra.(*Command).execute
	github.com/spf13/cobra@v1.5.0/command.go:872
github.com/spf13/cobra.(*Command).ExecuteC
	github.com/spf13/cobra@v1.5.0/command.go:990
github.com/spf13/cobra.(*Command).Execute
	github.com/spf13/cobra@v1.5.0/command.go:918
main.main
	istio.io/istio/pilot/cmd/pilot-agent/main.go:31
runtime.main
	runtime/proc.go:250
2022-11-02T08:44:46.928245Z	debug	failed to read pod annotations: open ./etc/istio/pod/annotations: no such file or directory
istio.io/pkg/log.emit
	istio.io/pkg@v0.0.0-20220907025138-198870de7239/log/zapcore_handler.go:149
istio.io/pkg/log.ZapLogHandlerCallbackFunc
	istio.io/pkg@v0.0.0-20220907025138-198870de7239/log/zapcore_handler.go:101
istio.io/pkg/log.(*Scope).callHandlers
	istio.io/pkg@v0.0.0-20220907025138-198870de7239/log/scope.go:401
istio.io/pkg/log.(*Scope).Debugf
	istio.io/pkg@v0.0.0-20220907025138-198870de7239/log/scope.go:306
istio.io/pkg/log.Debugf
	istio.io/pkg@v0.0.0-20220907025138-198870de7239/log/default.go:117
istio.io/istio/pilot/cmd/pilot-agent/config.ConstructProxyConfig
	istio.io/istio/pilot/cmd/pilot-agent/config/config.go:40
istio.io/istio/pilot/cmd/pilot-agent/app.newProxyCommand.func1
	istio.io/istio/pilot/cmd/pilot-agent/app/cmd.go:113
github.com/spf13/cobra.(*Command).execute
	github.com/spf13/cobra@v1.5.0/command.go:872
github.com/spf13/cobra.(*Command).ExecuteC
	github.com/spf13/cobra@v1.5.0/command.go:990
github.com/spf13/cobra.(*Command).Execute
	github.com/spf13/cobra@v1.5.0/command.go:918
main.main
	istio.io/istio/pilot/cmd/pilot-agent/main.go:31
runtime.main
	runtime/proc.go:250
2022-11-02T08:44:46.928314Z	info	Apply mesh config from file defaultConfig:
  discoveryAddress: istiod.istio-system.svc:15012
  proxyMetadata:
    CANONICAL_REVISION: latest
    CANONICAL_SERVICE: vm-app
    ISTIO_META_CLUSTER_ID: Kubernetes
    ISTIO_META_DNS_CAPTURE: "true"
    ISTIO_META_MESH_ID: ""
    ISTIO_META_NETWORK: ""
    ISTIO_META_WORKLOAD_NAME: vm-app
    ISTIO_METAJSON_LABELS: '{"app":"vm-app","service.istio.io/canonical-name":"vm-app","service.istio.io/canonical-revision":"latest"}'
    POD_NAMESPACE: vm-ns
    SERVICE_ACCOUNT: serviceaccountvm
    TRUST_DOMAIN: cluster.local
  tracing:
    zipkin:
      address: zipkin.istio-system:9411

istio.io/pkg/log.emit
	istio.io/pkg@v0.0.0-20220907025138-198870de7239/log/zapcore_handler.go:149
istio.io/pkg/log.ZapLogHandlerCallbackFunc
	istio.io/pkg@v0.0.0-20220907025138-198870de7239/log/zapcore_handler.go:101
istio.io/pkg/log.(*Scope).callHandlers
	istio.io/pkg@v0.0.0-20220907025138-198870de7239/log/scope.go:401
istio.io/pkg/log.(*Scope).Infof
	istio.io/pkg@v0.0.0-20220907025138-198870de7239/log/scope.go:277
istio.io/pkg/log.Infof
	istio.io/pkg@v0.0.0-20220907025138-198870de7239/log/default.go:97
istio.io/istio/pilot/cmd/pilot-agent/config.getMeshConfig
	istio.io/istio/pilot/cmd/pilot-agent/config/config.go:104
istio.io/istio/pilot/cmd/pilot-agent/config.ConstructProxyConfig
	istio.io/istio/pilot/cmd/pilot-agent/config/config.go:53
istio.io/istio/pilot/cmd/pilot-agent/app.newProxyCommand.func1
	istio.io/istio/pilot/cmd/pilot-agent/app/cmd.go:113
github.com/spf13/cobra.(*Command).execute
	github.com/spf13/cobra@v1.5.0/command.go:872
github.com/spf13/cobra.(*Command).ExecuteC
	github.com/spf13/cobra@v1.5.0/command.go:990
github.com/spf13/cobra.(*Command).Execute
	github.com/spf13/cobra@v1.5.0/command.go:918
main.main
	istio.io/istio/pilot/cmd/pilot-agent/main.go:31
runtime.main
	runtime/proc.go:250
2022-11-02T08:44:46.930777Z	info	Apply proxy config from env 
serviceCluster: vm-app.vm-ns
controlPlaneAuthPolicy: MUTUAL_TLS

istio.io/pkg/log.emit
	istio.io/pkg@v0.0.0-20220907025138-198870de7239/log/zapcore_handler.go:149
istio.io/pkg/log.ZapLogHandlerCallbackFunc
	istio.io/pkg@v0.0.0-20220907025138-198870de7239/log/zapcore_handler.go:101
istio.io/pkg/log.(*Scope).callHandlers
	istio.io/pkg@v0.0.0-20220907025138-198870de7239/log/scope.go:401
istio.io/pkg/log.(*Scope).Infof
	istio.io/pkg@v0.0.0-20220907025138-198870de7239/log/scope.go:277
istio.io/pkg/log.Infof
	istio.io/pkg@v0.0.0-20220907025138-198870de7239/log/default.go:97
istio.io/istio/pilot/cmd/pilot-agent/config.getMeshConfig
	istio.io/istio/pilot/cmd/pilot-agent/config/config.go:113
istio.io/istio/pilot/cmd/pilot-agent/config.ConstructProxyConfig
	istio.io/istio/pilot/cmd/pilot-agent/config/config.go:53
istio.io/istio/pilot/cmd/pilot-agent/app.newProxyCommand.func1
	istio.io/istio/pilot/cmd/pilot-agent/app/cmd.go:113
github.com/spf13/cobra.(*Command).execute
	github.com/spf13/cobra@v1.5.0/command.go:872
github.com/spf13/cobra.(*Command).ExecuteC
	github.com/spf13/cobra@v1.5.0/command.go:990
github.com/spf13/cobra.(*Command).Execute
	github.com/spf13/cobra@v1.5.0/command.go:918
main.main
	istio.io/istio/pilot/cmd/pilot-agent/main.go:31
runtime.main
	runtime/proc.go:250
2022-11-02T08:44:46.931531Z	info	Effective config: binaryPath: /usr/local/bin/envoy
concurrency: 2
configPath: ./etc/istio/proxy
controlPlaneAuthPolicy: MUTUAL_TLS
discoveryAddress: istiod.istio-system.svc:15012
drainDuration: 45s
parentShutdownDuration: 60s
proxyAdminPort: 15000
proxyMetadata:
  CANONICAL_REVISION: latest
  CANONICAL_SERVICE: vm-app
  ISTIO_META_CLUSTER_ID: Kubernetes
  ISTIO_META_DNS_CAPTURE: "true"
  ISTIO_META_MESH_ID: ""
  ISTIO_META_NETWORK: ""
  ISTIO_META_WORKLOAD_NAME: vm-app
  ISTIO_METAJSON_LABELS: '{"app":"vm-app","service.istio.io/canonical-name":"vm-app","service.istio.io/canonical-revision":"latest"}'
  POD_NAMESPACE: vm-ns
  SERVICE_ACCOUNT: serviceaccountvm
  TRUST_DOMAIN: cluster.local
serviceCluster: vm-app.vm-ns
statNameLength: 189
statusPort: 15020
terminationDrainDuration: 5s
tracing:
  zipkin:
    address: zipkin.istio-system:9411

istio.io/pkg/log.emit
	istio.io/pkg@v0.0.0-20220907025138-198870de7239/log/zapcore_handler.go:149
istio.io/pkg/log.ZapLogHandlerCallbackFunc
	istio.io/pkg@v0.0.0-20220907025138-198870de7239/log/zapcore_handler.go:101
istio.io/pkg/log.(*Scope).callHandlers
	istio.io/pkg@v0.0.0-20220907025138-198870de7239/log/scope.go:401
istio.io/pkg/log.(*Scope).Infof
	istio.io/pkg@v0.0.0-20220907025138-198870de7239/log/scope.go:277
istio.io/pkg/log.Infof
	istio.io/pkg@v0.0.0-20220907025138-198870de7239/log/default.go:97
istio.io/istio/pilot/cmd/pilot-agent/app.newProxyCommand.func1
	istio.io/istio/pilot/cmd/pilot-agent/app/cmd.go:120
github.com/spf13/cobra.(*Command).execute
	github.com/spf13/cobra@v1.5.0/command.go:872
github.com/spf13/cobra.(*Command).ExecuteC
	github.com/spf13/cobra@v1.5.0/command.go:990
github.com/spf13/cobra.(*Command).Execute
	github.com/spf13/cobra@v1.5.0/command.go:918
main.main
	istio.io/istio/pilot/cmd/pilot-agent/main.go:31
runtime.main
	runtime/proc.go:250
2022-11-02T08:44:46.931567Z	info	JWT policy is third-party-jwt
istio.io/pkg/log.emit
	istio.io/pkg@v0.0.0-20220907025138-198870de7239/log/zapcore_handler.go:149
istio.io/pkg/log.ZapLogHandlerCallbackFunc
	istio.io/pkg@v0.0.0-20220907025138-198870de7239/log/zapcore_handler.go:101
istio.io/pkg/log.(*Scope).callHandlers
	istio.io/pkg@v0.0.0-20220907025138-198870de7239/log/scope.go:401
istio.io/pkg/log.(*Scope).Info
	istio.io/pkg@v0.0.0-20220907025138-198870de7239/log/scope.go:256
istio.io/pkg/log.Info
	istio.io/pkg@v0.0.0-20220907025138-198870de7239/log/default.go:87
istio.io/istio/pilot/cmd/pilot-agent/options.SetupSecurityOptions
	istio.io/istio/pilot/cmd/pilot-agent/options/security.go:84
istio.io/istio/pilot/cmd/pilot-agent/options.NewSecurityOptions
	istio.io/istio/pilot/cmd/pilot-agent/options/security.go:61
istio.io/istio/pilot/cmd/pilot-agent/app.newProxyCommand.func1
	istio.io/istio/pilot/cmd/pilot-agent/app/cmd.go:123
github.com/spf13/cobra.(*Command).execute
	github.com/spf13/cobra@v1.5.0/command.go:872
github.com/spf13/cobra.(*Command).ExecuteC
	github.com/spf13/cobra@v1.5.0/command.go:990
github.com/spf13/cobra.(*Command).Execute
	github.com/spf13/cobra@v1.5.0/command.go:918
main.main
	istio.io/istio/pilot/cmd/pilot-agent/main.go:31
runtime.main
	runtime/proc.go:250
2022-11-02T08:44:46.931605Z	info	using credential fetcher of JWT type in cluster.local trust domain
istio.io/pkg/log.emit
	istio.io/pkg@v0.0.0-20220907025138-198870de7239/log/zapcore_handler.go:149
istio.io/pkg/log.ZapLogHandlerCallbackFunc
	istio.io/pkg@v0.0.0-20220907025138-198870de7239/log/zapcore_handler.go:101
istio.io/pkg/log.(*Scope).callHandlers
	istio.io/pkg@v0.0.0-20220907025138-198870de7239/log/scope.go:401
istio.io/pkg/log.(*Scope).Infof
	istio.io/pkg@v0.0.0-20220907025138-198870de7239/log/scope.go:277
istio.io/pkg/log.Infof
	istio.io/pkg@v0.0.0-20220907025138-198870de7239/log/default.go:97
istio.io/istio/pilot/cmd/pilot-agent/options.SetupSecurityOptions
	istio.io/istio/pilot/cmd/pilot-agent/options/security.go:106
istio.io/istio/pilot/cmd/pilot-agent/options.NewSecurityOptions
	istio.io/istio/pilot/cmd/pilot-agent/options/security.go:61
istio.io/istio/pilot/cmd/pilot-agent/app.newProxyCommand.func1
	istio.io/istio/pilot/cmd/pilot-agent/app/cmd.go:123
github.com/spf13/cobra.(*Command).execute
	github.com/spf13/cobra@v1.5.0/command.go:872
github.com/spf13/cobra.(*Command).ExecuteC
	github.com/spf13/cobra@v1.5.0/command.go:990
github.com/spf13/cobra.(*Command).Execute
	github.com/spf13/cobra@v1.5.0/command.go:918
main.main
	istio.io/istio/pilot/cmd/pilot-agent/main.go:31
runtime.main
	runtime/proc.go:250
2022-11-02T08:44:47.032952Z	debug	error in getting aws info for iam/info : Get "http://169.254.169.254/latest/meta-data/iam/info": context deadline exceeded (Client.Timeout exceeded while awaiting headers)
istio.io/pkg/log.emit
	istio.io/pkg@v0.0.0-20220907025138-198870de7239/log/zapcore_handler.go:149
istio.io/pkg/log.ZapLogHandlerCallbackFunc
	istio.io/pkg@v0.0.0-20220907025138-198870de7239/log/zapcore_handler.go:101
istio.io/pkg/log.(*Scope).callHandlers
	istio.io/pkg@v0.0.0-20220907025138-198870de7239/log/scope.go:401
istio.io/pkg/log.(*Scope).Debugf
	istio.io/pkg@v0.0.0-20220907025138-198870de7239/log/scope.go:306
istio.io/pkg/log.Debugf
	istio.io/pkg@v0.0.0-20220907025138-198870de7239/log/default.go:117
istio.io/istio/pkg/bootstrap/platform.getAWSInfo
	istio.io/istio/pkg/bootstrap/platform/aws.go:101
istio.io/istio/pkg/bootstrap/platform.IsAWS
	istio.io/istio/pkg/bootstrap/platform/aws.go:44
istio.io/istio/pkg/bootstrap/platform.DiscoverWithTimeout.func2
	istio.io/istio/pkg/bootstrap/platform/discovery.go:72
2022-11-02T08:44:47.033400Z	info	Opening status port 15020
istio.io/pkg/log.emit
	istio.io/pkg@v0.0.0-20220907025138-198870de7239/log/zapcore_handler.go:149
istio.io/pkg/log.ZapLogHandlerCallbackFunc
	istio.io/pkg@v0.0.0-20220907025138-198870de7239/log/zapcore_handler.go:101
istio.io/pkg/log.(*Scope).callHandlers
	istio.io/pkg@v0.0.0-20220907025138-198870de7239/log/scope.go:401
istio.io/pkg/log.(*Scope).Infof
	istio.io/pkg@v0.0.0-20220907025138-198870de7239/log/scope.go:277
istio.io/pkg/log.Infof
	istio.io/pkg@v0.0.0-20220907025138-198870de7239/log/default.go:97
istio.io/istio/pilot/cmd/pilot-agent/status.(*Server).Run
	istio.io/istio/pilot/cmd/pilot-agent/status/server.go:337
2022-11-02T08:44:47.033643Z	info	dns	Starting local udp DNS server on 127.0.0.1:15053
2022-11-02T08:44:47.033951Z	info	dns	Starting local tcp DNS server on 127.0.0.1:15053
2022-11-02T08:44:47.034819Z	debug	SDS socket detected but not healthy: connection error: desc = "transport: error while dialing: dial unix ./var/run/secrets/workload-spiffe-uds/socket: connect: connection refused"
istio.io/pkg/log.emit
	istio.io/pkg@v0.0.0-20220907025138-198870de7239/log/zapcore_handler.go:149
istio.io/pkg/log.ZapLogHandlerCallbackFunc
	istio.io/pkg@v0.0.0-20220907025138-198870de7239/log/zapcore_handler.go:101
istio.io/pkg/log.(*Scope).callHandlers
	istio.io/pkg@v0.0.0-20220907025138-198870de7239/log/scope.go:401
istio.io/pkg/log.(*Scope).Debugf
	istio.io/pkg@v0.0.0-20220907025138-198870de7239/log/scope.go:306
istio.io/pkg/log.Debugf
	istio.io/pkg@v0.0.0-20220907025138-198870de7239/log/default.go:117
istio.io/istio/pkg/istio-agent.checkSocket
	istio.io/istio/pkg/istio-agent/agent.go:774
istio.io/istio/pkg/istio-agent.(*Agent).Run
	istio.io/istio/pkg/istio-agent/agent.go:424
istio.io/istio/pilot/cmd/pilot-agent/app.newProxyCommand.func1
	istio.io/istio/pilot/cmd/pilot-agent/app/cmd.go:171
github.com/spf13/cobra.(*Command).execute
	github.com/spf13/cobra@v1.5.0/command.go:872
github.com/spf13/cobra.(*Command).ExecuteC
	github.com/spf13/cobra@v1.5.0/command.go:990
github.com/spf13/cobra.(*Command).Execute
	github.com/spf13/cobra@v1.5.0/command.go:918
main.main
	istio.io/istio/pilot/cmd/pilot-agent/main.go:31
runtime.main
	runtime/proc.go:250
2022-11-02T08:44:47.034978Z	info	Workload SDS socket not found. Starting Istio SDS Server
istio.io/pkg/log.emit
	istio.io/pkg@v0.0.0-20220907025138-198870de7239/log/zapcore_handler.go:149
istio.io/pkg/log.ZapLogHandlerCallbackFunc
	istio.io/pkg@v0.0.0-20220907025138-198870de7239/log/zapcore_handler.go:101
istio.io/pkg/log.(*Scope).callHandlers
	istio.io/pkg@v0.0.0-20220907025138-198870de7239/log/scope.go:401
istio.io/pkg/log.(*Scope).Info
	istio.io/pkg@v0.0.0-20220907025138-198870de7239/log/scope.go:256
istio.io/pkg/log.Info
	istio.io/pkg@v0.0.0-20220907025138-198870de7239/log/default.go:87
istio.io/istio/pkg/istio-agent.(*Agent).Run
	istio.io/istio/pkg/istio-agent/agent.go:432
istio.io/istio/pilot/cmd/pilot-agent/app.newProxyCommand.func1
	istio.io/istio/pilot/cmd/pilot-agent/app/cmd.go:171
github.com/spf13/cobra.(*Command).execute
	github.com/spf13/cobra@v1.5.0/command.go:872
github.com/spf13/cobra.(*Command).ExecuteC
	github.com/spf13/cobra@v1.5.0/command.go:990
github.com/spf13/cobra.(*Command).Execute
	github.com/spf13/cobra@v1.5.0/command.go:918
main.main
	istio.io/istio/pilot/cmd/pilot-agent/main.go:31
runtime.main
	runtime/proc.go:250
2022-11-02T08:44:47.035055Z	info	CA Endpoint istiod.istio-system.svc:15012, provider Citadel
istio.io/pkg/log.emit
	istio.io/pkg@v0.0.0-20220907025138-198870de7239/log/zapcore_handler.go:149
istio.io/pkg/log.ZapLogHandlerCallbackFunc
	istio.io/pkg@v0.0.0-20220907025138-198870de7239/log/zapcore_handler.go:101
istio.io/pkg/log.(*Scope).callHandlers
	istio.io/pkg@v0.0.0-20220907025138-198870de7239/log/scope.go:401
istio.io/pkg/log.(*Scope).Infof
	istio.io/pkg@v0.0.0-20220907025138-198870de7239/log/scope.go:277
istio.io/pkg/log.Infof
	istio.io/pkg@v0.0.0-20220907025138-198870de7239/log/default.go:97
istio.io/istio/pkg/istio-agent.(*Agent).newSecretManager
	istio.io/istio/pkg/istio-agent/agent.go:861
istio.io/istio/pkg/istio-agent.(*Agent).initSdsServer
	istio.io/istio/pkg/istio-agent/agent.go:517
istio.io/istio/pkg/istio-agent.(*Agent).Run
	istio.io/istio/pkg/istio-agent/agent.go:433
istio.io/istio/pilot/cmd/pilot-agent/app.newProxyCommand.func1
	istio.io/istio/pilot/cmd/pilot-agent/app/cmd.go:171
github.com/spf13/cobra.(*Command).execute
	github.com/spf13/cobra@v1.5.0/command.go:872
github.com/spf13/cobra.(*Command).ExecuteC
	github.com/spf13/cobra@v1.5.0/command.go:990
github.com/spf13/cobra.(*Command).Execute
	github.com/spf13/cobra@v1.5.0/command.go:918
main.main
	istio.io/istio/pilot/cmd/pilot-agent/main.go:31
runtime.main
	runtime/proc.go:250
2022-11-02T08:44:47.035140Z	info	Using CA istiod.istio-system.svc:15012 cert with certs: ./etc/certs/root-cert.pem
istio.io/pkg/log.emit
	istio.io/pkg@v0.0.0-20220907025138-198870de7239/log/zapcore_handler.go:149
istio.io/pkg/log.ZapLogHandlerCallbackFunc
	istio.io/pkg@v0.0.0-20220907025138-198870de7239/log/zapcore_handler.go:101
istio.io/pkg/log.(*Scope).callHandlers
	istio.io/pkg@v0.0.0-20220907025138-198870de7239/log/scope.go:401
istio.io/pkg/log.(*Scope).Infof
	istio.io/pkg@v0.0.0-20220907025138-198870de7239/log/scope.go:277
istio.io/pkg/log.Infof
	istio.io/pkg@v0.0.0-20220907025138-198870de7239/log/default.go:97
istio.io/istio/pkg/istio-agent.(*Agent).newSecretManager
	istio.io/istio/pkg/istio-agent/agent.go:902
istio.io/istio/pkg/istio-agent.(*Agent).initSdsServer
	istio.io/istio/pkg/istio-agent/agent.go:517
istio.io/istio/pkg/istio-agent.(*Agent).Run
	istio.io/istio/pkg/istio-agent/agent.go:433
istio.io/istio/pilot/cmd/pilot-agent/app.newProxyCommand.func1
	istio.io/istio/pilot/cmd/pilot-agent/app/cmd.go:171
github.com/spf13/cobra.(*Command).execute
	github.com/spf13/cobra@v1.5.0/command.go:872
github.com/spf13/cobra.(*Command).ExecuteC
	github.com/spf13/cobra@v1.5.0/command.go:990
github.com/spf13/cobra.(*Command).Execute
	github.com/spf13/cobra@v1.5.0/command.go:918
main.main
	istio.io/istio/pilot/cmd/pilot-agent/main.go:31
runtime.main
	runtime/proc.go:250
2022-11-02T08:44:47.035379Z	info	citadelclient	Citadel client using custom root cert: ./etc/certs/root-cert.pem
2022-11-02T08:44:47.060160Z	info	ads	All caches have been synced up in 138.882176ms, marking server ready
2022-11-02T08:44:47.060885Z	info	xdsproxy	Initializing with upstream address "istiod.istio-system.svc:15012" and cluster "Kubernetes"
2022-11-02T08:44:47.060990Z	info	sds	Starting SDS grpc server
2022-11-02T08:44:47.061637Z	info	starting Http service at 127.0.0.1:15004
istio.io/pkg/log.emit
	istio.io/pkg@v0.0.0-20220907025138-198870de7239/log/zapcore_handler.go:149
istio.io/pkg/log.ZapLogHandlerCallbackFunc
	istio.io/pkg@v0.0.0-20220907025138-198870de7239/log/zapcore_handler.go:101
istio.io/pkg/log.(*Scope).callHandlers
	istio.io/pkg@v0.0.0-20220907025138-198870de7239/log/scope.go:401
istio.io/pkg/log.(*Scope).Infof
	istio.io/pkg@v0.0.0-20220907025138-198870de7239/log/scope.go:277
istio.io/pkg/log.Infof
	istio.io/pkg@v0.0.0-20220907025138-198870de7239/log/default.go:97
istio.io/istio/pkg/istio-agent.(*XdsProxy).initDebugInterface.func2
	istio.io/istio/pkg/istio-agent/xds_proxy.go:898
2022-11-02T08:44:47.062032Z	debug	failed to read pod labels: open ./etc/istio/pod/labels: no such file or directory
istio.io/pkg/log.emit
	istio.io/pkg@v0.0.0-20220907025138-198870de7239/log/zapcore_handler.go:149
istio.io/pkg/log.ZapLogHandlerCallbackFunc
	istio.io/pkg@v0.0.0-20220907025138-198870de7239/log/zapcore_handler.go:101
istio.io/pkg/log.(*Scope).callHandlers
	istio.io/pkg@v0.0.0-20220907025138-198870de7239/log/scope.go:401
istio.io/pkg/log.(*Scope).Debugf
	istio.io/pkg@v0.0.0-20220907025138-198870de7239/log/scope.go:306
istio.io/pkg/log.Debugf
	istio.io/pkg@v0.0.0-20220907025138-198870de7239/log/default.go:117
istio.io/istio/pkg/bootstrap.GetNodeMetaData
	istio.io/istio/pkg/bootstrap/config.go:576
istio.io/istio/pkg/istio-agent.(*Agent).generateNodeMetadata
	istio.io/istio/pkg/istio-agent/agent.go:255
istio.io/istio/pkg/istio-agent.(*Agent).generateGRPCBootstrap
	istio.io/istio/pkg/istio-agent/agent.go:607
istio.io/istio/pkg/istio-agent.(*Agent).Run
	istio.io/istio/pkg/istio-agent/agent.go:457
istio.io/istio/pilot/cmd/pilot-agent/app.newProxyCommand.func1
	istio.io/istio/pilot/cmd/pilot-agent/app/cmd.go:171
github.com/spf13/cobra.(*Command).execute
	github.com/spf13/cobra@v1.5.0/command.go:872
github.com/spf13/cobra.(*Command).ExecuteC
	github.com/spf13/cobra@v1.5.0/command.go:990
github.com/spf13/cobra.(*Command).Execute
	github.com/spf13/cobra@v1.5.0/command.go:918
main.main
	istio.io/istio/pilot/cmd/pilot-agent/main.go:31
runtime.main
	runtime/proc.go:250
2022-11-02T08:44:47.062145Z	debug	failed to read pod annotations: open ./etc/istio/pod/annotations: no such file or directory
istio.io/pkg/log.emit
	istio.io/pkg@v0.0.0-20220907025138-198870de7239/log/zapcore_handler.go:149
istio.io/pkg/log.ZapLogHandlerCallbackFunc
	istio.io/pkg@v0.0.0-20220907025138-198870de7239/log/zapcore_handler.go:101
istio.io/pkg/log.(*Scope).callHandlers
	istio.io/pkg@v0.0.0-20220907025138-198870de7239/log/scope.go:401
istio.io/pkg/log.(*Scope).Debugf
	istio.io/pkg@v0.0.0-20220907025138-198870de7239/log/scope.go:306
istio.io/pkg/log.Debugf
	istio.io/pkg@v0.0.0-20220907025138-198870de7239/log/default.go:117
istio.io/istio/pkg/bootstrap.GetNodeMetaData
	istio.io/istio/pkg/bootstrap/config.go:594
istio.io/istio/pkg/istio-agent.(*Agent).generateNodeMetadata
	istio.io/istio/pkg/istio-agent/agent.go:255
istio.io/istio/pkg/istio-agent.(*Agent).generateGRPCBootstrap
	istio.io/istio/pkg/istio-agent/agent.go:607
istio.io/istio/pkg/istio-agent.(*Agent).Run
	istio.io/istio/pkg/istio-agent/agent.go:457
istio.io/istio/pilot/cmd/pilot-agent/app.newProxyCommand.func1
	istio.io/istio/pilot/cmd/pilot-agent/app/cmd.go:171
github.com/spf13/cobra.(*Command).execute
	github.com/spf13/cobra@v1.5.0/command.go:872
github.com/spf13/cobra.(*Command).ExecuteC
	github.com/spf13/cobra@v1.5.0/command.go:990
github.com/spf13/cobra.(*Command).Execute
	github.com/spf13/cobra@v1.5.0/command.go:918
main.main
	istio.io/istio/pilot/cmd/pilot-agent/main.go:31
runtime.main
	runtime/proc.go:250
2022-11-02T08:44:47.064486Z	debug	failed to read pod labels: open ./etc/istio/pod/labels: no such file or directory
istio.io/pkg/log.emit
	istio.io/pkg@v0.0.0-20220907025138-198870de7239/log/zapcore_handler.go:149
istio.io/pkg/log.ZapLogHandlerCallbackFunc
	istio.io/pkg@v0.0.0-20220907025138-198870de7239/log/zapcore_handler.go:101
istio.io/pkg/log.(*Scope).callHandlers
	istio.io/pkg@v0.0.0-20220907025138-198870de7239/log/scope.go:401
istio.io/pkg/log.(*Scope).Debugf
	istio.io/pkg@v0.0.0-20220907025138-198870de7239/log/scope.go:306
istio.io/pkg/log.Debugf
	istio.io/pkg@v0.0.0-20220907025138-198870de7239/log/default.go:117
istio.io/istio/pkg/bootstrap.GetNodeMetaData
	istio.io/istio/pkg/bootstrap/config.go:576
istio.io/istio/pkg/istio-agent.(*Agent).generateNodeMetadata
	istio.io/istio/pkg/istio-agent/agent.go:255
istio.io/istio/pkg/istio-agent.(*Agent).initializeEnvoyAgent
	istio.io/istio/pkg/istio-agent/agent.go:273
istio.io/istio/pkg/istio-agent.(*Agent).Run
	istio.io/istio/pkg/istio-agent/agent.go:468
istio.io/istio/pilot/cmd/pilot-agent/app.newProxyCommand.func1
	istio.io/istio/pilot/cmd/pilot-agent/app/cmd.go:171
github.com/spf13/cobra.(*Command).execute
	github.com/spf13/cobra@v1.5.0/command.go:872
github.com/spf13/cobra.(*Command).ExecuteC
	github.com/spf13/cobra@v1.5.0/command.go:990
github.com/spf13/cobra.(*Command).Execute
	github.com/spf13/cobra@v1.5.0/command.go:918
main.main
	istio.io/istio/pilot/cmd/pilot-agent/main.go:31
runtime.main
	runtime/proc.go:250
2022-11-02T08:44:47.064601Z	debug	failed to read pod annotations: open ./etc/istio/pod/annotations: no such file or directory
istio.io/pkg/log.emit
	istio.io/pkg@v0.0.0-20220907025138-198870de7239/log/zapcore_handler.go:149
istio.io/pkg/log.ZapLogHandlerCallbackFunc
	istio.io/pkg@v0.0.0-20220907025138-198870de7239/log/zapcore_handler.go:101
istio.io/pkg/log.(*Scope).callHandlers
	istio.io/pkg@v0.0.0-20220907025138-198870de7239/log/scope.go:401
istio.io/pkg/log.(*Scope).Debugf
	istio.io/pkg@v0.0.0-20220907025138-198870de7239/log/scope.go:306
istio.io/pkg/log.Debugf
	istio.io/pkg@v0.0.0-20220907025138-198870de7239/log/default.go:117
istio.io/istio/pkg/bootstrap.GetNodeMetaData
	istio.io/istio/pkg/bootstrap/config.go:594
istio.io/istio/pkg/istio-agent.(*Agent).generateNodeMetadata
	istio.io/istio/pkg/istio-agent/agent.go:255
istio.io/istio/pkg/istio-agent.(*Agent).initializeEnvoyAgent
	istio.io/istio/pkg/istio-agent/agent.go:273
istio.io/istio/pkg/istio-agent.(*Agent).Run
	istio.io/istio/pkg/istio-agent/agent.go:468
istio.io/istio/pilot/cmd/pilot-agent/app.newProxyCommand.func1
	istio.io/istio/pilot/cmd/pilot-agent/app/cmd.go:171
github.com/spf13/cobra.(*Command).execute
	github.com/spf13/cobra@v1.5.0/command.go:872
github.com/spf13/cobra.(*Command).ExecuteC
	github.com/spf13/cobra@v1.5.0/command.go:990
github.com/spf13/cobra.(*Command).Execute
	github.com/spf13/cobra@v1.5.0/command.go:918
main.main
	istio.io/istio/pilot/cmd/pilot-agent/main.go:31
runtime.main
	runtime/proc.go:250
2022-11-02T08:44:47.064677Z	info	Pilot SAN: [istiod.istio-system.svc]
istio.io/pkg/log.emit
	istio.io/pkg@v0.0.0-20220907025138-198870de7239/log/zapcore_handler.go:149
istio.io/pkg/log.ZapLogHandlerCallbackFunc
	istio.io/pkg@v0.0.0-20220907025138-198870de7239/log/zapcore_handler.go:101
istio.io/pkg/log.(*Scope).callHandlers
	istio.io/pkg@v0.0.0-20220907025138-198870de7239/log/scope.go:401
istio.io/pkg/log.(*Scope).Infof
	istio.io/pkg@v0.0.0-20220907025138-198870de7239/log/scope.go:277
istio.io/pkg/log.Infof
	istio.io/pkg@v0.0.0-20220907025138-198870de7239/log/default.go:97
istio.io/istio/pkg/istio-agent.(*Agent).initializeEnvoyAgent
	istio.io/istio/pkg/istio-agent/agent.go:281
istio.io/istio/pkg/istio-agent.(*Agent).Run
	istio.io/istio/pkg/istio-agent/agent.go:468
istio.io/istio/pilot/cmd/pilot-agent/app.newProxyCommand.func1
	istio.io/istio/pilot/cmd/pilot-agent/app/cmd.go:171
github.com/spf13/cobra.(*Command).execute
	github.com/spf13/cobra@v1.5.0/command.go:872
github.com/spf13/cobra.(*Command).ExecuteC
	github.com/spf13/cobra@v1.5.0/command.go:990
github.com/spf13/cobra.(*Command).Execute
	github.com/spf13/cobra@v1.5.0/command.go:918
main.main
	istio.io/istio/pilot/cmd/pilot-agent/main.go:31
runtime.main
	runtime/proc.go:250
2022-11-02T08:44:47.064672Z	debug	Add CA file ./etc/certs/root-cert.pem watcher
istio.io/pkg/log.emit
	istio.io/pkg@v0.0.0-20220907025138-198870de7239/log/zapcore_handler.go:149
istio.io/pkg/log.ZapLogHandlerCallbackFunc
	istio.io/pkg@v0.0.0-20220907025138-198870de7239/log/zapcore_handler.go:101
istio.io/pkg/log.(*Scope).callHandlers
	istio.io/pkg@v0.0.0-20220907025138-198870de7239/log/scope.go:401
istio.io/pkg/log.(*Scope).Debugf
	istio.io/pkg@v0.0.0-20220907025138-198870de7239/log/scope.go:306
istio.io/pkg/log.Debugf
	istio.io/pkg@v0.0.0-20220907025138-198870de7239/log/default.go:117
istio.io/istio/pkg/istio-agent.(*Agent).caFileWatcherHandler
	istio.io/istio/pkg/istio-agent/agent.go:579
2022-11-02T08:44:47.068672Z	info	Starting proxy agent
istio.io/pkg/log.emit
	istio.io/pkg@v0.0.0-20220907025138-198870de7239/log/zapcore_handler.go:149
istio.io/pkg/log.ZapLogHandlerCallbackFunc
	istio.io/pkg@v0.0.0-20220907025138-198870de7239/log/zapcore_handler.go:101
istio.io/pkg/log.(*Scope).callHandlers
	istio.io/pkg@v0.0.0-20220907025138-198870de7239/log/scope.go:401
istio.io/pkg/log.(*Scope).Info
	istio.io/pkg@v0.0.0-20220907025138-198870de7239/log/scope.go:256
istio.io/pkg/log.Info
	istio.io/pkg@v0.0.0-20220907025138-198870de7239/log/default.go:87
istio.io/istio/pkg/envoy.(*Agent).Run
	istio.io/istio/pkg/envoy/agent.go:109
istio.io/istio/pkg/istio-agent.(*Agent).Run.func1
	istio.io/istio/pkg/istio-agent/agent.go:494
2022-11-02T08:44:47.068783Z	info	starting
istio.io/pkg/log.emit
	istio.io/pkg@v0.0.0-20220907025138-198870de7239/log/zapcore_handler.go:149
istio.io/pkg/log.ZapLogHandlerCallbackFunc
	istio.io/pkg@v0.0.0-20220907025138-198870de7239/log/zapcore_handler.go:101
istio.io/pkg/log.(*Scope).callHandlers
	istio.io/pkg@v0.0.0-20220907025138-198870de7239/log/scope.go:401
istio.io/pkg/log.(*Scope).Infof
	istio.io/pkg@v0.0.0-20220907025138-198870de7239/log/scope.go:277
istio.io/pkg/log.Infof
	istio.io/pkg@v0.0.0-20220907025138-198870de7239/log/default.go:97
istio.io/istio/pkg/envoy.(*Agent).runWait
	istio.io/istio/pkg/envoy/agent.go:220
2022-11-02T08:44:47.068885Z	info	Envoy command: [-c etc/istio/proxy/envoy-rev.json --drain-time-s 45 --drain-strategy immediate --parent-shutdown-time-s 60 --local-address-ip-version v4 --file-flush-interval-msec 1000 --disable-hot-restart --log-format %Y-%m-%dT%T.%fZ	%l	envoy %n	%v -l debug --component-log-level authorization:debug,ca:debug,installer:debug,proxyconfig:debug,retry:debug,serviceentry:debug,validation:debug,validationController:debug,validationServer:debug --concurrency 2]
istio.io/pkg/log.emit
	istio.io/pkg@v0.0.0-20220907025138-198870de7239/log/zapcore_handler.go:149
istio.io/pkg/log.ZapLogHandlerCallbackFunc
	istio.io/pkg@v0.0.0-20220907025138-198870de7239/log/zapcore_handler.go:101
istio.io/pkg/log.(*Scope).callHandlers
	istio.io/pkg@v0.0.0-20220907025138-198870de7239/log/scope.go:401
istio.io/pkg/log.(*Scope).Infof
	istio.io/pkg@v0.0.0-20220907025138-198870de7239/log/scope.go:277
istio.io/pkg/log.Infof
	istio.io/pkg@v0.0.0-20220907025138-198870de7239/log/default.go:97
istio.io/istio/pkg/envoy.(*envoy).Run
	istio.io/istio/pkg/envoy/proxy.go:168
istio.io/istio/pkg/envoy.(*Agent).runWait
	istio.io/istio/pkg/envoy/agent.go:221
2022-11-02T08:44:47.107219Z	error	Envoy exited with error: exit status 1
istio.io/pkg/log.emit
	istio.io/pkg@v0.0.0-20220907025138-198870de7239/log/zapcore_handler.go:149
istio.io/pkg/log.ZapLogHandlerCallbackFunc
	istio.io/pkg@v0.0.0-20220907025138-198870de7239/log/zapcore_handler.go:101
istio.io/pkg/log.(*Scope).callHandlers
	istio.io/pkg@v0.0.0-20220907025138-198870de7239/log/scope.go:401
istio.io/pkg/log.(*Scope).Errorf
	istio.io/pkg@v0.0.0-20220907025138-198870de7239/log/scope.go:207
istio.io/pkg/log.Errorf
	istio.io/pkg@v0.0.0-20220907025138-198870de7239/log/default.go:57
istio.io/istio/pkg/envoy.(*Agent).Run
	istio.io/istio/pkg/envoy/agent.go:118
istio.io/istio/pkg/istio-agent.(*Agent).Run.func1
	istio.io/istio/pkg/istio-agent/agent.go:494
