[Slava] if cluster config
[Slava] if svc ip
[Slava] if pod name
[Slava] if ISTIO_CUSTOM_IP_TABLES run
2022-11-14T09:26:45.479250Z	info	Running command: iptables -t nat -D PREROUTING -p tcp -j ISTIO_INBOUND
2022-11-14T09:26:45.482529Z	info	Running command: iptables -t mangle -D PREROUTING -p tcp -j ISTIO_INBOUND
2022-11-14T09:26:45.485427Z	info	Running command: iptables -t nat -D OUTPUT -p tcp -j ISTIO_OUTPUT
2022-11-14T09:26:45.487618Z	info	Running command: iptables -t nat -D OUTPUT -p udp --dport 53 -m owner --uid-owner 1337 -j RETURN
2022-11-14T09:26:45.491614Z	info	Running command: iptables -t nat -D OUTPUT -p udp --dport 53 -m owner --uid-owner 1337 -j RETURN
2022-11-14T09:26:45.495481Z	info	Running command: iptables -t nat -D OUTPUT -p udp --dport 53 -m owner --gid-owner 1337 -j RETURN
2022-11-14T09:26:45.499346Z	info	Running command: iptables -t nat -D OUTPUT -p udp --dport 53 -m owner --gid-owner 1337 -j RETURN
2022-11-14T09:26:45.503505Z	info	Running command: iptables -t nat -D OUTPUT -p udp --dport 53 -d 127.0.0.1/32 -j REDIRECT --to-port 15053
2022-11-14T09:26:45.506184Z	info	Running command: iptables -t raw -D OUTPUT -p udp --dport 53 -m owner --uid-owner 1337 -j CT --zone 1
2022-11-14T09:26:45.510231Z	info	Running command: iptables -t raw -D OUTPUT -p udp --dport 53 -m owner --uid-owner 1337 -j CT --zone 1
2022-11-14T09:26:45.514258Z	info	Running command: iptables -t raw -D OUTPUT -p udp --sport 15053 -m owner --uid-owner 1337 -j CT --zone 2
2022-11-14T09:26:45.518251Z	info	Running command: iptables -t raw -D OUTPUT -p udp --sport 15053 -m owner --uid-owner 1337 -j CT --zone 2
2022-11-14T09:26:45.522015Z	info	Running command: iptables -t raw -D OUTPUT -p udp --dport 53 -m owner --gid-owner 1337 -j CT --zone 1
2022-11-14T09:26:45.524788Z	info	Running command: iptables -t raw -D OUTPUT -p udp --dport 53 -m owner --gid-owner 1337 -j CT --zone 1
2022-11-14T09:26:45.528844Z	info	Running command: iptables -t raw -D OUTPUT -p udp --sport 15053 -m owner --gid-owner 1337 -j CT --zone 2
2022-11-14T09:26:45.532971Z	info	Running command: iptables -t raw -D OUTPUT -p udp --sport 15053 -m owner --gid-owner 1337 -j CT --zone 2
2022-11-14T09:26:45.537048Z	info	Running command: iptables -t raw -D OUTPUT -p udp --dport 53 -d 127.0.0.1/32 -j CT --zone 2
2022-11-14T09:26:45.540911Z	info	Running command: iptables -t raw -D PREROUTING -p udp --sport 53 -d 127.0.0.1/32 -j CT --zone 1
2022-11-14T09:26:45.544622Z	info	Running command: iptables -t nat -F ISTIO_OUTPUT
2022-11-14T09:26:45.546623Z	info	Running command: iptables -t nat -X ISTIO_OUTPUT
2022-11-14T09:26:45.548816Z	info	Running command: iptables -t nat -F ISTIO_INBOUND
2022-11-14T09:26:45.550975Z	info	Running command: iptables -t nat -X ISTIO_INBOUND
2022-11-14T09:26:45.553099Z	info	Running command: iptables -t mangle -F ISTIO_INBOUND
2022-11-14T09:26:45.555263Z	info	Running command: iptables -t mangle -X ISTIO_INBOUND
2022-11-14T09:26:45.557542Z	info	Running command: iptables -t mangle -F ISTIO_DIVERT
2022-11-14T09:26:45.559726Z	info	Running command: iptables -t mangle -X ISTIO_DIVERT
2022-11-14T09:26:45.561885Z	info	Running command: iptables -t mangle -F ISTIO_TPROXY
2022-11-14T09:26:45.564061Z	info	Running command: iptables -t mangle -X ISTIO_TPROXY
2022-11-14T09:26:45.566205Z	info	Running command: iptables -t nat -F ISTIO_REDIRECT
2022-11-14T09:26:45.568250Z	info	Running command: iptables -t nat -X ISTIO_REDIRECT
2022-11-14T09:26:45.570309Z	info	Running command: iptables -t nat -F ISTIO_IN_REDIRECT
2022-11-14T09:26:45.572458Z	info	Running command: iptables -t nat -X ISTIO_IN_REDIRECT
2022-11-14T09:26:45.574605Z	info	Running command: ip6tables -t nat -D PREROUTING -p tcp -j ISTIO_INBOUND
2022-11-14T09:26:45.577582Z	info	Running command: ip6tables -t mangle -D PREROUTING -p tcp -j ISTIO_INBOUND
2022-11-14T09:26:45.580617Z	info	Running command: ip6tables -t nat -D OUTPUT -p tcp -j ISTIO_OUTPUT
2022-11-14T09:26:45.583605Z	info	Running command: ip6tables -t nat -D OUTPUT -p udp --dport 53 -m owner --uid-owner 1337 -j RETURN
2022-11-14T09:26:45.587271Z	info	Running command: ip6tables -t nat -D OUTPUT -p udp --dport 53 -m owner --uid-owner 1337 -j RETURN
2022-11-14T09:26:45.590975Z	info	Running command: ip6tables -t nat -D OUTPUT -p udp --dport 53 -m owner --gid-owner 1337 -j RETURN
2022-11-14T09:26:45.594623Z	info	Running command: ip6tables -t nat -D OUTPUT -p udp --dport 53 -m owner --gid-owner 1337 -j RETURN
2022-11-14T09:26:45.598257Z	info	Running command: ip6tables -t nat -D OUTPUT -p udp --dport 53 -d 127.0.0.1/32 -j REDIRECT --to-port 15053
2022-11-14T09:26:45.601624Z	info	Running command: ip6tables -t raw -D OUTPUT -p udp --dport 53 -m owner --uid-owner 1337 -j CT --zone 1
2022-11-14T09:26:45.605116Z	info	Running command: ip6tables -t raw -D OUTPUT -p udp --dport 53 -m owner --uid-owner 1337 -j CT --zone 1
2022-11-14T09:26:45.609022Z	info	Running command: ip6tables -t raw -D OUTPUT -p udp --sport 15053 -m owner --uid-owner 1337 -j CT --zone 2
2022-11-14T09:26:45.612843Z	info	Running command: ip6tables -t raw -D OUTPUT -p udp --sport 15053 -m owner --uid-owner 1337 -j CT --zone 2
2022-11-14T09:26:45.616761Z	info	Running command: ip6tables -t raw -D OUTPUT -p udp --dport 53 -m owner --gid-owner 1337 -j CT --zone 1
2022-11-14T09:26:45.620624Z	info	Running command: ip6tables -t raw -D OUTPUT -p udp --dport 53 -m owner --gid-owner 1337 -j CT --zone 1
2022-11-14T09:26:45.624504Z	info	Running command: ip6tables -t raw -D OUTPUT -p udp --sport 15053 -m owner --gid-owner 1337 -j CT --zone 2
2022-11-14T09:26:45.627415Z	info	Running command: ip6tables -t raw -D OUTPUT -p udp --sport 15053 -m owner --gid-owner 1337 -j CT --zone 2
2022-11-14T09:26:45.631123Z	info	Running command: ip6tables -t raw -D OUTPUT -p udp --dport 53 -d 127.0.0.1/32 -j CT --zone 2
2022-11-14T09:26:45.633822Z	info	Running command: ip6tables -t raw -D PREROUTING -p udp --sport 53 -d 127.0.0.1/32 -j CT --zone 1
2022-11-14T09:26:45.663132Z	info	Running command: ip6tables -t nat -F ISTIO_OUTPUT
2022-11-14T09:26:45.665206Z	info	Running command: ip6tables -t nat -X ISTIO_OUTPUT
2022-11-14T09:26:45.667253Z	info	Running command: ip6tables -t nat -F ISTIO_INBOUND
2022-11-14T09:26:45.669205Z	info	Running command: ip6tables -t nat -X ISTIO_INBOUND
2022-11-14T09:26:45.671167Z	info	Running command: ip6tables -t mangle -F ISTIO_INBOUND
2022-11-14T09:26:45.673099Z	info	Running command: ip6tables -t mangle -X ISTIO_INBOUND
2022-11-14T09:26:45.675126Z	info	Running command: ip6tables -t mangle -F ISTIO_DIVERT
2022-11-14T09:26:45.677062Z	info	Running command: ip6tables -t mangle -X ISTIO_DIVERT
2022-11-14T09:26:45.679084Z	info	Running command: ip6tables -t mangle -F ISTIO_TPROXY
2022-11-14T09:26:45.681061Z	info	Running command: ip6tables -t mangle -X ISTIO_TPROXY
2022-11-14T09:26:45.683113Z	info	Running command: ip6tables -t nat -F ISTIO_REDIRECT
2022-11-14T09:26:45.685097Z	info	Running command: ip6tables -t nat -X ISTIO_REDIRECT
2022-11-14T09:26:45.687076Z	info	Running command: ip6tables -t nat -F ISTIO_IN_REDIRECT
2022-11-14T09:26:45.689059Z	info	Running command: ip6tables -t nat -X ISTIO_IN_REDIRECT
2022-11-14T09:26:45.691132Z	info	Running command: iptables-save 
2022-11-14T09:26:45.693896Z	info	Command output: 
# Generated by iptables-save v1.8.7 on Mon Nov 14 09:26:45 2022
*raw
:PREROUTING ACCEPT [8:480]
:OUTPUT ACCEPT [8:320]
COMMIT
# Completed on Mon Nov 14 09:26:45 2022
# Generated by iptables-save v1.8.7 on Mon Nov 14 09:26:45 2022
*mangle
:PREROUTING ACCEPT [6943:663956]
:INPUT ACCEPT [6943:663956]
:FORWARD ACCEPT [0:0]
:OUTPUT ACCEPT [7014:345238]
:POSTROUTING ACCEPT [7014:345238]
COMMIT
# Completed on Mon Nov 14 09:26:45 2022
# Generated by iptables-save v1.8.7 on Mon Nov 14 09:26:45 2022
*nat
:PREROUTING ACCEPT [0:0]
:INPUT ACCEPT [0:0]
:OUTPUT ACCEPT [0:0]
:POSTROUTING ACCEPT [0:0]
COMMIT
# Completed on Mon Nov 14 09:26:45 2022

2022-11-14T09:26:45.693934Z	info	Running command: ip6tables-save 
2022-11-14T09:26:45.696814Z	info	Command output: 
# Generated by ip6tables-save v1.8.7 on Mon Nov 14 09:26:45 2022
*raw
:PREROUTING ACCEPT [6:420]
:OUTPUT ACCEPT [12:732]
COMMIT
# Completed on Mon Nov 14 09:26:45 2022
# Generated by ip6tables-save v1.8.7 on Mon Nov 14 09:26:45 2022
*mangle
:PREROUTING ACCEPT [6:420]
:INPUT ACCEPT [6:420]
:FORWARD ACCEPT [0:0]
:OUTPUT ACCEPT [12:732]
:POSTROUTING ACCEPT [12:732]
COMMIT
# Completed on Mon Nov 14 09:26:45 2022
# Generated by ip6tables-save v1.8.7 on Mon Nov 14 09:26:45 2022
*nat
:PREROUTING ACCEPT [0:0]
:INPUT ACCEPT [0:0]
:OUTPUT ACCEPT [0:0]
:POSTROUTING ACCEPT [0:0]
COMMIT
# Completed on Mon Nov 14 09:26:45 2022

2022-11-14T09:26:45.743297Z	info	Istio iptables environment:
ENVOY_PORT=
INBOUND_CAPTURE_PORT=
ISTIO_INBOUND_INTERCEPTION_MODE=
ISTIO_INBOUND_TPROXY_ROUTE_TABLE=
ISTIO_INBOUND_PORTS=*
ISTIO_OUTBOUND_PORTS=
ISTIO_LOCAL_EXCLUDE_PORTS=22,15090,15021,15020
ISTIO_EXCLUDE_INTERFACES=
ISTIO_SERVICE_CIDR=*
ISTIO_SERVICE_EXCLUDE_CIDR=
ISTIO_META_DNS_CAPTURE=true
INVALID_DROP=

2022-11-14T09:26:45.743366Z	info	Istio iptables variables:
PROXY_PORT=15001
PROXY_INBOUND_CAPTURE_PORT=15006
PROXY_TUNNEL_PORT=15008
PROXY_UID=1337
PROXY_GID=1337
INBOUND_INTERCEPTION_MODE=
INBOUND_TPROXY_MARK=1337
INBOUND_TPROXY_ROUTE_TABLE=133
INBOUND_PORTS_INCLUDE=*
INBOUND_PORTS_EXCLUDE=22,15090,15021,15020
OUTBOUND_OWNER_GROUPS_INCLUDE=*
OUTBOUND_OWNER_GROUPS_EXCLUDE=
OUTBOUND_IP_RANGES_INCLUDE=*
OUTBOUND_IP_RANGES_EXCLUDE=
OUTBOUND_PORTS_INCLUDE=
OUTBOUND_PORTS_EXCLUDE=
KUBE_VIRT_INTERFACES=
ENABLE_INBOUND_IPV6=false
DNS_CAPTURE=true
DROP_INVALID=false
CAPTURE_ALL_DNS=false
DNS_SERVERS=[127.0.0.1],[]
OUTPUT_PATH=
NETWORK_NAMESPACE=
CNI_MODE=false
HOST_NSENTER_EXEC=false
EXCLUDE_INTERFACES=

2022-11-14T09:26:45.743503Z	info	Writing following contents to rules file: /tmp/iptables-rules-1668418005743441928.txt3306559322
* nat
-N ISTIO_INBOUND
-N ISTIO_REDIRECT
-N ISTIO_IN_REDIRECT
-N ISTIO_OUTPUT
-A ISTIO_INBOUND -p tcp --dport 15008 -j RETURN
-A ISTIO_REDIRECT -p tcp -j REDIRECT --to-ports 15001
-A ISTIO_IN_REDIRECT -p tcp -j REDIRECT --to-ports 15006
-A PREROUTING -p tcp -j ISTIO_INBOUND
-A ISTIO_INBOUND -p tcp --dport 22 -j RETURN
-A ISTIO_INBOUND -p tcp --dport 15090 -j RETURN
-A ISTIO_INBOUND -p tcp --dport 15021 -j RETURN
-A ISTIO_INBOUND -p tcp --dport 15020 -j RETURN
-A ISTIO_INBOUND -p tcp -j ISTIO_IN_REDIRECT
-A OUTPUT -p tcp -j ISTIO_OUTPUT
-A ISTIO_OUTPUT -o lo -s 127.0.0.6/32 -j RETURN
-A ISTIO_OUTPUT -o lo ! -d 127.0.0.1/32 -p tcp ! --dport 53 -m owner --uid-owner 1337 -j ISTIO_IN_REDIRECT
-A ISTIO_OUTPUT -o lo -p tcp ! --dport 53 -m owner ! --uid-owner 1337 -j RETURN
-A ISTIO_OUTPUT -m owner --uid-owner 1337 -j RETURN
-A ISTIO_OUTPUT -o lo ! -d 127.0.0.1/32 -m owner --gid-owner 1337 -j ISTIO_IN_REDIRECT
-A ISTIO_OUTPUT -o lo -p tcp ! --dport 53 -m owner ! --gid-owner 1337 -j RETURN
-A ISTIO_OUTPUT -m owner --gid-owner 1337 -j RETURN
-A ISTIO_OUTPUT -p tcp --dport 53 -d 127.0.0.1/32 -j REDIRECT --to-ports 15053
-A ISTIO_OUTPUT -d 127.0.0.1/32 -j RETURN
-A ISTIO_OUTPUT -j ISTIO_REDIRECT
-A OUTPUT -p udp --dport 53 -m owner --uid-owner 1337 -j RETURN
-A OUTPUT -p udp --dport 53 -m owner --gid-owner 1337 -j RETURN
-A OUTPUT -p udp --dport 53 -d 127.0.0.1/32 -j REDIRECT --to-port 15053
COMMIT
* raw
-A OUTPUT -p udp --dport 53 -m owner --uid-owner 1337 -j CT --zone 1
-A OUTPUT -p udp --sport 15053 -m owner --uid-owner 1337 -j CT --zone 2
-A OUTPUT -p udp --dport 53 -m owner --gid-owner 1337 -j CT --zone 1
-A OUTPUT -p udp --sport 15053 -m owner --gid-owner 1337 -j CT --zone 2
-A OUTPUT -p udp --dport 53 -d 127.0.0.1/32 -j CT --zone 2
-A PREROUTING -p udp --sport 53 -d 127.0.0.1/32 -j CT --zone 1
COMMIT
2022-11-14T09:26:45.743531Z	info	Running command: iptables-restore --noflush /tmp/iptables-rules-1668418005743441928.txt3306559322
2022-11-14T09:26:45.751253Z	info	Writing following contents to rules file: /tmp/ip6tables-rules-1668418005751225967.txt3070972196

2022-11-14T09:26:45.751269Z	info	Running command: ip6tables-restore --noflush /tmp/ip6tables-rules-1668418005751225967.txt3070972196
2022-11-14T09:26:45.753097Z	info	Running command: iptables-save 
2022-11-14T09:26:45.758111Z	info	Command output: 
# Generated by iptables-save v1.8.7 on Mon Nov 14 09:26:45 2022
*raw
:PREROUTING ACCEPT [0:0]
:OUTPUT ACCEPT [0:0]
-A PREROUTING -d 127.0.0.1/32 -p udp -m udp --sport 53 -j CT --zone 1
-A OUTPUT -p udp -m udp --dport 53 -m owner --uid-owner 1337 -j CT --zone 1
-A OUTPUT -p udp -m udp --sport 15053 -m owner --uid-owner 1337 -j CT --zone 2
-A OUTPUT -p udp -m udp --dport 53 -m owner --gid-owner 1337 -j CT --zone 1
-A OUTPUT -p udp -m udp --sport 15053 -m owner --gid-owner 1337 -j CT --zone 2
-A OUTPUT -d 127.0.0.1/32 -p udp -m udp --dport 53 -j CT --zone 2
COMMIT
# Completed on Mon Nov 14 09:26:45 2022
# Generated by iptables-save v1.8.7 on Mon Nov 14 09:26:45 2022
*mangle
:PREROUTING ACCEPT [6943:663956]
:INPUT ACCEPT [6943:663956]
:FORWARD ACCEPT [0:0]
:OUTPUT ACCEPT [7014:345238]
:POSTROUTING ACCEPT [7014:345238]
COMMIT
# Completed on Mon Nov 14 09:26:45 2022
# Generated by iptables-save v1.8.7 on Mon Nov 14 09:26:45 2022
*nat
:PREROUTING ACCEPT [0:0]
:INPUT ACCEPT [0:0]
:OUTPUT ACCEPT [0:0]
:POSTROUTING ACCEPT [0:0]
:ISTIO_INBOUND - [0:0]
:ISTIO_IN_REDIRECT - [0:0]
:ISTIO_OUTPUT - [0:0]
:ISTIO_REDIRECT - [0:0]
-A PREROUTING -p tcp -j ISTIO_INBOUND
-A OUTPUT -p tcp -j ISTIO_OUTPUT
-A OUTPUT -p udp -m udp --dport 53 -m owner --uid-owner 1337 -j RETURN
-A OUTPUT -p udp -m udp --dport 53 -m owner --gid-owner 1337 -j RETURN
-A OUTPUT -d 127.0.0.1/32 -p udp -m udp --dport 53 -j REDIRECT --to-ports 15053
-A ISTIO_INBOUND -p tcp -m tcp --dport 15008 -j RETURN
-A ISTIO_INBOUND -p tcp -m tcp --dport 22 -j RETURN
-A ISTIO_INBOUND -p tcp -m tcp --dport 15090 -j RETURN
-A ISTIO_INBOUND -p tcp -m tcp --dport 15021 -j RETURN
-A ISTIO_INBOUND -p tcp -m tcp --dport 15020 -j RETURN
-A ISTIO_INBOUND -p tcp -j ISTIO_IN_REDIRECT
-A ISTIO_IN_REDIRECT -p tcp -j REDIRECT --to-ports 15006
-A ISTIO_OUTPUT -s 127.0.0.6/32 -o lo -j RETURN
-A ISTIO_OUTPUT ! -d 127.0.0.1/32 -o lo -p tcp -m tcp ! --dport 53 -m owner --uid-owner 1337 -j ISTIO_IN_REDIRECT
-A ISTIO_OUTPUT -o lo -p tcp -m tcp ! --dport 53 -m owner ! --uid-owner 1337 -j RETURN
-A ISTIO_OUTPUT -m owner --uid-owner 1337 -j RETURN
-A ISTIO_OUTPUT ! -d 127.0.0.1/32 -o lo -m owner --gid-owner 1337 -j ISTIO_IN_REDIRECT
-A ISTIO_OUTPUT -o lo -p tcp -m tcp ! --dport 53 -m owner ! --gid-owner 1337 -j RETURN
-A ISTIO_OUTPUT -m owner --gid-owner 1337 -j RETURN
-A ISTIO_OUTPUT -d 127.0.0.1/32 -p tcp -m tcp --dport 53 -j REDIRECT --to-ports 15053
-A ISTIO_OUTPUT -d 127.0.0.1/32 -j RETURN
-A ISTIO_OUTPUT -j ISTIO_REDIRECT
-A ISTIO_REDIRECT -p tcp -j REDIRECT --to-ports 15001
COMMIT
# Completed on Mon Nov 14 09:26:45 2022

2022-11-14T09:26:45.809199Z	info	FLAG: --concurrency="0"
2022-11-14T09:26:45.809232Z	info	FLAG: --domain=""
2022-11-14T09:26:45.809238Z	info	FLAG: --help="false"
2022-11-14T09:26:45.809242Z	info	FLAG: --log_as_json="false"
2022-11-14T09:26:45.809246Z	info	FLAG: --log_caller=""
2022-11-14T09:26:45.809249Z	info	FLAG: --log_output_level="default:info"
2022-11-14T09:26:45.809253Z	info	FLAG: --log_rotate=""
2022-11-14T09:26:45.809257Z	info	FLAG: --log_rotate_max_age="30"
2022-11-14T09:26:45.809260Z	info	FLAG: --log_rotate_max_backups="1000"
2022-11-14T09:26:45.809266Z	info	FLAG: --log_rotate_max_size="104857600"
2022-11-14T09:26:45.809270Z	info	FLAG: --log_stacktrace_level="default:none"
2022-11-14T09:26:45.809276Z	info	FLAG: --log_target="[stdout]"
2022-11-14T09:26:45.809280Z	info	FLAG: --meshConfig="./etc/istio/config/mesh"
2022-11-14T09:26:45.809284Z	info	FLAG: --outlierLogPath=""
2022-11-14T09:26:45.809287Z	info	FLAG: --proxyComponentLogLevel=""
2022-11-14T09:26:45.809291Z	info	FLAG: --proxyLogLevel="warning,misc:error"
2022-11-14T09:26:45.809294Z	info	FLAG: --serviceCluster="istio-proxy"
2022-11-14T09:26:45.809298Z	info	FLAG: --stsPort="0"
2022-11-14T09:26:45.809301Z	info	FLAG: --templateFile=""
2022-11-14T09:26:45.809305Z	info	FLAG: --tokenManagerPlugin="GoogleTokenExchange"
2022-11-14T09:26:45.809309Z	info	FLAG: --vklog="0"
2022-11-14T09:26:45.809313Z	info	Version 1.15.2-b542583af7f8240ad0c9cab56eb9f8d55e1357ab-Clean
2022-11-14T09:26:45.811960Z	info	Maximum file descriptors (ulimit -n): 1048576
2022-11-14T09:26:45.812183Z	info	Proxy role	ips=[10.244.1.16 172.16.0.3] type=sidecar id=greeting-745fc986b9-6cblx.vm-ns domain=vm-ns.svc.cluster.local
2022-11-14T09:26:45.812230Z	info	Apply mesh config from file defaultConfig:
  discoveryAddress: istiod.istio-system.svc:15012
  proxyMetadata:
    CANONICAL_REVISION: latest
    CANONICAL_SERVICE: vm-app
    ISTIO_META_CLUSTER_ID: Kubernetes
    ISTIO_META_DNS_CAPTURE: "true"
    ISTIO_META_MESH_ID: ""
    ISTIO_META_NETWORK: ""
    ISTIO_META_WORKLOAD_NAME: vm-app
    ISTIO_METAJSON_LABELS: '{"app":"vm-app","service.istio.io/canonical-name":"vm-app","service.istio.io/canonical-revision":"latest"}'
    POD_NAMESPACE: vm-ns
    SERVICE_ACCOUNT: serviceaccountvm
    TRUST_DOMAIN: cluster.local
  tracing:
    zipkin:
      address: zipkin.istio-system:9411

2022-11-14T09:26:45.814481Z	info	Apply proxy config from env 
serviceCluster: vm-app.vm-ns
controlPlaneAuthPolicy: MUTUAL_TLS

2022-11-14T09:26:45.815216Z	info	Effective config: binaryPath: /usr/local/bin/envoy
concurrency: 2
configPath: ./etc/istio/proxy
controlPlaneAuthPolicy: MUTUAL_TLS
discoveryAddress: istiod.istio-system.svc:15012
drainDuration: 45s
parentShutdownDuration: 60s
proxyAdminPort: 15000
proxyMetadata:
  CANONICAL_REVISION: latest
  CANONICAL_SERVICE: vm-app
  ISTIO_META_CLUSTER_ID: Kubernetes
  ISTIO_META_DNS_CAPTURE: "true"
  ISTIO_META_MESH_ID: ""
  ISTIO_META_NETWORK: ""
  ISTIO_META_WORKLOAD_NAME: vm-app
  ISTIO_METAJSON_LABELS: '{"app":"vm-app","service.istio.io/canonical-name":"vm-app","service.istio.io/canonical-revision":"latest"}'
  POD_NAMESPACE: vm-ns
  SERVICE_ACCOUNT: serviceaccountvm
  TRUST_DOMAIN: cluster.local
serviceCluster: vm-app.vm-ns
statNameLength: 189
statusPort: 15020
terminationDrainDuration: 5s
tracing:
  zipkin:
    address: zipkin.istio-system:9411

2022-11-14T09:26:45.815233Z	info	JWT policy is third-party-jwt
2022-11-14T09:26:45.815238Z	info	using credential fetcher of JWT type in cluster.local trust domain
2022-11-14T09:26:46.050134Z	info	Opening status port 15020
2022-11-14T09:26:46.050332Z	info	dns	Starting local udp DNS server on 127.0.0.1:15053
2022-11-14T09:26:46.050568Z	info	dns	Starting local tcp DNS server on 127.0.0.1:15053
2022-11-14T09:26:46.051461Z	info	Workload SDS socket not found. Starting Istio SDS Server
2022-11-14T09:26:46.051490Z	info	CA Endpoint istiod.istio-system.svc:15012, provider Citadel
2022-11-14T09:26:46.051511Z	info	Using CA istiod.istio-system.svc:15012 cert with certs: ./etc/certs/root-cert.pem
2022-11-14T09:26:46.051666Z	info	citadelclient	Citadel client using custom root cert: ./etc/certs/root-cert.pem
2022-11-14T09:26:46.072796Z	info	ads	All caches have been synced up in 267.219087ms, marking server ready
2022-11-14T09:26:46.073113Z	info	xdsproxy	Initializing with upstream address "istiod.istio-system.svc:15012" and cluster "Kubernetes"
2022-11-14T09:26:46.073214Z	info	sds	Starting SDS grpc server
2022-11-14T09:26:46.073591Z	info	starting Http service at 127.0.0.1:15004
2022-11-14T09:26:46.074763Z	info	Pilot SAN: [istiod.istio-system.svc]
2022-11-14T09:26:46.076563Z	info	Starting proxy agent
2022-11-14T09:26:46.076588Z	info	starting
2022-11-14T09:26:46.076610Z	info	Envoy command: [-c etc/istio/proxy/envoy-rev.json --drain-time-s 45 --drain-strategy immediate --parent-shutdown-time-s 60 --local-address-ip-version v4 --file-flush-interval-msec 1000 --disable-hot-restart --log-format %Y-%m-%dT%T.%fZ	%l	envoy %n	%v -l warning --component-log-level misc:error --concurrency 2]
2022-11-14T09:26:46.148007Z	warn	citadelclient	cannot parse the cert chain, using token instead: failed to read the cert, error is open etc/certs/cert-chain.pem: no such file or directory
2022-11-14T09:26:46.407306Z	info	cache	generated new workload certificate	latency=334.151157ms ttl=23h59m59.59271938s
2022-11-14T09:26:46.407451Z	info	cache	Root cert has changed, start rotating root cert
2022-11-14T09:26:46.407486Z	info	ads	XDS: Incremental Pushing:0 ConnectedEndpoints:0 Version:
2022-11-14T09:26:46.407983Z	info	cache	returned workload trust anchor from cache	ttl=23h59m59.592024454s
2022-11-14T09:26:46.695135Z	info	xdsproxy	connected to upstream XDS server: istiod.istio-system.svc:15012
2022-11-14T09:26:46.819238Z	info	ads	ADS: new connection for node:greeting-745fc986b9-6cblx.vm-ns-1
2022-11-14T09:26:46.819428Z	info	cache	returned workload certificate from cache	ttl=23h59m59.180583191s
2022-11-14T09:26:46.820148Z	info	ads	SDS: PUSH request for node:greeting-745fc986b9-6cblx.vm-ns resources:1 size:4.0kB resource:default
2022-11-14T09:26:46.859978Z	info	ads	ADS: new connection for node:greeting-745fc986b9-6cblx.vm-ns-2
2022-11-14T09:26:46.860183Z	info	cache	returned workload trust anchor from cache	ttl=23h59m59.139827204s
2022-11-14T09:26:46.860537Z	info	ads	SDS: PUSH request for node:greeting-745fc986b9-6cblx.vm-ns resources:1 size:1.1kB resource:ROOTCA
2022-11-14T09:26:47.278186Z	info	Readiness succeeded in 1.479173257s
2022-11-14T09:26:47.279018Z	info	Envoy proxy is ready
2022-11-14T09:26:58.742336Z	info	Agent draining Proxy
2022-11-14T09:26:58.742374Z	info	Status server has successfully terminated
2022-11-14T09:26:58.743761Z	error	accept tcp [::]:15020: use of closed network connection
2022-11-14T09:26:58.745306Z	info	ads	ADS: "@" greeting-745fc986b9-6cblx.vm-ns-2 terminated
2022-11-14T09:26:58.745341Z	info	ads	ADS: "@" greeting-745fc986b9-6cblx.vm-ns-1 terminated
2022-11-14T09:26:58.753921Z	info	failed draining listeners for Envoy on port 15000: Post "http://localhost:15000/drain_listeners?inboundonly&graceful": read tcp 127.0.0.1:55370->127.0.0.1:15000: read: connection reset by peer
2022-11-14T09:26:58.753968Z	warn	Error in invoking drain listeners endpoint Post "http://localhost:15000/drain_listeners?inboundonly&graceful": read tcp 127.0.0.1:55370->127.0.0.1:15000: read: connection reset by peer
2022-11-14T09:26:58.753986Z	info	Graceful termination period is 5s, starting...
2022-11-14T09:27:03.755538Z	info	Graceful termination period complete, terminating remaining proxies.
2022-11-14T09:27:03.755602Z	warn	Aborted proxy instance
2022-11-14T09:27:03.755616Z	warn	Envoy aborted abnormally
2022-11-14T09:27:03.755628Z	info	Agent has successfully terminated
