2022-11-11T08:33:45.773741Z	info	FLAG: --concurrency="0"
2022-11-11T08:33:45.773792Z	info	FLAG: --domain=""
2022-11-11T08:33:45.773799Z	info	FLAG: --help="false"
2022-11-11T08:33:45.773803Z	info	FLAG: --log_as_json="false"
2022-11-11T08:33:45.773807Z	info	FLAG: --log_caller=""
2022-11-11T08:33:45.773811Z	info	FLAG: --log_output_level="default:info"
2022-11-11T08:33:45.773815Z	info	FLAG: --log_rotate=""
2022-11-11T08:33:45.773819Z	info	FLAG: --log_rotate_max_age="30"
2022-11-11T08:33:45.773822Z	info	FLAG: --log_rotate_max_backups="1000"
2022-11-11T08:33:45.773826Z	info	FLAG: --log_rotate_max_size="104857600"
2022-11-11T08:33:45.773830Z	info	FLAG: --log_stacktrace_level="default:none"
2022-11-11T08:33:45.773838Z	info	FLAG: --log_target="[stdout]"
2022-11-11T08:33:45.773843Z	info	FLAG: --meshConfig="./etc/istio/config/mesh"
2022-11-11T08:33:45.773846Z	info	FLAG: --outlierLogPath=""
2022-11-11T08:33:45.773852Z	info	FLAG: --proxyComponentLogLevel=""
2022-11-11T08:33:45.773856Z	info	FLAG: --proxyLogLevel="warning,misc:error"
2022-11-11T08:33:45.773860Z	info	FLAG: --serviceCluster="istio-proxy"
2022-11-11T08:33:45.773864Z	info	FLAG: --stsPort="0"
2022-11-11T08:33:45.773868Z	info	FLAG: --templateFile=""
2022-11-11T08:33:45.773871Z	info	FLAG: --tokenManagerPlugin="GoogleTokenExchange"
2022-11-11T08:33:45.773876Z	info	FLAG: --vklog="0"
2022-11-11T08:33:45.773881Z	info	Version 1.15.2-b542583af7f8240ad0c9cab56eb9f8d55e1357ab-Clean
2022-11-11T08:33:45.776529Z	info	Maximum file descriptors (ulimit -n): 1024
2022-11-11T08:33:45.776802Z	info	Proxy role	ips=[10.244.1.13 172.16.0.4] type=sidecar id=ubuntu-deployment-99cf8d8f7-wftrp.vm-ns domain=vm-ns.svc.cluster.local
2022-11-11T08:33:45.776858Z	info	Apply mesh config from file defaultConfig:
  discoveryAddress: istiod.istio-system.svc:15012
  proxyMetadata:
    CANONICAL_REVISION: latest
    CANONICAL_SERVICE: vm-app
    ISTIO_META_CLUSTER_ID: Kubernetes
    ISTIO_META_DNS_CAPTURE: "true"
    ISTIO_META_MESH_ID: ""
    ISTIO_META_NETWORK: ""
    ISTIO_META_WORKLOAD_NAME: vm-app
    ISTIO_METAJSON_LABELS: '{"app":"vm-app","service.istio.io/canonical-name":"vm-app","service.istio.io/canonical-revision":"latest"}'
    POD_NAMESPACE: vm-ns
    SERVICE_ACCOUNT: serviceaccountvm
    TRUST_DOMAIN: cluster.local
  tracing:
    zipkin:
      address: zipkin.istio-system:9411

2022-11-11T08:33:45.779493Z	info	Apply proxy config from env 
serviceCluster: vm-app.vm-ns
controlPlaneAuthPolicy: MUTUAL_TLS

2022-11-11T08:33:45.780162Z	info	Effective config: binaryPath: /usr/local/bin/envoy
concurrency: 2
configPath: ./etc/istio/proxy
controlPlaneAuthPolicy: MUTUAL_TLS
discoveryAddress: istiod.istio-system.svc:15012
drainDuration: 45s
parentShutdownDuration: 60s
proxyAdminPort: 15000
proxyMetadata:
  CANONICAL_REVISION: latest
  CANONICAL_SERVICE: vm-app
  ISTIO_META_CLUSTER_ID: Kubernetes
  ISTIO_META_DNS_CAPTURE: "true"
  ISTIO_META_MESH_ID: ""
  ISTIO_META_NETWORK: ""
  ISTIO_META_WORKLOAD_NAME: vm-app
  ISTIO_METAJSON_LABELS: '{"app":"vm-app","service.istio.io/canonical-name":"vm-app","service.istio.io/canonical-revision":"latest"}'
  POD_NAMESPACE: vm-ns
  SERVICE_ACCOUNT: serviceaccountvm
  TRUST_DOMAIN: cluster.local
serviceCluster: vm-app.vm-ns
statNameLength: 189
statusPort: 15020
terminationDrainDuration: 5s
tracing:
  zipkin:
    address: zipkin.istio-system:9411

2022-11-11T08:33:45.780176Z	info	JWT policy is third-party-jwt
2022-11-11T08:33:45.780181Z	info	using credential fetcher of JWT type in cluster.local trust domain
2022-11-11T08:33:45.975993Z	info	Opening status port 15020
2022-11-11T08:33:45.976107Z	info	dns	Starting local udp DNS server on 127.0.0.1:15053
2022-11-11T08:33:45.976399Z	info	dns	Starting local tcp DNS server on 127.0.0.1:15053
2022-11-11T08:33:45.976485Z	info	Workload SDS socket not found. Starting Istio SDS Server
2022-11-11T08:33:45.976512Z	info	CA Endpoint istiod.istio-system.svc:15012, provider Citadel
2022-11-11T08:33:45.976537Z	info	Using CA istiod.istio-system.svc:15012 cert with certs: ./etc/certs/root-cert.pem
2022-11-11T08:33:45.976702Z	info	citadelclient	Citadel client using custom root cert: ./etc/certs/root-cert.pem
2022-11-11T08:33:45.998346Z	info	ads	All caches have been synced up in 228.305676ms, marking server ready
2022-11-11T08:33:45.998702Z	info	xdsproxy	Initializing with upstream address "istiod.istio-system.svc:15012" and cluster "Kubernetes"
2022-11-11T08:33:45.998784Z	info	sds	Starting SDS grpc server
2022-11-11T08:33:45.999278Z	info	starting Http service at 127.0.0.1:15004
2022-11-11T08:33:46.000321Z	info	Pilot SAN: [istiod.istio-system.svc]
2022-11-11T08:33:46.001971Z	info	Starting proxy agent
2022-11-11T08:33:46.002016Z	info	starting
2022-11-11T08:33:46.002040Z	info	Envoy command: [-c etc/istio/proxy/envoy-rev.json --drain-time-s 45 --drain-strategy immediate --parent-shutdown-time-s 60 --local-address-ip-version v4 --file-flush-interval-msec 1000 --disable-hot-restart --log-format %Y-%m-%dT%T.%fZ	%l	envoy %n	%v -l warning --component-log-level misc:error --concurrency 2]
2022-11-11T08:33:46.053268Z	warn	citadelclient	cannot parse the cert chain, using token instead: failed to read the cert, error is open etc/certs/cert-chain.pem: no such file or directory
2022-11-11T08:33:46.313282Z	warn	sds	failed to warm certificate: failed to generate workload certificate: create certificate: rpc error: code = Unauthenticated desc = request authenticate failure
2022-11-11T08:33:47.279040Z	warn	sds	failed to warm certificate: failed to generate workload certificate: create certificate: rpc error: code = Unauthenticated desc = request authenticate failure
2022-11-11T08:33:48.207103Z	warn	sds	failed to warm certificate: failed to generate workload certificate: create certificate: rpc error: code = Unauthenticated desc = request authenticate failure
2022-11-11T08:33:49.406968Z	warn	sds	failed to warm certificate: failed to generate workload certificate: create certificate: rpc error: code = Unauthenticated desc = request authenticate failure
2022-11-11T08:33:51.755022Z	warn	sds	failed to warm certificate: failed to generate workload certificate: create certificate: rpc error: code = Unauthenticated desc = request authenticate failure
2022-11-11T08:33:53.818989Z	warn	sds	failed to warm certificate: failed to generate workload certificate: create certificate: rpc error: code = Unauthenticated desc = request authenticate failure
2022-11-11T08:33:56.869346Z	warn	sds	failed to warm certificate: failed to generate workload certificate: create certificate: rpc error: code = Unauthenticated desc = request authenticate failure
2022-11-11T08:34:03.723047Z	warn	sds	failed to warm certificate: failed to generate workload certificate: create certificate: rpc error: code = Unauthenticated desc = request authenticate failure
2022-11-11T08:34:09.662999Z	warn	sds	failed to warm certificate: failed to generate workload certificate: create certificate: rpc error: code = Unauthenticated desc = request authenticate failure
2022-11-11T08:34:22.423142Z	warn	sds	failed to warm certificate: failed to generate workload certificate: create certificate: rpc error: code = Unauthenticated desc = request authenticate failure
2022-11-11T08:34:45.767136Z	warn	sds	failed to warm certificate: failed to generate workload certificate: create certificate: rpc error: code = Unauthenticated desc = request authenticate failure
2022-11-11T08:35:10.591064Z	warn	sds	failed to warm certificate: failed to generate workload certificate: create certificate: rpc error: code = Unauthenticated desc = request authenticate failure
2022-11-11T08:36:01.222979Z	warn	sds	failed to warm certificate: failed to generate workload certificate: create certificate: rpc error: code = Unauthenticated desc = request authenticate failure
2022-11-11T08:37:21.337827Z	warn	sds	failed to warm certificate: failed to generate workload certificate: create certificate: rpc error: code = Unauthenticated desc = request authenticate failure
2022-11-11T08:38:43.707060Z	warn	sds	failed to warm certificate: failed to generate workload certificate: create certificate: rpc error: code = Unauthenticated desc = request authenticate failure
2022-11-11T08:39:48.123655Z	warn	sds	failed to warm certificate: failed to generate workload certificate: create certificate: rpc error: code = Unauthenticated desc = request authenticate failure
2022-11-11T08:41:14.581467Z	warn	sds	failed to warm certificate: failed to generate workload certificate: create certificate: rpc error: code = Unauthenticated desc = request authenticate failure
2022-11-11T08:41:49.328835Z	warn	sds	failed to warm certificate: failed to generate workload certificate: create certificate: rpc error: code = Unauthenticated desc = request authenticate failure
2022-11-11T08:42:46.778780Z	info	Agent draining Proxy
2022-11-11T08:42:46.778784Z	info	Status server has successfully terminated
2022-11-11T08:42:46.779284Z	error	accept tcp [::]:15020: use of closed network connection
2022-11-11T08:42:46.780728Z	info	Graceful termination period is 5s, starting...
2022-11-11T08:42:51.782435Z	info	Graceful termination period complete, terminating remaining proxies.
2022-11-11T08:42:51.782537Z	warn	Aborted proxy instance
2022-11-11T08:42:51.782559Z	warn	Aborting proxy
2022-11-11T08:42:51.782955Z	info	Envoy aborted normally
2022-11-11T08:42:51.782989Z	info	Agent has successfully terminated
2022-11-11T08:43:34.811800Z	info	FLAG: --concurrency="0"
2022-11-11T08:43:34.811840Z	info	FLAG: --domain=""
2022-11-11T08:43:34.811847Z	info	FLAG: --help="false"
2022-11-11T08:43:34.811851Z	info	FLAG: --log_as_json="false"
2022-11-11T08:43:34.811856Z	info	FLAG: --log_caller=""
2022-11-11T08:43:34.811860Z	info	FLAG: --log_output_level="default:info"
2022-11-11T08:43:34.811864Z	info	FLAG: --log_rotate=""
2022-11-11T08:43:34.811868Z	info	FLAG: --log_rotate_max_age="30"
2022-11-11T08:43:34.811872Z	info	FLAG: --log_rotate_max_backups="1000"
2022-11-11T08:43:34.811888Z	info	FLAG: --log_rotate_max_size="104857600"
2022-11-11T08:43:34.811892Z	info	FLAG: --log_stacktrace_level="default:none"
2022-11-11T08:43:34.811898Z	info	FLAG: --log_target="[stdout]"
2022-11-11T08:43:34.811902Z	info	FLAG: --meshConfig="./etc/istio/config/mesh"
2022-11-11T08:43:34.811905Z	info	FLAG: --outlierLogPath=""
2022-11-11T08:43:34.811909Z	info	FLAG: --proxyComponentLogLevel=""
2022-11-11T08:43:34.811913Z	info	FLAG: --proxyLogLevel="warning,misc:error"
2022-11-11T08:43:34.811917Z	info	FLAG: --serviceCluster="istio-proxy"
2022-11-11T08:43:34.811920Z	info	FLAG: --stsPort="0"
2022-11-11T08:43:34.811924Z	info	FLAG: --templateFile=""
2022-11-11T08:43:34.811931Z	info	FLAG: --tokenManagerPlugin="GoogleTokenExchange"
2022-11-11T08:43:34.811936Z	info	FLAG: --vklog="0"
2022-11-11T08:43:34.811940Z	info	Version 1.15.2-b542583af7f8240ad0c9cab56eb9f8d55e1357ab-Clean
2022-11-11T08:43:34.814476Z	info	Maximum file descriptors (ulimit -n): 1024
2022-11-11T08:43:34.814754Z	info	Proxy role	ips=[10.244.1.13 172.16.0.4] type=sidecar id=ubuntu-deployment-99cf8d8f7-wftrp.vm-ns domain=vm-ns.svc.cluster.local
2022-11-11T08:43:34.814807Z	info	Apply mesh config from file defaultConfig:
  discoveryAddress: istiod.istio-system.svc:15012
  proxyMetadata:
    CANONICAL_REVISION: latest
    CANONICAL_SERVICE: vm-app
    ISTIO_META_CLUSTER_ID: Kubernetes
    ISTIO_META_DNS_CAPTURE: "true"
    ISTIO_META_MESH_ID: ""
    ISTIO_META_NETWORK: ""
    ISTIO_META_WORKLOAD_NAME: vm-app
    ISTIO_METAJSON_LABELS: '{"app":"vm-app","service.istio.io/canonical-name":"vm-app","service.istio.io/canonical-revision":"latest"}'
    POD_NAMESPACE: vm-ns
    SERVICE_ACCOUNT: serviceaccountvm
    TRUST_DOMAIN: cluster.local
  tracing:
    zipkin:
      address: zipkin.istio-system:9411

2022-11-11T08:43:34.817297Z	info	Apply proxy config from env 
serviceCluster: vm-app.vm-ns
controlPlaneAuthPolicy: MUTUAL_TLS

2022-11-11T08:43:34.817958Z	info	Effective config: binaryPath: /usr/local/bin/envoy
concurrency: 2
configPath: ./etc/istio/proxy
controlPlaneAuthPolicy: MUTUAL_TLS
discoveryAddress: istiod.istio-system.svc:15012
drainDuration: 45s
parentShutdownDuration: 60s
proxyAdminPort: 15000
proxyMetadata:
  CANONICAL_REVISION: latest
  CANONICAL_SERVICE: vm-app
  ISTIO_META_CLUSTER_ID: Kubernetes
  ISTIO_META_DNS_CAPTURE: "true"
  ISTIO_META_MESH_ID: ""
  ISTIO_META_NETWORK: ""
  ISTIO_META_WORKLOAD_NAME: vm-app
  ISTIO_METAJSON_LABELS: '{"app":"vm-app","service.istio.io/canonical-name":"vm-app","service.istio.io/canonical-revision":"latest"}'
  POD_NAMESPACE: vm-ns
  SERVICE_ACCOUNT: serviceaccountvm
  TRUST_DOMAIN: cluster.local
serviceCluster: vm-app.vm-ns
statNameLength: 189
statusPort: 15020
terminationDrainDuration: 5s
tracing:
  zipkin:
    address: zipkin.istio-system:9411

2022-11-11T08:43:34.817981Z	info	JWT policy is third-party-jwt
2022-11-11T08:43:34.817986Z	info	using credential fetcher of JWT type in cluster.local trust domain
2022-11-11T08:43:35.072075Z	info	Opening status port 15020
2022-11-11T08:43:35.072191Z	info	dns	Starting local udp DNS server on 127.0.0.1:15053
2022-11-11T08:43:35.072470Z	info	dns	Starting local tcp DNS server on 127.0.0.1:15053
2022-11-11T08:43:35.073418Z	info	Workload SDS socket not found. Starting Istio SDS Server
2022-11-11T08:43:35.073450Z	info	CA Endpoint istiod.istio-system.svc:15012, provider Citadel
2022-11-11T08:43:35.073475Z	info	Using CA istiod.istio-system.svc:15012 cert with certs: ./etc/certs/root-cert.pem
2022-11-11T08:43:35.073632Z	info	citadelclient	Citadel client using custom root cert: ./etc/certs/root-cert.pem
2022-11-11T08:43:35.093174Z	info	ads	All caches have been synced up in 284.965551ms, marking server ready
2022-11-11T08:43:35.093451Z	info	xdsproxy	Initializing with upstream address "istiod.istio-system.svc:15012" and cluster "Kubernetes"
2022-11-11T08:43:35.093525Z	info	sds	Starting SDS grpc server
2022-11-11T08:43:35.093913Z	info	starting Http service at 127.0.0.1:15004
2022-11-11T08:43:35.095050Z	info	Pilot SAN: [istiod.istio-system.svc]
2022-11-11T08:43:35.098858Z	info	Starting proxy agent
2022-11-11T08:43:35.098918Z	info	starting
2022-11-11T08:43:35.098972Z	info	Envoy command: [-c etc/istio/proxy/envoy-rev.json --drain-time-s 45 --drain-strategy immediate --parent-shutdown-time-s 60 --local-address-ip-version v4 --file-flush-interval-msec 1000 --disable-hot-restart --log-format %Y-%m-%dT%T.%fZ	%l	envoy %n	%v -l warning --component-log-level misc:error --concurrency 2]
2022-11-11T08:43:35.157603Z	warn	citadelclient	cannot parse the cert chain, using token instead: failed to read the cert, error is open etc/certs/cert-chain.pem: no such file or directory
2022-11-11T08:43:35.390981Z	warn	sds	failed to warm certificate: failed to generate workload certificate: create certificate: rpc error: code = Unauthenticated desc = request authenticate failure
2022-11-11T08:43:36.023045Z	warn	sds	failed to warm certificate: failed to generate workload certificate: create certificate: rpc error: code = Unauthenticated desc = request authenticate failure
2022-11-11T08:43:36.847036Z	warn	sds	failed to warm certificate: failed to generate workload certificate: create certificate: rpc error: code = Unauthenticated desc = request authenticate failure
2022-11-11T08:43:38.292730Z	warn	sds	failed to warm certificate: failed to generate workload certificate: create certificate: rpc error: code = Unauthenticated desc = request authenticate failure
2022-11-11T08:43:40.149635Z	warn	sds	failed to warm certificate: failed to generate workload certificate: create certificate: rpc error: code = Unauthenticated desc = request authenticate failure
2022-11-11T08:43:43.586796Z	warn	sds	failed to warm certificate: failed to generate workload certificate: create certificate: rpc error: code = Unauthenticated desc = request authenticate failure
2022-11-11T08:43:48.369123Z	warn	sds	failed to warm certificate: failed to generate workload certificate: create certificate: rpc error: code = Unauthenticated desc = request authenticate failure
2022-11-11T08:43:56.366291Z	warn	sds	failed to warm certificate: failed to generate workload certificate: create certificate: rpc error: code = Unauthenticated desc = request authenticate failure
2022-11-11T08:44:08.408621Z	warn	sds	failed to warm certificate: failed to generate workload certificate: create certificate: rpc error: code = Unauthenticated desc = request authenticate failure
2022-11-11T08:44:15.955403Z	warn	sds	failed to warm certificate: failed to generate workload certificate: create certificate: rpc error: code = Unauthenticated desc = request authenticate failure
2022-11-11T08:44:34.643074Z	warn	sds	failed to warm certificate: failed to generate workload certificate: create certificate: rpc error: code = Unauthenticated desc = request authenticate failure
2022-11-11T08:45:02.930956Z	warn	sds	failed to warm certificate: failed to generate workload certificate: create certificate: rpc error: code = Unauthenticated desc = request authenticate failure
2022-11-11T08:45:30.430985Z	warn	sds	failed to warm certificate: failed to generate workload certificate: create certificate: rpc error: code = Unauthenticated desc = request authenticate failure
2022-11-11T08:46:28.826986Z	warn	sds	failed to warm certificate: failed to generate workload certificate: create certificate: rpc error: code = Unauthenticated desc = request authenticate failure
2022-11-11T08:47:08.283055Z	warn	sds	failed to warm certificate: failed to generate workload certificate: create certificate: rpc error: code = Unauthenticated desc = request authenticate failure
2022-11-11T08:47:42.827054Z	warn	sds	failed to warm certificate: failed to generate workload certificate: create certificate: rpc error: code = Unauthenticated desc = request authenticate failure
2022-11-11T08:48:44.759070Z	warn	sds	failed to warm certificate: failed to generate workload certificate: create certificate: rpc error: code = Unauthenticated desc = request authenticate failure
2022-11-11T08:50:07.117880Z	warn	sds	failed to warm certificate: failed to generate workload certificate: create certificate: rpc error: code = Unauthenticated desc = request authenticate failure
2022-11-11T08:51:33.047648Z	warn	sds	failed to warm certificate: failed to generate workload certificate: create certificate: rpc error: code = Unauthenticated desc = request authenticate failure
2022-11-11T08:52:54.416844Z	warn	sds	failed to warm certificate: failed to generate workload certificate: create certificate: rpc error: code = Unauthenticated desc = request authenticate failure
2022-11-11T08:53:37.691164Z	warn	sds	failed to warm certificate: failed to generate workload certificate: create certificate: rpc error: code = Unauthenticated desc = request authenticate failure
2022-11-11T08:54:32.270349Z	warn	sds	failed to warm certificate: failed to generate workload certificate: create certificate: rpc error: code = Unauthenticated desc = request authenticate failure
2022-11-11T08:55:38.683053Z	warn	sds	failed to warm certificate: failed to generate workload certificate: create certificate: rpc error: code = Unauthenticated desc = request authenticate failure
2022-11-11T08:57:03.154986Z	warn	sds	failed to warm certificate: failed to generate workload certificate: create certificate: rpc error: code = Unauthenticated desc = request authenticate failure
2022-11-11T08:58:29.643007Z	warn	sds	failed to warm certificate: failed to generate workload certificate: create certificate: rpc error: code = Unauthenticated desc = request authenticate failure
2022-11-11T08:59:56.147046Z	warn	sds	failed to warm certificate: failed to generate workload certificate: create certificate: rpc error: code = Unauthenticated desc = request authenticate failure
2022-11-11T09:00:29.375138Z	warn	sds	failed to warm certificate: failed to generate workload certificate: create certificate: rpc error: code = Unauthenticated desc = request authenticate failure
2022-11-11T09:01:33.807000Z	warn	sds	failed to warm certificate: failed to generate workload certificate: create certificate: rpc error: code = Unauthenticated desc = request authenticate failure
