2022-12-22T03:41:20.206200Z	info	FLAG: --concurrency="2"
2022-12-22T03:41:20.206226Z	info	FLAG: --domain=""
2022-12-22T03:41:20.206230Z	info	FLAG: --help="false"
2022-12-22T03:41:20.206232Z	info	FLAG: --log_as_json="false"
2022-12-22T03:41:20.206234Z	info	FLAG: --log_caller=""
2022-12-22T03:41:20.206235Z	info	FLAG: --log_output_level="default:info"
2022-12-22T03:41:20.206237Z	info	FLAG: --log_rotate=""
2022-12-22T03:41:20.206238Z	info	FLAG: --log_rotate_max_age="30"
2022-12-22T03:41:20.206240Z	info	FLAG: --log_rotate_max_backups="1000"
2022-12-22T03:41:20.206241Z	info	FLAG: --log_rotate_max_size="104857600"
2022-12-22T03:41:20.206243Z	info	FLAG: --log_stacktrace_level="default:none"
2022-12-22T03:41:20.206251Z	info	FLAG: --log_target="[stdout]"
2022-12-22T03:41:20.206255Z	info	FLAG: --meshConfig="./etc/istio/config/mesh"
2022-12-22T03:41:20.206257Z	info	FLAG: --outlierLogPath=""
2022-12-22T03:41:20.206259Z	info	FLAG: --proxyComponentLogLevel="misc:error"
2022-12-22T03:41:20.206261Z	info	FLAG: --proxyLogLevel="warning"
2022-12-22T03:41:20.206264Z	info	FLAG: --serviceCluster="istio-proxy"
2022-12-22T03:41:20.206266Z	info	FLAG: --stsPort="0"
2022-12-22T03:41:20.206268Z	info	FLAG: --templateFile=""
2022-12-22T03:41:20.206271Z	info	FLAG: --tokenManagerPlugin="GoogleTokenExchange"
2022-12-22T03:41:20.206274Z	info	FLAG: --vklog="0"
2022-12-22T03:41:20.206277Z	info	Version 1.16.0-8f2e2dc5d57f6f1f7a453e03ec96ca72b2205783-Clean
2022-12-22T03:41:20.216810Z	info	Maximum file descriptors (ulimit -n): 1048576
2022-12-22T03:41:20.216975Z	info	Proxy role	ips=[10.244.0.14 172.16.0.5] type=sidecar id=ubuntu-deployment-56bbd47db4-9gxr7.vm-ns domain=vm-ns.svc.cluster.local
2022-12-22T03:41:20.217040Z	info	Apply mesh config from file defaultConfig:
  discoveryAddress: istiod.istio-system.svc:15012
  proxyMetadata:
    CANONICAL_REVISION: latest
    CANONICAL_SERVICE: vm-app
    ISTIO_META_CLUSTER_ID: Kubernetes
    ISTIO_META_DNS_CAPTURE: "true"
    ISTIO_META_MESH_ID: ""
    ISTIO_META_NETWORK: ""
    ISTIO_META_WORKLOAD_NAME: vm-app
    ISTIO_METAJSON_LABELS: '{"app":"vm-app","service.istio.io/canonical-name":"vm-app","service.istio.io/canonical-revision":"latest"}'
    POD_NAMESPACE: vm-ns
    SERVICE_ACCOUNT: serviceaccountvm
    TRUST_DOMAIN: cluster.local
  tracing:
    zipkin:
      address: zipkin.istio-system:9411

2022-12-22T03:41:20.223738Z	info	Apply proxy config from env {}

2022-12-22T03:41:20.224369Z	info	Effective config: binaryPath: /usr/local/bin/envoy
concurrency: 2
configPath: ./etc/istio/proxy
controlPlaneAuthPolicy: MUTUAL_TLS
discoveryAddress: istiod.istio-system.svc:15012
drainDuration: 45s
parentShutdownDuration: 60s
proxyAdminPort: 15000
proxyMetadata:
  CANONICAL_REVISION: latest
  CANONICAL_SERVICE: vm-app
  ISTIO_META_CLUSTER_ID: Kubernetes
  ISTIO_META_DNS_CAPTURE: "true"
  ISTIO_META_MESH_ID: ""
  ISTIO_META_NETWORK: ""
  ISTIO_META_WORKLOAD_NAME: vm-app
  ISTIO_METAJSON_LABELS: '{"app":"vm-app","service.istio.io/canonical-name":"vm-app","service.istio.io/canonical-revision":"latest"}'
  POD_NAMESPACE: vm-ns
  SERVICE_ACCOUNT: serviceaccountvm
  TRUST_DOMAIN: cluster.local
serviceCluster: istio-proxy
statNameLength: 189
statusPort: 15020
terminationDrainDuration: 5s
tracing:
  zipkin:
    address: zipkin.istio-system:9411

2022-12-22T03:41:20.224528Z	info	JWT policy is third-party-jwt
2022-12-22T03:41:20.224576Z	info	using credential fetcher of JWT type in cluster.local trust domain
2022-12-22T03:41:20.326182Z	info	Workload SDS socket not found. Starting Istio SDS Server
2022-12-22T03:41:20.326378Z	info	CA Endpoint istiod.istio-system.svc:15012, provider Citadel
2022-12-22T03:41:20.326559Z	info	Using CA istiod.istio-system.svc:15012 cert with certs: var/run/secrets/istio/root-cert.pem
2022-12-22T03:41:20.326905Z	info	citadelclient	Citadel client using custom root cert: var/run/secrets/istio/root-cert.pem
2022-12-22T03:41:20.326195Z	info	Opening status port 15020
2022-12-22T03:41:20.364997Z	info	ads	All caches have been synced up in 166.782242ms, marking server ready
2022-12-22T03:41:20.365331Z	info	xdsproxy	Initializing with upstream address "istiod.istio-system.svc:15012" and cluster "Kubernetes"
2022-12-22T03:41:20.366606Z	info	Pilot SAN: [istiod.istio-system.svc]
2022-12-22T03:41:20.368013Z	info	sds	Starting SDS grpc server
2022-12-22T03:41:20.368060Z	info	starting Http service at 127.0.0.1:15004
2022-12-22T03:41:20.368147Z	info	Starting proxy agent
2022-12-22T03:41:20.368163Z	info	starting
2022-12-22T03:41:20.368181Z	info	Envoy command: [-c etc/istio/proxy/envoy-rev.json --drain-time-s 45 --drain-strategy immediate --parent-shutdown-time-s 60 --local-address-ip-version v4 --file-flush-interval-msec 1000 --disable-hot-restart --log-format %Y-%m-%dT%T.%fZ	%l	envoy %n	%v -l warning --component-log-level misc:error --concurrency 2]
2022-12-22T03:41:20.489323Z	info	xdsproxy	connected to upstream XDS server: istiod.istio-system.svc:15012
2022-12-22T03:41:20.532308Z	info	ads	ADS: new connection for node:ubuntu-deployment-56bbd47db4-9gxr7.vm-ns-1
2022-12-22T03:41:20.533304Z	info	ads	ADS: new connection for node:ubuntu-deployment-56bbd47db4-9gxr7.vm-ns-2
2022-12-22T03:41:20.820628Z	info	cache	generated new workload certificate	latency=454.805106ms ttl=23h59m59.179381348s
2022-12-22T03:41:20.820724Z	info	cache	Root cert has changed, start rotating root cert
2022-12-22T03:41:20.820758Z	info	ads	XDS: Incremental Pushing:0 ConnectedEndpoints:2 Version:
2022-12-22T03:41:20.820825Z	info	cache	returned workload trust anchor from cache	ttl=23h59m59.179179488s
2022-12-22T03:41:20.820923Z	info	cache	returned workload certificate from cache	ttl=23h59m59.179079522s
2022-12-22T03:41:20.821263Z	info	cache	returned workload trust anchor from cache	ttl=23h59m59.178744299s
2022-12-22T03:41:20.821442Z	info	ads	SDS: PUSH request for node:ubuntu-deployment-56bbd47db4-9gxr7.vm-ns resources:1 size:1.1kB resource:ROOTCA
2022-12-22T03:41:20.821521Z	info	ads	SDS: PUSH request for node:ubuntu-deployment-56bbd47db4-9gxr7.vm-ns resources:1 size:4.0kB resource:default
2022-12-22T03:41:20.821548Z	info	cache	returned workload trust anchor from cache	ttl=23h59m59.178453908s
2022-12-22T03:41:21.606120Z	info	Readiness succeeded in 1.418423752s
2022-12-22T03:41:21.606512Z	info	Envoy proxy is ready
2022-12-22T04:13:27.045119Z	info	xdsproxy	connected to upstream XDS server: istiod.istio-system.svc:15012
2022-12-22T04:45:13.711387Z	info	xdsproxy	connected to upstream XDS server: istiod.istio-system.svc:15012
2022-12-22T04:45:13.722920Z	warn	xdsproxy	upstream [3] terminated with unexpected error rpc error: code = Unauthenticated desc = authentication failure
2022-12-22T04:45:13.724465Z	warning	envoy config	StreamAggregatedResources gRPC config stream to xds-grpc closed: 16, authentication failure
2022-12-22T04:45:14.611618Z	info	xdsproxy	connected to upstream XDS server: istiod.istio-system.svc:15012
2022-12-22T04:45:14.615875Z	warn	xdsproxy	upstream [4] terminated with unexpected error rpc error: code = Unauthenticated desc = authentication failure
2022-12-22T04:45:14.616728Z	warning	envoy config	StreamAggregatedResources gRPC config stream to xds-grpc closed: 16, authentication failure
2022-12-22T04:45:15.492368Z	info	xdsproxy	connected to upstream XDS server: istiod.istio-system.svc:15012
2022-12-22T04:45:15.496781Z	warn	xdsproxy	upstream [5] terminated with unexpected error rpc error: code = Unauthenticated desc = authentication failure
2022-12-22T04:45:15.497331Z	warning	envoy config	StreamAggregatedResources gRPC config stream to xds-grpc closed: 16, authentication failure
2022-12-22T04:45:18.041348Z	info	xdsproxy	connected to upstream XDS server: istiod.istio-system.svc:15012
2022-12-22T04:45:18.048791Z	warn	xdsproxy	upstream [6] terminated with unexpected error rpc error: code = Unauthenticated desc = authentication failure
2022-12-22T04:45:18.049396Z	warning	envoy config	StreamAggregatedResources gRPC config stream to xds-grpc closed: 16, authentication failure
2022-12-22T04:45:21.383441Z	info	xdsproxy	connected to upstream XDS server: istiod.istio-system.svc:15012
2022-12-22T04:45:21.397321Z	warn	xdsproxy	upstream [7] terminated with unexpected error rpc error: code = Unauthenticated desc = authentication failure
2022-12-22T04:45:21.397829Z	warning	envoy config	StreamAggregatedResources gRPC config stream to xds-grpc closed: 16, authentication failure
2022-12-22T04:45:35.954756Z	info	xdsproxy	connected to upstream XDS server: istiod.istio-system.svc:15012
2022-12-22T04:45:35.962023Z	warn	xdsproxy	upstream [8] terminated with unexpected error rpc error: code = Unauthenticated desc = authentication failure
2022-12-22T04:45:35.967463Z	warning	envoy config	StreamAggregatedResources gRPC config stream to xds-grpc closed: 16, authentication failure
2022-12-22T04:45:55.251420Z	info	xdsproxy	connected to upstream XDS server: istiod.istio-system.svc:15012
2022-12-22T04:45:55.264557Z	warn	xdsproxy	upstream [9] terminated with unexpected error rpc error: code = Unauthenticated desc = authentication failure
2022-12-22T04:45:55.265048Z	warning	envoy config	StreamAggregatedResources gRPC config stream to xds-grpc closed: 16, authentication failure
2022-12-22T04:46:08.403788Z	info	xdsproxy	connected to upstream XDS server: istiod.istio-system.svc:15012
2022-12-22T04:46:08.407615Z	warn	xdsproxy	upstream [10] terminated with unexpected error rpc error: code = Unauthenticated desc = authentication failure
2022-12-22T04:46:08.408041Z	warning	envoy config	StreamAggregatedResources gRPC config stream to xds-grpc closed: 16, authentication failure
2022-12-22T04:46:33.795094Z	info	xdsproxy	connected to upstream XDS server: istiod.istio-system.svc:15012
2022-12-22T04:46:33.800334Z	warn	xdsproxy	upstream [11] terminated with unexpected error rpc error: code = Unauthenticated desc = authentication failure
2022-12-22T04:46:33.801103Z	warning	envoy config	StreamAggregatedResources gRPC config stream to xds-grpc closed: 16, authentication failure
2022-12-22T04:46:35.960005Z	info	xdsproxy	connected to upstream XDS server: istiod.istio-system.svc:15012
2022-12-22T04:46:35.965507Z	warn	xdsproxy	upstream [12] terminated with unexpected error rpc error: code = Unauthenticated desc = authentication failure
2022-12-22T04:46:35.966051Z	warning	envoy config	StreamAggregatedResources gRPC config stream to xds-grpc closed: 16, authentication failure
2022-12-22T04:47:04.644048Z	info	xdsproxy	connected to upstream XDS server: istiod.istio-system.svc:15012
2022-12-22T04:47:04.648520Z	warn	xdsproxy	upstream [13] terminated with unexpected error rpc error: code = Unauthenticated desc = authentication failure
2022-12-22T04:47:04.649365Z	warning	envoy config	StreamAggregatedResources gRPC config stream to xds-grpc closed: 16, authentication failure
2022-12-22T04:47:31.290758Z	info	xdsproxy	connected to upstream XDS server: istiod.istio-system.svc:15012
2022-12-22T04:47:31.298623Z	warn	xdsproxy	upstream [14] terminated with unexpected error rpc error: code = Unauthenticated desc = authentication failure
2022-12-22T04:47:31.299244Z	warning	envoy config	StreamAggregatedResources gRPC config stream to xds-grpc closed: 16, authentication failure
2022-12-22T04:47:37.248022Z	info	xdsproxy	connected to upstream XDS server: istiod.istio-system.svc:15012
2022-12-22T04:47:37.263539Z	warn	xdsproxy	upstream [15] terminated with unexpected error rpc error: code = Unauthenticated desc = authentication failure
2022-12-22T04:47:37.263922Z	warning	envoy config	StreamAggregatedResources gRPC config stream to xds-grpc closed: 16, authentication failure
2022-12-22T04:47:52.291431Z	info	xdsproxy	connected to upstream XDS server: istiod.istio-system.svc:15012
2022-12-22T04:47:52.297519Z	warn	xdsproxy	upstream [16] terminated with unexpected error rpc error: code = Unauthenticated desc = authentication failure
2022-12-22T04:47:52.298457Z	warning	envoy config	StreamAggregatedResources gRPC config stream to xds-grpc closed: 16, authentication failure
2022-12-22T04:48:13.255934Z	info	xdsproxy	connected to upstream XDS server: istiod.istio-system.svc:15012
2022-12-22T04:48:13.266763Z	warn	xdsproxy	upstream [17] terminated with unexpected error rpc error: code = Unauthenticated desc = authentication failure
2022-12-22T04:48:13.267782Z	warning	envoy config	StreamAggregatedResources gRPC config stream to xds-grpc closed: 16, authentication failure
2022-12-22T04:48:28.639941Z	info	xdsproxy	connected to upstream XDS server: istiod.istio-system.svc:15012
2022-12-22T04:48:28.643951Z	warn	xdsproxy	upstream [18] terminated with unexpected error rpc error: code = Unauthenticated desc = authentication failure
2022-12-22T04:48:28.644812Z	warning	envoy config	StreamAggregatedResources gRPC config stream to xds-grpc closed: 16, authentication failure
2022-12-22T04:48:45.457142Z	info	xdsproxy	connected to upstream XDS server: istiod.istio-system.svc:15012
2022-12-22T04:48:45.465089Z	warn	xdsproxy	upstream [19] terminated with unexpected error rpc error: code = Unauthenticated desc = authentication failure
2022-12-22T04:48:45.466801Z	warning	envoy config	StreamAggregatedResources gRPC config stream to xds-grpc closed: 16, authentication failure
2022-12-22T04:49:10.245210Z	info	xdsproxy	connected to upstream XDS server: istiod.istio-system.svc:15012
2022-12-22T04:49:10.251294Z	warn	xdsproxy	upstream [20] terminated with unexpected error rpc error: code = Unauthenticated desc = authentication failure
2022-12-22T04:49:10.251865Z	warning	envoy config	StreamAggregatedResources gRPC config stream to xds-grpc closed: 16, authentication failure
2022-12-22T04:49:12.307494Z	info	xdsproxy	connected to upstream XDS server: istiod.istio-system.svc:15012
2022-12-22T04:49:12.314831Z	warn	xdsproxy	upstream [21] terminated with unexpected error rpc error: code = Unauthenticated desc = authentication failure
2022-12-22T04:49:12.315513Z	warning	envoy config	StreamAggregatedResources gRPC config stream to xds-grpc closed: 16, authentication failure
2022-12-22T04:49:37.817675Z	info	xdsproxy	connected to upstream XDS server: istiod.istio-system.svc:15012
2022-12-22T04:49:37.823030Z	warn	xdsproxy	upstream [22] terminated with unexpected error rpc error: code = Unauthenticated desc = authentication failure
2022-12-22T04:49:37.823614Z	warning	envoy config	StreamAggregatedResources gRPC config stream to xds-grpc closed: 16, authentication failure
2022-12-22T04:49:52.218885Z	info	xdsproxy	connected to upstream XDS server: istiod.istio-system.svc:15012
2022-12-22T04:49:52.223046Z	warn	xdsproxy	upstream [23] terminated with unexpected error rpc error: code = Unauthenticated desc = authentication failure
2022-12-22T04:49:52.223750Z	warning	envoy config	StreamAggregatedResources gRPC config stream to xds-grpc closed: 16, authentication failure
2022-12-22T04:50:19.879360Z	info	xdsproxy	connected to upstream XDS server: istiod.istio-system.svc:15012
2022-12-22T04:50:19.885463Z	warn	xdsproxy	upstream [24] terminated with unexpected error rpc error: code = Unauthenticated desc = authentication failure
2022-12-22T04:50:19.885901Z	warning	envoy config	StreamAggregatedResources gRPC config stream to xds-grpc closed: 16, authentication failure
2022-12-22T04:50:25.369081Z	info	xdsproxy	connected to upstream XDS server: istiod.istio-system.svc:15012
2022-12-22T04:50:25.372713Z	warn	xdsproxy	upstream [25] terminated with unexpected error rpc error: code = Unauthenticated desc = authentication failure
2022-12-22T04:50:25.373415Z	warning	envoy config	StreamAggregatedResources gRPC config stream to xds-grpc closed: 16, authentication failure
2022-12-22T04:50:37.352640Z	info	xdsproxy	connected to upstream XDS server: istiod.istio-system.svc:15012
2022-12-22T04:50:37.358184Z	warn	xdsproxy	upstream [26] terminated with unexpected error rpc error: code = Unauthenticated desc = authentication failure
2022-12-22T04:50:37.358610Z	warning	envoy config	StreamAggregatedResources gRPC config stream to xds-grpc closed: 16, authentication failure
2022-12-22T04:50:59.773587Z	info	xdsproxy	connected to upstream XDS server: istiod.istio-system.svc:15012
2022-12-22T04:50:59.778239Z	warn	xdsproxy	upstream [27] terminated with unexpected error rpc error: code = Unauthenticated desc = authentication failure
2022-12-22T04:50:59.778896Z	warning	envoy config	StreamAggregatedResources gRPC config stream to xds-grpc closed: 16, authentication failure
2022-12-22T04:51:10.417445Z	info	xdsproxy	connected to upstream XDS server: istiod.istio-system.svc:15012
2022-12-22T04:51:10.423781Z	warn	xdsproxy	upstream [28] terminated with unexpected error rpc error: code = Unauthenticated desc = authentication failure
2022-12-22T04:51:10.424276Z	warning	envoy config	StreamAggregatedResources gRPC config stream to xds-grpc closed: 16, authentication failure
2022-12-22T04:51:32.744458Z	info	xdsproxy	connected to upstream XDS server: istiod.istio-system.svc:15012
2022-12-22T04:51:32.749124Z	warn	xdsproxy	upstream [29] terminated with unexpected error rpc error: code = Unauthenticated desc = authentication failure
2022-12-22T04:51:32.749756Z	warning	envoy config	StreamAggregatedResources gRPC config stream to xds-grpc closed: 16, authentication failure
2022-12-22T04:51:59.162133Z	info	xdsproxy	connected to upstream XDS server: istiod.istio-system.svc:15012
2022-12-22T04:51:59.167002Z	warn	xdsproxy	upstream [30] terminated with unexpected error rpc error: code = Unauthenticated desc = authentication failure
2022-12-22T04:51:59.167463Z	warning	envoy config	StreamAggregatedResources gRPC config stream to xds-grpc closed: 16, authentication failure
2022-12-22T04:52:12.476533Z	info	xdsproxy	connected to upstream XDS server: istiod.istio-system.svc:15012
2022-12-22T04:52:12.482567Z	warn	xdsproxy	upstream [31] terminated with unexpected error rpc error: code = Unauthenticated desc = authentication failure
2022-12-22T04:52:12.483423Z	warning	envoy config	StreamAggregatedResources gRPC config stream to xds-grpc closed: 16, authentication failure
2022-12-22T04:52:32.549820Z	info	xdsproxy	connected to upstream XDS server: istiod.istio-system.svc:15012
2022-12-22T04:52:32.555724Z	warn	xdsproxy	upstream [32] terminated with unexpected error rpc error: code = Unauthenticated desc = authentication failure
2022-12-22T04:52:32.556425Z	warning	envoy config	StreamAggregatedResources gRPC config stream to xds-grpc closed: 16, authentication failure
2022-12-22T04:52:34.772218Z	info	xdsproxy	connected to upstream XDS server: istiod.istio-system.svc:15012
2022-12-22T04:52:34.779256Z	warn	xdsproxy	upstream [33] terminated with unexpected error rpc error: code = Unauthenticated desc = authentication failure
2022-12-22T04:52:34.779919Z	warning	envoy config	StreamAggregatedResources gRPC config stream to xds-grpc closed: 16, authentication failure
2022-12-22T04:52:59.414801Z	info	xdsproxy	connected to upstream XDS server: istiod.istio-system.svc:15012
2022-12-22T04:52:59.421431Z	warn	xdsproxy	upstream [34] terminated with unexpected error rpc error: code = Unauthenticated desc = authentication failure
2022-12-22T04:52:59.422162Z	warning	envoy config	StreamAggregatedResources gRPC config stream to xds-grpc closed: 16, authentication failure
2022-12-22T04:53:17.082441Z	info	xdsproxy	connected to upstream XDS server: istiod.istio-system.svc:15012
2022-12-22T04:53:17.086274Z	warn	xdsproxy	upstream [35] terminated with unexpected error rpc error: code = Unauthenticated desc = authentication failure
2022-12-22T04:53:17.087015Z	warning	envoy config	StreamAggregatedResources gRPC config stream to xds-grpc closed: 16, authentication failure
2022-12-22T04:53:45.394624Z	info	xdsproxy	connected to upstream XDS server: istiod.istio-system.svc:15012
2022-12-22T04:53:45.399775Z	warn	xdsproxy	upstream [36] terminated with unexpected error rpc error: code = Unauthenticated desc = authentication failure
2022-12-22T04:53:45.400334Z	warning	envoy config	StreamAggregatedResources gRPC config stream to xds-grpc closed: 16, authentication failure
2022-12-22T04:53:56.487039Z	info	xdsproxy	connected to upstream XDS server: istiod.istio-system.svc:15012
2022-12-22T04:53:56.493365Z	warn	xdsproxy	upstream [37] terminated with unexpected error rpc error: code = Unauthenticated desc = authentication failure
2022-12-22T04:53:56.493973Z	warning	envoy config	StreamAggregatedResources gRPC config stream to xds-grpc closed: 16, authentication failure
2022-12-22T04:53:57.366207Z	info	xdsproxy	connected to upstream XDS server: istiod.istio-system.svc:15012
2022-12-22T04:53:57.371138Z	warn	xdsproxy	upstream [38] terminated with unexpected error rpc error: code = Unauthenticated desc = authentication failure
2022-12-22T04:53:57.371731Z	warning	envoy config	StreamAggregatedResources gRPC config stream to xds-grpc closed: 16, authentication failure
2022-12-22T04:54:00.866396Z	info	xdsproxy	connected to upstream XDS server: istiod.istio-system.svc:15012
2022-12-22T04:54:00.871989Z	warn	xdsproxy	upstream [39] terminated with unexpected error rpc error: code = Unauthenticated desc = authentication failure
2022-12-22T04:54:00.872666Z	warning	envoy config	StreamAggregatedResources gRPC config stream to xds-grpc closed: 16, authentication failure
2022-12-22T04:54:16.324184Z	info	xdsproxy	connected to upstream XDS server: istiod.istio-system.svc:15012
2022-12-22T04:54:16.329288Z	warn	xdsproxy	upstream [40] terminated with unexpected error rpc error: code = Unauthenticated desc = authentication failure
2022-12-22T04:54:16.330149Z	warning	envoy config	StreamAggregatedResources gRPC config stream to xds-grpc closed: 16, authentication failure
2022-12-22T04:54:31.408398Z	info	xdsproxy	connected to upstream XDS server: istiod.istio-system.svc:15012
2022-12-22T04:54:31.412788Z	warn	xdsproxy	upstream [41] terminated with unexpected error rpc error: code = Unauthenticated desc = authentication failure
2022-12-22T04:54:31.413603Z	warning	envoy config	StreamAggregatedResources gRPC config stream to xds-grpc closed: 16, authentication failure
2022-12-22T04:54:38.217678Z	info	xdsproxy	connected to upstream XDS server: istiod.istio-system.svc:15012
2022-12-22T04:54:38.227466Z	warn	xdsproxy	upstream [42] terminated with unexpected error rpc error: code = Unauthenticated desc = authentication failure
2022-12-22T04:54:38.230338Z	warning	envoy config	StreamAggregatedResources gRPC config stream to xds-grpc closed: 16, authentication failure
2022-12-22T04:55:07.884544Z	info	xdsproxy	connected to upstream XDS server: istiod.istio-system.svc:15012
2022-12-22T04:55:07.890745Z	warn	xdsproxy	upstream [43] terminated with unexpected error rpc error: code = Unauthenticated desc = authentication failure
2022-12-22T04:55:07.891103Z	warning	envoy config	StreamAggregatedResources gRPC config stream to xds-grpc closed: 16, authentication failure
2022-12-22T04:55:26.137645Z	info	xdsproxy	connected to upstream XDS server: istiod.istio-system.svc:15012
2022-12-22T04:55:26.141860Z	warn	xdsproxy	upstream [44] terminated with unexpected error rpc error: code = Unauthenticated desc = authentication failure
2022-12-22T04:55:26.142450Z	warning	envoy config	StreamAggregatedResources gRPC config stream to xds-grpc closed: 16, authentication failure
2022-12-22T04:55:30.559266Z	info	xdsproxy	connected to upstream XDS server: istiod.istio-system.svc:15012
2022-12-22T04:55:30.568005Z	warn	xdsproxy	upstream [45] terminated with unexpected error rpc error: code = Unauthenticated desc = authentication failure
2022-12-22T04:55:30.568669Z	warning	envoy config	StreamAggregatedResources gRPC config stream to xds-grpc closed: 16, authentication failure
2022-12-22T04:55:30.828623Z	info	xdsproxy	connected to upstream XDS server: istiod.istio-system.svc:15012
2022-12-22T04:55:30.835517Z	warn	xdsproxy	upstream [46] terminated with unexpected error rpc error: code = Unauthenticated desc = authentication failure
2022-12-22T04:55:30.835938Z	warning	envoy config	StreamAggregatedResources gRPC config stream to xds-grpc closed: 16, authentication failure
2022-12-22T04:55:41.584922Z	info	xdsproxy	connected to upstream XDS server: istiod.istio-system.svc:15012
2022-12-22T04:55:41.589707Z	warn	xdsproxy	upstream [47] terminated with unexpected error rpc error: code = Unauthenticated desc = authentication failure
2022-12-22T04:55:41.590529Z	warning	envoy config	StreamAggregatedResources gRPC config stream to xds-grpc closed: 16, authentication failure
2022-12-22T04:56:00.532435Z	info	xdsproxy	connected to upstream XDS server: istiod.istio-system.svc:15012
2022-12-22T04:56:00.537071Z	warn	xdsproxy	upstream [48] terminated with unexpected error rpc error: code = Unauthenticated desc = authentication failure
2022-12-22T04:56:00.537756Z	warning	envoy config	StreamAggregatedResources gRPC config stream to xds-grpc closed: 16, authentication failure
2022-12-22T04:56:06.810898Z	info	xdsproxy	connected to upstream XDS server: istiod.istio-system.svc:15012
2022-12-22T04:56:06.817206Z	warn	xdsproxy	upstream [49] terminated with unexpected error rpc error: code = Unauthenticated desc = authentication failure
2022-12-22T04:56:06.817754Z	warning	envoy config	StreamAggregatedResources gRPC config stream to xds-grpc closed: 16, authentication failure
2022-12-22T04:56:08.602679Z	info	xdsproxy	connected to upstream XDS server: istiod.istio-system.svc:15012
2022-12-22T04:56:08.606436Z	warn	xdsproxy	upstream [50] terminated with unexpected error rpc error: code = Unauthenticated desc = authentication failure
2022-12-22T04:56:08.607034Z	warning	envoy config	StreamAggregatedResources gRPC config stream to xds-grpc closed: 16, authentication failure
2022-12-22T04:56:36.516661Z	info	xdsproxy	connected to upstream XDS server: istiod.istio-system.svc:15012
2022-12-22T04:56:36.522157Z	warn	xdsproxy	upstream [51] terminated with unexpected error rpc error: code = Unauthenticated desc = authentication failure
2022-12-22T04:56:36.522947Z	warning	envoy config	StreamAggregatedResources gRPC config stream to xds-grpc closed: 16, authentication failure
2022-12-22T04:56:43.407921Z	info	xdsproxy	connected to upstream XDS server: istiod.istio-system.svc:15012
2022-12-22T04:56:43.412556Z	warn	xdsproxy	upstream [52] terminated with unexpected error rpc error: code = Unauthenticated desc = authentication failure
2022-12-22T04:56:43.413040Z	warning	envoy config	StreamAggregatedResources gRPC config stream to xds-grpc closed: 16, authentication failure
2022-12-22T04:57:13.109046Z	info	xdsproxy	connected to upstream XDS server: istiod.istio-system.svc:15012
2022-12-22T04:57:13.114795Z	warn	xdsproxy	upstream [53] terminated with unexpected error rpc error: code = Unauthenticated desc = authentication failure
2022-12-22T04:57:13.115366Z	warning	envoy config	StreamAggregatedResources gRPC config stream to xds-grpc closed: 16, authentication failure
2022-12-22T04:57:28.643411Z	info	xdsproxy	connected to upstream XDS server: istiod.istio-system.svc:15012
2022-12-22T04:57:28.649210Z	warn	xdsproxy	upstream [54] terminated with unexpected error rpc error: code = Unauthenticated desc = authentication failure
2022-12-22T04:57:28.649944Z	warning	envoy config	StreamAggregatedResources gRPC config stream to xds-grpc closed: 16, authentication failure
2022-12-22T04:57:43.760243Z	info	xdsproxy	connected to upstream XDS server: istiod.istio-system.svc:15012
2022-12-22T04:57:43.765773Z	warn	xdsproxy	upstream [55] terminated with unexpected error rpc error: code = Unauthenticated desc = authentication failure
2022-12-22T04:57:43.766478Z	warning	envoy config	StreamAggregatedResources gRPC config stream to xds-grpc closed: 16, authentication failure
2022-12-22T04:57:54.025458Z	info	xdsproxy	connected to upstream XDS server: istiod.istio-system.svc:15012
2022-12-22T04:57:54.030362Z	warn	xdsproxy	upstream [56] terminated with unexpected error rpc error: code = Unauthenticated desc = authentication failure
2022-12-22T04:57:54.030960Z	warning	envoy config	StreamAggregatedResources gRPC config stream to xds-grpc closed: 16, authentication failure
2022-12-22T04:58:16.766848Z	info	xdsproxy	connected to upstream XDS server: istiod.istio-system.svc:15012
2022-12-22T04:58:16.772779Z	warn	xdsproxy	upstream [57] terminated with unexpected error rpc error: code = Unauthenticated desc = authentication failure
2022-12-22T04:58:16.773418Z	warning	envoy config	StreamAggregatedResources gRPC config stream to xds-grpc closed: 16, authentication failure
2022-12-22T04:58:25.146914Z	info	xdsproxy	connected to upstream XDS server: istiod.istio-system.svc:15012
2022-12-22T04:58:25.151465Z	warn	xdsproxy	upstream [58] terminated with unexpected error rpc error: code = Unauthenticated desc = authentication failure
2022-12-22T04:58:25.152167Z	warning	envoy config	StreamAggregatedResources gRPC config stream to xds-grpc closed: 16, authentication failure
2022-12-22T04:58:29.780144Z	info	xdsproxy	connected to upstream XDS server: istiod.istio-system.svc:15012
2022-12-22T04:58:29.785155Z	warn	xdsproxy	upstream [59] terminated with unexpected error rpc error: code = Unauthenticated desc = authentication failure
2022-12-22T04:58:29.785849Z	warning	envoy config	StreamAggregatedResources gRPC config stream to xds-grpc closed: 16, authentication failure
2022-12-22T04:58:51.504346Z	info	xdsproxy	connected to upstream XDS server: istiod.istio-system.svc:15012
2022-12-22T04:58:51.508693Z	warn	xdsproxy	upstream [60] terminated with unexpected error rpc error: code = Unauthenticated desc = authentication failure
2022-12-22T04:58:51.509159Z	warning	envoy config	StreamAggregatedResources gRPC config stream to xds-grpc closed: 16, authentication failure
2022-12-22T04:58:54.635764Z	info	xdsproxy	connected to upstream XDS server: istiod.istio-system.svc:15012
2022-12-22T04:58:54.641370Z	warn	xdsproxy	upstream [61] terminated with unexpected error rpc error: code = Unauthenticated desc = authentication failure
2022-12-22T04:58:54.641931Z	warning	envoy config	StreamAggregatedResources gRPC config stream to xds-grpc closed: 16, authentication failure
2022-12-22T04:58:56.941688Z	info	xdsproxy	connected to upstream XDS server: istiod.istio-system.svc:15012
2022-12-22T04:58:56.946091Z	warn	xdsproxy	upstream [62] terminated with unexpected error rpc error: code = Unauthenticated desc = authentication failure
2022-12-22T04:58:56.947219Z	warning	envoy config	StreamAggregatedResources gRPC config stream to xds-grpc closed: 16, authentication failure
2022-12-22T04:59:18.085465Z	info	xdsproxy	connected to upstream XDS server: istiod.istio-system.svc:15012
2022-12-22T04:59:18.090374Z	warn	xdsproxy	upstream [63] terminated with unexpected error rpc error: code = Unauthenticated desc = authentication failure
2022-12-22T04:59:18.090900Z	warning	envoy config	StreamAggregatedResources gRPC config stream to xds-grpc closed: 16, authentication failure
2022-12-22T04:59:47.322074Z	info	xdsproxy	connected to upstream XDS server: istiod.istio-system.svc:15012
2022-12-22T04:59:47.330461Z	warn	xdsproxy	upstream [64] terminated with unexpected error rpc error: code = Unauthenticated desc = authentication failure
2022-12-22T04:59:47.331156Z	warning	envoy config	StreamAggregatedResources gRPC config stream to xds-grpc closed: 16, authentication failure
2022-12-22T05:00:02.359537Z	info	xdsproxy	connected to upstream XDS server: istiod.istio-system.svc:15012
2022-12-22T05:00:02.364932Z	warn	xdsproxy	upstream [65] terminated with unexpected error rpc error: code = Unauthenticated desc = authentication failure
2022-12-22T05:00:02.365661Z	warning	envoy config	StreamAggregatedResources gRPC config stream to xds-grpc closed: 16, authentication failure
2022-12-22T05:00:28.338177Z	info	xdsproxy	connected to upstream XDS server: istiod.istio-system.svc:15012
2022-12-22T05:00:28.342657Z	warn	xdsproxy	upstream [66] terminated with unexpected error rpc error: code = Unauthenticated desc = authentication failure
2022-12-22T05:00:28.343439Z	warning	envoy config	StreamAggregatedResources gRPC config stream to xds-grpc closed: 16, authentication failure
2022-12-22T05:00:43.213470Z	info	xdsproxy	connected to upstream XDS server: istiod.istio-system.svc:15012
2022-12-22T05:00:43.218606Z	warn	xdsproxy	upstream [67] terminated with unexpected error rpc error: code = Unauthenticated desc = authentication failure
2022-12-22T05:00:43.220289Z	warning	envoy config	StreamAggregatedResources gRPC config stream to xds-grpc closed: 16, authentication failure
2022-12-22T05:00:54.984079Z	info	xdsproxy	connected to upstream XDS server: istiod.istio-system.svc:15012
2022-12-22T05:00:54.990450Z	warn	xdsproxy	upstream [68] terminated with unexpected error rpc error: code = Unauthenticated desc = authentication failure
2022-12-22T05:00:54.991011Z	warning	envoy config	StreamAggregatedResources gRPC config stream to xds-grpc closed: 16, authentication failure
2022-12-22T05:01:23.508167Z	info	xdsproxy	connected to upstream XDS server: istiod.istio-system.svc:15012
2022-12-22T05:01:23.513651Z	warn	xdsproxy	upstream [69] terminated with unexpected error rpc error: code = Unauthenticated desc = authentication failure
2022-12-22T05:01:23.514332Z	warning	envoy config	StreamAggregatedResources gRPC config stream to xds-grpc closed: 16, authentication failure
2022-12-22T05:01:26.084978Z	info	xdsproxy	connected to upstream XDS server: istiod.istio-system.svc:15012
2022-12-22T05:01:26.090371Z	warn	xdsproxy	upstream [70] terminated with unexpected error rpc error: code = Unauthenticated desc = authentication failure
2022-12-22T05:01:26.090937Z	warning	envoy config	StreamAggregatedResources gRPC config stream to xds-grpc closed: 16, authentication failure
2022-12-22T05:01:43.858616Z	info	xdsproxy	connected to upstream XDS server: istiod.istio-system.svc:15012
2022-12-22T05:01:43.863252Z	warn	xdsproxy	upstream [71] terminated with unexpected error rpc error: code = Unauthenticated desc = authentication failure
2022-12-22T05:01:43.863865Z	warning	envoy config	StreamAggregatedResources gRPC config stream to xds-grpc closed: 16, authentication failure
2022-12-22T05:01:54.098952Z	info	xdsproxy	connected to upstream XDS server: istiod.istio-system.svc:15012
2022-12-22T05:01:54.104499Z	warn	xdsproxy	upstream [72] terminated with unexpected error rpc error: code = Unauthenticated desc = authentication failure
2022-12-22T05:01:54.105754Z	warning	envoy config	StreamAggregatedResources gRPC config stream to xds-grpc closed: 16, authentication failure
2022-12-22T05:02:23.609686Z	info	xdsproxy	connected to upstream XDS server: istiod.istio-system.svc:15012
2022-12-22T05:02:23.615500Z	warn	xdsproxy	upstream [73] terminated with unexpected error rpc error: code = Unauthenticated desc = authentication failure
2022-12-22T05:02:23.615986Z	warning	envoy config	StreamAggregatedResources gRPC config stream to xds-grpc closed: 16, authentication failure
2022-12-22T05:02:52.570539Z	info	xdsproxy	connected to upstream XDS server: istiod.istio-system.svc:15012
2022-12-22T05:02:52.575392Z	warn	xdsproxy	upstream [74] terminated with unexpected error rpc error: code = Unauthenticated desc = authentication failure
2022-12-22T05:02:52.576251Z	warning	envoy config	StreamAggregatedResources gRPC config stream to xds-grpc closed: 16, authentication failure
2022-12-22T05:03:22.332573Z	info	xdsproxy	connected to upstream XDS server: istiod.istio-system.svc:15012
2022-12-22T05:03:22.337940Z	warn	xdsproxy	upstream [75] terminated with unexpected error rpc error: code = Unauthenticated desc = authentication failure
2022-12-22T05:03:22.338495Z	warning	envoy config	StreamAggregatedResources gRPC config stream to xds-grpc closed: 16, authentication failure
2022-12-22T05:03:25.929967Z	info	xdsproxy	connected to upstream XDS server: istiod.istio-system.svc:15012
2022-12-22T05:03:25.936590Z	warn	xdsproxy	upstream [76] terminated with unexpected error rpc error: code = Unauthenticated desc = authentication failure
2022-12-22T05:03:25.937071Z	warning	envoy config	StreamAggregatedResources gRPC config stream to xds-grpc closed: 16, authentication failure
2022-12-22T05:03:41.511081Z	info	xdsproxy	connected to upstream XDS server: istiod.istio-system.svc:15012
2022-12-22T05:03:41.515528Z	warn	xdsproxy	upstream [77] terminated with unexpected error rpc error: code = Unauthenticated desc = authentication failure
2022-12-22T05:03:41.516077Z	warning	envoy config	StreamAggregatedResources gRPC config stream to xds-grpc closed: 16, authentication failure
2022-12-22T05:04:01.479495Z	info	xdsproxy	connected to upstream XDS server: istiod.istio-system.svc:15012
2022-12-22T05:04:01.486256Z	warn	xdsproxy	upstream [78] terminated with unexpected error rpc error: code = Unauthenticated desc = authentication failure
2022-12-22T05:04:01.489774Z	warning	envoy config	StreamAggregatedResources gRPC config stream to xds-grpc closed: 16, authentication failure
2022-12-22T05:04:06.738460Z	info	xdsproxy	connected to upstream XDS server: istiod.istio-system.svc:15012
2022-12-22T05:04:06.742346Z	warn	xdsproxy	upstream [79] terminated with unexpected error rpc error: code = Unauthenticated desc = authentication failure
2022-12-22T05:04:06.742949Z	warning	envoy config	StreamAggregatedResources gRPC config stream to xds-grpc closed: 16, authentication failure
2022-12-22T05:04:28.691755Z	info	xdsproxy	connected to upstream XDS server: istiod.istio-system.svc:15012
2022-12-22T05:04:28.695420Z	warn	xdsproxy	upstream [80] terminated with unexpected error rpc error: code = Unauthenticated desc = authentication failure
2022-12-22T05:04:28.696100Z	warning	envoy config	StreamAggregatedResources gRPC config stream to xds-grpc closed: 16, authentication failure
2022-12-22T05:04:53.209879Z	info	xdsproxy	connected to upstream XDS server: istiod.istio-system.svc:15012
2022-12-22T05:04:53.216417Z	warn	xdsproxy	upstream [81] terminated with unexpected error rpc error: code = Unauthenticated desc = authentication failure
2022-12-22T05:04:53.216946Z	warning	envoy config	StreamAggregatedResources gRPC config stream to xds-grpc closed: 16, authentication failure
2022-12-22T05:05:22.578446Z	info	xdsproxy	connected to upstream XDS server: istiod.istio-system.svc:15012
2022-12-22T05:05:22.584311Z	warn	xdsproxy	upstream [82] terminated with unexpected error rpc error: code = Unauthenticated desc = authentication failure
2022-12-22T05:05:22.584728Z	warning	envoy config	StreamAggregatedResources gRPC config stream to xds-grpc closed: 16, authentication failure
2022-12-22T05:05:25.215338Z	info	xdsproxy	connected to upstream XDS server: istiod.istio-system.svc:15012
2022-12-22T05:05:25.219343Z	warn	xdsproxy	upstream [83] terminated with unexpected error rpc error: code = Unauthenticated desc = authentication failure
2022-12-22T05:05:25.219980Z	warning	envoy config	StreamAggregatedResources gRPC config stream to xds-grpc closed: 16, authentication failure
2022-12-22T05:05:34.855641Z	info	xdsproxy	connected to upstream XDS server: istiod.istio-system.svc:15012
2022-12-22T05:05:34.862997Z	warn	xdsproxy	upstream [84] terminated with unexpected error rpc error: code = Unauthenticated desc = authentication failure
2022-12-22T05:05:34.863611Z	warning	envoy config	StreamAggregatedResources gRPC config stream to xds-grpc closed: 16, authentication failure
2022-12-22T05:05:35.971574Z	info	xdsproxy	connected to upstream XDS server: istiod.istio-system.svc:15012
2022-12-22T05:05:35.977359Z	warn	xdsproxy	upstream [85] terminated with unexpected error rpc error: code = Unauthenticated desc = authentication failure
2022-12-22T05:05:35.977997Z	warning	envoy config	StreamAggregatedResources gRPC config stream to xds-grpc closed: 16, authentication failure
2022-12-22T05:05:44.860594Z	info	xdsproxy	connected to upstream XDS server: istiod.istio-system.svc:15012
2022-12-22T05:05:44.866282Z	warn	xdsproxy	upstream [86] terminated with unexpected error rpc error: code = Unauthenticated desc = authentication failure
2022-12-22T05:05:44.866948Z	warning	envoy config	StreamAggregatedResources gRPC config stream to xds-grpc closed: 16, authentication failure
2022-12-22T05:05:50.266398Z	info	xdsproxy	connected to upstream XDS server: istiod.istio-system.svc:15012
2022-12-22T05:05:50.272300Z	warn	xdsproxy	upstream [87] terminated with unexpected error rpc error: code = Unauthenticated desc = authentication failure
2022-12-22T05:05:50.272773Z	warning	envoy config	StreamAggregatedResources gRPC config stream to xds-grpc closed: 16, authentication failure
2022-12-22T05:06:13.269859Z	info	xdsproxy	connected to upstream XDS server: istiod.istio-system.svc:15012
2022-12-22T05:06:13.275994Z	warn	xdsproxy	upstream [88] terminated with unexpected error rpc error: code = Unauthenticated desc = authentication failure
2022-12-22T05:06:13.276538Z	warning	envoy config	StreamAggregatedResources gRPC config stream to xds-grpc closed: 16, authentication failure
2022-12-22T05:06:33.332572Z	info	xdsproxy	connected to upstream XDS server: istiod.istio-system.svc:15012
2022-12-22T05:06:33.336691Z	warn	xdsproxy	upstream [89] terminated with unexpected error rpc error: code = Unauthenticated desc = authentication failure
2022-12-22T05:06:33.337075Z	warning	envoy config	StreamAggregatedResources gRPC config stream to xds-grpc closed: 16, authentication failure
2022-12-22T05:06:45.593928Z	info	xdsproxy	connected to upstream XDS server: istiod.istio-system.svc:15012
2022-12-22T05:06:45.600972Z	warn	xdsproxy	upstream [90] terminated with unexpected error rpc error: code = Unauthenticated desc = authentication failure
2022-12-22T05:06:45.601597Z	warning	envoy config	StreamAggregatedResources gRPC config stream to xds-grpc closed: 16, authentication failure
2022-12-22T05:07:02.821808Z	info	xdsproxy	connected to upstream XDS server: istiod.istio-system.svc:15012
2022-12-22T05:07:02.828130Z	warn	xdsproxy	upstream [91] terminated with unexpected error rpc error: code = Unauthenticated desc = authentication failure
2022-12-22T05:07:02.828669Z	warning	envoy config	StreamAggregatedResources gRPC config stream to xds-grpc closed: 16, authentication failure
2022-12-22T05:07:12.022754Z	info	xdsproxy	connected to upstream XDS server: istiod.istio-system.svc:15012
2022-12-22T05:07:12.028357Z	warn	xdsproxy	upstream [92] terminated with unexpected error rpc error: code = Unauthenticated desc = authentication failure
2022-12-22T05:07:12.029404Z	warning	envoy config	StreamAggregatedResources gRPC config stream to xds-grpc closed: 16, authentication failure
2022-12-22T05:07:34.101707Z	info	xdsproxy	connected to upstream XDS server: istiod.istio-system.svc:15012
2022-12-22T05:07:34.105692Z	warn	xdsproxy	upstream [93] terminated with unexpected error rpc error: code = Unauthenticated desc = authentication failure
2022-12-22T05:07:34.106568Z	warning	envoy config	StreamAggregatedResources gRPC config stream to xds-grpc closed: 16, authentication failure
2022-12-22T05:07:57.706088Z	info	xdsproxy	connected to upstream XDS server: istiod.istio-system.svc:15012
2022-12-22T05:07:57.711200Z	warn	xdsproxy	upstream [94] terminated with unexpected error rpc error: code = Unauthenticated desc = authentication failure
2022-12-22T05:07:57.711682Z	warning	envoy config	StreamAggregatedResources gRPC config stream to xds-grpc closed: 16, authentication failure
2022-12-22T05:08:02.509232Z	info	xdsproxy	connected to upstream XDS server: istiod.istio-system.svc:15012
2022-12-22T05:08:02.514560Z	warn	xdsproxy	upstream [95] terminated with unexpected error rpc error: code = Unauthenticated desc = authentication failure
2022-12-22T05:08:02.516416Z	warning	envoy config	StreamAggregatedResources gRPC config stream to xds-grpc closed: 16, authentication failure
2022-12-22T05:08:09.731178Z	info	xdsproxy	connected to upstream XDS server: istiod.istio-system.svc:15012
2022-12-22T05:08:09.737134Z	warn	xdsproxy	upstream [96] terminated with unexpected error rpc error: code = Unauthenticated desc = authentication failure
2022-12-22T05:08:09.737688Z	warning	envoy config	StreamAggregatedResources gRPC config stream to xds-grpc closed: 16, authentication failure
2022-12-22T05:08:22.437259Z	info	xdsproxy	connected to upstream XDS server: istiod.istio-system.svc:15012
2022-12-22T05:08:22.440645Z	warn	xdsproxy	upstream [97] terminated with unexpected error rpc error: code = Unauthenticated desc = authentication failure
2022-12-22T05:08:22.441249Z	warning	envoy config	StreamAggregatedResources gRPC config stream to xds-grpc closed: 16, authentication failure
2022-12-22T05:08:44.087733Z	info	xdsproxy	connected to upstream XDS server: istiod.istio-system.svc:15012
2022-12-22T05:08:44.094337Z	warn	xdsproxy	upstream [98] terminated with unexpected error rpc error: code = Unauthenticated desc = authentication failure
2022-12-22T05:08:44.094755Z	warning	envoy config	StreamAggregatedResources gRPC config stream to xds-grpc closed: 16, authentication failure
2022-12-22T05:09:02.056974Z	info	xdsproxy	connected to upstream XDS server: istiod.istio-system.svc:15012
2022-12-22T05:09:02.061243Z	warn	xdsproxy	upstream [99] terminated with unexpected error rpc error: code = Unauthenticated desc = authentication failure
2022-12-22T05:09:02.061725Z	warning	envoy config	StreamAggregatedResources gRPC config stream to xds-grpc closed: 16, authentication failure
2022-12-22T05:09:30.635917Z	info	xdsproxy	connected to upstream XDS server: istiod.istio-system.svc:15012
2022-12-22T05:09:30.642027Z	warn	xdsproxy	upstream [100] terminated with unexpected error rpc error: code = Unauthenticated desc = authentication failure
2022-12-22T05:09:30.642756Z	warning	envoy config	StreamAggregatedResources gRPC config stream to xds-grpc closed: 16, authentication failure
2022-12-22T05:09:54.784330Z	info	xdsproxy	connected to upstream XDS server: istiod.istio-system.svc:15012
2022-12-22T05:09:54.790577Z	warning	envoy config	StreamAggregatedResources gRPC config stream to xds-grpc closed: 16, authentication failure
2022-12-22T05:09:54.789939Z	warn	xdsproxy	upstream [101] terminated with unexpected error rpc error: code = Unauthenticated desc = authentication failure
2022-12-22T05:10:10.749101Z	info	xdsproxy	connected to upstream XDS server: istiod.istio-system.svc:15012
2022-12-22T05:10:10.754119Z	warn	xdsproxy	upstream [102] terminated with unexpected error rpc error: code = Unauthenticated desc = authentication failure
2022-12-22T05:10:10.754723Z	warning	envoy config	StreamAggregatedResources gRPC config stream to xds-grpc closed: 16, authentication failure
2022-12-22T05:10:39.451034Z	info	xdsproxy	connected to upstream XDS server: istiod.istio-system.svc:15012
2022-12-22T05:10:39.456796Z	warn	xdsproxy	upstream [103] terminated with unexpected error rpc error: code = Unauthenticated desc = authentication failure
2022-12-22T05:10:39.457248Z	warning	envoy config	StreamAggregatedResources gRPC config stream to xds-grpc closed: 16, authentication failure
2022-12-22T05:11:01.308086Z	info	xdsproxy	connected to upstream XDS server: istiod.istio-system.svc:15012
2022-12-22T05:11:01.312217Z	warn	xdsproxy	upstream [104] terminated with unexpected error rpc error: code = Unauthenticated desc = authentication failure
2022-12-22T05:11:01.312722Z	warning	envoy config	StreamAggregatedResources gRPC config stream to xds-grpc closed: 16, authentication failure
2022-12-22T05:11:09.969716Z	info	xdsproxy	connected to upstream XDS server: istiod.istio-system.svc:15012
2022-12-22T05:11:09.975307Z	warn	xdsproxy	upstream [105] terminated with unexpected error rpc error: code = Unauthenticated desc = authentication failure
2022-12-22T05:11:09.976004Z	warning	envoy config	StreamAggregatedResources gRPC config stream to xds-grpc closed: 16, authentication failure
2022-12-22T05:11:33.620896Z	info	xdsproxy	connected to upstream XDS server: istiod.istio-system.svc:15012
2022-12-22T05:11:33.626409Z	warn	xdsproxy	upstream [106] terminated with unexpected error rpc error: code = Unauthenticated desc = authentication failure
2022-12-22T05:11:33.626865Z	warning	envoy config	StreamAggregatedResources gRPC config stream to xds-grpc closed: 16, authentication failure
2022-12-22T05:11:44.957740Z	info	xdsproxy	connected to upstream XDS server: istiod.istio-system.svc:15012
2022-12-22T05:11:44.962250Z	warn	xdsproxy	upstream [107] terminated with unexpected error rpc error: code = Unauthenticated desc = authentication failure
2022-12-22T05:11:44.963133Z	warning	envoy config	StreamAggregatedResources gRPC config stream to xds-grpc closed: 16, authentication failure
2022-12-22T05:12:06.741939Z	info	xdsproxy	connected to upstream XDS server: istiod.istio-system.svc:15012
2022-12-22T05:12:06.746576Z	warn	xdsproxy	upstream [108] terminated with unexpected error rpc error: code = Unauthenticated desc = authentication failure
2022-12-22T05:12:06.747013Z	warning	envoy config	StreamAggregatedResources gRPC config stream to xds-grpc closed: 16, authentication failure
2022-12-22T05:12:36.190664Z	info	xdsproxy	connected to upstream XDS server: istiod.istio-system.svc:15012
2022-12-22T05:12:36.195777Z	warn	xdsproxy	upstream [109] terminated with unexpected error rpc error: code = Unauthenticated desc = authentication failure
2022-12-22T05:12:36.196474Z	warning	envoy config	StreamAggregatedResources gRPC config stream to xds-grpc closed: 16, authentication failure
2022-12-22T05:12:48.835979Z	info	xdsproxy	connected to upstream XDS server: istiod.istio-system.svc:15012
2022-12-22T05:12:48.841501Z	warn	xdsproxy	upstream [110] terminated with unexpected error rpc error: code = Unauthenticated desc = authentication failure
2022-12-22T05:12:48.842236Z	warning	envoy config	StreamAggregatedResources gRPC config stream to xds-grpc closed: 16, authentication failure
2022-12-22T05:12:58.192780Z	info	xdsproxy	connected to upstream XDS server: istiod.istio-system.svc:15012
2022-12-22T05:12:58.198632Z	warn	xdsproxy	upstream [111] terminated with unexpected error rpc error: code = Unauthenticated desc = authentication failure
2022-12-22T05:12:58.198996Z	warning	envoy config	StreamAggregatedResources gRPC config stream to xds-grpc closed: 16, authentication failure
2022-12-22T05:13:16.616439Z	info	xdsproxy	connected to upstream XDS server: istiod.istio-system.svc:15012
2022-12-22T05:13:16.619808Z	warn	xdsproxy	upstream [112] terminated with unexpected error rpc error: code = Unauthenticated desc = authentication failure
2022-12-22T05:13:16.620451Z	warning	envoy config	StreamAggregatedResources gRPC config stream to xds-grpc closed: 16, authentication failure
2022-12-22T05:13:35.886965Z	info	xdsproxy	connected to upstream XDS server: istiod.istio-system.svc:15012
2022-12-22T05:13:35.891492Z	warn	xdsproxy	upstream [113] terminated with unexpected error rpc error: code = Unauthenticated desc = authentication failure
2022-12-22T05:13:35.892364Z	warning	envoy config	StreamAggregatedResources gRPC config stream to xds-grpc closed: 16, authentication failure
2022-12-22T05:13:50.452318Z	info	xdsproxy	connected to upstream XDS server: istiod.istio-system.svc:15012
2022-12-22T05:13:50.462813Z	warn	xdsproxy	upstream [114] terminated with unexpected error rpc error: code = Unauthenticated desc = authentication failure
2022-12-22T05:13:50.463297Z	warning	envoy config	StreamAggregatedResources gRPC config stream to xds-grpc closed: 16, authentication failure
2022-12-22T05:13:50.536066Z	info	xdsproxy	connected to upstream XDS server: istiod.istio-system.svc:15012
2022-12-22T05:13:50.541704Z	warn	xdsproxy	upstream [115] terminated with unexpected error rpc error: code = Unauthenticated desc = authentication failure
2022-12-22T05:13:50.542137Z	warning	envoy config	StreamAggregatedResources gRPC config stream to xds-grpc closed: 16, authentication failure
2022-12-22T05:14:18.463369Z	info	xdsproxy	connected to upstream XDS server: istiod.istio-system.svc:15012
2022-12-22T05:14:18.468072Z	warn	xdsproxy	upstream [116] terminated with unexpected error rpc error: code = Unauthenticated desc = authentication failure
2022-12-22T05:14:18.470143Z	warning	envoy config	StreamAggregatedResources gRPC config stream to xds-grpc closed: 16, authentication failure
2022-12-22T05:14:25.562241Z	info	xdsproxy	connected to upstream XDS server: istiod.istio-system.svc:15012
2022-12-22T05:14:25.567253Z	warn	xdsproxy	upstream [117] terminated with unexpected error rpc error: code = Unauthenticated desc = authentication failure
2022-12-22T05:14:25.567881Z	warning	envoy config	StreamAggregatedResources gRPC config stream to xds-grpc closed: 16, authentication failure
2022-12-22T05:14:44.038794Z	info	xdsproxy	connected to upstream XDS server: istiod.istio-system.svc:15012
2022-12-22T05:14:44.043583Z	warn	xdsproxy	upstream [118] terminated with unexpected error rpc error: code = Unauthenticated desc = authentication failure
2022-12-22T05:14:44.044582Z	warning	envoy config	StreamAggregatedResources gRPC config stream to xds-grpc closed: 16, authentication failure
2022-12-22T05:14:46.794549Z	info	xdsproxy	connected to upstream XDS server: istiod.istio-system.svc:15012
2022-12-22T05:14:46.798624Z	warn	xdsproxy	upstream [119] terminated with unexpected error rpc error: code = Unauthenticated desc = authentication failure
2022-12-22T05:14:46.799517Z	warning	envoy config	StreamAggregatedResources gRPC config stream to xds-grpc closed: 16, authentication failure
2022-12-22T05:15:11.868473Z	info	xdsproxy	connected to upstream XDS server: istiod.istio-system.svc:15012
2022-12-22T05:15:11.874402Z	warn	xdsproxy	upstream [120] terminated with unexpected error rpc error: code = Unauthenticated desc = authentication failure
2022-12-22T05:15:11.874895Z	warning	envoy config	StreamAggregatedResources gRPC config stream to xds-grpc closed: 16, authentication failure
2022-12-22T05:15:41.120135Z	info	xdsproxy	connected to upstream XDS server: istiod.istio-system.svc:15012
2022-12-22T05:15:41.124401Z	warn	xdsproxy	upstream [121] terminated with unexpected error rpc error: code = Unauthenticated desc = authentication failure
2022-12-22T05:15:41.125069Z	warning	envoy config	StreamAggregatedResources gRPC config stream to xds-grpc closed: 16, authentication failure
2022-12-22T05:15:55.129735Z	info	xdsproxy	connected to upstream XDS server: istiod.istio-system.svc:15012
2022-12-22T05:15:55.135322Z	warn	xdsproxy	upstream [122] terminated with unexpected error rpc error: code = Unauthenticated desc = authentication failure
2022-12-22T05:15:55.136301Z	warning	envoy config	StreamAggregatedResources gRPC config stream to xds-grpc closed: 16, authentication failure
2022-12-22T05:16:02.965537Z	info	xdsproxy	connected to upstream XDS server: istiod.istio-system.svc:15012
2022-12-22T05:16:02.971943Z	warn	xdsproxy	upstream [123] terminated with unexpected error rpc error: code = Unauthenticated desc = authentication failure
2022-12-22T05:16:02.972559Z	warning	envoy config	StreamAggregatedResources gRPC config stream to xds-grpc closed: 16, authentication failure
2022-12-22T05:16:23.187170Z	info	xdsproxy	connected to upstream XDS server: istiod.istio-system.svc:15012
2022-12-22T05:16:23.193215Z	warning	envoy config	StreamAggregatedResources gRPC config stream to xds-grpc closed: 16, authentication failure
2022-12-22T05:16:23.192854Z	warn	xdsproxy	upstream [124] terminated with unexpected error rpc error: code = Unauthenticated desc = authentication failure
2022-12-22T05:16:33.827975Z	info	xdsproxy	connected to upstream XDS server: istiod.istio-system.svc:15012
2022-12-22T05:16:33.832096Z	warn	xdsproxy	upstream [125] terminated with unexpected error rpc error: code = Unauthenticated desc = authentication failure
2022-12-22T05:16:33.832669Z	warning	envoy config	StreamAggregatedResources gRPC config stream to xds-grpc closed: 16, authentication failure
2022-12-22T05:16:57.633355Z	info	xdsproxy	connected to upstream XDS server: istiod.istio-system.svc:15012
2022-12-22T05:16:57.637516Z	warn	xdsproxy	upstream [126] terminated with unexpected error rpc error: code = Unauthenticated desc = authentication failure
2022-12-22T05:16:57.638116Z	warning	envoy config	StreamAggregatedResources gRPC config stream to xds-grpc closed: 16, authentication failure
2022-12-22T05:17:15.557644Z	info	xdsproxy	connected to upstream XDS server: istiod.istio-system.svc:15012
2022-12-22T05:17:15.565091Z	warn	xdsproxy	upstream [127] terminated with unexpected error rpc error: code = Unauthenticated desc = authentication failure
2022-12-22T05:17:15.565671Z	warning	envoy config	StreamAggregatedResources gRPC config stream to xds-grpc closed: 16, authentication failure
2022-12-22T05:17:35.897140Z	info	xdsproxy	connected to upstream XDS server: istiod.istio-system.svc:15012
2022-12-22T05:17:35.902615Z	warn	xdsproxy	upstream [128] terminated with unexpected error rpc error: code = Unauthenticated desc = authentication failure
2022-12-22T05:17:35.903544Z	warning	envoy config	StreamAggregatedResources gRPC config stream to xds-grpc closed: 16, authentication failure
2022-12-22T05:18:02.101060Z	info	xdsproxy	connected to upstream XDS server: istiod.istio-system.svc:15012
2022-12-22T05:18:02.106356Z	warn	xdsproxy	upstream [129] terminated with unexpected error rpc error: code = Unauthenticated desc = authentication failure
2022-12-22T05:18:02.107179Z	warning	envoy config	StreamAggregatedResources gRPC config stream to xds-grpc closed: 16, authentication failure
2022-12-22T05:18:20.041570Z	info	xdsproxy	connected to upstream XDS server: istiod.istio-system.svc:15012
2022-12-22T05:18:20.047006Z	warn	xdsproxy	upstream [130] terminated with unexpected error rpc error: code = Unauthenticated desc = authentication failure
2022-12-22T05:18:20.047703Z	warning	envoy config	StreamAggregatedResources gRPC config stream to xds-grpc closed: 16, authentication failure
2022-12-22T05:18:30.419203Z	info	xdsproxy	connected to upstream XDS server: istiod.istio-system.svc:15012
2022-12-22T05:18:30.425169Z	warn	xdsproxy	upstream [131] terminated with unexpected error rpc error: code = Unauthenticated desc = authentication failure
2022-12-22T05:18:30.425536Z	warning	envoy config	StreamAggregatedResources gRPC config stream to xds-grpc closed: 16, authentication failure
2022-12-22T05:18:53.634064Z	info	xdsproxy	connected to upstream XDS server: istiod.istio-system.svc:15012
2022-12-22T05:18:53.637850Z	warn	xdsproxy	upstream [132] terminated with unexpected error rpc error: code = Unauthenticated desc = authentication failure
2022-12-22T05:18:53.638328Z	warning	envoy config	StreamAggregatedResources gRPC config stream to xds-grpc closed: 16, authentication failure
2022-12-22T05:19:15.153664Z	info	xdsproxy	connected to upstream XDS server: istiod.istio-system.svc:15012
2022-12-22T05:19:15.157719Z	warn	xdsproxy	upstream [133] terminated with unexpected error rpc error: code = Unauthenticated desc = authentication failure
2022-12-22T05:19:15.158203Z	warning	envoy config	StreamAggregatedResources gRPC config stream to xds-grpc closed: 16, authentication failure
2022-12-22T05:19:33.315676Z	info	xdsproxy	connected to upstream XDS server: istiod.istio-system.svc:15012
2022-12-22T05:19:33.348951Z	warn	xdsproxy	upstream [134] terminated with unexpected error rpc error: code = Unauthenticated desc = authentication failure
2022-12-22T05:19:33.350093Z	warning	envoy config	StreamAggregatedResources gRPC config stream to xds-grpc closed: 16, authentication failure
2022-12-22T05:19:51.823001Z	info	xdsproxy	connected to upstream XDS server: istiod.istio-system.svc:15012
2022-12-22T05:19:51.826615Z	warn	xdsproxy	upstream [135] terminated with unexpected error rpc error: code = Unauthenticated desc = authentication failure
2022-12-22T05:19:51.827364Z	warning	envoy config	StreamAggregatedResources gRPC config stream to xds-grpc closed: 16, authentication failure
2022-12-22T05:20:18.183530Z	info	xdsproxy	connected to upstream XDS server: istiod.istio-system.svc:15012
2022-12-22T05:20:18.190471Z	warn	xdsproxy	upstream [136] terminated with unexpected error rpc error: code = Unauthenticated desc = authentication failure
2022-12-22T05:20:18.191220Z	warning	envoy config	StreamAggregatedResources gRPC config stream to xds-grpc closed: 16, authentication failure
2022-12-22T05:20:33.288588Z	info	xdsproxy	connected to upstream XDS server: istiod.istio-system.svc:15012
2022-12-22T05:20:33.299021Z	warn	xdsproxy	upstream [137] terminated with unexpected error rpc error: code = Unauthenticated desc = authentication failure
2022-12-22T05:20:33.299716Z	warning	envoy config	StreamAggregatedResources gRPC config stream to xds-grpc closed: 16, authentication failure
2022-12-22T05:21:02.591971Z	info	xdsproxy	connected to upstream XDS server: istiod.istio-system.svc:15012
2022-12-22T05:21:02.601860Z	warn	xdsproxy	upstream [138] terminated with unexpected error rpc error: code = Unauthenticated desc = authentication failure
2022-12-22T05:21:02.602820Z	warning	envoy config	StreamAggregatedResources gRPC config stream to xds-grpc closed: 16, authentication failure
2022-12-22T05:21:23.569140Z	info	xdsproxy	connected to upstream XDS server: istiod.istio-system.svc:15012
2022-12-22T05:21:23.572948Z	warn	xdsproxy	upstream [139] terminated with unexpected error rpc error: code = Unauthenticated desc = authentication failure
2022-12-22T05:21:23.573447Z	warning	envoy config	StreamAggregatedResources gRPC config stream to xds-grpc closed: 16, authentication failure
2022-12-22T05:21:38.609569Z	info	xdsproxy	connected to upstream XDS server: istiod.istio-system.svc:15012
2022-12-22T05:21:38.614086Z	warn	xdsproxy	upstream [140] terminated with unexpected error rpc error: code = Unauthenticated desc = authentication failure
2022-12-22T05:21:38.614737Z	warning	envoy config	StreamAggregatedResources gRPC config stream to xds-grpc closed: 16, authentication failure
2022-12-22T05:22:06.542057Z	info	xdsproxy	connected to upstream XDS server: istiod.istio-system.svc:15012
2022-12-22T05:22:06.546667Z	warn	xdsproxy	upstream [141] terminated with unexpected error rpc error: code = Unauthenticated desc = authentication failure
2022-12-22T05:22:06.547310Z	warning	envoy config	StreamAggregatedResources gRPC config stream to xds-grpc closed: 16, authentication failure
2022-12-22T05:22:15.234078Z	info	xdsproxy	connected to upstream XDS server: istiod.istio-system.svc:15012
2022-12-22T05:22:15.255582Z	warn	xdsproxy	upstream [142] terminated with unexpected error rpc error: code = Unauthenticated desc = authentication failure
2022-12-22T05:22:15.256545Z	warning	envoy config	StreamAggregatedResources gRPC config stream to xds-grpc closed: 16, authentication failure
2022-12-22T05:22:37.547059Z	info	xdsproxy	connected to upstream XDS server: istiod.istio-system.svc:15012
2022-12-22T05:22:37.552155Z	warn	xdsproxy	upstream [143] terminated with unexpected error rpc error: code = Unauthenticated desc = authentication failure
2022-12-22T05:22:37.552803Z	warning	envoy config	StreamAggregatedResources gRPC config stream to xds-grpc closed: 16, authentication failure
2022-12-22T05:22:45.664882Z	info	xdsproxy	connected to upstream XDS server: istiod.istio-system.svc:15012
2022-12-22T05:22:45.669969Z	warn	xdsproxy	upstream [144] terminated with unexpected error rpc error: code = Unauthenticated desc = authentication failure
2022-12-22T05:22:45.670688Z	warning	envoy config	StreamAggregatedResources gRPC config stream to xds-grpc closed: 16, authentication failure
2022-12-22T05:23:09.841969Z	info	xdsproxy	connected to upstream XDS server: istiod.istio-system.svc:15012
2022-12-22T05:23:09.845303Z	warn	xdsproxy	upstream [145] terminated with unexpected error rpc error: code = Unauthenticated desc = authentication failure
2022-12-22T05:23:09.845908Z	warning	envoy config	StreamAggregatedResources gRPC config stream to xds-grpc closed: 16, authentication failure
2022-12-22T05:23:27.681985Z	info	xdsproxy	connected to upstream XDS server: istiod.istio-system.svc:15012
2022-12-22T05:23:27.688385Z	warn	xdsproxy	upstream [146] terminated with unexpected error rpc error: code = Unauthenticated desc = authentication failure
2022-12-22T05:23:27.689292Z	warning	envoy config	StreamAggregatedResources gRPC config stream to xds-grpc closed: 16, authentication failure
2022-12-22T05:23:46.317968Z	info	xdsproxy	connected to upstream XDS server: istiod.istio-system.svc:15012
2022-12-22T05:23:46.324314Z	warn	xdsproxy	upstream [147] terminated with unexpected error rpc error: code = Unauthenticated desc = authentication failure
2022-12-22T05:23:46.324989Z	warning	envoy config	StreamAggregatedResources gRPC config stream to xds-grpc closed: 16, authentication failure
2022-12-22T05:24:12.858685Z	info	xdsproxy	connected to upstream XDS server: istiod.istio-system.svc:15012
2022-12-22T05:24:12.862681Z	warn	xdsproxy	upstream [148] terminated with unexpected error rpc error: code = Unauthenticated desc = authentication failure
2022-12-22T05:24:12.863186Z	warning	envoy config	StreamAggregatedResources gRPC config stream to xds-grpc closed: 16, authentication failure
2022-12-22T05:24:31.846661Z	info	xdsproxy	connected to upstream XDS server: istiod.istio-system.svc:15012
2022-12-22T05:24:31.852797Z	warn	xdsproxy	upstream [149] terminated with unexpected error rpc error: code = Unauthenticated desc = authentication failure
2022-12-22T05:24:31.853349Z	warning	envoy config	StreamAggregatedResources gRPC config stream to xds-grpc closed: 16, authentication failure
2022-12-22T05:24:49.428544Z	info	xdsproxy	connected to upstream XDS server: istiod.istio-system.svc:15012
2022-12-22T05:24:49.435526Z	warning	envoy config	StreamAggregatedResources gRPC config stream to xds-grpc closed: 16, authentication failure
2022-12-22T05:24:49.434969Z	warn	xdsproxy	upstream [150] terminated with unexpected error rpc error: code = Unauthenticated desc = authentication failure
2022-12-22T05:24:56.900851Z	info	xdsproxy	connected to upstream XDS server: istiod.istio-system.svc:15012
2022-12-22T05:24:56.904981Z	warn	xdsproxy	upstream [151] terminated with unexpected error rpc error: code = Unauthenticated desc = authentication failure
2022-12-22T05:24:56.905642Z	warning	envoy config	StreamAggregatedResources gRPC config stream to xds-grpc closed: 16, authentication failure
2022-12-22T05:25:08.178362Z	info	xdsproxy	connected to upstream XDS server: istiod.istio-system.svc:15012
2022-12-22T05:25:08.185940Z	warn	xdsproxy	upstream [152] terminated with unexpected error rpc error: code = Unauthenticated desc = authentication failure
2022-12-22T05:25:08.186474Z	warning	envoy config	StreamAggregatedResources gRPC config stream to xds-grpc closed: 16, authentication failure
2022-12-22T05:25:09.857757Z	info	xdsproxy	connected to upstream XDS server: istiod.istio-system.svc:15012
2022-12-22T05:25:09.861431Z	warn	xdsproxy	upstream [153] terminated with unexpected error rpc error: code = Unauthenticated desc = authentication failure
2022-12-22T05:25:09.861849Z	warning	envoy config	StreamAggregatedResources gRPC config stream to xds-grpc closed: 16, authentication failure
2022-12-22T05:25:39.775780Z	info	xdsproxy	connected to upstream XDS server: istiod.istio-system.svc:15012
2022-12-22T05:25:39.781387Z	warn	xdsproxy	upstream [154] terminated with unexpected error rpc error: code = Unauthenticated desc = authentication failure
2022-12-22T05:25:39.781872Z	warning	envoy config	StreamAggregatedResources gRPC config stream to xds-grpc closed: 16, authentication failure
2022-12-22T05:25:45.456759Z	info	xdsproxy	connected to upstream XDS server: istiod.istio-system.svc:15012
2022-12-22T05:25:45.462136Z	warn	xdsproxy	upstream [155] terminated with unexpected error rpc error: code = Unauthenticated desc = authentication failure
2022-12-22T05:25:45.462969Z	warning	envoy config	StreamAggregatedResources gRPC config stream to xds-grpc closed: 16, authentication failure
2022-12-22T05:26:14.424345Z	info	xdsproxy	connected to upstream XDS server: istiod.istio-system.svc:15012
2022-12-22T05:26:14.430174Z	warn	xdsproxy	upstream [156] terminated with unexpected error rpc error: code = Unauthenticated desc = authentication failure
2022-12-22T05:26:14.430740Z	warning	envoy config	StreamAggregatedResources gRPC config stream to xds-grpc closed: 16, authentication failure
2022-12-22T05:26:43.718709Z	info	xdsproxy	connected to upstream XDS server: istiod.istio-system.svc:15012
2022-12-22T05:26:43.724016Z	warn	xdsproxy	upstream [157] terminated with unexpected error rpc error: code = Unauthenticated desc = authentication failure
2022-12-22T05:26:43.724487Z	warning	envoy config	StreamAggregatedResources gRPC config stream to xds-grpc closed: 16, authentication failure
2022-12-22T05:27:03.592549Z	info	xdsproxy	connected to upstream XDS server: istiod.istio-system.svc:15012
2022-12-22T05:27:03.598609Z	warn	xdsproxy	upstream [158] terminated with unexpected error rpc error: code = Unauthenticated desc = authentication failure
2022-12-22T05:27:03.598962Z	warning	envoy config	StreamAggregatedResources gRPC config stream to xds-grpc closed: 16, authentication failure
2022-12-22T05:27:29.637545Z	info	xdsproxy	connected to upstream XDS server: istiod.istio-system.svc:15012
2022-12-22T05:27:29.642307Z	warn	xdsproxy	upstream [159] terminated with unexpected error rpc error: code = Unauthenticated desc = authentication failure
2022-12-22T05:27:29.643242Z	warning	envoy config	StreamAggregatedResources gRPC config stream to xds-grpc closed: 16, authentication failure
