2022-12-22T03:24:08.543423Z	info	FLAG: --concurrency="0"
2022-12-22T03:24:08.543479Z	info	FLAG: --domain=""
2022-12-22T03:24:08.543487Z	info	FLAG: --help="false"
2022-12-22T03:24:08.543491Z	info	FLAG: --log_as_json="false"
2022-12-22T03:24:08.543494Z	info	FLAG: --log_caller=""
2022-12-22T03:24:08.543497Z	info	FLAG: --log_output_level="all:debug"
2022-12-22T03:24:08.543500Z	info	FLAG: --log_rotate=""
2022-12-22T03:24:08.543503Z	info	FLAG: --log_rotate_max_age="30"
2022-12-22T03:24:08.543506Z	info	FLAG: --log_rotate_max_backups="1000"
2022-12-22T03:24:08.543509Z	info	FLAG: --log_rotate_max_size="104857600"
2022-12-22T03:24:08.543512Z	info	FLAG: --log_stacktrace_level="default:none"
2022-12-22T03:24:08.543526Z	info	FLAG: --log_target="[stdout]"
2022-12-22T03:24:08.543535Z	info	FLAG: --meshConfig="./etc/istio/config/mesh"
2022-12-22T03:24:08.543538Z	info	FLAG: --outlierLogPath=""
2022-12-22T03:24:08.543541Z	info	FLAG: --proxyComponentLogLevel=""
2022-12-22T03:24:08.543544Z	info	FLAG: --proxyLogLevel="trace"
2022-12-22T03:24:08.543547Z	info	FLAG: --serviceCluster="istio-proxy"
2022-12-22T03:24:08.543550Z	info	FLAG: --stsPort="0"
2022-12-22T03:24:08.543553Z	info	FLAG: --templateFile=""
2022-12-22T03:24:08.543556Z	info	FLAG: --tokenManagerPlugin="GoogleTokenExchange"
2022-12-22T03:24:08.543567Z	info	FLAG: --vklog="0"
2022-12-22T03:24:08.543575Z	info	Version 1.16.0-8f2e2dc5d57f6f1f7a453e03ec96ca72b2205783-Clean
2022-12-22T03:24:08.545764Z	info	Maximum file descriptors (ulimit -n): 1024
2022-12-22T03:24:08.545978Z	info	Proxy role	ips=[10.244.0.13 172.16.0.3] type=sidecar id=ubuntu-deployment-6855596d8-h5ff2.vm-ns domain=vm-ns.svc.cluster.local
2022-12-22T03:24:08.546019Z	debug	failed to read pod annotations: open ./etc/istio/pod/annotations: no such file or directory
2022-12-22T03:24:08.546067Z	info	Apply mesh config from file defaultConfig:
  discoveryAddress: istiod.istio-system.svc:15012
  proxyMetadata:
    CANONICAL_REVISION: latest
    CANONICAL_SERVICE: vm-app
    ISTIO_META_CLUSTER_ID: Kubernetes
    ISTIO_META_DNS_CAPTURE: "true"
    ISTIO_META_MESH_ID: ""
    ISTIO_META_NETWORK: ""
    ISTIO_META_WORKLOAD_NAME: vm-app
    ISTIO_METAJSON_LABELS: '{"app":"vm-app","service.istio.io/canonical-name":"vm-app","service.istio.io/canonical-revision":"latest"}'
    POD_NAMESPACE: vm-ns
    SERVICE_ACCOUNT: serviceaccountvm
    TRUST_DOMAIN: cluster.local
  tracing:
    zipkin:
      address: zipkin.istio-system:9411

2022-12-22T03:24:08.548601Z	info	Apply proxy config from env 
serviceCluster: vm-app.vm-ns
controlPlaneAuthPolicy: MUTUAL_TLS

2022-12-22T03:24:08.549366Z	info	Effective config: binaryPath: /usr/local/bin/envoy
concurrency: 2
configPath: ./etc/istio/proxy
controlPlaneAuthPolicy: MUTUAL_TLS
discoveryAddress: istiod.istio-system.svc:15012
drainDuration: 45s
parentShutdownDuration: 60s
proxyAdminPort: 15000
proxyMetadata:
  CANONICAL_REVISION: latest
  CANONICAL_SERVICE: vm-app
  ISTIO_META_CLUSTER_ID: Kubernetes
  ISTIO_META_DNS_CAPTURE: "true"
  ISTIO_META_MESH_ID: ""
  ISTIO_META_NETWORK: ""
  ISTIO_META_WORKLOAD_NAME: vm-app
  ISTIO_METAJSON_LABELS: '{"app":"vm-app","service.istio.io/canonical-name":"vm-app","service.istio.io/canonical-revision":"latest"}'
  POD_NAMESPACE: vm-ns
  SERVICE_ACCOUNT: serviceaccountvm
  TRUST_DOMAIN: cluster.local
serviceCluster: vm-app.vm-ns
statNameLength: 189
statusPort: 15020
terminationDrainDuration: 5s
tracing:
  zipkin:
    address: zipkin.istio-system:9411

2022-12-22T03:24:08.549384Z	info	JWT policy is third-party-jwt
2022-12-22T03:24:08.549389Z	info	using credential fetcher of JWT type in cluster.local trust domain
2022-12-22T03:24:08.552226Z	debug	Error reading sys_vendor in Azure platform detection: open /sys/class/dmi/id/sys_vendor: no such file or directory
2022-12-22T03:24:08.650415Z	debug	error in getting aws info for iam/info : Get "http://169.254.169.254/latest/meta-data/iam/info": context deadline exceeded (Client.Timeout exceeded while awaiting headers)
2022-12-22T03:24:08.774880Z	debug	dns	initialized DNS	search=[] servers=[127.0.0.1:53]
2022-12-22T03:24:08.774977Z	info	dns	Starting local udp DNS server on 127.0.0.1:15053
2022-12-22T03:24:08.774809Z	info	Opening status port 15020
2022-12-22T03:24:08.775266Z	info	dns	Starting local tcp DNS server on 127.0.0.1:15053
2022-12-22T03:24:08.775345Z	info	Workload SDS socket not found. Starting Istio SDS Server
2022-12-22T03:24:08.775388Z	info	CA Endpoint istiod.istio-system.svc:15012, provider Citadel
2022-12-22T03:24:08.775402Z	info	Using CA istiod.istio-system.svc:15012 cert with certs: ./etc/certs/root-cert.pem
2022-12-22T03:24:08.775515Z	info	citadelclient	Citadel client using custom root cert: ./etc/certs/root-cert.pem
2022-12-22T03:24:08.791492Z	info	ads	All caches have been synced up in 254.909558ms, marking server ready
2022-12-22T03:24:08.791916Z	debug	cache	generate secret "default"
2022-12-22T03:24:08.791940Z	info	sds	Starting SDS grpc server
2022-12-22T03:24:08.791930Z	debug	wasm	LocalFileCache is created with the option
wasm.Options{PurgeInterval:3600000000000, ModuleExpiry:86400000000000, InsecureRegistries:sets.Set[string]{"":struct {}{}}, HTTPRequestTimeout:15000000000, HTTPRequestMaxRetries:5}
2022-12-22T03:24:08.791983Z	debug	cache	constructed host name for CSR: spiffe://cluster.local/ns/vm-ns/sa/serviceaccountvm
2022-12-22T03:24:08.791991Z	info	xdsproxy	Initializing with upstream address "istiod.istio-system.svc:15012" and cluster "Kubernetes"
2022-12-22T03:24:08.792513Z	debug	failed to read pod labels: open ./etc/istio/pod/labels: no such file or directory
2022-12-22T03:24:08.792529Z	debug	failed to read pod annotations: open ./etc/istio/pod/annotations: no such file or directory
2022-12-22T03:24:08.793759Z	debug	failed to read pod labels: open ./etc/istio/pod/labels: no such file or directory
2022-12-22T03:24:08.793775Z	debug	failed to read pod annotations: open ./etc/istio/pod/annotations: no such file or directory
2022-12-22T03:24:08.793781Z	info	Pilot SAN: [istiod.istio-system.svc]
2022-12-22T03:24:08.794433Z	info	starting Http service at 127.0.0.1:15004
2022-12-22T03:24:08.794673Z	debug	Add file ./etc/certs/root-cert.pem watcher
2022-12-22T03:24:08.797863Z	warn	citadelclient	cannot parse the cert chain, using token instead: failed to read the cert, error is open etc/certs/cert-chain.pem: no such file or directory
2022-12-22T03:24:08.798271Z	info	Starting proxy agent
2022-12-22T03:24:08.798301Z	info	starting
2022-12-22T03:24:08.798329Z	info	Envoy command: [-c etc/istio/proxy/envoy-rev.json --drain-time-s 45 --drain-strategy immediate --parent-shutdown-time-s 60 --local-address-ip-version v4 --file-flush-interval-msec 1000 --disable-hot-restart --log-format %Y-%m-%dT%T.%fZ	%l	envoy %n	%v -l trace --concurrency 2]
2022-12-22T03:24:08.890385Z	debug	xdsproxy	accepted XDS connection from Envoy, forwarding to upstream XDS server
2022-12-22T03:24:08.908819Z	warn	cannot parse the cert chain, using token instead: failed to read the cert, error is open etc/certs/cert-chain.pem: no such file or directory
2022-12-22T03:24:08.917640Z	info	xdsproxy	connected to upstream XDS server: istiod.istio-system.svc:15012
2022-12-22T03:24:08.984986Z	info	cache	generated new workload certificate	latency=192.993913ms ttl=23h59m59.015028368s
2022-12-22T03:24:08.985030Z	debug	cache	scheduled certificate for rotation in 11h59m59.507489574s	resource=default
2022-12-22T03:24:08.985038Z	info	cache	Root cert has changed, start rotating root cert
2022-12-22T03:24:08.985062Z	info	ads	XDS: Incremental Pushing:0 ConnectedEndpoints:0 Version:
2022-12-22T03:24:08.986236Z	debug	cache	output the resource to ./etc/certs	resource=default
2022-12-22T03:24:08.986254Z	debug	cache	generate secret "ROOTCA"
2022-12-22T03:24:08.986296Z	info	cache	returned workload trust anchor from cache	ttl=23h59m59.013708854s
2022-12-22T03:24:08.986500Z	debug	cache	output the resource to ./etc/certs	resource=ROOTCA
2022-12-22T03:24:08.986727Z	debug	Receive file ./etc/certs/root-cert.pem event "etc/certs/key.pem.tmp.2529709997": RENAME
2022-12-22T03:24:09.118827Z	debug	xdsproxy	request for type url type.googleapis.com/envoy.config.cluster.v3.Cluster
2022-12-22T03:24:09.208748Z	debug	xdsproxy	response for type url type.googleapis.com/envoy.config.cluster.v3.Cluster
2022-12-22T03:24:09.239258Z	debug	xdsproxy	request for type url type.googleapis.com/envoy.config.endpoint.v3.ClusterLoadAssignment
2022-12-22T03:24:09.239303Z	debug	xdsproxy	request for type url type.googleapis.com/envoy.config.cluster.v3.Cluster
2022-12-22T03:24:09.272219Z	debug	xdsproxy	response for type url type.googleapis.com/envoy.config.endpoint.v3.ClusterLoadAssignment
2022-12-22T03:24:09.276296Z	debug	xdsproxy	request for type url type.googleapis.com/envoy.config.endpoint.v3.ClusterLoadAssignment
2022-12-22T03:24:09.276346Z	debug	ads	Unauthenticated XDS: @
2022-12-22T03:24:09.276382Z	debug	ads	Unauthenticated XDS: @
2022-12-22T03:24:09.277354Z	info	ads	ADS: new connection for node:ubuntu-deployment-6855596d8-h5ff2.vm-ns-1
2022-12-22T03:24:09.277398Z	info	ads	ADS: new connection for node:ubuntu-deployment-6855596d8-h5ff2.vm-ns-2
2022-12-22T03:24:09.277399Z	debug	ads	ADS:SDS: REQ ubuntu-deployment-6855596d8-h5ff2.vm-ns-1 resources:1 nonce: version: 
2022-12-22T03:24:09.277425Z	debug	ads	ADS:SDS: INIT/RECONNECT ubuntu-deployment-6855596d8-h5ff2.vm-ns-1  
2022-12-22T03:24:09.277471Z	debug	ads	ADS:SDS: REQ ubuntu-deployment-6855596d8-h5ff2.vm-ns-2 resources:1 nonce: version: 
2022-12-22T03:24:09.277436Z	debug	cache	generate secret "default"
2022-12-22T03:24:09.277480Z	debug	ads	ADS:SDS: INIT/RECONNECT ubuntu-deployment-6855596d8-h5ff2.vm-ns-2  
2022-12-22T03:24:09.277491Z	debug	cache	generate secret "ROOTCA"
2022-12-22T03:24:09.277546Z	info	cache	returned workload trust anchor from cache	ttl=23h59m58.722458709s
2022-12-22T03:24:09.277556Z	info	cache	returned workload certificate from cache	ttl=23h59m58.722451024s
2022-12-22T03:24:09.277566Z	debug	cache	output the resource to ./etc/certs	resource=ROOTCA
2022-12-22T03:24:09.277649Z	debug	cache	output the resource to ./etc/certs	resource=default
2022-12-22T03:24:09.277867Z	info	ads	SDS: PUSH request for node:ubuntu-deployment-6855596d8-h5ff2.vm-ns resources:1 size:1.1kB resource:ROOTCA nonce:1d212e2a-aa73-48cb-819f-fd82713f097b version:
2022-12-22T03:24:09.277952Z	info	ads	SDS: PUSH request for node:ubuntu-deployment-6855596d8-h5ff2.vm-ns resources:1 size:4.0kB resource:default nonce:98e6b349-c0ff-44fd-91a6-3e014a41e827 version:
2022-12-22T03:24:09.284352Z	debug	xdsproxy	request for type url type.googleapis.com/envoy.config.listener.v3.Listener
2022-12-22T03:24:09.284383Z	debug	xdsproxy	request for type url type.googleapis.com/istio.networking.nds.v1.NameTable
2022-12-22T03:24:09.284414Z	debug	ads	ADS:SDS: REQ ubuntu-deployment-6855596d8-h5ff2.vm-ns-1 resources:1 nonce:98e6b349-c0ff-44fd-91a6-3e014a41e827 version: 
2022-12-22T03:24:09.284430Z	debug	ads	ADS:SDS: ACK ubuntu-deployment-6855596d8-h5ff2.vm-ns-1  98e6b349-c0ff-44fd-91a6-3e014a41e827
2022-12-22T03:24:09.284417Z	debug	ads	ADS:SDS: REQ ubuntu-deployment-6855596d8-h5ff2.vm-ns-2 resources:1 nonce:1d212e2a-aa73-48cb-819f-fd82713f097b version: 
2022-12-22T03:24:09.284439Z	debug	ads	ADS:SDS: ACK ubuntu-deployment-6855596d8-h5ff2.vm-ns-2  1d212e2a-aa73-48cb-819f-fd82713f097b
2022-12-22T03:24:09.315486Z	debug	xdsproxy	response for type url type.googleapis.com/envoy.config.listener.v3.Listener
2022-12-22T03:24:09.315560Z	debug	xdsproxy	response for type url type.googleapis.com/istio.networking.nds.v1.NameTable
2022-12-22T03:24:09.316030Z	debug	dns	updated lookup table with 36 hosts
2022-12-22T03:24:09.316059Z	debug	xdsproxy	request for type url type.googleapis.com/istio.networking.nds.v1.NameTable
2022-12-22T03:24:09.370850Z	debug	xdsproxy	request for type url type.googleapis.com/envoy.config.route.v3.RouteConfiguration
2022-12-22T03:24:09.371073Z	debug	xdsproxy	request for type url type.googleapis.com/envoy.config.listener.v3.Listener
2022-12-22T03:24:09.401487Z	debug	xdsproxy	response for type url type.googleapis.com/envoy.config.route.v3.RouteConfiguration
2022-12-22T03:24:09.412873Z	debug	xdsproxy	request for type url type.googleapis.com/envoy.config.route.v3.RouteConfiguration
2022-12-22T03:24:36.415724Z	debug	xdsproxy	response for type url type.googleapis.com/envoy.config.cluster.v3.Cluster
2022-12-22T03:24:36.423171Z	debug	xdsproxy	request for type url type.googleapis.com/envoy.config.endpoint.v3.ClusterLoadAssignment
2022-12-22T03:24:36.430360Z	debug	xdsproxy	response for type url type.googleapis.com/envoy.config.listener.v3.Listener
2022-12-22T03:24:36.436037Z	debug	xdsproxy	response for type url type.googleapis.com/envoy.config.route.v3.RouteConfiguration
2022-12-22T03:24:36.436086Z	debug	xdsproxy	response for type url type.googleapis.com/istio.networking.nds.v1.NameTable
2022-12-22T03:24:36.436160Z	debug	dns	updated lookup table with 39 hosts
2022-12-22T03:24:36.436169Z	debug	xdsproxy	request for type url type.googleapis.com/istio.networking.nds.v1.NameTable
2022-12-22T03:24:36.439237Z	debug	xdsproxy	response for type url type.googleapis.com/envoy.config.endpoint.v3.ClusterLoadAssignment
2022-12-22T03:24:36.452834Z	debug	xdsproxy	request for type url type.googleapis.com/envoy.config.route.v3.RouteConfiguration
2022-12-22T03:24:36.452902Z	debug	xdsproxy	request for type url type.googleapis.com/envoy.config.listener.v3.Listener
2022-12-22T03:24:36.458982Z	debug	xdsproxy	request for type url type.googleapis.com/envoy.config.route.v3.RouteConfiguration
2022-12-22T03:24:36.459013Z	debug	xdsproxy	request for type url type.googleapis.com/envoy.config.cluster.v3.Cluster
2022-12-22T03:24:36.459019Z	debug	xdsproxy	request for type url type.googleapis.com/envoy.config.endpoint.v3.ClusterLoadAssignment
2022-12-22T03:24:36.474388Z	debug	xdsproxy	response for type url type.googleapis.com/envoy.config.route.v3.RouteConfiguration
2022-12-22T03:24:36.475351Z	debug	xdsproxy	request for type url type.googleapis.com/envoy.config.route.v3.RouteConfiguration
2022-12-22T03:24:37.341305Z	debug	xdsproxy	response for type url type.googleapis.com/envoy.config.endpoint.v3.ClusterLoadAssignment
2022-12-22T03:24:37.341930Z	debug	xdsproxy	request for type url type.googleapis.com/envoy.config.endpoint.v3.ClusterLoadAssignment
2022-12-22T03:25:39.785389Z	debug	xdsproxy	response for type url type.googleapis.com/envoy.config.cluster.v3.Cluster
2022-12-22T03:25:39.785443Z	debug	xdsproxy	response for type url type.googleapis.com/envoy.config.endpoint.v3.ClusterLoadAssignment
2022-12-22T03:25:39.791952Z	debug	xdsproxy	request for type url type.googleapis.com/envoy.config.endpoint.v3.ClusterLoadAssignment
2022-12-22T03:25:39.791986Z	debug	xdsproxy	request for type url type.googleapis.com/envoy.config.cluster.v3.Cluster
2022-12-22T03:25:39.791993Z	debug	xdsproxy	request for type url type.googleapis.com/envoy.config.endpoint.v3.ClusterLoadAssignment
2022-12-22T03:25:39.799454Z	debug	xdsproxy	response for type url type.googleapis.com/envoy.config.listener.v3.Listener
2022-12-22T03:25:39.800174Z	debug	xdsproxy	response for type url type.googleapis.com/envoy.config.route.v3.RouteConfiguration
2022-12-22T03:25:39.800334Z	debug	xdsproxy	response for type url type.googleapis.com/istio.networking.nds.v1.NameTable
2022-12-22T03:25:39.800426Z	debug	dns	updated lookup table with 39 hosts
2022-12-22T03:25:39.800437Z	debug	xdsproxy	request for type url type.googleapis.com/istio.networking.nds.v1.NameTable
2022-12-22T03:25:39.809525Z	debug	xdsproxy	request for type url type.googleapis.com/envoy.config.listener.v3.Listener
2022-12-22T03:25:39.809598Z	debug	xdsproxy	request for type url type.googleapis.com/envoy.config.route.v3.RouteConfiguration
2022-12-22T03:25:49.146399Z	debug	dns	request ;; opcode: QUERY, status: NOERROR, id: 36617
;; flags: rd; QUERY: 1, ANSWER: 0, AUTHORITY: 0, ADDITIONAL: 0

;; QUESTION SECTION:
;helloworld.my-vl3-network.	IN	 A
	protocol=udp edns=false id=a9d7f1dc-cac7-4b5c-8d4c-b6c3afb6a61e
2022-12-22T03:25:49.146697Z	debug	dns	response for hostname "helloworld.my-vl3-network." not found in dns proxy, querying upstream
2022-12-22T03:25:49.146548Z	debug	dns	request ;; opcode: QUERY, status: NOERROR, id: 25208
;; flags: rd; QUERY: 1, ANSWER: 0, AUTHORITY: 0, ADDITIONAL: 0

;; QUESTION SECTION:
;helloworld.my-vl3-network.	IN	 AAAA
	protocol=udp edns=false id=406eac35-de5e-414a-836f-466fac4f0aa3
2022-12-22T03:25:49.148845Z	debug	dns	response for hostname "helloworld.my-vl3-network." not found in dns proxy, querying upstream
2022-12-22T03:25:49.179792Z	debug	dns	upstream response for hostname "helloworld.my-vl3-network." : ;; opcode: QUERY, status: NOERROR, id: 36617
;; flags: qr aa; QUERY: 1, ANSWER: 1, AUTHORITY: 0, ADDITIONAL: 0

;; QUESTION SECTION:
;helloworld.my-vl3-network.	IN	 A

;; ANSWER SECTION:
helloworld.my-vl3-network.	3600	IN	A	172.16.0.4

2022-12-22T03:25:49.286134Z	debug	dns	upstream response for hostname "helloworld.my-vl3-network." : ;; opcode: QUERY, status: SERVFAIL, id: 25208
;; flags: qr rd; QUERY: 1, ANSWER: 0, AUTHORITY: 0, ADDITIONAL: 0

;; QUESTION SECTION:
;helloworld.my-vl3-network.	IN	 AAAA

2022-12-22T03:26:08.774698Z	debug	xdsproxy	response for type url type.googleapis.com/envoy.config.cluster.v3.Cluster
2022-12-22T03:26:08.781263Z	debug	xdsproxy	request for type url type.googleapis.com/envoy.config.endpoint.v3.ClusterLoadAssignment
2022-12-22T03:26:08.781710Z	debug	xdsproxy	response for type url type.googleapis.com/envoy.config.listener.v3.Listener
2022-12-22T03:26:08.783411Z	debug	xdsproxy	response for type url type.googleapis.com/envoy.config.route.v3.RouteConfiguration
2022-12-22T03:26:08.783449Z	debug	xdsproxy	response for type url type.googleapis.com/istio.networking.nds.v1.NameTable
2022-12-22T03:26:08.783520Z	debug	dns	updated lookup table with 39 hosts
2022-12-22T03:26:08.783528Z	debug	xdsproxy	request for type url type.googleapis.com/istio.networking.nds.v1.NameTable
2022-12-22T03:26:08.784912Z	debug	xdsproxy	response for type url type.googleapis.com/envoy.config.endpoint.v3.ClusterLoadAssignment
2022-12-22T03:26:08.787556Z	debug	xdsproxy	request for type url type.googleapis.com/envoy.config.listener.v3.Listener
2022-12-22T03:26:08.789689Z	debug	xdsproxy	request for type url type.googleapis.com/envoy.config.route.v3.RouteConfiguration
2022-12-22T03:26:08.789727Z	debug	xdsproxy	request for type url type.googleapis.com/envoy.config.cluster.v3.Cluster
2022-12-22T03:26:08.789734Z	debug	xdsproxy	request for type url type.googleapis.com/envoy.config.endpoint.v3.ClusterLoadAssignment
2022-12-22T03:26:08.947125Z	debug	xdsproxy	response for type url type.googleapis.com/envoy.config.cluster.v3.Cluster
2022-12-22T03:26:08.947687Z	debug	xdsproxy	response for type url type.googleapis.com/envoy.config.endpoint.v3.ClusterLoadAssignment
2022-12-22T03:26:08.962342Z	debug	xdsproxy	request for type url type.googleapis.com/envoy.config.endpoint.v3.ClusterLoadAssignment
2022-12-22T03:26:08.962387Z	debug	xdsproxy	request for type url type.googleapis.com/envoy.config.cluster.v3.Cluster
2022-12-22T03:26:08.962397Z	debug	xdsproxy	request for type url type.googleapis.com/envoy.config.endpoint.v3.ClusterLoadAssignment
2022-12-22T03:26:08.962439Z	debug	xdsproxy	response for type url type.googleapis.com/envoy.config.listener.v3.Listener
2022-12-22T03:26:08.962492Z	debug	xdsproxy	response for type url type.googleapis.com/envoy.config.route.v3.RouteConfiguration
2022-12-22T03:26:08.971775Z	debug	xdsproxy	request for type url type.googleapis.com/envoy.config.listener.v3.Listener
2022-12-22T03:26:08.971809Z	debug	xdsproxy	request for type url type.googleapis.com/envoy.config.route.v3.RouteConfiguration
2022-12-22T03:26:15.494322Z	debug	dns	request ;; opcode: QUERY, status: NOERROR, id: 7600
;; flags: rd; QUERY: 1, ANSWER: 0, AUTHORITY: 0, ADDITIONAL: 0

;; QUESTION SECTION:
;helloworld.my-vl3-network.	IN	 AAAA
	protocol=udp edns=false id=c0bb6569-4181-4bba-bf51-c8401d678c7d
2022-12-22T03:26:15.494398Z	debug	dns	response for hostname "helloworld.my-vl3-network." not found in dns proxy, querying upstream
2022-12-22T03:26:15.494730Z	debug	dns	request ;; opcode: QUERY, status: NOERROR, id: 30921
;; flags: rd; QUERY: 1, ANSWER: 0, AUTHORITY: 0, ADDITIONAL: 0

;; QUESTION SECTION:
;helloworld.my-vl3-network.	IN	 A
	protocol=udp edns=false id=e576e4d8-d810-4e34-ab9a-6e2e72389a31
2022-12-22T03:26:15.494778Z	debug	dns	response for hostname "helloworld.my-vl3-network." not found in dns proxy, querying upstream
2022-12-22T03:26:15.521510Z	debug	dns	upstream response for hostname "helloworld.my-vl3-network." : ;; opcode: QUERY, status: NOERROR, id: 30921
;; flags: qr aa; QUERY: 1, ANSWER: 1, AUTHORITY: 0, ADDITIONAL: 0

;; QUESTION SECTION:
;helloworld.my-vl3-network.	IN	 A

;; ANSWER SECTION:
helloworld.my-vl3-network.	3575	IN	A	172.16.0.4

2022-12-22T03:26:15.528355Z	debug	dns	upstream response for hostname "helloworld.my-vl3-network." : ;; opcode: QUERY, status: SERVFAIL, id: 7600
;; flags: qr rd; QUERY: 1, ANSWER: 0, AUTHORITY: 0, ADDITIONAL: 0

;; QUESTION SECTION:
;helloworld.my-vl3-network.	IN	 AAAA

2022-12-22T03:26:38.621338Z	debug	dns	request ;; opcode: QUERY, status: NOERROR, id: 3535
;; flags: rd; QUERY: 1, ANSWER: 0, AUTHORITY: 0, ADDITIONAL: 0

;; QUESTION SECTION:
;helloworld.my-vl3-network.	IN	 AAAA
	protocol=udp edns=false id=6937215c-e7cf-4981-8685-f198f77c0dc8
2022-12-22T03:26:38.621376Z	debug	dns	response for hostname "helloworld.my-vl3-network." not found in dns proxy, querying upstream
2022-12-22T03:26:38.621354Z	debug	dns	request ;; opcode: QUERY, status: NOERROR, id: 37111
;; flags: rd; QUERY: 1, ANSWER: 0, AUTHORITY: 0, ADDITIONAL: 0

;; QUESTION SECTION:
;helloworld.my-vl3-network.	IN	 A
	protocol=udp edns=false id=961d44b1-22aa-4daa-9697-de4d025720ac
2022-12-22T03:26:38.621557Z	debug	dns	response for hostname "helloworld.my-vl3-network." not found in dns proxy, querying upstream
2022-12-22T03:26:38.644982Z	debug	dns	upstream response for hostname "helloworld.my-vl3-network." : ;; opcode: QUERY, status: NOERROR, id: 37111
;; flags: qr aa; QUERY: 1, ANSWER: 1, AUTHORITY: 0, ADDITIONAL: 0

;; QUESTION SECTION:
;helloworld.my-vl3-network.	IN	 A

;; ANSWER SECTION:
helloworld.my-vl3-network.	3552	IN	A	172.16.0.4

2022-12-22T03:26:38.647642Z	debug	dns	upstream response for hostname "helloworld.my-vl3-network." : ;; opcode: QUERY, status: SERVFAIL, id: 3535
;; flags: qr rd; QUERY: 1, ANSWER: 0, AUTHORITY: 0, ADDITIONAL: 0

;; QUESTION SECTION:
;helloworld.my-vl3-network.	IN	 AAAA

2022-12-22T03:26:48.334682Z	debug	xdsproxy	response for type url type.googleapis.com/envoy.config.cluster.v3.Cluster
2022-12-22T03:26:48.334790Z	debug	xdsproxy	response for type url type.googleapis.com/envoy.config.endpoint.v3.ClusterLoadAssignment
2022-12-22T03:26:48.338869Z	debug	xdsproxy	response for type url type.googleapis.com/envoy.config.listener.v3.Listener
2022-12-22T03:26:48.339009Z	debug	xdsproxy	request for type url type.googleapis.com/envoy.config.cluster.v3.Cluster
2022-12-22T03:26:48.339042Z	debug	xdsproxy	request for type url type.googleapis.com/envoy.config.endpoint.v3.ClusterLoadAssignment
2022-12-22T03:26:48.362655Z	debug	xdsproxy	request for type url type.googleapis.com/envoy.config.listener.v3.Listener
2022-12-22T03:26:55.480693Z	debug	dns	request ;; opcode: QUERY, status: NOERROR, id: 48596
;; flags: rd; QUERY: 1, ANSWER: 0, AUTHORITY: 0, ADDITIONAL: 0

;; QUESTION SECTION:
;helloworld.my-vl3-network.	IN	 AAAA
	protocol=udp edns=false id=3f966a61-36a6-4356-9977-59ad61168768
2022-12-22T03:26:55.480736Z	debug	dns	response for hostname "helloworld.my-vl3-network." not found in dns proxy, querying upstream
2022-12-22T03:26:55.480762Z	debug	dns	request ;; opcode: QUERY, status: NOERROR, id: 62510
;; flags: rd; QUERY: 1, ANSWER: 0, AUTHORITY: 0, ADDITIONAL: 0

;; QUESTION SECTION:
;helloworld.my-vl3-network.	IN	 A
	protocol=udp edns=false id=3b9153b3-d56f-42d0-9244-541f49e15506
2022-12-22T03:26:55.480787Z	debug	dns	response for hostname "helloworld.my-vl3-network." not found in dns proxy, querying upstream
2022-12-22T03:26:55.511336Z	debug	dns	upstream response for hostname "helloworld.my-vl3-network." : ;; opcode: QUERY, status: NOERROR, id: 62510
;; flags: qr aa; QUERY: 1, ANSWER: 1, AUTHORITY: 0, ADDITIONAL: 0

;; QUESTION SECTION:
;helloworld.my-vl3-network.	IN	 A

;; ANSWER SECTION:
helloworld.my-vl3-network.	3536	IN	A	172.16.0.4

2022-12-22T03:26:55.523649Z	debug	dns	upstream response for hostname "helloworld.my-vl3-network." : ;; opcode: QUERY, status: SERVFAIL, id: 48596
;; flags: qr rd; QUERY: 1, ANSWER: 0, AUTHORITY: 0, ADDITIONAL: 0

;; QUESTION SECTION:
;helloworld.my-vl3-network.	IN	 AAAA

2022-12-22T03:27:10.383911Z	debug	xdsproxy	response for type url type.googleapis.com/envoy.config.cluster.v3.Cluster
2022-12-22T03:27:10.383967Z	debug	xdsproxy	response for type url type.googleapis.com/envoy.config.endpoint.v3.ClusterLoadAssignment
2022-12-22T03:27:10.388237Z	debug	xdsproxy	response for type url type.googleapis.com/envoy.config.listener.v3.Listener
2022-12-22T03:27:10.388333Z	debug	xdsproxy	response for type url type.googleapis.com/envoy.config.route.v3.RouteConfiguration
2022-12-22T03:27:10.392346Z	debug	xdsproxy	request for type url type.googleapis.com/envoy.config.endpoint.v3.ClusterLoadAssignment
2022-12-22T03:27:10.392580Z	debug	xdsproxy	request for type url type.googleapis.com/envoy.config.cluster.v3.Cluster
2022-12-22T03:27:10.392608Z	debug	xdsproxy	request for type url type.googleapis.com/envoy.config.endpoint.v3.ClusterLoadAssignment
2022-12-22T03:27:10.404612Z	debug	xdsproxy	request for type url type.googleapis.com/envoy.config.listener.v3.Listener
2022-12-22T03:27:10.404687Z	debug	xdsproxy	request for type url type.googleapis.com/envoy.config.route.v3.RouteConfiguration
2022-12-22T03:27:10.545848Z	debug	xdsproxy	response for type url type.googleapis.com/envoy.config.cluster.v3.Cluster
2022-12-22T03:27:10.545923Z	debug	xdsproxy	response for type url type.googleapis.com/envoy.config.endpoint.v3.ClusterLoadAssignment
2022-12-22T03:27:10.546939Z	debug	xdsproxy	response for type url type.googleapis.com/envoy.config.listener.v3.Listener
2022-12-22T03:27:10.566340Z	debug	xdsproxy	request for type url type.googleapis.com/envoy.config.endpoint.v3.ClusterLoadAssignment
2022-12-22T03:27:10.566473Z	debug	xdsproxy	request for type url type.googleapis.com/envoy.config.cluster.v3.Cluster
2022-12-22T03:27:10.566488Z	debug	xdsproxy	request for type url type.googleapis.com/envoy.config.endpoint.v3.ClusterLoadAssignment
2022-12-22T03:27:10.582094Z	debug	xdsproxy	request for type url type.googleapis.com/envoy.config.listener.v3.Listener
2022-12-22T03:27:18.214828Z	debug	dns	request ;; opcode: QUERY, status: NOERROR, id: 65023
;; flags: rd; QUERY: 1, ANSWER: 0, AUTHORITY: 0, ADDITIONAL: 0

;; QUESTION SECTION:
;helloworld.my-vl3-network.	IN	 AAAA
	protocol=udp edns=false id=42183954-d99a-4037-af05-634aac84429b
2022-12-22T03:27:18.214868Z	debug	dns	response for hostname "helloworld.my-vl3-network." not found in dns proxy, querying upstream
2022-12-22T03:27:18.214952Z	debug	dns	request ;; opcode: QUERY, status: NOERROR, id: 8692
;; flags: rd; QUERY: 1, ANSWER: 0, AUTHORITY: 0, ADDITIONAL: 0

;; QUESTION SECTION:
;helloworld.my-vl3-network.	IN	 A
	protocol=udp edns=false id=7a20b8f4-63bb-4a40-9127-6f2f3799ac76
2022-12-22T03:27:18.215018Z	debug	dns	response for hostname "helloworld.my-vl3-network." not found in dns proxy, querying upstream
2022-12-22T03:27:18.255179Z	debug	dns	upstream response for hostname "helloworld.my-vl3-network." : ;; opcode: QUERY, status: NOERROR, id: 8692
;; flags: qr aa; QUERY: 1, ANSWER: 1, AUTHORITY: 0, ADDITIONAL: 0

;; QUESTION SECTION:
;helloworld.my-vl3-network.	IN	 A

;; ANSWER SECTION:
helloworld.my-vl3-network.	3514	IN	A	172.16.0.4

2022-12-22T03:27:18.255294Z	debug	dns	upstream response for hostname "helloworld.my-vl3-network." : ;; opcode: QUERY, status: SERVFAIL, id: 65023
;; flags: qr rd; QUERY: 1, ANSWER: 0, AUTHORITY: 0, ADDITIONAL: 0

;; QUESTION SECTION:
;helloworld.my-vl3-network.	IN	 AAAA

2022-12-22T03:27:40.441287Z	debug	xdsproxy	response for type url type.googleapis.com/envoy.config.cluster.v3.Cluster
2022-12-22T03:27:40.441477Z	debug	xdsproxy	response for type url type.googleapis.com/envoy.config.endpoint.v3.ClusterLoadAssignment
2022-12-22T03:27:40.446212Z	debug	xdsproxy	response for type url type.googleapis.com/envoy.config.listener.v3.Listener
2022-12-22T03:27:40.486476Z	debug	xdsproxy	request for type url type.googleapis.com/envoy.config.endpoint.v3.ClusterLoadAssignment
2022-12-22T03:27:40.486513Z	debug	xdsproxy	request for type url type.googleapis.com/envoy.config.cluster.v3.Cluster
2022-12-22T03:27:40.486557Z	debug	xdsproxy	request for type url type.googleapis.com/envoy.config.endpoint.v3.ClusterLoadAssignment
2022-12-22T03:27:40.507326Z	debug	xdsproxy	request for type url type.googleapis.com/envoy.config.listener.v3.Listener
2022-12-22T03:27:40.759514Z	debug	xdsproxy	response for type url type.googleapis.com/envoy.config.cluster.v3.Cluster
2022-12-22T03:27:40.759564Z	debug	xdsproxy	response for type url type.googleapis.com/envoy.config.endpoint.v3.ClusterLoadAssignment
2022-12-22T03:27:40.766709Z	debug	xdsproxy	response for type url type.googleapis.com/envoy.config.listener.v3.Listener
2022-12-22T03:27:40.766774Z	debug	xdsproxy	response for type url type.googleapis.com/envoy.config.route.v3.RouteConfiguration
2022-12-22T03:27:40.768839Z	debug	xdsproxy	request for type url type.googleapis.com/envoy.config.endpoint.v3.ClusterLoadAssignment
2022-12-22T03:27:40.768872Z	debug	xdsproxy	request for type url type.googleapis.com/envoy.config.cluster.v3.Cluster
2022-12-22T03:27:40.768878Z	debug	xdsproxy	request for type url type.googleapis.com/envoy.config.endpoint.v3.ClusterLoadAssignment
2022-12-22T03:27:40.775314Z	debug	xdsproxy	request for type url type.googleapis.com/envoy.config.listener.v3.Listener
2022-12-22T03:27:40.775340Z	debug	xdsproxy	request for type url type.googleapis.com/envoy.config.route.v3.RouteConfiguration
2022-12-22T03:27:53.530179Z	debug	dns	request ;; opcode: QUERY, status: NOERROR, id: 33737
;; flags: rd; QUERY: 1, ANSWER: 0, AUTHORITY: 0, ADDITIONAL: 0

;; QUESTION SECTION:
;helloworld.my-vl3-network.	IN	 A
	protocol=udp edns=false id=0aa27feb-fb9b-403c-b850-89f39075608b
2022-12-22T03:27:53.530218Z	debug	dns	response for hostname "helloworld.my-vl3-network." not found in dns proxy, querying upstream
2022-12-22T03:27:53.530478Z	debug	dns	request ;; opcode: QUERY, status: NOERROR, id: 39878
;; flags: rd; QUERY: 1, ANSWER: 0, AUTHORITY: 0, ADDITIONAL: 0

;; QUESTION SECTION:
;helloworld.my-vl3-network.	IN	 AAAA
	protocol=udp edns=false id=86681593-09a3-4297-b4c3-e6c74d35cf54
2022-12-22T03:27:53.530501Z	debug	dns	response for hostname "helloworld.my-vl3-network." not found in dns proxy, querying upstream
2022-12-22T03:27:53.546586Z	debug	dns	upstream response for hostname "helloworld.my-vl3-network." : ;; opcode: QUERY, status: NOERROR, id: 33737
;; flags: qr aa; QUERY: 1, ANSWER: 1, AUTHORITY: 0, ADDITIONAL: 0

;; QUESTION SECTION:
;helloworld.my-vl3-network.	IN	 A

;; ANSWER SECTION:
helloworld.my-vl3-network.	3480	IN	A	172.16.0.4

2022-12-22T03:27:53.551822Z	debug	dns	upstream response for hostname "helloworld.my-vl3-network." : ;; opcode: QUERY, status: SERVFAIL, id: 39878
;; flags: qr rd; QUERY: 1, ANSWER: 0, AUTHORITY: 0, ADDITIONAL: 0

;; QUESTION SECTION:
;helloworld.my-vl3-network.	IN	 AAAA

2022-12-22T03:37:15.917414Z	debug	dns	request ;; opcode: QUERY, status: NOERROR, id: 46126
;; flags: rd; QUERY: 1, ANSWER: 0, AUTHORITY: 0, ADDITIONAL: 0

;; QUESTION SECTION:
;helloworld.my-vl3-network.	IN	 AAAA
	protocol=udp edns=false id=966f1039-e94a-45ab-be77-852586599979
2022-12-22T03:37:15.917474Z	debug	dns	response for hostname "helloworld.my-vl3-network." not found in dns proxy, querying upstream
2022-12-22T03:37:15.917505Z	debug	dns	request ;; opcode: QUERY, status: NOERROR, id: 53848
;; flags: rd; QUERY: 1, ANSWER: 0, AUTHORITY: 0, ADDITIONAL: 0

;; QUESTION SECTION:
;helloworld.my-vl3-network.	IN	 A
	protocol=udp edns=false id=fc8ad2a4-40ed-486a-8914-ac8bd48f7d5f
2022-12-22T03:37:15.917532Z	debug	dns	response for hostname "helloworld.my-vl3-network." not found in dns proxy, querying upstream
2022-12-22T03:37:15.934278Z	debug	dns	upstream response for hostname "helloworld.my-vl3-network." : ;; opcode: QUERY, status: NOERROR, id: 53848
;; flags: qr aa; QUERY: 1, ANSWER: 1, AUTHORITY: 0, ADDITIONAL: 0

;; QUESTION SECTION:
;helloworld.my-vl3-network.	IN	 A

;; ANSWER SECTION:
helloworld.my-vl3-network.	2920	IN	A	172.16.0.4

2022-12-22T03:37:15.942073Z	debug	dns	upstream response for hostname "helloworld.my-vl3-network." : ;; opcode: QUERY, status: SERVFAIL, id: 46126
;; flags: qr rd; QUERY: 1, ANSWER: 0, AUTHORITY: 0, ADDITIONAL: 0

;; QUESTION SECTION:
;helloworld.my-vl3-network.	IN	 AAAA

2022-12-22T03:37:32.733232Z	debug	dns	request ;; opcode: QUERY, status: NOERROR, id: 18911
;; flags: rd; QUERY: 1, ANSWER: 0, AUTHORITY: 0, ADDITIONAL: 0

;; QUESTION SECTION:
;helloworld.my-vl3-network.	IN	 AAAA
	protocol=udp edns=false id=75e4b97d-1878-4d2d-9044-1b4070561ac6
2022-12-22T03:37:32.733302Z	debug	dns	response for hostname "helloworld.my-vl3-network." not found in dns proxy, querying upstream
2022-12-22T03:37:32.733322Z	debug	dns	request ;; opcode: QUERY, status: NOERROR, id: 35780
;; flags: rd; QUERY: 1, ANSWER: 0, AUTHORITY: 0, ADDITIONAL: 0

;; QUESTION SECTION:
;helloworld.my-vl3-network.	IN	 A
	protocol=udp edns=false id=831d85c8-3291-4cdf-9870-fcaa770db1a3
2022-12-22T03:37:32.733343Z	debug	dns	response for hostname "helloworld.my-vl3-network." not found in dns proxy, querying upstream
2022-12-22T03:37:32.754172Z	debug	dns	upstream response for hostname "helloworld.my-vl3-network." : ;; opcode: QUERY, status: NOERROR, id: 35780
;; flags: qr aa; QUERY: 1, ANSWER: 1, AUTHORITY: 0, ADDITIONAL: 0

;; QUESTION SECTION:
;helloworld.my-vl3-network.	IN	 A

;; ANSWER SECTION:
helloworld.my-vl3-network.	2904	IN	A	172.16.0.4

2022-12-22T03:37:32.760183Z	debug	dns	upstream response for hostname "helloworld.my-vl3-network." : ;; opcode: QUERY, status: SERVFAIL, id: 18911
;; flags: qr rd; QUERY: 1, ANSWER: 0, AUTHORITY: 0, ADDITIONAL: 0

;; QUESTION SECTION:
;helloworld.my-vl3-network.	IN	 AAAA

2022-12-22T03:44:23.820951Z	debug	dns	request ;; opcode: QUERY, status: NOERROR, id: 13453
;; flags: rd; QUERY: 1, ANSWER: 0, AUTHORITY: 0, ADDITIONAL: 0

;; QUESTION SECTION:
;helloworld.my-vl3-network.	IN	 AAAA
	protocol=udp edns=false id=4cd564e5-f33a-45a6-9467-a51b2f34b979
2022-12-22T03:44:23.822998Z	debug	dns	response for hostname "helloworld.my-vl3-network." not found in dns proxy, querying upstream
2022-12-22T03:44:23.820990Z	debug	dns	request ;; opcode: QUERY, status: NOERROR, id: 13252
;; flags: rd; QUERY: 1, ANSWER: 0, AUTHORITY: 0, ADDITIONAL: 0

;; QUESTION SECTION:
;helloworld.my-vl3-network.	IN	 A
	protocol=udp edns=false id=b2c05acf-95a8-4b6e-9c67-54479f7875df
2022-12-22T03:44:23.823134Z	debug	dns	response for hostname "helloworld.my-vl3-network." not found in dns proxy, querying upstream
2022-12-22T03:44:23.850111Z	debug	dns	upstream response for hostname "helloworld.my-vl3-network." : ;; opcode: QUERY, status: NOERROR, id: 13252
;; flags: qr aa; QUERY: 1, ANSWER: 1, AUTHORITY: 0, ADDITIONAL: 0

;; QUESTION SECTION:
;helloworld.my-vl3-network.	IN	 A

;; ANSWER SECTION:
helloworld.my-vl3-network.	2496	IN	A	172.16.0.4

2022-12-22T03:44:23.860088Z	debug	dns	upstream response for hostname "helloworld.my-vl3-network." : ;; opcode: QUERY, status: SERVFAIL, id: 13453
;; flags: qr rd; QUERY: 1, ANSWER: 0, AUTHORITY: 0, ADDITIONAL: 0

;; QUESTION SECTION:
;helloworld.my-vl3-network.	IN	 AAAA

2022-12-22T03:44:23.860367Z	debug	dns	request ;; opcode: QUERY, status: NOERROR, id: 13453
;; flags: rd; QUERY: 1, ANSWER: 0, AUTHORITY: 0, ADDITIONAL: 0

;; QUESTION SECTION:
;helloworld.my-vl3-network.	IN	 AAAA
	protocol=udp edns=false id=99970518-7e22-4725-bfac-72c7d0d97600
2022-12-22T03:44:23.860384Z	debug	dns	response for hostname "helloworld.my-vl3-network." not found in dns proxy, querying upstream
2022-12-22T03:44:23.891679Z	debug	dns	upstream response for hostname "helloworld.my-vl3-network." : ;; opcode: QUERY, status: SERVFAIL, id: 13453
;; flags: qr rd; QUERY: 1, ANSWER: 0, AUTHORITY: 0, ADDITIONAL: 0

;; QUESTION SECTION:
;helloworld.my-vl3-network.	IN	 AAAA

2022-12-22T03:44:23.895226Z	debug	dns	request ;; opcode: QUERY, status: NOERROR, id: 13453
;; flags: rd; QUERY: 1, ANSWER: 0, AUTHORITY: 0, ADDITIONAL: 0

;; QUESTION SECTION:
;helloworld.my-vl3-network.	IN	 AAAA
	protocol=udp edns=false id=4cd7813b-0627-4dbb-9a9a-bef7bf281e46
2022-12-22T03:44:23.895283Z	debug	dns	response for hostname "helloworld.my-vl3-network." not found in dns proxy, querying upstream
2022-12-22T03:44:23.912952Z	debug	dns	upstream response for hostname "helloworld.my-vl3-network." : ;; opcode: QUERY, status: SERVFAIL, id: 13453
;; flags: qr rd; QUERY: 1, ANSWER: 0, AUTHORITY: 0, ADDITIONAL: 0

;; QUESTION SECTION:
;helloworld.my-vl3-network.	IN	 AAAA

2022-12-22T03:44:23.913353Z	debug	dns	request ;; opcode: QUERY, status: NOERROR, id: 13453
;; flags: rd; QUERY: 1, ANSWER: 0, AUTHORITY: 0, ADDITIONAL: 0

;; QUESTION SECTION:
;helloworld.my-vl3-network.	IN	 AAAA
	protocol=udp edns=false id=61f8c965-f2a0-48d1-9f30-1e9378f6cc24
2022-12-22T03:44:23.913373Z	debug	dns	response for hostname "helloworld.my-vl3-network." not found in dns proxy, querying upstream
2022-12-22T03:44:23.931107Z	debug	dns	upstream response for hostname "helloworld.my-vl3-network." : ;; opcode: QUERY, status: SERVFAIL, id: 13453
;; flags: qr rd; QUERY: 1, ANSWER: 0, AUTHORITY: 0, ADDITIONAL: 0

;; QUESTION SECTION:
;helloworld.my-vl3-network.	IN	 AAAA

2022-12-22T03:44:23.931362Z	debug	dns	request ;; opcode: QUERY, status: NOERROR, id: 13453
;; flags: rd; QUERY: 1, ANSWER: 0, AUTHORITY: 0, ADDITIONAL: 0

;; QUESTION SECTION:
;helloworld.my-vl3-network.	IN	 AAAA
	protocol=udp edns=false id=3ebf902f-9425-4c1a-b157-b7a6ea7bcbc1
2022-12-22T03:44:23.931381Z	debug	dns	response for hostname "helloworld.my-vl3-network." not found in dns proxy, querying upstream
2022-12-22T03:44:23.949608Z	debug	dns	upstream response for hostname "helloworld.my-vl3-network." : ;; opcode: QUERY, status: SERVFAIL, id: 13453
;; flags: qr rd; QUERY: 1, ANSWER: 0, AUTHORITY: 0, ADDITIONAL: 0

;; QUESTION SECTION:
;helloworld.my-vl3-network.	IN	 AAAA

2022-12-22T03:44:26.318156Z	debug	dns	request ;; opcode: QUERY, status: NOERROR, id: 13453
;; flags: rd; QUERY: 1, ANSWER: 0, AUTHORITY: 0, ADDITIONAL: 0

;; QUESTION SECTION:
;helloworld.my-vl3-network.	IN	 AAAA
	protocol=udp edns=false id=a0e1377d-f958-40fc-92d1-1d41ecaef61d
2022-12-22T03:44:26.318220Z	debug	dns	response for hostname "helloworld.my-vl3-network." not found in dns proxy, querying upstream
2022-12-22T03:44:26.343696Z	debug	dns	upstream response for hostname "helloworld.my-vl3-network." : ;; opcode: QUERY, status: SERVFAIL, id: 13453
;; flags: qr rd; QUERY: 1, ANSWER: 0, AUTHORITY: 0, ADDITIONAL: 0

;; QUESTION SECTION:
;helloworld.my-vl3-network.	IN	 AAAA

2022-12-22T03:44:26.344113Z	debug	dns	request ;; opcode: QUERY, status: NOERROR, id: 13453
;; flags: rd; QUERY: 1, ANSWER: 0, AUTHORITY: 0, ADDITIONAL: 0

;; QUESTION SECTION:
;helloworld.my-vl3-network.	IN	 AAAA
	protocol=udp edns=false id=7537a8c3-7022-4b77-9f44-6f7bd6a88e90
2022-12-22T03:44:26.344134Z	debug	dns	response for hostname "helloworld.my-vl3-network." not found in dns proxy, querying upstream
2022-12-22T03:44:26.363772Z	debug	dns	upstream response for hostname "helloworld.my-vl3-network." : ;; opcode: QUERY, status: SERVFAIL, id: 13453
;; flags: qr rd; QUERY: 1, ANSWER: 0, AUTHORITY: 0, ADDITIONAL: 0

;; QUESTION SECTION:
;helloworld.my-vl3-network.	IN	 AAAA

2022-12-22T03:44:26.364018Z	debug	dns	request ;; opcode: QUERY, status: NOERROR, id: 13453
;; flags: rd; QUERY: 1, ANSWER: 0, AUTHORITY: 0, ADDITIONAL: 0

;; QUESTION SECTION:
;helloworld.my-vl3-network.	IN	 AAAA
	protocol=udp edns=false id=3f6fa212-4d9e-4565-aa7e-2d0b4896385e
2022-12-22T03:44:26.364032Z	debug	dns	response for hostname "helloworld.my-vl3-network." not found in dns proxy, querying upstream
2022-12-22T03:44:26.381332Z	debug	dns	upstream response for hostname "helloworld.my-vl3-network." : ;; opcode: QUERY, status: SERVFAIL, id: 13453
;; flags: qr rd; QUERY: 1, ANSWER: 0, AUTHORITY: 0, ADDITIONAL: 0

;; QUESTION SECTION:
;helloworld.my-vl3-network.	IN	 AAAA

2022-12-22T03:44:26.381604Z	debug	dns	request ;; opcode: QUERY, status: NOERROR, id: 13453
;; flags: rd; QUERY: 1, ANSWER: 0, AUTHORITY: 0, ADDITIONAL: 0

;; QUESTION SECTION:
;helloworld.my-vl3-network.	IN	 AAAA
	protocol=udp edns=false id=ed88999c-ac80-444a-b3ab-d214eedd725f
2022-12-22T03:44:26.381640Z	debug	dns	response for hostname "helloworld.my-vl3-network." not found in dns proxy, querying upstream
2022-12-22T03:44:26.404943Z	debug	dns	upstream response for hostname "helloworld.my-vl3-network." : ;; opcode: QUERY, status: SERVFAIL, id: 13453
;; flags: qr rd; QUERY: 1, ANSWER: 0, AUTHORITY: 0, ADDITIONAL: 0

;; QUESTION SECTION:
;helloworld.my-vl3-network.	IN	 AAAA

2022-12-22T03:44:26.405973Z	debug	dns	request ;; opcode: QUERY, status: NOERROR, id: 13453
;; flags: rd; QUERY: 1, ANSWER: 0, AUTHORITY: 0, ADDITIONAL: 0

;; QUESTION SECTION:
;helloworld.my-vl3-network.	IN	 AAAA
	protocol=udp edns=false id=71817151-82fa-4843-9cb8-5226543b5fde
2022-12-22T03:44:26.406005Z	debug	dns	response for hostname "helloworld.my-vl3-network." not found in dns proxy, querying upstream
2022-12-22T03:44:26.422374Z	debug	dns	upstream response for hostname "helloworld.my-vl3-network." : ;; opcode: QUERY, status: SERVFAIL, id: 13453
;; flags: qr rd; QUERY: 1, ANSWER: 0, AUTHORITY: 0, ADDITIONAL: 0

;; QUESTION SECTION:
;helloworld.my-vl3-network.	IN	 AAAA

2022-12-22T03:45:02.928241Z	debug	dns	request ;; opcode: QUERY, status: NOERROR, id: 22487
;; flags: rd; QUERY: 1, ANSWER: 0, AUTHORITY: 0, ADDITIONAL: 0

;; QUESTION SECTION:
;helloworld.my-vl3-network.	IN	 AAAA
	protocol=udp edns=false id=0685a86b-26e1-4a3f-8293-f68663424197
2022-12-22T03:45:02.928282Z	debug	dns	response for hostname "helloworld.my-vl3-network." not found in dns proxy, querying upstream
2022-12-22T03:45:02.928239Z	debug	dns	request ;; opcode: QUERY, status: NOERROR, id: 61378
;; flags: rd; QUERY: 1, ANSWER: 0, AUTHORITY: 0, ADDITIONAL: 0

;; QUESTION SECTION:
;helloworld.my-vl3-network.	IN	 A
	protocol=udp edns=false id=5f792b5a-dbc4-4a22-a6ea-611cac11ebcf
2022-12-22T03:45:02.928382Z	debug	dns	response for hostname "helloworld.my-vl3-network." not found in dns proxy, querying upstream
2022-12-22T03:45:02.948012Z	debug	dns	upstream response for hostname "helloworld.my-vl3-network." : ;; opcode: QUERY, status: NOERROR, id: 61378
;; flags: qr aa; QUERY: 1, ANSWER: 1, AUTHORITY: 0, ADDITIONAL: 0

;; QUESTION SECTION:
;helloworld.my-vl3-network.	IN	 A

;; ANSWER SECTION:
helloworld.my-vl3-network.	2458	IN	A	172.16.0.4

2022-12-22T03:45:02.953883Z	debug	dns	upstream response for hostname "helloworld.my-vl3-network." : ;; opcode: QUERY, status: SERVFAIL, id: 22487
;; flags: qr rd; QUERY: 1, ANSWER: 0, AUTHORITY: 0, ADDITIONAL: 0

;; QUESTION SECTION:
;helloworld.my-vl3-network.	IN	 AAAA

2022-12-22T03:53:55.282797Z	debug	xdsproxy	upstream [1] terminated with status rpc error: code = Unavailable desc = closing transport due to: connection error: desc = "error reading from server: EOF", received prior goaway: code: NO_ERROR
2022-12-22T03:53:55.284542Z	debug	xdsproxy	disconnected from XDS server: istiod.istio-system.svc:15012
2022-12-22T03:53:55.532153Z	debug	xdsproxy	accepted XDS connection from Envoy, forwarding to upstream XDS server
2022-12-22T03:53:55.576322Z	info	xdsproxy	connected to upstream XDS server: istiod.istio-system.svc:15012
2022-12-22T03:53:55.583602Z	debug	xdsproxy	request for type url type.googleapis.com/envoy.config.cluster.v3.Cluster
2022-12-22T03:53:55.585966Z	debug	xdsproxy	request for type url type.googleapis.com/envoy.config.endpoint.v3.ClusterLoadAssignment
2022-12-22T03:53:55.585991Z	debug	xdsproxy	request for type url type.googleapis.com/envoy.config.listener.v3.Listener
2022-12-22T03:53:55.585998Z	debug	xdsproxy	request for type url type.googleapis.com/istio.networking.nds.v1.NameTable
2022-12-22T03:53:55.586003Z	debug	xdsproxy	request for type url type.googleapis.com/envoy.config.route.v3.RouteConfiguration
2022-12-22T03:53:55.604236Z	debug	xdsproxy	response for type url type.googleapis.com/envoy.config.cluster.v3.Cluster
2022-12-22T03:53:55.604833Z	debug	xdsproxy	response for type url type.googleapis.com/envoy.config.endpoint.v3.ClusterLoadAssignment
2022-12-22T03:53:55.609252Z	debug	xdsproxy	response for type url type.googleapis.com/envoy.config.listener.v3.Listener
2022-12-22T03:53:55.609362Z	debug	xdsproxy	response for type url type.googleapis.com/istio.networking.nds.v1.NameTable
2022-12-22T03:53:55.611610Z	debug	dns	updated lookup table with 39 hosts
2022-12-22T03:53:55.611635Z	debug	xdsproxy	response for type url type.googleapis.com/envoy.config.route.v3.RouteConfiguration
2022-12-22T03:53:55.611690Z	debug	xdsproxy	request for type url type.googleapis.com/istio.networking.nds.v1.NameTable
2022-12-22T03:53:55.624654Z	debug	xdsproxy	request for type url type.googleapis.com/envoy.config.cluster.v3.Cluster
2022-12-22T03:53:55.624735Z	debug	xdsproxy	request for type url type.googleapis.com/envoy.config.endpoint.v3.ClusterLoadAssignment
2022-12-22T03:53:55.644883Z	debug	xdsproxy	request for type url type.googleapis.com/envoy.config.listener.v3.Listener
2022-12-22T03:53:55.644926Z	debug	xdsproxy	request for type url type.googleapis.com/envoy.config.route.v3.RouteConfiguration
2022-12-22T04:24:08.159404Z	debug	xdsproxy	upstream [2] terminated with status rpc error: code = Unavailable desc = closing transport due to: connection error: desc = "error reading from server: EOF", received prior goaway: code: NO_ERROR
2022-12-22T04:24:08.160268Z	debug	xdsproxy	disconnected from XDS server: istiod.istio-system.svc:15012
2022-12-22T04:24:08.485103Z	debug	xdsproxy	accepted XDS connection from Envoy, forwarding to upstream XDS server
2022-12-22T04:24:08.542581Z	info	xdsproxy	connected to upstream XDS server: istiod.istio-system.svc:15012
2022-12-22T04:24:08.557558Z	debug	xdsproxy	request for type url type.googleapis.com/envoy.config.cluster.v3.Cluster
2022-12-22T04:24:08.558846Z	debug	xdsproxy	request for type url type.googleapis.com/envoy.config.endpoint.v3.ClusterLoadAssignment
2022-12-22T04:24:08.558888Z	debug	xdsproxy	request for type url type.googleapis.com/envoy.config.listener.v3.Listener
2022-12-22T04:24:08.558897Z	debug	xdsproxy	request for type url type.googleapis.com/istio.networking.nds.v1.NameTable
2022-12-22T04:24:08.558903Z	debug	xdsproxy	request for type url type.googleapis.com/envoy.config.route.v3.RouteConfiguration
2022-12-22T04:24:08.620591Z	debug	xdsproxy	response for type url type.googleapis.com/envoy.config.cluster.v3.Cluster
2022-12-22T04:24:08.623451Z	debug	xdsproxy	response for type url type.googleapis.com/envoy.config.endpoint.v3.ClusterLoadAssignment
2022-12-22T04:24:08.626259Z	debug	xdsproxy	response for type url type.googleapis.com/envoy.config.listener.v3.Listener
2022-12-22T04:24:08.626362Z	debug	xdsproxy	response for type url type.googleapis.com/istio.networking.nds.v1.NameTable
2022-12-22T04:24:08.626498Z	debug	dns	updated lookup table with 39 hosts
2022-12-22T04:24:08.626511Z	debug	xdsproxy	response for type url type.googleapis.com/envoy.config.route.v3.RouteConfiguration
2022-12-22T04:24:08.626525Z	debug	xdsproxy	request for type url type.googleapis.com/istio.networking.nds.v1.NameTable
2022-12-22T04:24:08.636475Z	debug	xdsproxy	request for type url type.googleapis.com/envoy.config.cluster.v3.Cluster
2022-12-22T04:24:08.651231Z	debug	xdsproxy	request for type url type.googleapis.com/envoy.config.endpoint.v3.ClusterLoadAssignment
2022-12-22T04:24:08.651279Z	debug	xdsproxy	request for type url type.googleapis.com/envoy.config.listener.v3.Listener
2022-12-22T04:24:08.651286Z	debug	xdsproxy	request for type url type.googleapis.com/envoy.config.route.v3.RouteConfiguration
2022-12-22T04:56:15.014969Z	debug	xdsproxy	upstream [3] terminated with status rpc error: code = Unavailable desc = closing transport due to: connection error: desc = "error reading from server: EOF", received prior goaway: code: NO_ERROR
2022-12-22T04:56:15.015193Z	debug	xdsproxy	disconnected from XDS server: istiod.istio-system.svc:15012
2022-12-22T04:56:15.185891Z	debug	xdsproxy	accepted XDS connection from Envoy, forwarding to upstream XDS server
2022-12-22T04:56:15.201039Z	info	xdsproxy	connected to upstream XDS server: istiod.istio-system.svc:15012
2022-12-22T04:56:15.203164Z	debug	xdsproxy	request for type url type.googleapis.com/envoy.config.cluster.v3.Cluster
2022-12-22T04:56:15.203365Z	debug	xdsproxy	request for type url type.googleapis.com/envoy.config.endpoint.v3.ClusterLoadAssignment
2022-12-22T04:56:15.206968Z	debug	xdsproxy	request for type url type.googleapis.com/envoy.config.listener.v3.Listener
2022-12-22T04:56:15.207014Z	debug	xdsproxy	request for type url type.googleapis.com/istio.networking.nds.v1.NameTable
2022-12-22T04:56:15.207021Z	debug	xdsproxy	request for type url type.googleapis.com/envoy.config.route.v3.RouteConfiguration
2022-12-22T04:56:15.216715Z	debug	xdsproxy	response for type url type.googleapis.com/envoy.config.cluster.v3.Cluster
2022-12-22T04:56:15.216823Z	debug	xdsproxy	response for type url type.googleapis.com/envoy.config.endpoint.v3.ClusterLoadAssignment
2022-12-22T04:56:15.221399Z	debug	xdsproxy	response for type url type.googleapis.com/envoy.config.listener.v3.Listener
2022-12-22T04:56:15.222821Z	debug	xdsproxy	response for type url type.googleapis.com/istio.networking.nds.v1.NameTable
2022-12-22T04:56:15.223486Z	debug	dns	updated lookup table with 39 hosts
2022-12-22T04:56:15.223514Z	debug	xdsproxy	response for type url type.googleapis.com/envoy.config.route.v3.RouteConfiguration
2022-12-22T04:56:15.223626Z	debug	xdsproxy	request for type url type.googleapis.com/istio.networking.nds.v1.NameTable
2022-12-22T04:56:15.232191Z	debug	xdsproxy	request for type url type.googleapis.com/envoy.config.cluster.v3.Cluster
2022-12-22T04:56:15.232225Z	debug	xdsproxy	request for type url type.googleapis.com/envoy.config.endpoint.v3.ClusterLoadAssignment
2022-12-22T04:56:15.239410Z	debug	xdsproxy	request for type url type.googleapis.com/envoy.config.listener.v3.Listener
2022-12-22T04:56:15.239450Z	debug	xdsproxy	request for type url type.googleapis.com/envoy.config.route.v3.RouteConfiguration
2022-12-22T05:27:14.697609Z	debug	xdsproxy	upstream [4] terminated with status rpc error: code = Unavailable desc = closing transport due to: connection error: desc = "error reading from server: EOF", received prior goaway: code: NO_ERROR
2022-12-22T05:27:14.697797Z	debug	xdsproxy	disconnected from XDS server: istiod.istio-system.svc:15012
2022-12-22T05:27:14.977541Z	debug	xdsproxy	accepted XDS connection from Envoy, forwarding to upstream XDS server
2022-12-22T05:27:14.994835Z	info	xdsproxy	connected to upstream XDS server: istiod.istio-system.svc:15012
2022-12-22T05:27:14.997348Z	debug	xdsproxy	request for type url type.googleapis.com/envoy.config.cluster.v3.Cluster
2022-12-22T05:27:14.997602Z	debug	xdsproxy	request for type url type.googleapis.com/envoy.config.endpoint.v3.ClusterLoadAssignment
2022-12-22T05:27:14.997630Z	debug	xdsproxy	request for type url type.googleapis.com/envoy.config.listener.v3.Listener
2022-12-22T05:27:14.997640Z	debug	xdsproxy	request for type url type.googleapis.com/istio.networking.nds.v1.NameTable
2022-12-22T05:27:14.997649Z	debug	xdsproxy	request for type url type.googleapis.com/envoy.config.route.v3.RouteConfiguration
2022-12-22T05:27:15.007376Z	debug	xdsproxy	response for type url type.googleapis.com/envoy.config.cluster.v3.Cluster
2022-12-22T05:27:15.007467Z	debug	xdsproxy	response for type url type.googleapis.com/envoy.config.endpoint.v3.ClusterLoadAssignment
2022-12-22T05:27:15.013230Z	debug	xdsproxy	response for type url type.googleapis.com/envoy.config.listener.v3.Listener
2022-12-22T05:27:15.013356Z	debug	xdsproxy	response for type url type.googleapis.com/istio.networking.nds.v1.NameTable
2022-12-22T05:27:15.015720Z	debug	dns	updated lookup table with 39 hosts
2022-12-22T05:27:15.015800Z	debug	xdsproxy	response for type url type.googleapis.com/envoy.config.route.v3.RouteConfiguration
2022-12-22T05:27:15.015871Z	debug	xdsproxy	request for type url type.googleapis.com/istio.networking.nds.v1.NameTable
2022-12-22T05:27:15.016228Z	debug	xdsproxy	request for type url type.googleapis.com/envoy.config.cluster.v3.Cluster
2022-12-22T05:27:15.016249Z	debug	xdsproxy	request for type url type.googleapis.com/envoy.config.endpoint.v3.ClusterLoadAssignment
2022-12-22T05:27:15.022179Z	debug	xdsproxy	request for type url type.googleapis.com/envoy.config.listener.v3.Listener
2022-12-22T05:27:15.022224Z	debug	xdsproxy	request for type url type.googleapis.com/envoy.config.route.v3.RouteConfiguration
