2022-12-22T05:40:44.604649Z	info	FLAG: --concurrency="2"
2022-12-22T05:40:44.606220Z	info	FLAG: --domain=""
2022-12-22T05:40:44.606227Z	info	FLAG: --help="false"
2022-12-22T05:40:44.606229Z	info	FLAG: --log_as_json="false"
2022-12-22T05:40:44.606231Z	info	FLAG: --log_caller=""
2022-12-22T05:40:44.606233Z	info	FLAG: --log_output_level="default:info"
2022-12-22T05:40:44.606234Z	info	FLAG: --log_rotate=""
2022-12-22T05:40:44.606237Z	info	FLAG: --log_rotate_max_age="30"
2022-12-22T05:40:44.606238Z	info	FLAG: --log_rotate_max_backups="1000"
2022-12-22T05:40:44.606240Z	info	FLAG: --log_rotate_max_size="104857600"
2022-12-22T05:40:44.606241Z	info	FLAG: --log_stacktrace_level="default:none"
2022-12-22T05:40:44.606251Z	info	FLAG: --log_target="[stdout]"
2022-12-22T05:40:44.606253Z	info	FLAG: --meshConfig="./etc/istio/config/mesh"
2022-12-22T05:40:44.606255Z	info	FLAG: --outlierLogPath=""
2022-12-22T05:40:44.606257Z	info	FLAG: --proxyComponentLogLevel="misc:error"
2022-12-22T05:40:44.606259Z	info	FLAG: --proxyLogLevel="warning"
2022-12-22T05:40:44.606260Z	info	FLAG: --serviceCluster="istio-proxy"
2022-12-22T05:40:44.606267Z	info	FLAG: --stsPort="0"
2022-12-22T05:40:44.606269Z	info	FLAG: --templateFile=""
2022-12-22T05:40:44.606270Z	info	FLAG: --tokenManagerPlugin="GoogleTokenExchange"
2022-12-22T05:40:44.606274Z	info	FLAG: --vklog="0"
2022-12-22T05:40:44.606276Z	info	Version 1.16.0-8f2e2dc5d57f6f1f7a453e03ec96ca72b2205783-Clean
2022-12-22T05:40:44.610150Z	info	Maximum file descriptors (ulimit -n): 1048576
2022-12-22T05:40:44.611580Z	info	Proxy role	ips=[10.244.0.18 172.16.0.6] type=sidecar id=ubuntu-deployment-7b8975b5d6-tfl85.vm-ns domain=vm-ns.svc.cluster.local
2022-12-22T05:40:44.611670Z	info	Apply mesh config from file defaultConfig:
  discoveryAddress: istiod.istio-system.svc:15012
  proxyMetadata:
    CANONICAL_REVISION: latest
    CANONICAL_SERVICE: vm-app
    ISTIO_META_CLUSTER_ID: Kubernetes
    ISTIO_META_DNS_CAPTURE: "true"
    ISTIO_META_MESH_ID: ""
    ISTIO_META_NETWORK: ""
    ISTIO_META_WORKLOAD_NAME: vm-app
    ISTIO_METAJSON_LABELS: '{"app":"vm-app","service.istio.io/canonical-name":"vm-app","service.istio.io/canonical-revision":"latest"}'
    POD_NAMESPACE: vm-ns
    SERVICE_ACCOUNT: serviceaccountvm
    TRUST_DOMAIN: cluster.local
  tracing:
    zipkin:
      address: zipkin.istio-system:9411

2022-12-22T05:40:44.617213Z	info	Apply proxy config from env {}

2022-12-22T05:40:44.621796Z	info	Effective config: binaryPath: /usr/local/bin/envoy
concurrency: 2
configPath: ./etc/istio/proxy
controlPlaneAuthPolicy: MUTUAL_TLS
discoveryAddress: istiod.istio-system.svc:15012
drainDuration: 45s
parentShutdownDuration: 60s
proxyAdminPort: 15000
proxyMetadata:
  CANONICAL_REVISION: latest
  CANONICAL_SERVICE: vm-app
  ISTIO_META_CLUSTER_ID: Kubernetes
  ISTIO_META_DNS_CAPTURE: "true"
  ISTIO_META_MESH_ID: ""
  ISTIO_META_NETWORK: ""
  ISTIO_META_WORKLOAD_NAME: vm-app
  ISTIO_METAJSON_LABELS: '{"app":"vm-app","service.istio.io/canonical-name":"vm-app","service.istio.io/canonical-revision":"latest"}'
  POD_NAMESPACE: vm-ns
  SERVICE_ACCOUNT: serviceaccountvm
  TRUST_DOMAIN: cluster.local
serviceCluster: istio-proxy
statNameLength: 189
statusPort: 15020
terminationDrainDuration: 5s
tracing:
  zipkin:
    address: zipkin.istio-system:9411

2022-12-22T05:40:44.621844Z	info	JWT policy is third-party-jwt
2022-12-22T05:40:44.621849Z	info	using credential fetcher of JWT type in cluster.local trust domain
2022-12-22T05:40:44.724053Z	info	Workload SDS socket not found. Starting Istio SDS Server
2022-12-22T05:40:44.724126Z	info	CA Endpoint istiod.istio-system.svc:15012, provider Citadel
2022-12-22T05:40:44.724197Z	info	Using CA istiod.istio-system.svc:15012 cert with certs: var/run/secrets/istio/root-cert.pem
2022-12-22T05:40:44.724398Z	info	citadelclient	Citadel client using custom root cert: var/run/secrets/istio/root-cert.pem
2022-12-22T05:40:44.728615Z	info	Opening status port 15020
2022-12-22T05:40:44.758238Z	info	ads	All caches have been synced up in 158.44829ms, marking server ready
2022-12-22T05:40:44.759659Z	info	xdsproxy	Initializing with upstream address "istiod.istio-system.svc:15012" and cluster "Kubernetes"
2022-12-22T05:40:44.760163Z	info	sds	Starting SDS grpc server
2022-12-22T05:40:44.766088Z	info	starting Http service at 127.0.0.1:15004
2022-12-22T05:40:44.767984Z	info	Pilot SAN: [istiod.istio-system.svc]
2022-12-22T05:40:44.770794Z	info	Starting proxy agent
2022-12-22T05:40:44.770902Z	info	starting
2022-12-22T05:40:44.770928Z	info	Envoy command: [-c etc/istio/proxy/envoy-rev.json --drain-time-s 45 --drain-strategy immediate --parent-shutdown-time-s 60 --local-address-ip-version v4 --file-flush-interval-msec 1000 --disable-hot-restart --log-format %Y-%m-%dT%T.%fZ	%l	envoy %n	%v -l warning --component-log-level misc:error --concurrency 2]
2022-12-22T05:40:44.937831Z	info	xdsproxy	connected to upstream XDS server: istiod.istio-system.svc:15012
2022-12-22T05:40:44.988299Z	info	ads	ADS: new connection for node:ubuntu-deployment-7b8975b5d6-tfl85.vm-ns-1
2022-12-22T05:40:44.988513Z	info	ads	ADS: new connection for node:ubuntu-deployment-7b8975b5d6-tfl85.vm-ns-2
2022-12-22T05:40:45.175133Z	info	cache	generated new workload certificate	latency=414.816157ms ttl=23h59m59.824876404s
2022-12-22T05:40:45.175270Z	info	cache	Root cert has changed, start rotating root cert
2022-12-22T05:40:45.175310Z	info	ads	XDS: Incremental Pushing:0 ConnectedEndpoints:2 Version:
2022-12-22T05:40:45.175392Z	info	cache	returned workload trust anchor from cache	ttl=23h59m59.824611216s
2022-12-22T05:40:45.175481Z	info	cache	returned workload trust anchor from cache	ttl=23h59m59.824521073s
2022-12-22T05:40:45.177142Z	info	ads	SDS: PUSH request for node:ubuntu-deployment-7b8975b5d6-tfl85.vm-ns resources:1 size:1.1kB resource:ROOTCA
2022-12-22T05:40:45.177294Z	info	cache	returned workload trust anchor from cache	ttl=23h59m59.822709455s
2022-12-22T05:40:45.177397Z	info	cache	returned workload certificate from cache	ttl=23h59m59.822605668s
2022-12-22T05:40:45.178142Z	info	ads	SDS: PUSH request for node:ubuntu-deployment-7b8975b5d6-tfl85.vm-ns resources:1 size:4.0kB resource:default
2022-12-22T05:40:45.433770Z	info	Readiness succeeded in 849.177552ms
2022-12-22T05:40:45.437655Z	info	Envoy proxy is ready
