2022-12-23T06:59:48.176556Z	info	FLAG: --concurrency="2"
2022-12-23T06:59:48.176582Z	info	FLAG: --domain=""
2022-12-23T06:59:48.176587Z	info	FLAG: --help="false"
2022-12-23T06:59:48.176588Z	info	FLAG: --log_as_json="false"
2022-12-23T06:59:48.176590Z	info	FLAG: --log_caller=""
2022-12-23T06:59:48.176592Z	info	FLAG: --log_output_level="default:info"
2022-12-23T06:59:48.176593Z	info	FLAG: --log_rotate=""
2022-12-23T06:59:48.176595Z	info	FLAG: --log_rotate_max_age="30"
2022-12-23T06:59:48.176597Z	info	FLAG: --log_rotate_max_backups="1000"
2022-12-23T06:59:48.176598Z	info	FLAG: --log_rotate_max_size="104857600"
2022-12-23T06:59:48.176600Z	info	FLAG: --log_stacktrace_level="default:none"
2022-12-23T06:59:48.176651Z	info	FLAG: --log_target="[stdout]"
2022-12-23T06:59:48.176659Z	info	FLAG: --meshConfig="./etc/istio/config/mesh"
2022-12-23T06:59:48.176660Z	info	FLAG: --outlierLogPath=""
2022-12-23T06:59:48.176662Z	info	FLAG: --proxyComponentLogLevel="misc:error"
2022-12-23T06:59:48.176664Z	info	FLAG: --proxyLogLevel="warning"
2022-12-23T06:59:48.176665Z	info	FLAG: --serviceCluster="istio-proxy"
2022-12-23T06:59:48.176667Z	info	FLAG: --stsPort="0"
2022-12-23T06:59:48.176669Z	info	FLAG: --templateFile=""
2022-12-23T06:59:48.176676Z	info	FLAG: --tokenManagerPlugin="GoogleTokenExchange"
2022-12-23T06:59:48.176720Z	info	FLAG: --vklog="0"
2022-12-23T06:59:48.176726Z	info	Version 1.16.0-8f2e2dc5d57f6f1f7a453e03ec96ca72b2205783-Clean
2022-12-23T06:59:48.182066Z	info	Maximum file descriptors (ulimit -n): 1048576
2022-12-23T06:59:48.182252Z	info	Proxy role	ips=[10.244.0.17 172.16.0.5] type=sidecar id=ubuntu-deployment-7b8975b5d6-p55db.vm-ns domain=vm-ns.svc.cluster.local
2022-12-23T06:59:48.182332Z	info	Apply mesh config from file defaultConfig:
  discoveryAddress: istiod.istio-system.svc:15012
  proxyMetadata:
    CANONICAL_REVISION: latest
    CANONICAL_SERVICE: vm-app
    ISTIO_META_CLUSTER_ID: Kubernetes
    ISTIO_META_DNS_CAPTURE: "true"
    ISTIO_META_MESH_ID: ""
    ISTIO_META_NETWORK: ""
    ISTIO_META_WORKLOAD_NAME: vm-app
    ISTIO_METAJSON_LABELS: '{"app":"vm-app","service.istio.io/canonical-name":"vm-app","service.istio.io/canonical-revision":"latest"}'
    POD_NAMESPACE: vm-ns
    SERVICE_ACCOUNT: serviceaccountvm
    TRUST_DOMAIN: cluster.local
  tracing:
    zipkin:
      address: zipkin.istio-system:9411

2022-12-23T06:59:48.186120Z	info	Apply proxy config from env {}

2022-12-23T06:59:48.186810Z	info	Effective config: binaryPath: /usr/local/bin/envoy
concurrency: 2
configPath: ./etc/istio/proxy
controlPlaneAuthPolicy: MUTUAL_TLS
discoveryAddress: istiod.istio-system.svc:15012
drainDuration: 45s
parentShutdownDuration: 60s
proxyAdminPort: 15000
proxyMetadata:
  CANONICAL_REVISION: latest
  CANONICAL_SERVICE: vm-app
  ISTIO_META_CLUSTER_ID: Kubernetes
  ISTIO_META_DNS_CAPTURE: "true"
  ISTIO_META_MESH_ID: ""
  ISTIO_META_NETWORK: ""
  ISTIO_META_WORKLOAD_NAME: vm-app
  ISTIO_METAJSON_LABELS: '{"app":"vm-app","service.istio.io/canonical-name":"vm-app","service.istio.io/canonical-revision":"latest"}'
  POD_NAMESPACE: vm-ns
  SERVICE_ACCOUNT: serviceaccountvm
  TRUST_DOMAIN: cluster.local
serviceCluster: istio-proxy
statNameLength: 189
statusPort: 15020
terminationDrainDuration: 5s
tracing:
  zipkin:
    address: zipkin.istio-system:9411

2022-12-23T06:59:48.186895Z	info	JWT policy is third-party-jwt
2022-12-23T06:59:48.186903Z	info	using credential fetcher of JWT type in cluster.local trust domain
2022-12-23T06:59:48.291638Z	info	Workload SDS socket not found. Starting Istio SDS Server
2022-12-23T06:59:48.291697Z	info	CA Endpoint istiod.istio-system.svc:15012, provider Citadel
2022-12-23T06:59:48.291715Z	info	Using CA istiod.istio-system.svc:15012 cert with certs: var/run/secrets/istio/root-cert.pem
2022-12-23T06:59:48.291794Z	info	citadelclient	Citadel client using custom root cert: var/run/secrets/istio/root-cert.pem
2022-12-23T06:59:48.297204Z	info	Opening status port 15020
2022-12-23T06:59:48.359176Z	info	ads	All caches have been synced up in 187.578084ms, marking server ready
2022-12-23T06:59:48.360099Z	info	xdsproxy	Initializing with upstream address "istiod.istio-system.svc:15012" and cluster "Kubernetes"
2022-12-23T06:59:48.360249Z	info	sds	Starting SDS grpc server
2022-12-23T06:59:48.360794Z	info	starting Http service at 127.0.0.1:15004
2022-12-23T06:59:48.362369Z	info	Pilot SAN: [istiod.istio-system.svc]
2022-12-23T06:59:48.365513Z	info	Starting proxy agent
2022-12-23T06:59:48.365657Z	info	starting
2022-12-23T06:59:48.365678Z	info	Envoy command: [-c etc/istio/proxy/envoy-rev.json --drain-time-s 45 --drain-strategy immediate --parent-shutdown-time-s 60 --local-address-ip-version v4 --file-flush-interval-msec 1000 --disable-hot-restart --log-format %Y-%m-%dT%T.%fZ	%l	envoy %n	%v -l warning --component-log-level misc:error --concurrency 2]
2022-12-23T06:59:48.528953Z	info	xdsproxy	connected to upstream XDS server: istiod.istio-system.svc:15012
2022-12-23T06:59:48.574764Z	info	ads	ADS: new connection for node:ubuntu-deployment-7b8975b5d6-p55db.vm-ns-1
2022-12-23T06:59:48.574928Z	info	ads	ADS: new connection for node:ubuntu-deployment-7b8975b5d6-p55db.vm-ns-2
2022-12-23T06:59:48.591982Z	info	cache	generated new workload certificate	latency=232.289714ms ttl=23h59m59.408026901s
2022-12-23T06:59:48.592034Z	info	cache	Root cert has changed, start rotating root cert
2022-12-23T06:59:48.592048Z	info	ads	XDS: Incremental Pushing:0 ConnectedEndpoints:2 Version:
2022-12-23T06:59:48.592092Z	info	cache	returned workload trust anchor from cache	ttl=23h59m59.40791046s
2022-12-23T06:59:48.592137Z	info	cache	returned workload certificate from cache	ttl=23h59m59.407865794s
2022-12-23T06:59:48.592321Z	info	cache	returned workload trust anchor from cache	ttl=23h59m59.407685625s
2022-12-23T06:59:48.592506Z	info	ads	SDS: PUSH request for node:ubuntu-deployment-7b8975b5d6-p55db.vm-ns resources:1 size:4.0kB resource:default
2022-12-23T06:59:48.593176Z	info	ads	SDS: PUSH request for node:ubuntu-deployment-7b8975b5d6-p55db.vm-ns resources:1 size:1.1kB resource:ROOTCA
2022-12-23T06:59:48.593252Z	info	cache	returned workload trust anchor from cache	ttl=23h59m59.406752168s
2022-12-23T06:59:49.479838Z	info	Readiness succeeded in 1.323963351s
2022-12-23T06:59:49.481423Z	info	Envoy proxy is ready
