2022-12-08T03:51:49.057157Z	info	FLAG: --concurrency="0"
2022-12-08T03:51:49.057204Z	info	FLAG: --domain=""
2022-12-08T03:51:49.057212Z	info	FLAG: --help="false"
2022-12-08T03:51:49.057215Z	info	FLAG: --log_as_json="false"
2022-12-08T03:51:49.057218Z	info	FLAG: --log_caller=""
2022-12-08T03:51:49.057221Z	info	FLAG: --log_output_level="dns:debug"
2022-12-08T03:51:49.057224Z	info	FLAG: --log_rotate=""
2022-12-08T03:51:49.057227Z	info	FLAG: --log_rotate_max_age="30"
2022-12-08T03:51:49.057230Z	info	FLAG: --log_rotate_max_backups="1000"
2022-12-08T03:51:49.057233Z	info	FLAG: --log_rotate_max_size="104857600"
2022-12-08T03:51:49.057237Z	info	FLAG: --log_stacktrace_level="default:none"
2022-12-08T03:51:49.057242Z	info	FLAG: --log_target="[stdout]"
2022-12-08T03:51:49.057246Z	info	FLAG: --meshConfig="./etc/istio/config/mesh"
2022-12-08T03:51:49.057249Z	info	FLAG: --outlierLogPath=""
2022-12-08T03:51:49.057252Z	info	FLAG: --proxyComponentLogLevel=""
2022-12-08T03:51:49.057255Z	info	FLAG: --proxyLogLevel="trace"
2022-12-08T03:51:49.057258Z	info	FLAG: --serviceCluster="istio-proxy"
2022-12-08T03:51:49.057261Z	info	FLAG: --stsPort="0"
2022-12-08T03:51:49.057264Z	info	FLAG: --templateFile=""
2022-12-08T03:51:49.057267Z	info	FLAG: --tokenManagerPlugin="GoogleTokenExchange"
2022-12-08T03:51:49.057271Z	info	FLAG: --vklog="0"
2022-12-08T03:51:49.057275Z	info	Version 1.15.2-b542583af7f8240ad0c9cab56eb9f8d55e1357ab-Clean
2022-12-08T03:51:49.059485Z	info	Maximum file descriptors (ulimit -n): 1024
2022-12-08T03:51:49.059728Z	info	Proxy role	ips=[10.244.0.13 172.16.0.3] type=sidecar id=ubuntu-deployment-6855596d8-hmhzr.vm-ns domain=vm-ns.svc.cluster.local
2022-12-08T03:51:49.059790Z	info	Apply mesh config from file defaultConfig:
  discoveryAddress: istiod.istio-system.svc:15012
  proxyMetadata:
    CANONICAL_REVISION: latest
    CANONICAL_SERVICE: vm-app
    ISTIO_META_CLUSTER_ID: Kubernetes
    ISTIO_META_DNS_CAPTURE: "true"
    ISTIO_META_MESH_ID: ""
    ISTIO_META_NETWORK: ""
    ISTIO_META_WORKLOAD_NAME: vm-app
    ISTIO_METAJSON_LABELS: '{"app":"vm-app","service.istio.io/canonical-name":"vm-app","service.istio.io/canonical-revision":"latest"}'
    POD_NAMESPACE: vm-ns
    SERVICE_ACCOUNT: serviceaccountvm
    TRUST_DOMAIN: cluster.local
  tracing:
    zipkin:
      address: zipkin.istio-system:9411

2022-12-08T03:51:49.077609Z	info	Apply proxy config from env 
serviceCluster: vm-app.vm-ns
controlPlaneAuthPolicy: MUTUAL_TLS

2022-12-08T03:51:49.078592Z	info	Effective config: binaryPath: /usr/local/bin/envoy
concurrency: 2
configPath: ./etc/istio/proxy
controlPlaneAuthPolicy: MUTUAL_TLS
discoveryAddress: istiod.istio-system.svc:15012
drainDuration: 45s
parentShutdownDuration: 60s
proxyAdminPort: 15000
proxyMetadata:
  CANONICAL_REVISION: latest
  CANONICAL_SERVICE: vm-app
  ISTIO_META_CLUSTER_ID: Kubernetes
  ISTIO_META_DNS_CAPTURE: "true"
  ISTIO_META_MESH_ID: ""
  ISTIO_META_NETWORK: ""
  ISTIO_META_WORKLOAD_NAME: vm-app
  ISTIO_METAJSON_LABELS: '{"app":"vm-app","service.istio.io/canonical-name":"vm-app","service.istio.io/canonical-revision":"latest"}'
  POD_NAMESPACE: vm-ns
  SERVICE_ACCOUNT: serviceaccountvm
  TRUST_DOMAIN: cluster.local
serviceCluster: vm-app.vm-ns
statNameLength: 189
statusPort: 15020
terminationDrainDuration: 5s
tracing:
  zipkin:
    address: zipkin.istio-system:9411

2022-12-08T03:51:49.078616Z	info	JWT policy is third-party-jwt
2022-12-08T03:51:49.078622Z	info	using credential fetcher of JWT type in cluster.local trust domain
2022-12-08T03:51:49.271489Z	info	Opening status port 15020
2022-12-08T03:51:49.271647Z	debug	dns	initialized DNS	search=[] servers=[127.0.0.1:53]
2022-12-08T03:51:49.271805Z	info	dns	Starting local udp DNS server on 127.0.0.1:15053
2022-12-08T03:51:49.272339Z	info	dns	Starting local tcp DNS server on 127.0.0.1:15053
2022-12-08T03:51:49.272481Z	info	Workload SDS socket not found. Starting Istio SDS Server
2022-12-08T03:51:49.272498Z	info	CA Endpoint istiod.istio-system.svc:15012, provider Citadel
2022-12-08T03:51:49.272510Z	info	Using CA istiod.istio-system.svc:15012 cert with certs: ./etc/certs/root-cert.pem
2022-12-08T03:51:49.272590Z	info	citadelclient	Citadel client using custom root cert: ./etc/certs/root-cert.pem
2022-12-08T03:51:49.295533Z	info	ads	All caches have been synced up in 242.873352ms, marking server ready
2022-12-08T03:51:49.296070Z	info	xdsproxy	Initializing with upstream address "istiod.istio-system.svc:15012" and cluster "Kubernetes"
2022-12-08T03:51:49.298135Z	info	starting Http service at 127.0.0.1:15004
2022-12-08T03:51:49.298263Z	info	sds	Starting SDS grpc server
2022-12-08T03:51:49.300106Z	info	Pilot SAN: [istiod.istio-system.svc]
2022-12-08T03:51:49.305335Z	info	Starting proxy agent
2022-12-08T03:51:49.305437Z	info	starting
2022-12-08T03:51:49.305484Z	info	Envoy command: [-c etc/istio/proxy/envoy-rev.json --drain-time-s 45 --drain-strategy immediate --parent-shutdown-time-s 60 --local-address-ip-version v4 --file-flush-interval-msec 1000 --disable-hot-restart --log-format %Y-%m-%dT%T.%fZ	%l	envoy %n	%v -l trace --concurrency 2]
2022-12-08T03:51:49.315771Z	warn	citadelclient	cannot parse the cert chain, using token instead: failed to read the cert, error is open etc/certs/cert-chain.pem: no such file or directory
2022-12-08T03:51:49.467451Z	info	cache	generated new workload certificate	latency=171.541506ms ttl=23h59m59.532559738s
2022-12-08T03:51:49.467488Z	info	cache	Root cert has changed, start rotating root cert
2022-12-08T03:51:49.467501Z	info	ads	XDS: Incremental Pushing:0 ConnectedEndpoints:0 Version:
2022-12-08T03:51:49.467885Z	info	cache	returned workload trust anchor from cache	ttl=23h59m59.532119575s
2022-12-08T03:51:49.535229Z	info	xdsproxy	connected to upstream XDS server: istiod.istio-system.svc:15012
2022-12-08T03:51:49.912952Z	info	ads	ADS: new connection for node:ubuntu-deployment-6855596d8-hmhzr.vm-ns-1
2022-12-08T03:51:49.913162Z	info	cache	returned workload trust anchor from cache	ttl=23h59m59.086845269s
2022-12-08T03:51:49.913687Z	info	ads	SDS: PUSH request for node:ubuntu-deployment-6855596d8-hmhzr.vm-ns resources:1 size:1.1kB resource:ROOTCA
2022-12-08T03:51:49.953859Z	info	ads	ADS: new connection for node:ubuntu-deployment-6855596d8-hmhzr.vm-ns-2
2022-12-08T03:51:49.954266Z	info	cache	returned workload certificate from cache	ttl=23h59m59.045744024s
2022-12-08T03:51:49.954766Z	info	ads	SDS: PUSH request for node:ubuntu-deployment-6855596d8-hmhzr.vm-ns resources:1 size:4.0kB resource:default
2022-12-08T03:51:50.098234Z	debug	dns	updated lookup table with 39 hosts
2022-12-08T03:52:13.920067Z	debug	dns	request ;; opcode: QUERY, status: NOERROR, id: 45760
;; flags: rd; QUERY: 1, ANSWER: 0, AUTHORITY: 0, ADDITIONAL: 0

;; QUESTION SECTION:
;helloworld.sample.svc.	IN	 A
	protocol=udp edns=false id=5488fa3c-d1b7-4880-915e-c405f2cebe12
2022-12-08T03:52:13.920116Z	debug	dns	response for hostname "helloworld.sample.svc." (found=true): ;; opcode: QUERY, status: NOERROR, id: 45760
;; flags: qr aa rd; QUERY: 1, ANSWER: 1, AUTHORITY: 0, ADDITIONAL: 0

;; QUESTION SECTION:
;helloworld.sample.svc.	IN	 A

;; ANSWER SECTION:
helloworld.sample.svc.	30	IN	A	10.96.19.142
	protocol=udp edns=false id=5488fa3c-d1b7-4880-915e-c405f2cebe12
2022-12-08T03:52:13.920530Z	debug	dns	request ;; opcode: QUERY, status: NOERROR, id: 12871
;; flags: rd; QUERY: 1, ANSWER: 0, AUTHORITY: 0, ADDITIONAL: 0

;; QUESTION SECTION:
;helloworld.sample.svc.	IN	 AAAA
	protocol=udp edns=false id=c754b64b-fccb-4209-9419-387289b4c97a
2022-12-08T03:52:13.920547Z	debug	dns	response for hostname "helloworld.sample.svc." (found=true): ;; opcode: QUERY, status: NOERROR, id: 12871
;; flags: qr aa rd; QUERY: 1, ANSWER: 0, AUTHORITY: 0, ADDITIONAL: 0

;; QUESTION SECTION:
;helloworld.sample.svc.	IN	 AAAA
	protocol=udp edns=false id=c754b64b-fccb-4209-9419-387289b4c97a
2022-12-08T03:52:30.129781Z	debug	dns	request ;; opcode: QUERY, status: NOERROR, id: 20855
;; flags: rd; QUERY: 1, ANSWER: 0, AUTHORITY: 0, ADDITIONAL: 0

;; QUESTION SECTION:
;helloworld.sample.svc.	IN	 A
	protocol=udp edns=false id=f1787881-4801-4888-a494-09baa3ded37b
2022-12-08T03:52:30.129854Z	debug	dns	response for hostname "helloworld.sample.svc." (found=true): ;; opcode: QUERY, status: NOERROR, id: 20855
;; flags: qr aa rd; QUERY: 1, ANSWER: 1, AUTHORITY: 0, ADDITIONAL: 0

;; QUESTION SECTION:
;helloworld.sample.svc.	IN	 A

;; ANSWER SECTION:
helloworld.sample.svc.	30	IN	A	10.96.19.142
	protocol=udp edns=false id=f1787881-4801-4888-a494-09baa3ded37b
2022-12-08T03:52:30.135906Z	debug	dns	request ;; opcode: QUERY, status: NOERROR, id: 531
;; flags: rd; QUERY: 1, ANSWER: 0, AUTHORITY: 0, ADDITIONAL: 0

;; QUESTION SECTION:
;helloworld.sample.svc.	IN	 AAAA
	protocol=udp edns=false id=8e4611a9-bf3e-4a71-8a4b-1d33dce23370
2022-12-08T03:52:30.135952Z	debug	dns	response for hostname "helloworld.sample.svc." (found=true): ;; opcode: QUERY, status: NOERROR, id: 531
;; flags: qr aa rd; QUERY: 1, ANSWER: 0, AUTHORITY: 0, ADDITIONAL: 0

;; QUESTION SECTION:
;helloworld.sample.svc.	IN	 AAAA
	protocol=udp edns=false id=8e4611a9-bf3e-4a71-8a4b-1d33dce23370
2022-12-08T04:21:04.223932Z	info	xdsproxy	connected to upstream XDS server: istiod.istio-system.svc:15012
2022-12-08T04:21:04.340991Z	debug	dns	updated lookup table with 39 hosts
2022-12-08T04:22:08.972776Z	info	Agent draining Proxy
2022-12-08T04:22:08.972911Z	info	Status server has successfully terminated
2022-12-08T04:22:08.978572Z	error	accept tcp [::]:15020: use of closed network connection
2022-12-08T04:22:09.002601Z	info	Graceful termination period is 5s, starting...
2022-12-08T04:22:14.003583Z	info	Graceful termination period complete, terminating remaining proxies.
2022-12-08T04:22:14.003675Z	warn	Aborted proxy instance
2022-12-08T04:22:14.005243Z	warn	Aborting proxy
2022-12-08T04:22:14.008613Z	info	Envoy aborted normally
2022-12-08T04:22:14.009205Z	info	Agent has successfully terminated
2022-12-08T04:23:02.869644Z	info	FLAG: --concurrency="0"
2022-12-08T04:23:02.869676Z	info	FLAG: --domain=""
2022-12-08T04:23:02.869683Z	info	FLAG: --help="false"
2022-12-08T04:23:02.869686Z	info	FLAG: --log_as_json="false"
2022-12-08T04:23:02.869689Z	info	FLAG: --log_caller=""
2022-12-08T04:23:02.869692Z	info	FLAG: --log_output_level="all:debug"
2022-12-08T04:23:02.869695Z	info	FLAG: --log_rotate=""
2022-12-08T04:23:02.869699Z	info	FLAG: --log_rotate_max_age="30"
2022-12-08T04:23:02.869702Z	info	FLAG: --log_rotate_max_backups="1000"
2022-12-08T04:23:02.869705Z	info	FLAG: --log_rotate_max_size="104857600"
2022-12-08T04:23:02.869709Z	info	FLAG: --log_stacktrace_level="default:none"
2022-12-08T04:23:02.869716Z	info	FLAG: --log_target="[stdout]"
2022-12-08T04:23:02.869719Z	info	FLAG: --meshConfig="./etc/istio/config/mesh"
2022-12-08T04:23:02.869722Z	info	FLAG: --outlierLogPath=""
2022-12-08T04:23:02.869725Z	info	FLAG: --proxyComponentLogLevel=""
2022-12-08T04:23:02.869728Z	info	FLAG: --proxyLogLevel="trace"
2022-12-08T04:23:02.869732Z	info	FLAG: --serviceCluster="istio-proxy"
2022-12-08T04:23:02.869735Z	info	FLAG: --stsPort="0"
2022-12-08T04:23:02.869738Z	info	FLAG: --templateFile=""
2022-12-08T04:23:02.869741Z	info	FLAG: --tokenManagerPlugin="GoogleTokenExchange"
2022-12-08T04:23:02.869745Z	info	FLAG: --vklog="0"
2022-12-08T04:23:02.869749Z	info	Version 1.15.2-b542583af7f8240ad0c9cab56eb9f8d55e1357ab-Clean
2022-12-08T04:23:02.871793Z	info	Maximum file descriptors (ulimit -n): 1024
2022-12-08T04:23:02.872005Z	info	Proxy role	ips=[10.244.0.13 172.16.0.3] type=sidecar id=ubuntu-deployment-6855596d8-hmhzr.vm-ns domain=vm-ns.svc.cluster.local
2022-12-08T04:23:02.872049Z	debug	failed to read pod annotations: open ./etc/istio/pod/annotations: no such file or directory
2022-12-08T04:23:02.872191Z	info	Apply mesh config from file defaultConfig:
  discoveryAddress: istiod.istio-system.svc:15012
  proxyMetadata:
    CANONICAL_REVISION: latest
    CANONICAL_SERVICE: vm-app
    ISTIO_META_CLUSTER_ID: Kubernetes
    ISTIO_META_DNS_CAPTURE: "true"
    ISTIO_META_MESH_ID: ""
    ISTIO_META_NETWORK: ""
    ISTIO_META_WORKLOAD_NAME: vm-app
    ISTIO_METAJSON_LABELS: '{"app":"vm-app","service.istio.io/canonical-name":"vm-app","service.istio.io/canonical-revision":"latest"}'
    POD_NAMESPACE: vm-ns
    SERVICE_ACCOUNT: serviceaccountvm
    TRUST_DOMAIN: cluster.local
  tracing:
    zipkin:
      address: zipkin.istio-system:9411

2022-12-08T04:23:02.877041Z	info	Apply proxy config from env 
serviceCluster: vm-app.vm-ns
controlPlaneAuthPolicy: MUTUAL_TLS

2022-12-08T04:23:02.877958Z	info	Effective config: binaryPath: /usr/local/bin/envoy
concurrency: 2
configPath: ./etc/istio/proxy
controlPlaneAuthPolicy: MUTUAL_TLS
discoveryAddress: istiod.istio-system.svc:15012
drainDuration: 45s
parentShutdownDuration: 60s
proxyAdminPort: 15000
proxyMetadata:
  CANONICAL_REVISION: latest
  CANONICAL_SERVICE: vm-app
  ISTIO_META_CLUSTER_ID: Kubernetes
  ISTIO_META_DNS_CAPTURE: "true"
  ISTIO_META_MESH_ID: ""
  ISTIO_META_NETWORK: ""
  ISTIO_META_WORKLOAD_NAME: vm-app
  ISTIO_METAJSON_LABELS: '{"app":"vm-app","service.istio.io/canonical-name":"vm-app","service.istio.io/canonical-revision":"latest"}'
  POD_NAMESPACE: vm-ns
  SERVICE_ACCOUNT: serviceaccountvm
  TRUST_DOMAIN: cluster.local
serviceCluster: vm-app.vm-ns
statNameLength: 189
statusPort: 15020
terminationDrainDuration: 5s
tracing:
  zipkin:
    address: zipkin.istio-system:9411

2022-12-08T04:23:02.877994Z	info	JWT policy is third-party-jwt
2022-12-08T04:23:02.878005Z	info	using credential fetcher of JWT type in cluster.local trust domain
2022-12-08T04:23:02.878180Z	debug	Error reading sys_vendor in Azure platform detection: open /sys/class/dmi/id/sys_vendor: no such file or directory
2022-12-08T04:23:02.981054Z	debug	error in getting aws info for iam/info : Get "http://169.254.169.254/latest/meta-data/iam/info": context deadline exceeded (Client.Timeout exceeded while awaiting headers)
2022-12-08T04:23:03.047308Z	debug	dns	initialized DNS	search=[] servers=[127.0.0.1:53]
2022-12-08T04:23:03.047378Z	info	dns	Starting local udp DNS server on 127.0.0.1:15053
2022-12-08T04:23:03.047733Z	info	dns	Starting local tcp DNS server on 127.0.0.1:15053
2022-12-08T04:23:03.048262Z	info	Opening status port 15020
2022-12-08T04:23:03.049349Z	debug	SDS socket detected but not healthy: connection error: desc = "transport: error while dialing: dial unix ./var/run/secrets/workload-spiffe-uds/socket: connect: connection refused"
2022-12-08T04:23:03.049406Z	info	Workload SDS socket not found. Starting Istio SDS Server
2022-12-08T04:23:03.049418Z	info	CA Endpoint istiod.istio-system.svc:15012, provider Citadel
2022-12-08T04:23:03.049428Z	info	Using CA istiod.istio-system.svc:15012 cert with certs: ./etc/certs/root-cert.pem
2022-12-08T04:23:03.049505Z	info	citadelclient	Citadel client using custom root cert: ./etc/certs/root-cert.pem
2022-12-08T04:23:03.102980Z	info	ads	All caches have been synced up in 238.143662ms, marking server ready
2022-12-08T04:23:03.104311Z	debug	cache	generate secret "default"
2022-12-08T04:23:03.105139Z	debug	cache	constructed host name for CSR: spiffe://cluster.local/ns/vm-ns/sa/serviceaccountvm
2022-12-08T04:23:03.117956Z	debug	wasm	LocalFileCache is created with the option
wasm.Options{PurgeInterval:3600000000000, ModuleExpiry:86400000000000, InsecureRegistries:sets.Set{"":struct {}{}}, HTTPRequestTimeout:15000000000, HTTPRequestMaxRetries:5}
2022-12-08T04:23:03.118013Z	info	xdsproxy	Initializing with upstream address "istiod.istio-system.svc:15012" and cluster "Kubernetes"
2022-12-08T04:23:03.118046Z	info	sds	Starting SDS grpc server
2022-12-08T04:23:03.127492Z	info	starting Http service at 127.0.0.1:15004
2022-12-08T04:23:03.127682Z	debug	failed to read pod labels: open ./etc/istio/pod/labels: no such file or directory
2022-12-08T04:23:03.127704Z	debug	failed to read pod annotations: open ./etc/istio/pod/annotations: no such file or directory
2022-12-08T04:23:03.129836Z	debug	failed to read pod labels: open ./etc/istio/pod/labels: no such file or directory
2022-12-08T04:23:03.129873Z	debug	failed to read pod annotations: open ./etc/istio/pod/annotations: no such file or directory
2022-12-08T04:23:03.129888Z	info	Pilot SAN: [istiod.istio-system.svc]
2022-12-08T04:23:03.130238Z	debug	Add CA file ./etc/certs/root-cert.pem watcher
2022-12-08T04:23:03.148045Z	info	Starting proxy agent
2022-12-08T04:23:03.148159Z	info	starting
2022-12-08T04:23:03.148193Z	info	Envoy command: [-c etc/istio/proxy/envoy-rev.json --drain-time-s 45 --drain-strategy immediate --parent-shutdown-time-s 60 --local-address-ip-version v4 --file-flush-interval-msec 1000 --disable-hot-restart --log-format %Y-%m-%dT%T.%fZ	%l	envoy %n	%v -l trace --concurrency 2]
2022-12-08T04:23:03.343018Z	debug	xdsproxy	accepted XDS connection from Envoy, forwarding to upstream XDS server
2022-12-08T04:23:03.398885Z	info	xdsproxy	connected to upstream XDS server: istiod.istio-system.svc:15012
2022-12-08T04:23:03.412694Z	info	cache	generated new workload certificate	latency=307.497686ms ttl=23h59m59.587366562s
2022-12-08T04:23:03.412751Z	debug	cache	scheduled certificate for rotation in 11h59m59.793639109s	resource=default
2022-12-08T04:23:03.412762Z	info	cache	Root cert has changed, start rotating root cert
2022-12-08T04:23:03.413485Z	info	ads	XDS: Incremental Pushing:0 ConnectedEndpoints:0 Version:
2022-12-08T04:23:03.416711Z	debug	cache	output the resource to ./etc/certs	resource=default
2022-12-08T04:23:03.416732Z	debug	cache	generate secret "ROOTCA"
2022-12-08T04:23:03.416819Z	info	cache	returned workload trust anchor from cache	ttl=23h59m59.583186585s
2022-12-08T04:23:03.417031Z	debug	cache	output the resource to ./etc/certs	resource=ROOTCA
2022-12-08T04:23:03.417131Z	debug	Receive file ./etc/certs/root-cert.pem event "etc/certs/root-cert.pem.tmp.703542726": RENAME
2022-12-08T04:23:03.417300Z	debug	Receive file ./etc/certs/root-cert.pem event "etc/certs/root-cert.pem.tmp.2036610379": WRITE
2022-12-08T04:23:03.603839Z	debug	xdsproxy	request for type url type.googleapis.com/envoy.config.cluster.v3.Cluster
2022-12-08T04:23:03.652569Z	debug	xdsproxy	response for type url type.googleapis.com/envoy.config.cluster.v3.Cluster
2022-12-08T04:23:03.667923Z	debug	xdsproxy	request for type url type.googleapis.com/envoy.config.endpoint.v3.ClusterLoadAssignment
2022-12-08T04:23:03.667990Z	debug	xdsproxy	request for type url type.googleapis.com/envoy.config.cluster.v3.Cluster
2022-12-08T04:23:03.685853Z	debug	xdsproxy	response for type url type.googleapis.com/envoy.config.endpoint.v3.ClusterLoadAssignment
2022-12-08T04:23:03.690284Z	debug	xdsproxy	request for type url type.googleapis.com/envoy.config.endpoint.v3.ClusterLoadAssignment
2022-12-08T04:23:03.690804Z	debug	ads	Unauthenticated XDS: @
2022-12-08T04:23:03.693798Z	info	ads	ADS: new connection for node:ubuntu-deployment-6855596d8-hmhzr.vm-ns-1
2022-12-08T04:23:03.693824Z	debug	ads	ADS:SDS: REQ ubuntu-deployment-6855596d8-hmhzr.vm-ns-1 resources:1 nonce: version: 
2022-12-08T04:23:03.693830Z	debug	ads	ADS:SDS: INIT/RECONNECT ubuntu-deployment-6855596d8-hmhzr.vm-ns-1  
2022-12-08T04:23:03.693837Z	debug	cache	generate secret "ROOTCA"
2022-12-08T04:23:03.694644Z	info	cache	returned workload trust anchor from cache	ttl=23h59m59.3053625s
2022-12-08T04:23:03.694665Z	debug	cache	output the resource to ./etc/certs	resource=ROOTCA
2022-12-08T04:23:03.694967Z	info	ads	SDS: PUSH request for node:ubuntu-deployment-6855596d8-hmhzr.vm-ns resources:1 size:1.1kB resource:ROOTCA nonce:2abd262b-71e3-4a96-886e-6af5fa46a611 version:
2022-12-08T04:23:03.695774Z	debug	ads	ADS:SDS: REQ ubuntu-deployment-6855596d8-hmhzr.vm-ns-1 resources:1 nonce:2abd262b-71e3-4a96-886e-6af5fa46a611 version: 
2022-12-08T04:23:03.695855Z	debug	ads	ADS:SDS: ACK ubuntu-deployment-6855596d8-hmhzr.vm-ns-1  2abd262b-71e3-4a96-886e-6af5fa46a611
2022-12-08T04:23:03.731307Z	debug	ads	Unauthenticated XDS: @
2022-12-08T04:23:03.732379Z	info	ads	ADS: new connection for node:ubuntu-deployment-6855596d8-hmhzr.vm-ns-2
2022-12-08T04:23:03.732403Z	debug	ads	ADS:SDS: REQ ubuntu-deployment-6855596d8-hmhzr.vm-ns-2 resources:1 nonce: version: 
2022-12-08T04:23:03.732408Z	debug	ads	ADS:SDS: INIT/RECONNECT ubuntu-deployment-6855596d8-hmhzr.vm-ns-2  
2022-12-08T04:23:03.732416Z	debug	cache	generate secret "default"
2022-12-08T04:23:03.732518Z	info	cache	returned workload certificate from cache	ttl=23h59m59.267492314s
2022-12-08T04:23:03.732564Z	debug	cache	output the resource to ./etc/certs	resource=default
2022-12-08T04:23:03.732732Z	info	ads	SDS: PUSH request for node:ubuntu-deployment-6855596d8-hmhzr.vm-ns resources:1 size:4.0kB resource:default nonce:d5d6efb6-1117-4db6-9cfa-9d5a01a6c335 version:
2022-12-08T04:23:03.740791Z	debug	xdsproxy	request for type url type.googleapis.com/envoy.config.listener.v3.Listener
2022-12-08T04:23:03.740817Z	debug	xdsproxy	request for type url type.googleapis.com/istio.networking.nds.v1.NameTable
2022-12-08T04:23:03.741030Z	debug	ads	ADS:SDS: REQ ubuntu-deployment-6855596d8-hmhzr.vm-ns-2 resources:1 nonce:d5d6efb6-1117-4db6-9cfa-9d5a01a6c335 version: 
2022-12-08T04:23:03.741042Z	debug	ads	ADS:SDS: ACK ubuntu-deployment-6855596d8-hmhzr.vm-ns-2  d5d6efb6-1117-4db6-9cfa-9d5a01a6c335
2022-12-08T04:23:03.778679Z	debug	xdsproxy	response for type url type.googleapis.com/envoy.config.listener.v3.Listener
2022-12-08T04:23:03.778761Z	debug	xdsproxy	response for type url type.googleapis.com/istio.networking.nds.v1.NameTable
2022-12-08T04:23:03.778984Z	debug	dns	updated lookup table with 39 hosts
2022-12-08T04:23:03.779008Z	debug	xdsproxy	request for type url type.googleapis.com/istio.networking.nds.v1.NameTable
2022-12-08T04:23:03.832434Z	debug	xdsproxy	request for type url type.googleapis.com/envoy.config.route.v3.RouteConfiguration
2022-12-08T04:23:03.832469Z	debug	xdsproxy	request for type url type.googleapis.com/envoy.config.listener.v3.Listener
2022-12-08T04:23:03.850447Z	debug	xdsproxy	response for type url type.googleapis.com/envoy.config.route.v3.RouteConfiguration
2022-12-08T04:23:03.858020Z	debug	xdsproxy	request for type url type.googleapis.com/envoy.config.route.v3.RouteConfiguration
2022-12-08T04:23:56.700033Z	debug	dns	request ;; opcode: QUERY, status: NOERROR, id: 18782
;; flags: rd; QUERY: 1, ANSWER: 0, AUTHORITY: 0, ADDITIONAL: 0

;; QUESTION SECTION:
;helloworld.sample.svc.	IN	 A
	protocol=udp edns=false id=3916a524-cba9-45c0-ad80-7c563d8b9931
2022-12-08T04:23:56.700132Z	debug	dns	response for hostname "helloworld.sample.svc." (found=true): ;; opcode: QUERY, status: NOERROR, id: 18782
;; flags: qr aa rd; QUERY: 1, ANSWER: 1, AUTHORITY: 0, ADDITIONAL: 0

;; QUESTION SECTION:
;helloworld.sample.svc.	IN	 A

;; ANSWER SECTION:
helloworld.sample.svc.	30	IN	A	10.96.19.142
	protocol=udp edns=false id=3916a524-cba9-45c0-ad80-7c563d8b9931
2022-12-08T04:23:56.702024Z	debug	dns	request ;; opcode: QUERY, status: NOERROR, id: 50896
;; flags: rd; QUERY: 1, ANSWER: 0, AUTHORITY: 0, ADDITIONAL: 0

;; QUESTION SECTION:
;helloworld.sample.svc.	IN	 AAAA
	protocol=udp edns=false id=27bb9126-7ed4-4191-94e3-d65e1e653208
2022-12-08T04:23:56.702051Z	debug	dns	response for hostname "helloworld.sample.svc." (found=true): ;; opcode: QUERY, status: NOERROR, id: 50896
;; flags: qr aa rd; QUERY: 1, ANSWER: 0, AUTHORITY: 0, ADDITIONAL: 0

;; QUESTION SECTION:
;helloworld.sample.svc.	IN	 AAAA
	protocol=udp edns=false id=27bb9126-7ed4-4191-94e3-d65e1e653208
2022-12-08T04:24:13.582148Z	debug	dns	request ;; opcode: QUERY, status: NOERROR, id: 5803
;; flags: rd; QUERY: 1, ANSWER: 0, AUTHORITY: 0, ADDITIONAL: 0

;; QUESTION SECTION:
;helloworld.my-vl3-network.	IN	 A
	protocol=udp edns=false id=c7404811-f11e-43c2-88ee-5f42c2f03081
2022-12-08T04:24:13.582201Z	debug	dns	response for hostname "helloworld.my-vl3-network." not found in dns proxy, querying upstream
2022-12-08T04:24:13.680355Z	debug	dns	upstream response for hostname "helloworld.my-vl3-network." : ;; opcode: QUERY, status: NOERROR, id: 5803
;; flags: qr aa; QUERY: 1, ANSWER: 1, AUTHORITY: 0, ADDITIONAL: 0

;; QUESTION SECTION:
;helloworld.my-vl3-network.	IN	 A

;; ANSWER SECTION:
helloworld.my-vl3-network.	1322	IN	A	172.16.0.4

2022-12-08T04:24:13.681114Z	debug	dns	request ;; opcode: QUERY, status: NOERROR, id: 21767
;; flags: rd; QUERY: 1, ANSWER: 0, AUTHORITY: 0, ADDITIONAL: 0

;; QUESTION SECTION:
;helloworld.my-vl3-network.	IN	 AAAA
	protocol=udp edns=false id=35afaa24-c1f5-4ca0-87fe-4ad6dd45f6b2
2022-12-08T04:24:13.681135Z	debug	dns	response for hostname "helloworld.my-vl3-network." not found in dns proxy, querying upstream
2022-12-08T04:24:13.801867Z	debug	dns	upstream response for hostname "helloworld.my-vl3-network." : ;; opcode: QUERY, status: SERVFAIL, id: 21767
;; flags: qr rd; QUERY: 1, ANSWER: 0, AUTHORITY: 0, ADDITIONAL: 0

;; QUESTION SECTION:
;helloworld.my-vl3-network.	IN	 AAAA

2022-12-08T04:52:10.883708Z	debug	xdsproxy	upstream [1] terminated with status rpc error: code = Unavailable desc = closing transport due to: connection error: desc = "error reading from server: EOF", received prior goaway: code: NO_ERROR
2022-12-08T04:52:10.883752Z	debug	xdsproxy	disconnected from XDS server: istiod.istio-system.svc:15012
2022-12-08T04:52:10.966996Z	debug	xdsproxy	accepted XDS connection from Envoy, forwarding to upstream XDS server
2022-12-08T04:52:11.076910Z	info	xdsproxy	connected to upstream XDS server: istiod.istio-system.svc:15012
2022-12-08T04:52:11.077265Z	debug	xdsproxy	request for type url type.googleapis.com/envoy.config.cluster.v3.Cluster
2022-12-08T04:52:11.077397Z	debug	xdsproxy	request for type url type.googleapis.com/envoy.config.endpoint.v3.ClusterLoadAssignment
2022-12-08T04:52:11.077410Z	debug	xdsproxy	request for type url type.googleapis.com/envoy.config.listener.v3.Listener
2022-12-08T04:52:11.077415Z	debug	xdsproxy	request for type url type.googleapis.com/istio.networking.nds.v1.NameTable
2022-12-08T04:52:11.077420Z	debug	xdsproxy	request for type url type.googleapis.com/envoy.config.route.v3.RouteConfiguration
2022-12-08T04:52:11.201271Z	debug	xdsproxy	response for type url type.googleapis.com/envoy.config.cluster.v3.Cluster
2022-12-08T04:52:11.201366Z	debug	xdsproxy	response for type url type.googleapis.com/envoy.config.endpoint.v3.ClusterLoadAssignment
2022-12-08T04:52:11.210357Z	debug	xdsproxy	request for type url type.googleapis.com/envoy.config.cluster.v3.Cluster
2022-12-08T04:52:11.210400Z	debug	xdsproxy	request for type url type.googleapis.com/envoy.config.endpoint.v3.ClusterLoadAssignment
2022-12-08T04:52:11.223753Z	debug	xdsproxy	response for type url type.googleapis.com/envoy.config.listener.v3.Listener
2022-12-08T04:52:11.223865Z	debug	xdsproxy	response for type url type.googleapis.com/istio.networking.nds.v1.NameTable
2022-12-08T04:52:11.225487Z	debug	dns	updated lookup table with 39 hosts
2022-12-08T04:52:11.225527Z	debug	xdsproxy	response for type url type.googleapis.com/envoy.config.route.v3.RouteConfiguration
2022-12-08T04:52:11.225596Z	debug	xdsproxy	request for type url type.googleapis.com/istio.networking.nds.v1.NameTable
2022-12-08T04:52:11.231682Z	debug	xdsproxy	request for type url type.googleapis.com/envoy.config.listener.v3.Listener
2022-12-08T04:52:11.233311Z	debug	xdsproxy	request for type url type.googleapis.com/envoy.config.route.v3.RouteConfiguration
