2023-01-09T05:39:22.622241Z	info	FLAG: --concurrency="0"
2023-01-09T05:39:22.622292Z	info	FLAG: --domain=""
2023-01-09T05:39:22.622299Z	info	FLAG: --help="false"
2023-01-09T05:39:22.622303Z	info	FLAG: --log_as_json="false"
2023-01-09T05:39:22.622306Z	info	FLAG: --log_caller=""
2023-01-09T05:39:22.622309Z	info	FLAG: --log_output_level="all:debug"
2023-01-09T05:39:22.622312Z	info	FLAG: --log_rotate=""
2023-01-09T05:39:22.622315Z	info	FLAG: --log_rotate_max_age="30"
2023-01-09T05:39:22.622318Z	info	FLAG: --log_rotate_max_backups="1000"
2023-01-09T05:39:22.622321Z	info	FLAG: --log_rotate_max_size="104857600"
2023-01-09T05:39:22.622324Z	info	FLAG: --log_stacktrace_level="default:none"
2023-01-09T05:39:22.622342Z	info	FLAG: --log_target="[stdout]"
2023-01-09T05:39:22.622350Z	info	FLAG: --meshConfig="./etc/istio/config/mesh"
2023-01-09T05:39:22.622354Z	info	FLAG: --outlierLogPath=""
2023-01-09T05:39:22.622356Z	info	FLAG: --proxyComponentLogLevel=""
2023-01-09T05:39:22.622359Z	info	FLAG: --proxyLogLevel="trace"
2023-01-09T05:39:22.622362Z	info	FLAG: --serviceCluster="istio-proxy"
2023-01-09T05:39:22.622365Z	info	FLAG: --stsPort="0"
2023-01-09T05:39:22.622368Z	info	FLAG: --templateFile=""
2023-01-09T05:39:22.622371Z	info	FLAG: --tokenManagerPlugin="GoogleTokenExchange"
2023-01-09T05:39:22.622381Z	info	FLAG: --vklog="0"
2023-01-09T05:39:22.622389Z	info	Version 1.16.0-8f2e2dc5d57f6f1f7a453e03ec96ca72b2205783-Clean
2023-01-09T05:39:22.625484Z	info	Maximum file descriptors (ulimit -n): 1024
2023-01-09T05:39:22.625875Z	info	Proxy role	ips=[10.244.0.14 172.16.0.6] type=sidecar id=ubuntu-deployment-6855596d8-k2qw5.vm-ns domain=vm-ns.svc.cluster.local
2023-01-09T05:39:22.625913Z	debug	failed to read pod annotations: open ./etc/istio/pod/annotations: no such file or directory
2023-01-09T05:39:22.625958Z	info	Apply mesh config from file defaultConfig:
  discoveryAddress: istiod.istio-system.svc:15012
  proxyMetadata:
    CANONICAL_REVISION: latest
    CANONICAL_SERVICE: vm-app
    ISTIO_META_CLUSTER_ID: Kubernetes
    ISTIO_META_DNS_CAPTURE: "true"
    ISTIO_META_MESH_ID: ""
    ISTIO_META_NETWORK: ""
    ISTIO_META_WORKLOAD_NAME: vm-app
    ISTIO_METAJSON_LABELS: '{"app":"vm-app","service.istio.io/canonical-name":"vm-app","service.istio.io/canonical-revision":"latest"}'
    POD_NAMESPACE: vm-ns
    SERVICE_ACCOUNT: serviceaccountvm
    TRUST_DOMAIN: cluster.local
  tracing:
    zipkin:
      address: zipkin.istio-system:9411

2023-01-09T05:39:22.633803Z	info	Apply proxy config from env 
serviceCluster: vm-app.vm-ns
controlPlaneAuthPolicy: MUTUAL_TLS

2023-01-09T05:39:22.635388Z	info	Effective config: binaryPath: /usr/local/bin/envoy
concurrency: 2
configPath: ./etc/istio/proxy
controlPlaneAuthPolicy: MUTUAL_TLS
discoveryAddress: istiod.istio-system.svc:15012
drainDuration: 45s
parentShutdownDuration: 60s
proxyAdminPort: 15000
proxyMetadata:
  CANONICAL_REVISION: latest
  CANONICAL_SERVICE: vm-app
  ISTIO_META_CLUSTER_ID: Kubernetes
  ISTIO_META_DNS_CAPTURE: "true"
  ISTIO_META_MESH_ID: ""
  ISTIO_META_NETWORK: ""
  ISTIO_META_WORKLOAD_NAME: vm-app
  ISTIO_METAJSON_LABELS: '{"app":"vm-app","service.istio.io/canonical-name":"vm-app","service.istio.io/canonical-revision":"latest"}'
  POD_NAMESPACE: vm-ns
  SERVICE_ACCOUNT: serviceaccountvm
  TRUST_DOMAIN: cluster.local
serviceCluster: vm-app.vm-ns
statNameLength: 189
statusPort: 15020
terminationDrainDuration: 5s
tracing:
  zipkin:
    address: zipkin.istio-system:9411

2023-01-09T05:39:22.635430Z	info	JWT policy is third-party-jwt
2023-01-09T05:39:22.635453Z	info	using credential fetcher of JWT type in cluster.local trust domain
2023-01-09T05:39:22.637201Z	debug	Error reading sys_vendor in Azure platform detection: open /sys/class/dmi/id/sys_vendor: no such file or directory
2023-01-09T05:39:22.736807Z	debug	error in getting aws info for iam/info : Get "http://169.254.169.254/latest/meta-data/iam/info": context deadline exceeded (Client.Timeout exceeded while awaiting headers)
2023-01-09T05:39:22.811229Z	debug	dns	initialized DNS	search=[] servers=[127.0.0.1:53]
2023-01-09T05:39:22.811283Z	info	dns	Starting local udp DNS server on 127.0.0.1:15053
2023-01-09T05:39:22.811431Z	info	dns	Starting local tcp DNS server on 127.0.0.1:15053
2023-01-09T05:39:22.811469Z	info	Workload SDS socket not found. Starting Istio SDS Server
2023-01-09T05:39:22.811480Z	info	CA Endpoint istiod.istio-system.svc:15012, provider Citadel
2023-01-09T05:39:22.811491Z	info	Using CA istiod.istio-system.svc:15012 cert with certs: ./etc/certs/root-cert.pem
2023-01-09T05:39:22.811692Z	info	citadelclient	Citadel client using custom root cert: ./etc/certs/root-cert.pem
2023-01-09T05:39:22.812629Z	info	Opening status port 15020
2023-01-09T05:39:22.831427Z	info	ads	All caches have been synced up in 215.446213ms, marking server ready
2023-01-09T05:39:22.832712Z	debug	cache	generate secret "default"
2023-01-09T05:39:22.832774Z	debug	cache	constructed host name for CSR: spiffe://cluster.local/ns/vm-ns/sa/serviceaccountvm
2023-01-09T05:39:22.842042Z	warn	citadelclient	cannot parse the cert chain, using token instead: failed to read the cert, error is open etc/certs/cert-chain.pem: no such file or directory
2023-01-09T05:39:22.861929Z	debug	wasm	LocalFileCache is created with the option
wasm.Options{PurgeInterval:3600000000000, ModuleExpiry:86400000000000, InsecureRegistries:sets.Set[string]{"":struct {}{}}, HTTPRequestTimeout:15000000000, HTTPRequestMaxRetries:5}
2023-01-09T05:39:22.862025Z	info	xdsproxy	Initializing with upstream address "istiod.istio-system.svc:15012" and cluster "Kubernetes"
2023-01-09T05:39:22.862325Z	info	sds	Starting SDS grpc server
2023-01-09T05:39:22.873001Z	debug	failed to read pod labels: open ./etc/istio/pod/labels: no such file or directory
2023-01-09T05:39:22.873034Z	debug	failed to read pod annotations: open ./etc/istio/pod/annotations: no such file or directory
2023-01-09T05:39:22.873328Z	info	starting Http service at 127.0.0.1:15004
2023-01-09T05:39:22.876049Z	debug	failed to read pod labels: open ./etc/istio/pod/labels: no such file or directory
2023-01-09T05:39:22.876081Z	debug	failed to read pod annotations: open ./etc/istio/pod/annotations: no such file or directory
2023-01-09T05:39:22.876095Z	info	Pilot SAN: [istiod.istio-system.svc]
2023-01-09T05:39:22.876342Z	debug	Add file ./etc/certs/root-cert.pem watcher
2023-01-09T05:39:22.880035Z	info	Starting proxy agent
2023-01-09T05:39:22.880090Z	info	starting
2023-01-09T05:39:22.880117Z	info	Envoy command: [-c etc/istio/proxy/envoy-rev.json --drain-time-s 45 --drain-strategy immediate --parent-shutdown-time-s 60 --local-address-ip-version v4 --file-flush-interval-msec 1000 --disable-hot-restart --log-format %Y-%m-%dT%T.%fZ	%l	envoy %n	%v -l trace --concurrency 2]
2023-01-09T05:39:23.016143Z	debug	xdsproxy	accepted XDS connection from Envoy, forwarding to upstream XDS server
2023-01-09T05:39:23.025893Z	warn	cannot parse the cert chain, using token instead: failed to read the cert, error is open etc/certs/cert-chain.pem: no such file or directory
2023-01-09T05:39:23.031048Z	info	xdsproxy	connected to upstream XDS server: istiod.istio-system.svc:15012
2023-01-09T05:39:23.113041Z	debug	xdsproxy	request for type url type.googleapis.com/envoy.config.cluster.v3.Cluster
2023-01-09T05:39:23.133144Z	info	cache	generated new workload certificate	latency=300.360313ms ttl=23h59m59.866866932s
2023-01-09T05:39:23.133188Z	debug	cache	scheduled certificate for rotation in 11h59m59.933410197s	resource=default
2023-01-09T05:39:23.133199Z	info	cache	Root cert has changed, start rotating root cert
2023-01-09T05:39:23.133221Z	info	ads	XDS: Incremental Pushing:0 ConnectedEndpoints:0 Version:
2023-01-09T05:39:23.133733Z	debug	cache	output the resource to ./etc/certs	resource=default
2023-01-09T05:39:23.133779Z	debug	cache	generate secret "ROOTCA"
2023-01-09T05:39:23.133826Z	info	cache	returned workload trust anchor from cache	ttl=23h59m59.866177692s
2023-01-09T05:39:23.134300Z	debug	cache	output the resource to ./etc/certs	resource=ROOTCA
2023-01-09T05:39:23.134406Z	debug	Receive file ./etc/certs/root-cert.pem event "etc/certs/cert-chain.pem": CREATE
2023-01-09T05:39:23.146766Z	debug	xdsproxy	response for type url type.googleapis.com/envoy.config.cluster.v3.Cluster
2023-01-09T05:39:23.165576Z	debug	xdsproxy	request for type url type.googleapis.com/envoy.config.endpoint.v3.ClusterLoadAssignment
2023-01-09T05:39:23.165611Z	debug	xdsproxy	request for type url type.googleapis.com/envoy.config.cluster.v3.Cluster
2023-01-09T05:39:23.167349Z	debug	xdsproxy	response for type url type.googleapis.com/envoy.config.endpoint.v3.ClusterLoadAssignment
2023-01-09T05:39:23.172564Z	debug	xdsproxy	request for type url type.googleapis.com/envoy.config.endpoint.v3.ClusterLoadAssignment
2023-01-09T05:39:23.172658Z	debug	ads	Unauthenticated XDS: @
2023-01-09T05:39:23.172707Z	debug	ads	Unauthenticated XDS: @
2023-01-09T05:39:23.174151Z	info	ads	ADS: new connection for node:ubuntu-deployment-6855596d8-k2qw5.vm-ns-1
2023-01-09T05:39:23.174206Z	debug	ads	ADS:SDS: REQ ubuntu-deployment-6855596d8-k2qw5.vm-ns-1 resources:1 nonce: version: 
2023-01-09T05:39:23.174216Z	debug	ads	ADS:SDS: INIT/RECONNECT ubuntu-deployment-6855596d8-k2qw5.vm-ns-1  
2023-01-09T05:39:23.174224Z	debug	cache	generate secret "default"
2023-01-09T05:39:23.174308Z	info	cache	returned workload certificate from cache	ttl=23h59m59.825716674s
2023-01-09T05:39:23.174359Z	info	ads	ADS: new connection for node:ubuntu-deployment-6855596d8-k2qw5.vm-ns-2
2023-01-09T05:39:23.174372Z	debug	cache	output the resource to ./etc/certs	resource=default
2023-01-09T05:39:23.174379Z	debug	ads	ADS:SDS: REQ ubuntu-deployment-6855596d8-k2qw5.vm-ns-2 resources:1 nonce: version: 
2023-01-09T05:39:23.174387Z	debug	ads	ADS:SDS: INIT/RECONNECT ubuntu-deployment-6855596d8-k2qw5.vm-ns-2  
2023-01-09T05:39:23.174393Z	debug	cache	generate secret "ROOTCA"
2023-01-09T05:39:23.174497Z	info	cache	returned workload trust anchor from cache	ttl=23h59m59.825507171s
2023-01-09T05:39:23.174568Z	debug	cache	output the resource to ./etc/certs	resource=ROOTCA
2023-01-09T05:39:23.175350Z	info	ads	SDS: PUSH request for node:ubuntu-deployment-6855596d8-k2qw5.vm-ns resources:1 size:4.0kB resource:default nonce:163096fd-0ff2-4ec1-b0e7-e67f54898ea5 version:
2023-01-09T05:39:23.175363Z	info	ads	SDS: PUSH request for node:ubuntu-deployment-6855596d8-k2qw5.vm-ns resources:1 size:1.1kB resource:ROOTCA nonce:f8c74457-93b5-40d1-b291-ad7feb0c16cb version:
2023-01-09T05:39:23.183262Z	debug	xdsproxy	request for type url type.googleapis.com/envoy.config.listener.v3.Listener
2023-01-09T05:39:23.183292Z	debug	xdsproxy	request for type url type.googleapis.com/istio.networking.nds.v1.NameTable
2023-01-09T05:39:23.183370Z	debug	ads	ADS:SDS: REQ ubuntu-deployment-6855596d8-k2qw5.vm-ns-2 resources:1 nonce:f8c74457-93b5-40d1-b291-ad7feb0c16cb version: 
2023-01-09T05:39:23.183389Z	debug	ads	ADS:SDS: ACK ubuntu-deployment-6855596d8-k2qw5.vm-ns-2  f8c74457-93b5-40d1-b291-ad7feb0c16cb
2023-01-09T05:39:23.183391Z	debug	ads	ADS:SDS: REQ ubuntu-deployment-6855596d8-k2qw5.vm-ns-1 resources:1 nonce:163096fd-0ff2-4ec1-b0e7-e67f54898ea5 version: 
2023-01-09T05:39:23.183408Z	debug	ads	ADS:SDS: ACK ubuntu-deployment-6855596d8-k2qw5.vm-ns-1  163096fd-0ff2-4ec1-b0e7-e67f54898ea5
2023-01-09T05:39:23.203455Z	debug	xdsproxy	response for type url type.googleapis.com/envoy.config.listener.v3.Listener
2023-01-09T05:39:23.203911Z	debug	xdsproxy	response for type url type.googleapis.com/istio.networking.nds.v1.NameTable
2023-01-09T05:39:23.204291Z	debug	dns	updated lookup table with 39 hosts
2023-01-09T05:39:23.204358Z	debug	xdsproxy	request for type url type.googleapis.com/istio.networking.nds.v1.NameTable
2023-01-09T05:39:23.305878Z	debug	xdsproxy	request for type url type.googleapis.com/envoy.config.route.v3.RouteConfiguration
2023-01-09T05:39:23.305928Z	debug	xdsproxy	request for type url type.googleapis.com/envoy.config.listener.v3.Listener
2023-01-09T05:39:23.310406Z	debug	xdsproxy	response for type url type.googleapis.com/envoy.config.route.v3.RouteConfiguration
2023-01-09T05:39:23.325747Z	debug	xdsproxy	request for type url type.googleapis.com/envoy.config.route.v3.RouteConfiguration
2023-01-09T06:11:04.720974Z	debug	xdsproxy	upstream [1] terminated with status rpc error: code = Unavailable desc = closing transport due to: connection error: desc = "error reading from server: EOF", received prior goaway: code: NO_ERROR
2023-01-09T06:11:04.721174Z	debug	xdsproxy	disconnected from XDS server: istiod.istio-system.svc:15012
2023-01-09T06:11:04.933859Z	debug	xdsproxy	accepted XDS connection from Envoy, forwarding to upstream XDS server
2023-01-09T06:11:04.957604Z	info	xdsproxy	connected to upstream XDS server: istiod.istio-system.svc:15012
2023-01-09T06:11:04.962023Z	debug	xdsproxy	request for type url type.googleapis.com/envoy.config.cluster.v3.Cluster
2023-01-09T06:11:04.963439Z	debug	xdsproxy	request for type url type.googleapis.com/envoy.config.endpoint.v3.ClusterLoadAssignment
2023-01-09T06:11:04.963463Z	debug	xdsproxy	request for type url type.googleapis.com/envoy.config.listener.v3.Listener
2023-01-09T06:11:04.963471Z	debug	xdsproxy	request for type url type.googleapis.com/istio.networking.nds.v1.NameTable
2023-01-09T06:11:04.963562Z	debug	xdsproxy	request for type url type.googleapis.com/envoy.config.route.v3.RouteConfiguration
2023-01-09T06:11:04.975373Z	debug	xdsproxy	response for type url type.googleapis.com/envoy.config.cluster.v3.Cluster
2023-01-09T06:11:04.975499Z	debug	xdsproxy	response for type url type.googleapis.com/envoy.config.endpoint.v3.ClusterLoadAssignment
2023-01-09T06:11:04.983329Z	debug	xdsproxy	response for type url type.googleapis.com/envoy.config.listener.v3.Listener
2023-01-09T06:11:04.983443Z	debug	xdsproxy	response for type url type.googleapis.com/istio.networking.nds.v1.NameTable
2023-01-09T06:11:04.985008Z	debug	dns	updated lookup table with 39 hosts
2023-01-09T06:11:04.985070Z	debug	xdsproxy	response for type url type.googleapis.com/envoy.config.route.v3.RouteConfiguration
2023-01-09T06:11:04.985092Z	debug	xdsproxy	request for type url type.googleapis.com/istio.networking.nds.v1.NameTable
2023-01-09T06:11:05.003113Z	debug	xdsproxy	request for type url type.googleapis.com/envoy.config.cluster.v3.Cluster
2023-01-09T06:11:05.003161Z	debug	xdsproxy	request for type url type.googleapis.com/envoy.config.endpoint.v3.ClusterLoadAssignment
2023-01-09T06:11:05.023018Z	debug	xdsproxy	request for type url type.googleapis.com/envoy.config.listener.v3.Listener
2023-01-09T06:11:05.023088Z	debug	xdsproxy	request for type url type.googleapis.com/envoy.config.route.v3.RouteConfiguration
2023-01-09T06:38:47.723404Z	debug	xdsproxy	upstream [2] terminated with status rpc error: code = Unavailable desc = closing transport due to: connection error: desc = "error reading from server: EOF", received prior goaway: code: NO_ERROR
2023-01-09T06:38:47.725846Z	debug	xdsproxy	disconnected from XDS server: istiod.istio-system.svc:15012
2023-01-09T06:38:47.968681Z	debug	xdsproxy	accepted XDS connection from Envoy, forwarding to upstream XDS server
2023-01-09T06:38:47.987192Z	info	xdsproxy	connected to upstream XDS server: istiod.istio-system.svc:15012
2023-01-09T06:38:47.988251Z	debug	xdsproxy	request for type url type.googleapis.com/envoy.config.cluster.v3.Cluster
2023-01-09T06:38:47.988423Z	debug	xdsproxy	request for type url type.googleapis.com/envoy.config.endpoint.v3.ClusterLoadAssignment
2023-01-09T06:38:47.988438Z	debug	xdsproxy	request for type url type.googleapis.com/envoy.config.listener.v3.Listener
2023-01-09T06:38:47.988443Z	debug	xdsproxy	request for type url type.googleapis.com/istio.networking.nds.v1.NameTable
2023-01-09T06:38:47.988448Z	debug	xdsproxy	request for type url type.googleapis.com/envoy.config.route.v3.RouteConfiguration
2023-01-09T06:38:47.997306Z	debug	xdsproxy	response for type url type.googleapis.com/envoy.config.cluster.v3.Cluster
2023-01-09T06:38:47.997451Z	debug	xdsproxy	response for type url type.googleapis.com/envoy.config.endpoint.v3.ClusterLoadAssignment
2023-01-09T06:38:48.014079Z	debug	xdsproxy	request for type url type.googleapis.com/envoy.config.cluster.v3.Cluster
2023-01-09T06:38:48.014251Z	debug	xdsproxy	request for type url type.googleapis.com/envoy.config.endpoint.v3.ClusterLoadAssignment
2023-01-09T06:38:48.015321Z	debug	xdsproxy	response for type url type.googleapis.com/envoy.config.listener.v3.Listener
2023-01-09T06:38:48.015467Z	debug	xdsproxy	response for type url type.googleapis.com/istio.networking.nds.v1.NameTable
2023-01-09T06:38:48.015881Z	debug	dns	updated lookup table with 39 hosts
2023-01-09T06:38:48.015906Z	debug	xdsproxy	response for type url type.googleapis.com/envoy.config.route.v3.RouteConfiguration
2023-01-09T06:38:48.015933Z	debug	xdsproxy	request for type url type.googleapis.com/istio.networking.nds.v1.NameTable
2023-01-09T06:38:48.025815Z	debug	xdsproxy	request for type url type.googleapis.com/envoy.config.listener.v3.Listener
2023-01-09T06:38:48.025856Z	debug	xdsproxy	request for type url type.googleapis.com/envoy.config.route.v3.RouteConfiguration
