2023-01-09T05:35:10.957954Z	info	FLAG: --concurrency="2"
2023-01-09T05:35:10.958057Z	info	FLAG: --domain="vm-ns.svc.cluster.local"
2023-01-09T05:35:10.958064Z	info	FLAG: --help="false"
2023-01-09T05:35:10.958066Z	info	FLAG: --log_as_json="false"
2023-01-09T05:35:10.958068Z	info	FLAG: --log_caller=""
2023-01-09T05:35:10.958069Z	info	FLAG: --log_output_level="default:info"
2023-01-09T05:35:10.958071Z	info	FLAG: --log_rotate=""
2023-01-09T05:35:10.958073Z	info	FLAG: --log_rotate_max_age="30"
2023-01-09T05:35:10.958074Z	info	FLAG: --log_rotate_max_backups="1000"
2023-01-09T05:35:10.958076Z	info	FLAG: --log_rotate_max_size="104857600"
2023-01-09T05:35:10.958078Z	info	FLAG: --log_stacktrace_level="default:none"
2023-01-09T05:35:10.958085Z	info	FLAG: --log_target="[stdout]"
2023-01-09T05:35:10.958087Z	info	FLAG: --meshConfig="./etc/istio/config/mesh"
2023-01-09T05:35:10.958089Z	info	FLAG: --outlierLogPath=""
2023-01-09T05:35:10.958091Z	info	FLAG: --proxyComponentLogLevel="misc:error"
2023-01-09T05:35:10.958092Z	info	FLAG: --proxyLogLevel="warning"
2023-01-09T05:35:10.958094Z	info	FLAG: --serviceCluster="istio-proxy"
2023-01-09T05:35:10.958095Z	info	FLAG: --stsPort="0"
2023-01-09T05:35:10.958097Z	info	FLAG: --templateFile=""
2023-01-09T05:35:10.958099Z	info	FLAG: --tokenManagerPlugin="GoogleTokenExchange"
2023-01-09T05:35:10.958101Z	info	FLAG: --vklog="0"
2023-01-09T05:35:10.958103Z	info	Version 1.16.0-8f2e2dc5d57f6f1f7a453e03ec96ca72b2205783-Clean
2023-01-09T05:35:10.960127Z	info	Maximum file descriptors (ulimit -n): 1048576
2023-01-09T05:35:10.960349Z	info	Proxy role	ips=[10.244.0.13 172.16.0.5] type=sidecar id=ubuntu-deployment-5f56794c6c-bd6q4.vm-ns domain=vm-ns.svc.cluster.local
2023-01-09T05:35:10.960411Z	info	Apply mesh config from file defaultConfig:
  discoveryAddress: istiod.istio-system.svc:15012
  proxyMetadata:
    CANONICAL_REVISION: latest
    CANONICAL_SERVICE: vm-app
    ISTIO_META_CLUSTER_ID: Kubernetes
    ISTIO_META_DNS_CAPTURE: "true"
    ISTIO_META_MESH_ID: ""
    ISTIO_META_NETWORK: ""
    ISTIO_META_WORKLOAD_NAME: vm-app
    ISTIO_METAJSON_LABELS: '{"app":"vm-app","service.istio.io/canonical-name":"vm-app","service.istio.io/canonical-revision":"latest"}'
    POD_NAMESPACE: vm-ns
    SERVICE_ACCOUNT: serviceaccountvm
    TRUST_DOMAIN: cluster.local
  tracing:
    zipkin:
      address: zipkin.istio-system:9411

2023-01-09T05:35:10.962785Z	info	Apply proxy config from env {}

2023-01-09T05:35:10.963391Z	info	Effective config: binaryPath: /usr/local/bin/envoy
concurrency: 2
configPath: ./etc/istio/proxy
controlPlaneAuthPolicy: MUTUAL_TLS
discoveryAddress: istiod.istio-system.svc:15012
drainDuration: 45s
parentShutdownDuration: 60s
proxyAdminPort: 15000
proxyMetadata:
  CANONICAL_REVISION: latest
  CANONICAL_SERVICE: vm-app
  ISTIO_META_CLUSTER_ID: Kubernetes
  ISTIO_META_DNS_CAPTURE: "true"
  ISTIO_META_MESH_ID: ""
  ISTIO_META_NETWORK: ""
  ISTIO_META_WORKLOAD_NAME: vm-app
  ISTIO_METAJSON_LABELS: '{"app":"vm-app","service.istio.io/canonical-name":"vm-app","service.istio.io/canonical-revision":"latest"}'
  POD_NAMESPACE: vm-ns
  SERVICE_ACCOUNT: serviceaccountvm
  TRUST_DOMAIN: cluster.local
serviceCluster: istio-proxy
statNameLength: 189
statusPort: 15020
terminationDrainDuration: 5s
tracing:
  zipkin:
    address: zipkin.istio-system:9411

2023-01-09T05:35:10.963491Z	info	JWT policy is third-party-jwt
2023-01-09T05:35:10.963496Z	info	using credential fetcher of JWT type in cluster.local trust domain
2023-01-09T05:35:11.064651Z	info	Workload SDS socket not found. Starting Istio SDS Server
2023-01-09T05:35:11.064678Z	info	Opening status port 15020
2023-01-09T05:35:11.064896Z	info	CA Endpoint istiod.istio-system.svc:15012, provider Citadel
2023-01-09T05:35:11.065003Z	info	Using CA istiod.istio-system.svc:15012 cert with certs: var/run/secrets/istio/root-cert.pem
2023-01-09T05:35:11.065256Z	info	citadelclient	Citadel client using custom root cert: var/run/secrets/istio/root-cert.pem
2023-01-09T05:35:11.088338Z	info	ads	All caches have been synced up in 136.690782ms, marking server ready
2023-01-09T05:35:11.088737Z	info	xdsproxy	Initializing with upstream address "istiod.istio-system.svc:15012" and cluster "Kubernetes"
2023-01-09T05:35:11.088930Z	info	sds	Starting SDS grpc server
2023-01-09T05:35:11.089241Z	info	starting Http service at 127.0.0.1:15004
2023-01-09T05:35:11.090680Z	info	Pilot SAN: [istiod.istio-system.svc]
2023-01-09T05:35:11.092207Z	info	Starting proxy agent
2023-01-09T05:35:11.092254Z	info	starting
2023-01-09T05:35:11.092288Z	info	Envoy command: [-c etc/istio/proxy/envoy-rev.json --drain-time-s 45 --drain-strategy immediate --parent-shutdown-time-s 60 --local-address-ip-version v4 --file-flush-interval-msec 1000 --disable-hot-restart --log-format %Y-%m-%dT%T.%fZ	%l	envoy %n	%v -l warning --component-log-level misc:error --concurrency 2]
2023-01-09T05:35:11.196562Z	info	xdsproxy	connected to upstream XDS server: istiod.istio-system.svc:15012
2023-01-09T05:35:11.248764Z	info	ads	ADS: new connection for node:ubuntu-deployment-5f56794c6c-bd6q4.vm-ns-1
2023-01-09T05:35:11.249125Z	info	ads	ADS: new connection for node:ubuntu-deployment-5f56794c6c-bd6q4.vm-ns-2
2023-01-09T05:35:11.276522Z	info	cache	generated new workload certificate	latency=187.788761ms ttl=23h59m59.723488394s
2023-01-09T05:35:11.276612Z	info	cache	Root cert has changed, start rotating root cert
2023-01-09T05:35:11.276626Z	info	ads	XDS: Incremental Pushing:0 ConnectedEndpoints:2 Version:
2023-01-09T05:35:11.276675Z	info	cache	returned workload trust anchor from cache	ttl=23h59m59.723327434s
2023-01-09T05:35:11.276743Z	info	cache	returned workload certificate from cache	ttl=23h59m59.723259754s
2023-01-09T05:35:11.276943Z	info	cache	returned workload trust anchor from cache	ttl=23h59m59.723062861s
2023-01-09T05:35:11.276975Z	info	ads	SDS: PUSH request for node:ubuntu-deployment-5f56794c6c-bd6q4.vm-ns resources:1 size:4.0kB resource:default
2023-01-09T05:35:11.277180Z	info	ads	SDS: PUSH request for node:ubuntu-deployment-5f56794c6c-bd6q4.vm-ns resources:1 size:1.1kB resource:ROOTCA
2023-01-09T05:35:11.277378Z	info	cache	returned workload trust anchor from cache	ttl=23h59m59.722626623s
2023-01-09T05:35:16.763196Z	info	Readiness succeeded in 5.823800265s
2023-01-09T05:35:16.763517Z	info	Envoy proxy is ready
[2023-01-09T05:35:20.297Z] "- - -" 0 - - - "-" 1193 2206261 8920 - "-" "-" "-" "-" "185.125.190.36:80" PassthroughCluster 10.244.0.13:41406 185.125.190.36:80 10.244.0.13:41400 - -
[2023-01-09T05:35:20.298Z] "- - -" 0 - - - "-" 3001 22850376 9080 - "-" "-" "-" "-" "91.189.91.39:80" PassthroughCluster 10.244.0.13:52270 91.189.91.39:80 10.244.0.13:52260 - -
[2023-01-09T05:35:32.708Z] "- - -" 0 - - - "-" 3225 4091051 2099 - "-" "-" "-" "-" "91.189.91.39:80" PassthroughCluster 10.244.0.13:36976 91.189.91.39:80 10.244.0.13:36964 - -
[2023-01-09T05:36:05.953Z] "GET /hello HTTP/1.1" 200 - via_upstream - "-" 0 60 345 342 "-" "curl/7.81.0" "19cb4de1-6316-43ed-9932-bb11df515381" "helloworld.my-vl3-network:5000" "172.16.0.3:5000" PassthroughCluster 172.16.0.5:45766 172.16.0.3:5000 172.16.0.5:45758 - allow_any
2023-01-09T06:06:27.701449Z	info	xdsproxy	connected to upstream XDS server: istiod.istio-system.svc:15012
2023-01-09T06:35:54.692166Z	info	xdsproxy	connected to upstream XDS server: istiod.istio-system.svc:15012
2023-01-09T06:35:54.711092Z	warn	xdsproxy	upstream [3] terminated with unexpected error rpc error: code = Unauthenticated desc = authentication failure
2023-01-09T06:35:54.714159Z	warning	envoy config	StreamAggregatedResources gRPC config stream to xds-grpc closed: 16, authentication failure
2023-01-09T06:35:54.788070Z	info	xdsproxy	connected to upstream XDS server: istiod.istio-system.svc:15012
2023-01-09T06:35:54.793998Z	warn	xdsproxy	upstream [4] terminated with unexpected error rpc error: code = Unauthenticated desc = authentication failure
2023-01-09T06:35:54.794589Z	warning	envoy config	StreamAggregatedResources gRPC config stream to xds-grpc closed: 16, authentication failure
2023-01-09T06:35:56.231146Z	info	xdsproxy	connected to upstream XDS server: istiod.istio-system.svc:15012
2023-01-09T06:35:56.239233Z	warn	xdsproxy	upstream [5] terminated with unexpected error rpc error: code = Unauthenticated desc = authentication failure
2023-01-09T06:35:56.239941Z	warning	envoy config	StreamAggregatedResources gRPC config stream to xds-grpc closed: 16, authentication failure
2023-01-09T06:35:58.661380Z	info	xdsproxy	connected to upstream XDS server: istiod.istio-system.svc:15012
2023-01-09T06:35:58.668361Z	warn	xdsproxy	upstream [6] terminated with unexpected error rpc error: code = Unauthenticated desc = authentication failure
2023-01-09T06:35:58.669266Z	warning	envoy config	StreamAggregatedResources gRPC config stream to xds-grpc closed: 16, authentication failure
2023-01-09T06:36:02.641779Z	info	xdsproxy	connected to upstream XDS server: istiod.istio-system.svc:15012
2023-01-09T06:36:02.646084Z	warn	xdsproxy	upstream [7] terminated with unexpected error rpc error: code = Unauthenticated desc = authentication failure
2023-01-09T06:36:02.646446Z	warning	envoy config	StreamAggregatedResources gRPC config stream to xds-grpc closed: 16, authentication failure
2023-01-09T06:36:10.911068Z	info	xdsproxy	connected to upstream XDS server: istiod.istio-system.svc:15012
2023-01-09T06:36:10.915206Z	warn	xdsproxy	upstream [8] terminated with unexpected error rpc error: code = Unauthenticated desc = authentication failure
2023-01-09T06:36:10.915744Z	warning	envoy config	StreamAggregatedResources gRPC config stream to xds-grpc closed: 16, authentication failure
2023-01-09T06:36:35.324996Z	info	xdsproxy	connected to upstream XDS server: istiod.istio-system.svc:15012
2023-01-09T06:36:35.329157Z	warn	xdsproxy	upstream [9] terminated with unexpected error rpc error: code = Unauthenticated desc = authentication failure
2023-01-09T06:36:35.329852Z	warning	envoy config	StreamAggregatedResources gRPC config stream to xds-grpc closed: 16, authentication failure
2023-01-09T06:36:46.371991Z	info	xdsproxy	connected to upstream XDS server: istiod.istio-system.svc:15012
2023-01-09T06:36:46.376377Z	warn	xdsproxy	upstream [10] terminated with unexpected error rpc error: code = Unauthenticated desc = authentication failure
2023-01-09T06:36:46.376872Z	warning	envoy config	StreamAggregatedResources gRPC config stream to xds-grpc closed: 16, authentication failure
2023-01-09T06:37:04.950557Z	info	xdsproxy	connected to upstream XDS server: istiod.istio-system.svc:15012
2023-01-09T06:37:04.956379Z	warn	xdsproxy	upstream [11] terminated with unexpected error rpc error: code = Unauthenticated desc = authentication failure
2023-01-09T06:37:04.957332Z	warning	envoy config	StreamAggregatedResources gRPC config stream to xds-grpc closed: 16, authentication failure
2023-01-09T06:37:20.391574Z	info	xdsproxy	connected to upstream XDS server: istiod.istio-system.svc:15012
2023-01-09T06:37:20.395704Z	warn	xdsproxy	upstream [12] terminated with unexpected error rpc error: code = Unauthenticated desc = authentication failure
2023-01-09T06:37:20.396288Z	warning	envoy config	StreamAggregatedResources gRPC config stream to xds-grpc closed: 16, authentication failure
2023-01-09T06:37:37.992991Z	info	xdsproxy	connected to upstream XDS server: istiod.istio-system.svc:15012
2023-01-09T06:37:37.999017Z	warn	xdsproxy	upstream [13] terminated with unexpected error rpc error: code = Unauthenticated desc = authentication failure
2023-01-09T06:37:37.999572Z	warning	envoy config	StreamAggregatedResources gRPC config stream to xds-grpc closed: 16, authentication failure
2023-01-09T06:38:02.084917Z	info	xdsproxy	connected to upstream XDS server: istiod.istio-system.svc:15012
2023-01-09T06:38:02.090020Z	warn	xdsproxy	upstream [14] terminated with unexpected error rpc error: code = Unauthenticated desc = authentication failure
2023-01-09T06:38:02.091318Z	warning	envoy config	StreamAggregatedResources gRPC config stream to xds-grpc closed: 16, authentication failure
